running egg_info
writing ../../build/activity_002/activity_002.egg-info/PKG-INFO
writing dependency_links to ../../build/activity_002/activity_002.egg-info/dependency_links.txt
writing entry points to ../../build/activity_002/activity_002.egg-info/entry_points.txt
writing requirements to ../../build/activity_002/activity_002.egg-info/requires.txt
writing top-level names to ../../build/activity_002/activity_002.egg-info/top_level.txt
reading manifest file '../../build/activity_002/activity_002.egg-info/SOURCES.txt'
writing manifest file '../../build/activity_002/activity_002.egg-info/SOURCES.txt'
running build
running build_py
copying activity_002/battery_node.py -> /home/hee/ros2_ws/build/activity_002/build/lib/activity_002
copying activity_002/led_panel.py -> /home/hee/ros2_ws/build/activity_002/build/lib/activity_002
running install
running install_lib
copying /home/hee/ros2_ws/build/activity_002/build/lib/activity_002/battery_node.py -> /home/hee/ros2_ws/install/activity_002/lib/python3.10/site-packages/activity_002
copying /home/hee/ros2_ws/build/activity_002/build/lib/activity_002/led_panel.py -> /home/hee/ros2_ws/install/activity_002/lib/python3.10/site-packages/activity_002
byte-compiling /home/hee/ros2_ws/install/activity_002/lib/python3.10/site-packages/activity_002/battery_node.py to battery_node.cpython-310.pyc
byte-compiling /home/hee/ros2_ws/install/activity_002/lib/python3.10/site-packages/activity_002/led_panel.py to led_panel.cpython-310.pyc
running install_data
running install_egg_info
removing '/home/hee/ros2_ws/install/activity_002/lib/python3.10/site-packages/activity_002-0.0.0-py3.10.egg-info' (and everything under it)
Copying ../../build/activity_002/activity_002.egg-info to /home/hee/ros2_ws/install/activity_002/lib/python3.10/site-packages/activity_002-0.0.0-py3.10.egg-info
running install_scripts
Installing battery_node script to /home/hee/ros2_ws/install/activity_002/lib/activity_002
Installing led_panel script to /home/hee/ros2_ws/install/activity_002/lib/activity_002
Installing num_count script to /home/hee/ros2_ws/install/activity_002/lib/activity_002
Installing num_pub script to /home/hee/ros2_ws/install/activity_002/lib/activity_002
writing list of installed files to '/home/hee/ros2_ws/build/activity_002/install.log'
