[0.652s] Invoking command in '/home/hee/ros2_ws/build/robot_controller': PYTHONPATH=/home/hee/ros2_ws/build/robot_controller/prefix_override:/home/hee/ros2_ws/install/robot_controller/lib/python3.10/site-packages:${PYTHONPATH} /usr/bin/python3 setup.py develop --editable --build-directory /home/hee/ros2_ws/build/robot_controller/build --no-deps install_data
[0.878s] running develop
[0.879s] /usr/lib/python3/dist-packages/setuptools/command/easy_install.py:158: EasyInstallDeprecationWarning: easy_install command is deprecated. Use build and pip and other standards-based tools.
[0.879s]   warnings.warn(
[0.880s] /usr/lib/python3/dist-packages/setuptools/command/install.py:34: SetuptoolsDeprecationWarning: setup.py install is deprecated. Use build and pip and other standards-based tools.
[0.880s]   warnings.warn(
[1.025s] running egg_info
[1.026s] writing robot_controller.egg-info/PKG-INFO
[1.026s] writing dependency_links to robot_controller.egg-info/dependency_links.txt
[1.026s] writing entry points to robot_controller.egg-info/entry_points.txt
[1.026s] writing requirements to robot_controller.egg-info/requires.txt
[1.026s] writing top-level names to robot_controller.egg-info/top_level.txt
[1.028s] reading manifest file 'robot_controller.egg-info/SOURCES.txt'
[1.029s] writing manifest file 'robot_controller.egg-info/SOURCES.txt'
[1.031s] running build_ext
[1.031s] Creating /home/hee/ros2_ws/install/robot_controller/lib/python3.10/site-packages/robot-controller.egg-link (link to .)
[1.032s] Installing draw_circle script to /home/hee/ros2_ws/install/robot_controller/lib/robot_controller
[1.032s] Installing test_node script to /home/hee/ros2_ws/install/robot_controller/lib/robot_controller
[1.032s] 
[1.032s] Installed /home/hee/ros2_ws/build/robot_controller
[1.032s] running install_data
[1.056s] Invoked command in '/home/hee/ros2_ws/build/robot_controller' returned '0': PYTHONPATH=/home/hee/ros2_ws/build/robot_controller/prefix_override:/home/hee/ros2_ws/install/robot_controller/lib/python3.10/site-packages:${PYTHONPATH} /usr/bin/python3 setup.py develop --editable --build-directory /home/hee/ros2_ws/build/robot_controller/build --no-deps install_data
