[1.257s] Invoking command in '/home/hee/ros2_ws/src/activity_002': PYTHONPATH=/home/hee/ros2_ws/build/activity_002/prefix_override:/home/hee/ros2_ws/install/activity_002/lib/python3.10/site-packages:${PYTHONPATH} /usr/bin/python3 setup.py egg_info --egg-base ../../build/activity_002 build --build-base /home/hee/ros2_ws/build/activity_002/build install --record /home/hee/ros2_ws/build/activity_002/install.log --single-version-externally-managed
[1.646s] running egg_info
[1.647s] writing ../../build/activity_002/activity_002.egg-info/PKG-INFO
[1.648s] writing dependency_links to ../../build/activity_002/activity_002.egg-info/dependency_links.txt
[1.648s] writing entry points to ../../build/activity_002/activity_002.egg-info/entry_points.txt
[1.648s] writing requirements to ../../build/activity_002/activity_002.egg-info/requires.txt
[1.648s] writing top-level names to ../../build/activity_002/activity_002.egg-info/top_level.txt
[1.650s] reading manifest file '../../build/activity_002/activity_002.egg-info/SOURCES.txt'
[1.652s] writing manifest file '../../build/activity_002/activity_002.egg-info/SOURCES.txt'
[1.652s] running build
[1.652s] running build_py
[1.653s] copying activity_002/led_panel.py -> /home/hee/ros2_ws/build/activity_002/build/lib/activity_002
[1.653s] running install
[1.653s] running install_lib
[1.655s] copying /home/hee/ros2_ws/build/activity_002/build/lib/activity_002/led_panel.py -> /home/hee/ros2_ws/install/activity_002/lib/python3.10/site-packages/activity_002
[1.655s] byte-compiling /home/hee/ros2_ws/install/activity_002/lib/python3.10/site-packages/activity_002/led_panel.py to led_panel.cpython-310.pyc
[1.656s] running install_data
[1.657s] running install_egg_info
[1.659s] removing '/home/hee/ros2_ws/install/activity_002/lib/python3.10/site-packages/activity_002-0.0.0-py3.10.egg-info' (and everything under it)
[1.659s] Copying ../../build/activity_002/activity_002.egg-info to /home/hee/ros2_ws/install/activity_002/lib/python3.10/site-packages/activity_002-0.0.0-py3.10.egg-info
[1.661s] running install_scripts
[1.689s] Installing battery_node script to /home/hee/ros2_ws/install/activity_002/lib/activity_002
[1.690s] Installing led_panel script to /home/hee/ros2_ws/install/activity_002/lib/activity_002
[1.690s] Installing num_count script to /home/hee/ros2_ws/install/activity_002/lib/activity_002
[1.690s] Installing num_pub script to /home/hee/ros2_ws/install/activity_002/lib/activity_002
[1.690s] writing list of installed files to '/home/hee/ros2_ws/build/activity_002/install.log'
[1.721s] Invoked command in '/home/hee/ros2_ws/src/activity_002' returned '0': PYTHONPATH=/home/hee/ros2_ws/build/activity_002/prefix_override:/home/hee/ros2_ws/install/activity_002/lib/python3.10/site-packages:${PYTHONPATH} /usr/bin/python3 setup.py egg_info --egg-base ../../build/activity_002 build --build-base /home/hee/ros2_ws/build/activity_002/build install --record /home/hee/ros2_ws/build/activity_002/install.log --single-version-externally-managed
