[0.111s] Invoking command in '/home/hee/ros2_ws/build/msg_interface': CMAKE_PREFIX_PATH=${CMAKE_PREFIX_PATH}:/home/hee/ros2_ws/install/service:/home/hee/ros2_ws/install/robot_controller:/home/hee/ros2_ws/install/activity_002:/home/hee/ros2_ws/install/Activity_002:/opt/ros/humble /usr/bin/cmake --build /home/hee/ros2_ws/build/msg_interface -- -j8 -l8
[0.150s] -- Found ament_cmake: 1.3.6 (/opt/ros/humble/share/ament_cmake/cmake)
[0.379s] -- Found rosidl_default_generators: 1.2.0 (/opt/ros/humble/share/rosidl_default_generators/cmake)
[0.382s] -- Using all available rosidl_typesupport_c: rosidl_typesupport_fastrtps_c;rosidl_typesupport_introspection_c
[0.386s] -- Found rosidl_adapter: 3.1.5 (/opt/ros/humble/share/rosidl_adapter/cmake)
[0.435s] -- Using all available rosidl_typesupport_cpp: rosidl_typesupport_fastrtps_cpp;rosidl_typesupport_introspection_cpp
[0.887s] -- Found ament_cmake_ros: 0.10.0 (/opt/ros/humble/share/ament_cmake_ros/cmake)
[1.226s] -- Using all available rosidl_typesupport_c: rosidl_typesupport_fastrtps_c;rosidl_typesupport_introspection_c
[1.608s] -- Using all available rosidl_typesupport_cpp: rosidl_typesupport_fastrtps_cpp;rosidl_typesupport_introspection_cpp
[1.644s] -- Found python_cmake_module: 0.10.0 (/opt/ros/humble/share/python_cmake_module/cmake)
[1.681s] -- Using PYTHON_EXECUTABLE: /usr/bin/python3
[1.681s] -- Using PYTHON_INCLUDE_DIRS: /usr/include/python3.10
[1.681s] -- Using PYTHON_LIBRARIES: /usr/lib/x86_64-linux-gnu/libpython3.10.so
[1.706s] -- Configuring done
[1.753s] -- Generating done
[1.757s] -- Build files have been written to: /home/hee/ros2_ws/build/msg_interface
[1.791s] [  2%] [34m[1mGenerating C code for ROS interfaces[0m
[1.807s] [  4%] [34m[1mGenerating C++ code for ROS interfaces[0m
[1.821s] [  4%] Built target ament_cmake_python_copy_msg_interface
[2.277s] running egg_info
[2.277s] writing msg_interface.egg-info/PKG-INFO
[2.278s] writing dependency_links to msg_interface.egg-info/dependency_links.txt
[2.278s] writing top-level names to msg_interface.egg-info/top_level.txt
[2.282s] reading manifest file 'msg_interface.egg-info/SOURCES.txt'
[2.283s] writing manifest file 'msg_interface.egg-info/SOURCES.txt'
[2.320s] [  4%] Built target ament_cmake_python_build_msg_interface_egg
[2.493s] [35m[1mConsolidate compiler generated dependencies of target msg_interface__rosidl_generator_c[0m
[2.518s] [  6%] [32mBuilding C object CMakeFiles/msg_interface__rosidl_generator_c.dir/rosidl_generator_c/msg_interface/msg/detail/led_states__functions.c.o[0m
[2.518s] [  8%] [32mBuilding C object CMakeFiles/msg_interface__rosidl_generator_c.dir/rosidl_generator_c/msg_interface/msg/detail/hardware_status__functions.c.o[0m
[2.520s] [ 10%] [32mBuilding C object CMakeFiles/msg_interface__rosidl_generator_c.dir/rosidl_generator_c/msg_interface/srv/detail/set_led__functions.c.o[0m
[2.524s] [ 10%] Built target msg_interface__cpp
[2.542s] [ 12%] [34m[1mGenerating C++ type support dispatch for ROS interfaces[0m
[2.547s] [ 14%] [34m[1mGenerating C++ type support for eProsima Fast-RTPS[0m
[2.547s] [ 17%] [34m[1mGenerating C++ introspection for ROS interfaces[0m
[2.649s] [ 19%] [32m[1mLinking C shared library libmsg_interface__rosidl_generator_c.so[0m
[2.705s] [ 19%] Built target msg_interface__rosidl_generator_c
[2.725s] [ 21%] [34m[1mGenerating C introspection for ROS interfaces[0m
[2.727s] [ 23%] [34m[1mGenerating C type support dispatch for ROS interfaces[0m
[2.731s] [ 25%] [34m[1mGenerating C type support for eProsima Fast-RTPS[0m
[3.146s] [35m[1mConsolidate compiler generated dependencies of target msg_interface__rosidl_typesupport_cpp[0m
[3.175s] [ 27%] [32mBuilding CXX object CMakeFiles/msg_interface__rosidl_typesupport_cpp.dir/rosidl_typesupport_cpp/msg_interface/srv/set_led__type_support.cpp.o[0m
[3.182s] [ 29%] [32mBuilding CXX object CMakeFiles/msg_interface__rosidl_typesupport_cpp.dir/rosidl_typesupport_cpp/msg_interface/msg/led_states__type_support.cpp.o[0m
[3.205s] [ 31%] [32mBuilding CXX object CMakeFiles/msg_interface__rosidl_typesupport_cpp.dir/rosidl_typesupport_cpp/msg_interface/msg/hardware_status__type_support.cpp.o[0m
[3.433s] [35m[1mConsolidate compiler generated dependencies of target msg_interface__rosidl_typesupport_introspection_cpp[0m
[3.468s] [35m[1mConsolidate compiler generated dependencies of target msg_interface__rosidl_typesupport_c[0m
[3.470s] [ 34%] [32mBuilding CXX object CMakeFiles/msg_interface__rosidl_typesupport_introspection_cpp.dir/rosidl_typesupport_introspection_cpp/msg_interface/msg/detail/hardware_status__type_support.cpp.o[0m
[3.517s] [ 36%] [32mBuilding CXX object CMakeFiles/msg_interface__rosidl_typesupport_c.dir/rosidl_typesupport_c/msg_interface/msg/hardware_status__type_support.cpp.o[0m
[3.541s] [35m[1mConsolidate compiler generated dependencies of target msg_interface__rosidl_typesupport_fastrtps_cpp[0m
[3.589s] [ 38%] [32mBuilding CXX object CMakeFiles/msg_interface__rosidl_typesupport_fastrtps_cpp.dir/rosidl_typesupport_fastrtps_cpp/msg_interface/msg/detail/dds_fastrtps/hardware_status__type_support.cpp.o[0m
[3.771s] [35m[1mConsolidate compiler generated dependencies of target msg_interface__rosidl_typesupport_introspection_c[0m
[3.777s] [ 40%] [32mBuilding CXX object CMakeFiles/msg_interface__rosidl_typesupport_c.dir/rosidl_typesupport_c/msg_interface/msg/led_states__type_support.cpp.o[0m
[3.799s] [35m[1mConsolidate compiler generated dependencies of target msg_interface__rosidl_typesupport_fastrtps_c[0m
[3.799s] [ 42%] [32mBuilding C object CMakeFiles/msg_interface__rosidl_typesupport_introspection_c.dir/rosidl_typesupport_introspection_c/msg_interface/msg/detail/hardware_status__type_support.c.o[0m
[3.853s] [ 44%] [32mBuilding C object CMakeFiles/msg_interface__rosidl_typesupport_introspection_c.dir/rosidl_typesupport_introspection_c/msg_interface/msg/detail/led_states__type_support.c.o[0m
[3.881s] [ 46%] [32mBuilding CXX object CMakeFiles/msg_interface__rosidl_typesupport_fastrtps_c.dir/rosidl_typesupport_fastrtps_c/msg_interface/msg/detail/hardware_status__type_support_c.cpp.o[0m
[3.894s] [ 48%] [32mBuilding CXX object CMakeFiles/msg_interface__rosidl_typesupport_introspection_cpp.dir/rosidl_typesupport_introspection_cpp/msg_interface/msg/detail/led_states__type_support.cpp.o[0m
[3.905s] [ 51%] [32mBuilding CXX object CMakeFiles/msg_interface__rosidl_typesupport_c.dir/rosidl_typesupport_c/msg_interface/srv/set_led__type_support.cpp.o[0m
[3.943s] [ 53%] [32mBuilding C object CMakeFiles/msg_interface__rosidl_typesupport_introspection_c.dir/rosidl_typesupport_introspection_c/msg_interface/srv/detail/set_led__type_support.c.o[0m
[3.947s] [ 55%] [32mBuilding CXX object CMakeFiles/msg_interface__rosidl_typesupport_introspection_cpp.dir/rosidl_typesupport_introspection_cpp/msg_interface/srv/detail/set_led__type_support.cpp.o[0m
[3.995s] [ 57%] [32m[1mLinking CXX shared library libmsg_interface__rosidl_typesupport_cpp.so[0m
[3.999s] [ 59%] [32m[1mLinking CXX shared library libmsg_interface__rosidl_typesupport_c.so[0m
[4.055s] [ 59%] Built target msg_interface__rosidl_typesupport_cpp
[4.068s] [ 61%] [32m[1mLinking C shared library libmsg_interface__rosidl_typesupport_introspection_c.so[0m
[4.074s] [ 63%] [32mBuilding CXX object CMakeFiles/msg_interface__rosidl_typesupport_fastrtps_cpp.dir/rosidl_typesupport_fastrtps_cpp/msg_interface/msg/detail/dds_fastrtps/led_states__type_support.cpp.o[0m
[4.083s] [ 63%] Built target msg_interface__rosidl_typesupport_c
[4.100s] [ 65%] [32mBuilding CXX object CMakeFiles/msg_interface__rosidl_typesupport_fastrtps_cpp.dir/rosidl_typesupport_fastrtps_cpp/msg_interface/srv/detail/dds_fastrtps/set_led__type_support.cpp.o[0m
[4.165s] [ 65%] Built target msg_interface__rosidl_typesupport_introspection_c
[4.187s] [ 68%] [32mBuilding CXX object CMakeFiles/msg_interface__rosidl_typesupport_fastrtps_c.dir/rosidl_typesupport_fastrtps_c/msg_interface/msg/detail/led_states__type_support_c.cpp.o[0m
[4.474s] [ 70%] [32mBuilding CXX object CMakeFiles/msg_interface__rosidl_typesupport_fastrtps_c.dir/rosidl_typesupport_fastrtps_c/msg_interface/srv/detail/set_led__type_support_c.cpp.o[0m
[5.090s] [ 72%] [32m[1mLinking CXX shared library libmsg_interface__rosidl_typesupport_introspection_cpp.so[0m
[5.191s] [ 72%] Built target msg_interface__rosidl_typesupport_introspection_cpp
[5.234s] [ 74%] [32m[1mLinking CXX shared library libmsg_interface__rosidl_typesupport_fastrtps_cpp.so[0m
[5.279s] [ 76%] [32m[1mLinking CXX shared library libmsg_interface__rosidl_typesupport_fastrtps_c.so[0m
[5.353s] [ 76%] Built target msg_interface__rosidl_typesupport_fastrtps_cpp
[5.396s] [ 76%] Built target msg_interface__rosidl_typesupport_fastrtps_c
[5.427s] [ 76%] Built target msg_interface
[5.457s] [ 78%] [34m[1mGenerating Python code for ROS interfaces[0m
[6.336s] [ 78%] Built target msg_interface__py
[6.352s] [35m[1mConsolidate compiler generated dependencies of target msg_interface__rosidl_generator_py[0m
[6.376s] [ 80%] [32mBuilding C object CMakeFiles/msg_interface__rosidl_generator_py.dir/rosidl_generator_py/msg_interface/msg/_led_states_s.c.o[0m
[6.376s] [ 82%] [32mBuilding C object CMakeFiles/msg_interface__rosidl_generator_py.dir/rosidl_generator_py/msg_interface/srv/_set_led_s.c.o[0m
[6.380s] [ 85%] [32mBuilding C object CMakeFiles/msg_interface__rosidl_generator_py.dir/rosidl_generator_py/msg_interface/msg/_hardware_status_s.c.o[0m
[6.586s] [ 87%] [32m[1mLinking C shared library rosidl_generator_py/msg_interface/libmsg_interface__rosidl_generator_py.so[0m
[6.646s] [ 87%] Built target msg_interface__rosidl_generator_py
[6.661s] [35m[1mConsolidate compiler generated dependencies of target msg_interface__rosidl_typesupport_c__pyext[0m
[6.662s] [35m[1mConsolidate compiler generated dependencies of target msg_interface__rosidl_typesupport_introspection_c__pyext[0m
[6.665s] [35m[1mConsolidate compiler generated dependencies of target msg_interface__rosidl_typesupport_fastrtps_c__pyext[0m
[6.682s] [ 89%] [32mBuilding C object CMakeFiles/msg_interface__rosidl_typesupport_introspection_c__pyext.dir/rosidl_generator_py/msg_interface/_msg_interface_s.ep.rosidl_typesupport_introspection_c.c.o[0m
[6.684s] [ 91%] [32mBuilding C object CMakeFiles/msg_interface__rosidl_typesupport_c__pyext.dir/rosidl_generator_py/msg_interface/_msg_interface_s.ep.rosidl_typesupport_c.c.o[0m
[6.684s] [ 93%] [32mBuilding C object CMakeFiles/msg_interface__rosidl_typesupport_fastrtps_c__pyext.dir/rosidl_generator_py/msg_interface/_msg_interface_s.ep.rosidl_typesupport_fastrtps_c.c.o[0m
[6.840s] [ 95%] [32m[1mLinking C shared library rosidl_generator_py/msg_interface/msg_interface_s__rosidl_typesupport_c.cpython-310-x86_64-linux-gnu.so[0m
[6.850s] [ 97%] [32m[1mLinking C shared library rosidl_generator_py/msg_interface/msg_interface_s__rosidl_typesupport_introspection_c.cpython-310-x86_64-linux-gnu.so[0m
[6.891s] [ 97%] Built target msg_interface__rosidl_typesupport_c__pyext
[6.902s] [ 97%] Built target msg_interface__rosidl_typesupport_introspection_c__pyext
[6.930s] [100%] [32m[1mLinking C shared library rosidl_generator_py/msg_interface/msg_interface_s__rosidl_typesupport_fastrtps_c.cpython-310-x86_64-linux-gnu.so[0m
[6.982s] [100%] Built target msg_interface__rosidl_typesupport_fastrtps_c__pyext
[6.999s] Invoked command in '/home/hee/ros2_ws/build/msg_interface' returned '0': CMAKE_PREFIX_PATH=${CMAKE_PREFIX_PATH}:/home/hee/ros2_ws/install/service:/home/hee/ros2_ws/install/robot_controller:/home/hee/ros2_ws/install/activity_002:/home/hee/ros2_ws/install/Activity_002:/opt/ros/humble /usr/bin/cmake --build /home/hee/ros2_ws/build/msg_interface -- -j8 -l8
[7.162s] Invoking command in '/home/hee/ros2_ws/build/msg_interface': CMAKE_PREFIX_PATH=${CMAKE_PREFIX_PATH}:/home/hee/ros2_ws/install/service:/home/hee/ros2_ws/install/robot_controller:/home/hee/ros2_ws/install/activity_002:/home/hee/ros2_ws/install/Activity_002:/opt/ros/humble /usr/bin/cmake --install /home/hee/ros2_ws/build/msg_interface
[7.173s] -- Install configuration: ""
[7.173s] -- Up-to-date: /home/hee/ros2_ws/install/msg_interface/share/ament_index/resource_index/rosidl_interfaces/msg_interface
[7.174s] -- Up-to-date: /home/hee/ros2_ws/install/msg_interface/include/msg_interface/msg_interface
[7.174s] -- Up-to-date: /home/hee/ros2_ws/install/msg_interface/include/msg_interface/msg_interface/srv
[7.174s] -- Up-to-date: /home/hee/ros2_ws/install/msg_interface/include/msg_interface/msg_interface/srv/detail
[7.174s] -- Installing: /home/hee/ros2_ws/install/msg_interface/include/msg_interface/msg_interface/srv/detail/set_led__functions.h
[7.174s] -- Installing: /home/hee/ros2_ws/install/msg_interface/include/msg_interface/msg_interface/srv/detail/set_led__struct.h
[7.174s] -- Installing: /home/hee/ros2_ws/install/msg_interface/include/msg_interface/msg_interface/srv/detail/set_led__type_support.h
[7.175s] -- Installing: /home/hee/ros2_ws/install/msg_interface/include/msg_interface/msg_interface/srv/detail/set_led__functions.c
[7.175s] -- Installing: /home/hee/ros2_ws/install/msg_interface/include/msg_interface/msg_interface/srv/set_led.h
[7.175s] -- Up-to-date: /home/hee/ros2_ws/install/msg_interface/include/msg_interface/msg_interface/msg
[7.175s] -- Up-to-date: /home/hee/ros2_ws/install/msg_interface/include/msg_interface/msg_interface/msg/detail
[7.176s] -- Installing: /home/hee/ros2_ws/install/msg_interface/include/msg_interface/msg_interface/msg/detail/hardware_status__struct.h
[7.176s] -- Installing: /home/hee/ros2_ws/install/msg_interface/include/msg_interface/msg_interface/msg/detail/hardware_status__functions.h
[7.176s] -- Installing: /home/hee/ros2_ws/install/msg_interface/include/msg_interface/msg_interface/msg/detail/led_states__functions.c
[7.176s] -- Installing: /home/hee/ros2_ws/install/msg_interface/include/msg_interface/msg_interface/msg/detail/hardware_status__type_support.h
[7.177s] -- Installing: /home/hee/ros2_ws/install/msg_interface/include/msg_interface/msg_interface/msg/detail/led_states__type_support.h
[7.177s] -- Installing: /home/hee/ros2_ws/install/msg_interface/include/msg_interface/msg_interface/msg/detail/led_states__functions.h
[7.177s] -- Installing: /home/hee/ros2_ws/install/msg_interface/include/msg_interface/msg_interface/msg/detail/hardware_status__functions.c
[7.177s] -- Installing: /home/hee/ros2_ws/install/msg_interface/include/msg_interface/msg_interface/msg/detail/led_states__struct.h
[7.178s] -- Up-to-date: /home/hee/ros2_ws/install/msg_interface/include/msg_interface/msg_interface/msg/rosidl_generator_c__visibility_control.h
[7.178s] -- Installing: /home/hee/ros2_ws/install/msg_interface/include/msg_interface/msg_interface/msg/hardware_status.h
[7.178s] -- Installing: /home/hee/ros2_ws/install/msg_interface/include/msg_interface/msg_interface/msg/led_states.h
[7.178s] -- Up-to-date: /home/hee/ros2_ws/install/msg_interface/share/msg_interface/environment/library_path.sh
[7.179s] -- Installing: /home/hee/ros2_ws/install/msg_interface/share/msg_interface/environment/library_path.dsv
[7.179s] -- Installing: /home/hee/ros2_ws/install/msg_interface/lib/libmsg_interface__rosidl_generator_c.so
[7.179s] -- Set runtime path of "/home/hee/ros2_ws/install/msg_interface/lib/libmsg_interface__rosidl_generator_c.so" to ""
[7.179s] -- Up-to-date: /home/hee/ros2_ws/install/msg_interface/include/msg_interface/msg_interface
[7.180s] -- Up-to-date: /home/hee/ros2_ws/install/msg_interface/include/msg_interface/msg_interface/srv
[7.180s] -- Up-to-date: /home/hee/ros2_ws/install/msg_interface/include/msg_interface/msg_interface/srv/detail
[7.180s] -- Installing: /home/hee/ros2_ws/install/msg_interface/include/msg_interface/msg_interface/srv/detail/set_led__rosidl_typesupport_fastrtps_c.h
[7.180s] -- Up-to-date: /home/hee/ros2_ws/install/msg_interface/include/msg_interface/msg_interface/msg
[7.181s] -- Up-to-date: /home/hee/ros2_ws/install/msg_interface/include/msg_interface/msg_interface/msg/detail
[7.181s] -- Installing: /home/hee/ros2_ws/install/msg_interface/include/msg_interface/msg_interface/msg/detail/hardware_status__rosidl_typesupport_fastrtps_c.h
[7.181s] -- Installing: /home/hee/ros2_ws/install/msg_interface/include/msg_interface/msg_interface/msg/detail/led_states__rosidl_typesupport_fastrtps_c.h
[7.181s] -- Up-to-date: /home/hee/ros2_ws/install/msg_interface/include/msg_interface/msg_interface/msg/rosidl_typesupport_fastrtps_c__visibility_control.h
[7.182s] -- Installing: /home/hee/ros2_ws/install/msg_interface/lib/libmsg_interface__rosidl_typesupport_fastrtps_c.so
[7.182s] -- Set runtime path of "/home/hee/ros2_ws/install/msg_interface/lib/libmsg_interface__rosidl_typesupport_fastrtps_c.so" to ""
[7.182s] -- Up-to-date: /home/hee/ros2_ws/install/msg_interface/include/msg_interface/msg_interface
[7.183s] -- Up-to-date: /home/hee/ros2_ws/install/msg_interface/include/msg_interface/msg_interface/srv
[7.183s] -- Up-to-date: /home/hee/ros2_ws/install/msg_interface/include/msg_interface/msg_interface/srv/detail
[7.183s] -- Installing: /home/hee/ros2_ws/install/msg_interface/include/msg_interface/msg_interface/srv/detail/set_led__type_support.c
[7.183s] -- Installing: /home/hee/ros2_ws/install/msg_interface/include/msg_interface/msg_interface/srv/detail/set_led__rosidl_typesupport_introspection_c.h
[7.184s] -- Up-to-date: /home/hee/ros2_ws/install/msg_interface/include/msg_interface/msg_interface/msg
[7.184s] -- Up-to-date: /home/hee/ros2_ws/install/msg_interface/include/msg_interface/msg_interface/msg/detail
[7.184s] -- Installing: /home/hee/ros2_ws/install/msg_interface/include/msg_interface/msg_interface/msg/detail/hardware_status__rosidl_typesupport_introspection_c.h
[7.184s] -- Installing: /home/hee/ros2_ws/install/msg_interface/include/msg_interface/msg_interface/msg/detail/led_states__rosidl_typesupport_introspection_c.h
[7.185s] -- Installing: /home/hee/ros2_ws/install/msg_interface/include/msg_interface/msg_interface/msg/detail/hardware_status__type_support.c
[7.185s] -- Installing: /home/hee/ros2_ws/install/msg_interface/include/msg_interface/msg_interface/msg/detail/led_states__type_support.c
[7.185s] -- Up-to-date: /home/hee/ros2_ws/install/msg_interface/include/msg_interface/msg_interface/msg/rosidl_typesupport_introspection_c__visibility_control.h
[7.185s] -- Installing: /home/hee/ros2_ws/install/msg_interface/lib/libmsg_interface__rosidl_typesupport_introspection_c.so
[7.186s] -- Set runtime path of "/home/hee/ros2_ws/install/msg_interface/lib/libmsg_interface__rosidl_typesupport_introspection_c.so" to ""
[7.186s] -- Installing: /home/hee/ros2_ws/install/msg_interface/lib/libmsg_interface__rosidl_typesupport_c.so
[7.186s] -- Set runtime path of "/home/hee/ros2_ws/install/msg_interface/lib/libmsg_interface__rosidl_typesupport_c.so" to ""
[7.187s] -- Up-to-date: /home/hee/ros2_ws/install/msg_interface/include/msg_interface/msg_interface
[7.187s] -- Up-to-date: /home/hee/ros2_ws/install/msg_interface/include/msg_interface/msg_interface/srv
[7.187s] -- Installing: /home/hee/ros2_ws/install/msg_interface/include/msg_interface/msg_interface/srv/set_led.hpp
[7.187s] -- Up-to-date: /home/hee/ros2_ws/install/msg_interface/include/msg_interface/msg_interface/srv/detail
[7.188s] -- Installing: /home/hee/ros2_ws/install/msg_interface/include/msg_interface/msg_interface/srv/detail/set_led__traits.hpp
[7.188s] -- Installing: /home/hee/ros2_ws/install/msg_interface/include/msg_interface/msg_interface/srv/detail/set_led__struct.hpp
[7.188s] -- Installing: /home/hee/ros2_ws/install/msg_interface/include/msg_interface/msg_interface/srv/detail/set_led__builder.hpp
[7.188s] -- Up-to-date: /home/hee/ros2_ws/install/msg_interface/include/msg_interface/msg_interface/msg
[7.189s] -- Installing: /home/hee/ros2_ws/install/msg_interface/include/msg_interface/msg_interface/msg/led_states.hpp
[7.189s] -- Installing: /home/hee/ros2_ws/install/msg_interface/include/msg_interface/msg_interface/msg/hardware_status.hpp
[7.189s] -- Up-to-date: /home/hee/ros2_ws/install/msg_interface/include/msg_interface/msg_interface/msg/detail
[7.189s] -- Installing: /home/hee/ros2_ws/install/msg_interface/include/msg_interface/msg_interface/msg/detail/hardware_status__traits.hpp
[7.190s] -- Installing: /home/hee/ros2_ws/install/msg_interface/include/msg_interface/msg_interface/msg/detail/led_states__builder.hpp
[7.190s] -- Installing: /home/hee/ros2_ws/install/msg_interface/include/msg_interface/msg_interface/msg/detail/hardware_status__struct.hpp
[7.190s] -- Installing: /home/hee/ros2_ws/install/msg_interface/include/msg_interface/msg_interface/msg/detail/led_states__struct.hpp
[7.190s] -- Installing: /home/hee/ros2_ws/install/msg_interface/include/msg_interface/msg_interface/msg/detail/led_states__traits.hpp
[7.191s] -- Installing: /home/hee/ros2_ws/install/msg_interface/include/msg_interface/msg_interface/msg/detail/hardware_status__builder.hpp
[7.191s] -- Up-to-date: /home/hee/ros2_ws/install/msg_interface/include/msg_interface/msg_interface
[7.191s] -- Up-to-date: /home/hee/ros2_ws/install/msg_interface/include/msg_interface/msg_interface/srv
[7.192s] -- Up-to-date: /home/hee/ros2_ws/install/msg_interface/include/msg_interface/msg_interface/srv/detail
[7.192s] -- Up-to-date: /home/hee/ros2_ws/install/msg_interface/include/msg_interface/msg_interface/srv/detail/dds_fastrtps
[7.192s] -- Installing: /home/hee/ros2_ws/install/msg_interface/include/msg_interface/msg_interface/srv/detail/set_led__rosidl_typesupport_fastrtps_cpp.hpp
[7.192s] -- Up-to-date: /home/hee/ros2_ws/install/msg_interface/include/msg_interface/msg_interface/msg
[7.193s] -- Up-to-date: /home/hee/ros2_ws/install/msg_interface/include/msg_interface/msg_interface/msg/detail
[7.193s] -- Installing: /home/hee/ros2_ws/install/msg_interface/include/msg_interface/msg_interface/msg/detail/led_states__rosidl_typesupport_fastrtps_cpp.hpp
[7.193s] -- Up-to-date: /home/hee/ros2_ws/install/msg_interface/include/msg_interface/msg_interface/msg/detail/dds_fastrtps
[7.193s] -- Installing: /home/hee/ros2_ws/install/msg_interface/include/msg_interface/msg_interface/msg/detail/hardware_status__rosidl_typesupport_fastrtps_cpp.hpp
[7.194s] -- Up-to-date: /home/hee/ros2_ws/install/msg_interface/include/msg_interface/msg_interface/msg/rosidl_typesupport_fastrtps_cpp__visibility_control.h
[7.194s] -- Installing: /home/hee/ros2_ws/install/msg_interface/lib/libmsg_interface__rosidl_typesupport_fastrtps_cpp.so
[7.194s] -- Set runtime path of "/home/hee/ros2_ws/install/msg_interface/lib/libmsg_interface__rosidl_typesupport_fastrtps_cpp.so" to ""
[7.195s] -- Up-to-date: /home/hee/ros2_ws/install/msg_interface/include/msg_interface/msg_interface
[7.195s] -- Up-to-date: /home/hee/ros2_ws/install/msg_interface/include/msg_interface/msg_interface/srv
[7.195s] -- Up-to-date: /home/hee/ros2_ws/install/msg_interface/include/msg_interface/msg_interface/srv/detail
[7.195s] -- Installing: /home/hee/ros2_ws/install/msg_interface/include/msg_interface/msg_interface/srv/detail/set_led__rosidl_typesupport_introspection_cpp.hpp
[7.196s] -- Installing: /home/hee/ros2_ws/install/msg_interface/include/msg_interface/msg_interface/srv/detail/set_led__type_support.cpp
[7.196s] -- Up-to-date: /home/hee/ros2_ws/install/msg_interface/include/msg_interface/msg_interface/msg
[7.196s] -- Up-to-date: /home/hee/ros2_ws/install/msg_interface/include/msg_interface/msg_interface/msg/detail
[7.196s] -- Installing: /home/hee/ros2_ws/install/msg_interface/include/msg_interface/msg_interface/msg/detail/hardware_status__type_support.cpp
[7.197s] -- Installing: /home/hee/ros2_ws/install/msg_interface/include/msg_interface/msg_interface/msg/detail/led_states__rosidl_typesupport_introspection_cpp.hpp
[7.197s] -- Installing: /home/hee/ros2_ws/install/msg_interface/include/msg_interface/msg_interface/msg/detail/hardware_status__rosidl_typesupport_introspection_cpp.hpp
[7.197s] -- Installing: /home/hee/ros2_ws/install/msg_interface/include/msg_interface/msg_interface/msg/detail/led_states__type_support.cpp
[7.197s] -- Installing: /home/hee/ros2_ws/install/msg_interface/lib/libmsg_interface__rosidl_typesupport_introspection_cpp.so
[7.198s] -- Set runtime path of "/home/hee/ros2_ws/install/msg_interface/lib/libmsg_interface__rosidl_typesupport_introspection_cpp.so" to ""
[7.198s] -- Installing: /home/hee/ros2_ws/install/msg_interface/lib/libmsg_interface__rosidl_typesupport_cpp.so
[7.198s] -- Set runtime path of "/home/hee/ros2_ws/install/msg_interface/lib/libmsg_interface__rosidl_typesupport_cpp.so" to ""
[7.198s] -- Up-to-date: /home/hee/ros2_ws/install/msg_interface/share/msg_interface/environment/pythonpath.sh
[7.199s] -- Installing: /home/hee/ros2_ws/install/msg_interface/share/msg_interface/environment/pythonpath.dsv
[7.199s] -- Up-to-date: /home/hee/ros2_ws/install/msg_interface/local/lib/python3.10/dist-packages/msg_interface-0.0.0-py3.10.egg-info
[7.199s] -- Installing: /home/hee/ros2_ws/install/msg_interface/local/lib/python3.10/dist-packages/msg_interface-0.0.0-py3.10.egg-info/dependency_links.txt
[7.199s] -- Installing: /home/hee/ros2_ws/install/msg_interface/local/lib/python3.10/dist-packages/msg_interface-0.0.0-py3.10.egg-info/PKG-INFO
[7.200s] -- Installing: /home/hee/ros2_ws/install/msg_interface/local/lib/python3.10/dist-packages/msg_interface-0.0.0-py3.10.egg-info/SOURCES.txt
[7.200s] -- Installing: /home/hee/ros2_ws/install/msg_interface/local/lib/python3.10/dist-packages/msg_interface-0.0.0-py3.10.egg-info/top_level.txt
[7.200s] -- Up-to-date: /home/hee/ros2_ws/install/msg_interface/local/lib/python3.10/dist-packages/msg_interface
[7.200s] -- Installing: /home/hee/ros2_ws/install/msg_interface/local/lib/python3.10/dist-packages/msg_interface/msg_interface_s__rosidl_typesupport_fastrtps_c.cpython-310-x86_64-linux-gnu.so
[7.201s] -- Installing: /home/hee/ros2_ws/install/msg_interface/local/lib/python3.10/dist-packages/msg_interface/libmsg_interface__rosidl_generator_py.so
[7.201s] -- Installing: /home/hee/ros2_ws/install/msg_interface/local/lib/python3.10/dist-packages/msg_interface/_msg_interface_s.ep.rosidl_typesupport_introspection_c.c
[7.201s] -- Installing: /home/hee/ros2_ws/install/msg_interface/local/lib/python3.10/dist-packages/msg_interface/__init__.py
[7.201s] -- Up-to-date: /home/hee/ros2_ws/install/msg_interface/local/lib/python3.10/dist-packages/msg_interface/srv
[7.202s] -- Installing: /home/hee/ros2_ws/install/msg_interface/local/lib/python3.10/dist-packages/msg_interface/srv/_set_led_s.c
[7.202s] -- Installing: /home/hee/ros2_ws/install/msg_interface/local/lib/python3.10/dist-packages/msg_interface/srv/__init__.py
[7.202s] -- Installing: /home/hee/ros2_ws/install/msg_interface/local/lib/python3.10/dist-packages/msg_interface/srv/_set_led.py
[7.202s] -- Installing: /home/hee/ros2_ws/install/msg_interface/local/lib/python3.10/dist-packages/msg_interface/msg_interface_s__rosidl_typesupport_introspection_c.cpython-310-x86_64-linux-gnu.so
[7.203s] -- Up-to-date: /home/hee/ros2_ws/install/msg_interface/local/lib/python3.10/dist-packages/msg_interface/msg
[7.203s] -- Installing: /home/hee/ros2_ws/install/msg_interface/local/lib/python3.10/dist-packages/msg_interface/msg/_hardware_status.py
[7.203s] -- Installing: /home/hee/ros2_ws/install/msg_interface/local/lib/python3.10/dist-packages/msg_interface/msg/_led_states.py
[7.203s] -- Installing: /home/hee/ros2_ws/install/msg_interface/local/lib/python3.10/dist-packages/msg_interface/msg/_hardware_status_s.c
[7.204s] -- Installing: /home/hee/ros2_ws/install/msg_interface/local/lib/python3.10/dist-packages/msg_interface/msg/__init__.py
[7.204s] -- Installing: /home/hee/ros2_ws/install/msg_interface/local/lib/python3.10/dist-packages/msg_interface/msg/_led_states_s.c
[7.204s] -- Installing: /home/hee/ros2_ws/install/msg_interface/local/lib/python3.10/dist-packages/msg_interface/_msg_interface_s.ep.rosidl_typesupport_c.c
[7.205s] -- Installing: /home/hee/ros2_ws/install/msg_interface/local/lib/python3.10/dist-packages/msg_interface/msg_interface_s__rosidl_typesupport_c.cpython-310-x86_64-linux-gnu.so
[7.205s] -- Installing: /home/hee/ros2_ws/install/msg_interface/local/lib/python3.10/dist-packages/msg_interface/_msg_interface_s.ep.rosidl_typesupport_fastrtps_c.c
[7.263s] Listing '/home/hee/ros2_ws/install/msg_interface/local/lib/python3.10/dist-packages/msg_interface'...
[7.263s] Compiling '/home/hee/ros2_ws/install/msg_interface/local/lib/python3.10/dist-packages/msg_interface/__init__.py'...
[7.263s] Listing '/home/hee/ros2_ws/install/msg_interface/local/lib/python3.10/dist-packages/msg_interface/msg'...
[7.263s] Compiling '/home/hee/ros2_ws/install/msg_interface/local/lib/python3.10/dist-packages/msg_interface/msg/__init__.py'...
[7.263s] Compiling '/home/hee/ros2_ws/install/msg_interface/local/lib/python3.10/dist-packages/msg_interface/msg/_hardware_status.py'...
[7.263s] Compiling '/home/hee/ros2_ws/install/msg_interface/local/lib/python3.10/dist-packages/msg_interface/msg/_led_states.py'...
[7.263s] Listing '/home/hee/ros2_ws/install/msg_interface/local/lib/python3.10/dist-packages/msg_interface/srv'...
[7.264s] Compiling '/home/hee/ros2_ws/install/msg_interface/local/lib/python3.10/dist-packages/msg_interface/srv/__init__.py'...
[7.264s] Compiling '/home/hee/ros2_ws/install/msg_interface/local/lib/python3.10/dist-packages/msg_interface/srv/_set_led.py'...
[7.270s] -- Installing: /home/hee/ros2_ws/install/msg_interface/local/lib/python3.10/dist-packages/msg_interface/msg_interface_s__rosidl_typesupport_fastrtps_c.cpython-310-x86_64-linux-gnu.so
[7.271s] -- Set runtime path of "/home/hee/ros2_ws/install/msg_interface/local/lib/python3.10/dist-packages/msg_interface/msg_interface_s__rosidl_typesupport_fastrtps_c.cpython-310-x86_64-linux-gnu.so" to ""
[7.271s] -- Installing: /home/hee/ros2_ws/install/msg_interface/local/lib/python3.10/dist-packages/msg_interface/msg_interface_s__rosidl_typesupport_introspection_c.cpython-310-x86_64-linux-gnu.so
[7.272s] -- Set runtime path of "/home/hee/ros2_ws/install/msg_interface/local/lib/python3.10/dist-packages/msg_interface/msg_interface_s__rosidl_typesupport_introspection_c.cpython-310-x86_64-linux-gnu.so" to ""
[7.272s] -- Installing: /home/hee/ros2_ws/install/msg_interface/local/lib/python3.10/dist-packages/msg_interface/msg_interface_s__rosidl_typesupport_c.cpython-310-x86_64-linux-gnu.so
[7.273s] -- Set runtime path of "/home/hee/ros2_ws/install/msg_interface/local/lib/python3.10/dist-packages/msg_interface/msg_interface_s__rosidl_typesupport_c.cpython-310-x86_64-linux-gnu.so" to ""
[7.273s] -- Installing: /home/hee/ros2_ws/install/msg_interface/lib/libmsg_interface__rosidl_generator_py.so
[7.274s] -- Set runtime path of "/home/hee/ros2_ws/install/msg_interface/lib/libmsg_interface__rosidl_generator_py.so" to ""
[7.274s] -- Up-to-date: /home/hee/ros2_ws/install/msg_interface/share/msg_interface/msg/HardwareStatus.idl
[7.275s] -- Installing: /home/hee/ros2_ws/install/msg_interface/share/msg_interface/msg/LedStates.idl
[7.275s] -- Up-to-date: /home/hee/ros2_ws/install/msg_interface/share/msg_interface/srv/SetLed.idl
[7.275s] -- Up-to-date: /home/hee/ros2_ws/install/msg_interface/share/msg_interface/msg/HardwareStatus.msg
[7.275s] -- Installing: /home/hee/ros2_ws/install/msg_interface/share/msg_interface/msg/LedStates.msg
[7.276s] -- Up-to-date: /home/hee/ros2_ws/install/msg_interface/share/msg_interface/msg/SetLed.srv
[7.276s] -- Up-to-date: /home/hee/ros2_ws/install/msg_interface/share/msg_interface/msg/SetLed_Request.msg
[7.276s] -- Up-to-date: /home/hee/ros2_ws/install/msg_interface/share/msg_interface/msg/SetLed_Response.msg
[7.276s] -- Up-to-date: /home/hee/ros2_ws/install/msg_interface/share/ament_index/resource_index/package_run_dependencies/msg_interface
[7.277s] -- Up-to-date: /home/hee/ros2_ws/install/msg_interface/share/ament_index/resource_index/parent_prefix_path/msg_interface
[7.277s] -- Up-to-date: /home/hee/ros2_ws/install/msg_interface/share/msg_interface/environment/ament_prefix_path.sh
[7.277s] -- Installing: /home/hee/ros2_ws/install/msg_interface/share/msg_interface/environment/ament_prefix_path.dsv
[7.277s] -- Up-to-date: /home/hee/ros2_ws/install/msg_interface/share/msg_interface/environment/path.sh
[7.278s] -- Installing: /home/hee/ros2_ws/install/msg_interface/share/msg_interface/environment/path.dsv
[7.278s] -- Up-to-date: /home/hee/ros2_ws/install/msg_interface/share/msg_interface/local_setup.bash
[7.278s] -- Up-to-date: /home/hee/ros2_ws/install/msg_interface/share/msg_interface/local_setup.sh
[7.279s] -- Up-to-date: /home/hee/ros2_ws/install/msg_interface/share/msg_interface/local_setup.zsh
[7.279s] -- Installing: /home/hee/ros2_ws/install/msg_interface/share/msg_interface/local_setup.dsv
[7.279s] -- Installing: /home/hee/ros2_ws/install/msg_interface/share/msg_interface/package.dsv
[7.279s] -- Up-to-date: /home/hee/ros2_ws/install/msg_interface/share/ament_index/resource_index/packages/msg_interface
[7.280s] -- Up-to-date: /home/hee/ros2_ws/install/msg_interface/share/msg_interface/cmake/export_msg_interface__rosidl_generator_cExport.cmake
[7.280s] -- Up-to-date: /home/hee/ros2_ws/install/msg_interface/share/msg_interface/cmake/export_msg_interface__rosidl_generator_cExport-noconfig.cmake
[7.280s] -- Up-to-date: /home/hee/ros2_ws/install/msg_interface/share/msg_interface/cmake/export_msg_interface__rosidl_typesupport_fastrtps_cExport.cmake
[7.280s] -- Up-to-date: /home/hee/ros2_ws/install/msg_interface/share/msg_interface/cmake/export_msg_interface__rosidl_typesupport_fastrtps_cExport-noconfig.cmake
[7.281s] -- Up-to-date: /home/hee/ros2_ws/install/msg_interface/share/msg_interface/cmake/msg_interface__rosidl_typesupport_introspection_cExport.cmake
[7.281s] -- Up-to-date: /home/hee/ros2_ws/install/msg_interface/share/msg_interface/cmake/msg_interface__rosidl_typesupport_introspection_cExport-noconfig.cmake
[7.281s] -- Up-to-date: /home/hee/ros2_ws/install/msg_interface/share/msg_interface/cmake/msg_interface__rosidl_typesupport_cExport.cmake
[7.281s] -- Up-to-date: /home/hee/ros2_ws/install/msg_interface/share/msg_interface/cmake/msg_interface__rosidl_typesupport_cExport-noconfig.cmake
[7.282s] -- Up-to-date: /home/hee/ros2_ws/install/msg_interface/share/msg_interface/cmake/export_msg_interface__rosidl_generator_cppExport.cmake
[7.282s] -- Up-to-date: /home/hee/ros2_ws/install/msg_interface/share/msg_interface/cmake/export_msg_interface__rosidl_typesupport_fastrtps_cppExport.cmake
[7.282s] -- Up-to-date: /home/hee/ros2_ws/install/msg_interface/share/msg_interface/cmake/export_msg_interface__rosidl_typesupport_fastrtps_cppExport-noconfig.cmake
[7.282s] -- Up-to-date: /home/hee/ros2_ws/install/msg_interface/share/msg_interface/cmake/msg_interface__rosidl_typesupport_introspection_cppExport.cmake
[7.282s] -- Up-to-date: /home/hee/ros2_ws/install/msg_interface/share/msg_interface/cmake/msg_interface__rosidl_typesupport_introspection_cppExport-noconfig.cmake
[7.283s] -- Up-to-date: /home/hee/ros2_ws/install/msg_interface/share/msg_interface/cmake/msg_interface__rosidl_typesupport_cppExport.cmake
[7.283s] -- Up-to-date: /home/hee/ros2_ws/install/msg_interface/share/msg_interface/cmake/msg_interface__rosidl_typesupport_cppExport-noconfig.cmake
[7.283s] -- Up-to-date: /home/hee/ros2_ws/install/msg_interface/share/msg_interface/cmake/export_msg_interface__rosidl_generator_pyExport.cmake
[7.283s] -- Up-to-date: /home/hee/ros2_ws/install/msg_interface/share/msg_interface/cmake/export_msg_interface__rosidl_generator_pyExport-noconfig.cmake
[7.284s] -- Up-to-date: /home/hee/ros2_ws/install/msg_interface/share/msg_interface/cmake/rosidl_cmake-extras.cmake
[7.284s] -- Up-to-date: /home/hee/ros2_ws/install/msg_interface/share/msg_interface/cmake/ament_cmake_export_include_directories-extras.cmake
[7.284s] -- Up-to-date: /home/hee/ros2_ws/install/msg_interface/share/msg_interface/cmake/ament_cmake_export_libraries-extras.cmake
[7.284s] -- Up-to-date: /home/hee/ros2_ws/install/msg_interface/share/msg_interface/cmake/ament_cmake_export_targets-extras.cmake
[7.284s] -- Up-to-date: /home/hee/ros2_ws/install/msg_interface/share/msg_interface/cmake/rosidl_cmake_export_typesupport_targets-extras.cmake
[7.284s] -- Up-to-date: /home/hee/ros2_ws/install/msg_interface/share/msg_interface/cmake/ament_cmake_export_dependencies-extras.cmake
[7.285s] -- Up-to-date: /home/hee/ros2_ws/install/msg_interface/share/msg_interface/cmake/rosidl_cmake_export_typesupport_libraries-extras.cmake
[7.285s] -- Up-to-date: /home/hee/ros2_ws/install/msg_interface/share/msg_interface/cmake/msg_interfaceConfig.cmake
[7.285s] -- Up-to-date: /home/hee/ros2_ws/install/msg_interface/share/msg_interface/cmake/msg_interfaceConfig-version.cmake
[7.285s] -- Up-to-date: /home/hee/ros2_ws/install/msg_interface/share/msg_interface/package.xml
[7.287s] Invoked command in '/home/hee/ros2_ws/build/msg_interface' returned '0': CMAKE_PREFIX_PATH=${CMAKE_PREFIX_PATH}:/home/hee/ros2_ws/install/service:/home/hee/ros2_ws/install/robot_controller:/home/hee/ros2_ws/install/activity_002:/home/hee/ros2_ws/install/Activity_002:/opt/ros/humble /usr/bin/cmake --install /home/hee/ros2_ws/build/msg_interface
