[1.229s] Invoking command in '/home/hee/ros2_ws/src/activity_002': PYTHONPATH=/home/hee/ros2_ws/build/activity_002/prefix_override:/home/hee/ros2_ws/install/activity_002/lib/python3.10/site-packages:${PYTHONPATH} /usr/bin/python3 setup.py egg_info --egg-base ../../build/activity_002 build --build-base /home/hee/ros2_ws/build/activity_002/build install --record /home/hee/ros2_ws/build/activity_002/install.log --single-version-externally-managed
[1.621s] running egg_info
[1.622s] writing ../../build/activity_002/activity_002.egg-info/PKG-INFO
[1.623s] writing dependency_links to ../../build/activity_002/activity_002.egg-info/dependency_links.txt
[1.623s] writing entry points to ../../build/activity_002/activity_002.egg-info/entry_points.txt
[1.623s] writing requirements to ../../build/activity_002/activity_002.egg-info/requires.txt
[1.623s] writing top-level names to ../../build/activity_002/activity_002.egg-info/top_level.txt
[1.625s] reading manifest file '../../build/activity_002/activity_002.egg-info/SOURCES.txt'
[1.627s] writing manifest file '../../build/activity_002/activity_002.egg-info/SOURCES.txt'
[1.627s] running build
[1.627s] running build_py
[1.627s] copying activity_002/battery_node.py -> /home/hee/ros2_ws/build/activity_002/build/lib/activity_002
[1.627s] running install
[1.628s] running install_lib
[1.629s] copying /home/hee/ros2_ws/build/activity_002/build/lib/activity_002/battery_node.py -> /home/hee/ros2_ws/install/activity_002/lib/python3.10/site-packages/activity_002
[1.630s] byte-compiling /home/hee/ros2_ws/install/activity_002/lib/python3.10/site-packages/activity_002/battery_node.py to battery_node.cpython-310.pyc
[1.631s] running install_data
[1.631s] running install_egg_info
[1.634s] removing '/home/hee/ros2_ws/install/activity_002/lib/python3.10/site-packages/activity_002-0.0.0-py3.10.egg-info' (and everything under it)
[1.634s] Copying ../../build/activity_002/activity_002.egg-info to /home/hee/ros2_ws/install/activity_002/lib/python3.10/site-packages/activity_002-0.0.0-py3.10.egg-info
[1.635s] running install_scripts
[1.664s] Installing battery_node script to /home/hee/ros2_ws/install/activity_002/lib/activity_002
[1.664s] Installing led_panel script to /home/hee/ros2_ws/install/activity_002/lib/activity_002
[1.664s] Installing num_count script to /home/hee/ros2_ws/install/activity_002/lib/activity_002
[1.665s] Installing num_pub script to /home/hee/ros2_ws/install/activity_002/lib/activity_002
[1.665s] writing list of installed files to '/home/hee/ros2_ws/build/activity_002/install.log'
[1.694s] Invoked command in '/home/hee/ros2_ws/src/activity_002' returned '0': PYTHONPATH=/home/hee/ros2_ws/build/activity_002/prefix_override:/home/hee/ros2_ws/install/activity_002/lib/python3.10/site-packages:${PYTHONPATH} /usr/bin/python3 setup.py egg_info --egg-base ../../build/activity_002 build --build-base /home/hee/ros2_ws/build/activity_002/build install --record /home/hee/ros2_ws/build/activity_002/install.log --single-version-externally-managed
