[2.341s] Invoking command in '/home/hee/ros2_ws/build/robot_controller': PYTHONPATH=/home/hee/ros2_ws/build/robot_controller/prefix_override:/home/hee/ros2_ws/install/robot_controller/lib/python3.10/site-packages:${PYTHONPATH} /usr/bin/python3 setup.py develop --editable --build-directory /home/hee/ros2_ws/build/robot_controller/build --no-deps install_data
[2.773s] running develop
[3.036s] running egg_info
[3.036s] writing robot_controller.egg-info/PKG-INFO
[3.036s] writing dependency_links to robot_controller.egg-info/dependency_links.txt
[3.036s] writing entry points to robot_controller.egg-info/entry_points.txt
[3.037s] writing requirements to robot_controller.egg-info/requires.txt
[3.037s] writing top-level names to robot_controller.egg-info/top_level.txt
[3.040s] reading manifest file 'robot_controller.egg-info/SOURCES.txt'
[3.041s] writing manifest file 'robot_controller.egg-info/SOURCES.txt'
[3.044s] running build_ext
[3.044s] Creating /home/hee/ros2_ws/install/robot_controller/lib/python3.10/site-packages/robot-controller.egg-link (link to .)
[3.045s] Installing draw_circle script to /home/hee/ros2_ws/install/robot_controller/lib/robot_controller
[3.045s] Installing pose_sub script to /home/hee/ros2_ws/install/robot_controller/lib/robot_controller
[3.046s] Installing pub_sub script to /home/hee/ros2_ws/install/robot_controller/lib/robot_controller
[3.046s] Installing test_node script to /home/hee/ros2_ws/install/robot_controller/lib/robot_controller
[3.046s] 
[3.046s] Installed /home/hee/ros2_ws/build/robot_controller
[3.046s] running install_data
[3.193s] Invoked command in '/home/hee/ros2_ws/build/robot_controller' returned '0': PYTHONPATH=/home/hee/ros2_ws/build/robot_controller/prefix_override:/home/hee/ros2_ws/install/robot_controller/lib/python3.10/site-packages:${PYTHONPATH} /usr/bin/python3 setup.py develop --editable --build-directory /home/hee/ros2_ws/build/robot_controller/build --no-deps install_data
