[1.672s] Invoking command in '/home/hee/ros2_ws/src/activity_002': PYTHONPATH=/home/hee/ros2_ws/src/build/activity_002/prefix_override:/home/hee/ros2_ws/src/install/activity_002/lib/python3.10/site-packages:${PYTHONPATH} /usr/bin/python3 setup.py egg_info --egg-base ../build/activity_002 build --build-base /home/hee/ros2_ws/src/build/activity_002/build install --record /home/hee/ros2_ws/src/build/activity_002/install.log --single-version-externally-managed
[2.027s] running egg_info
[2.028s] creating ../build/activity_002/activity_002.egg-info
[2.028s] writing ../build/activity_002/activity_002.egg-info/PKG-INFO
[2.028s] writing dependency_links to ../build/activity_002/activity_002.egg-info/dependency_links.txt
[2.028s] writing entry points to ../build/activity_002/activity_002.egg-info/entry_points.txt
[2.029s] writing requirements to ../build/activity_002/activity_002.egg-info/requires.txt
[2.029s] writing top-level names to ../build/activity_002/activity_002.egg-info/top_level.txt
[2.029s] writing manifest file '../build/activity_002/activity_002.egg-info/SOURCES.txt'
[2.031s] reading manifest file '../build/activity_002/activity_002.egg-info/SOURCES.txt'
[2.032s] writing manifest file '../build/activity_002/activity_002.egg-info/SOURCES.txt'
[2.032s] running build
[2.032s] running build_py
[2.033s] creating /home/hee/ros2_ws/src/build/activity_002/build
[2.033s] creating /home/hee/ros2_ws/src/build/activity_002/build/lib
[2.033s] creating /home/hee/ros2_ws/src/build/activity_002/build/lib/activity_002
[2.033s] copying activity_002/__init__.py -> /home/hee/ros2_ws/src/build/activity_002/build/lib/activity_002
[2.033s] running install
[2.033s] /usr/lib/python3/dist-packages/setuptools/command/install.py:34: SetuptoolsDeprecationWarning: setup.py install is deprecated. Use build and pip and other standards-based tools.
[2.033s]   warnings.warn(
[2.033s] running install_lib
[2.034s] creating /home/hee/ros2_ws/src/install/activity_002/lib/python3.10/site-packages/activity_002
[2.034s] copying /home/hee/ros2_ws/src/build/activity_002/build/lib/activity_002/__init__.py -> /home/hee/ros2_ws/src/install/activity_002/lib/python3.10/site-packages/activity_002
[2.035s] byte-compiling /home/hee/ros2_ws/src/install/activity_002/lib/python3.10/site-packages/activity_002/__init__.py to __init__.cpython-310.pyc
[2.035s] running install_data
[2.036s] creating /home/hee/ros2_ws/src/install/activity_002/share/ament_index
[2.036s] creating /home/hee/ros2_ws/src/install/activity_002/share/ament_index/resource_index
[2.036s] creating /home/hee/ros2_ws/src/install/activity_002/share/ament_index/resource_index/packages
[2.037s] copying resource/activity_002 -> /home/hee/ros2_ws/src/install/activity_002/share/ament_index/resource_index/packages
[2.037s] copying package.xml -> /home/hee/ros2_ws/src/install/activity_002/share/activity_002
[2.037s] running install_egg_info
[2.039s] Copying ../build/activity_002/activity_002.egg-info to /home/hee/ros2_ws/src/install/activity_002/lib/python3.10/site-packages/activity_002-0.0.0-py3.10.egg-info
[2.040s] running install_scripts
[2.069s] writing list of installed files to '/home/hee/ros2_ws/src/build/activity_002/install.log'
[2.100s] Invoked command in '/home/hee/ros2_ws/src/activity_002' returned '0': PYTHONPATH=/home/hee/ros2_ws/src/build/activity_002/prefix_override:/home/hee/ros2_ws/src/install/activity_002/lib/python3.10/site-packages:${PYTHONPATH} /usr/bin/python3 setup.py egg_info --egg-base ../build/activity_002 build --build-base /home/hee/ros2_ws/src/build/activity_002/build install --record /home/hee/ros2_ws/src/build/activity_002/install.log --single-version-externally-managed
