[1.633s] DEBUG:colcon:Command line arguments: ['/usr/bin/colcon', 'build', '--symlink-install']
[1.633s] DEBUG:colcon:Parsed command line arguments: Namespace(log_base=None, log_level=None, verb_name='build', build_base='build', install_base='install', merge_install=False, symlink_install=True, test_result_base=None, continue_on_error=False, executor='parallel', parallel_workers=8, event_handlers=None, ignore_user_meta=False, metas=['./colcon.meta'], base_paths=['.'], packages_ignore=None, packages_ignore_regex=None, paths=None, packages_up_to=None, packages_up_to_regex=None, packages_above=None, packages_above_and_dependencies=None, packages_above_depth=None, packages_select_by_dep=None, packages_skip_by_dep=None, packages_skip_up_to=None, packages_select_build_failed=False, packages_skip_build_finished=False, packages_select_test_failures=False, packages_skip_test_passed=False, packages_select=None, packages_skip=None, packages_select_regex=None, packages_skip_regex=None, packages_start=None, packages_end=None, allow_overriding=[], cmake_args=None, cmake_target=None, cmake_target_skip_unavailable=False, cmake_clean_cache=False, cmake_clean_first=False, cmake_force_configure=False, ament_cmake_args=None, catkin_cmake_args=None, catkin_skip_building_tests=False, verb_parser=<colcon_defaults.argument_parser.defaults.DefaultArgumentsDecorator object at 0x7f97574ad0c0>, verb_extension=<colcon_core.verb.build.BuildVerb object at 0x7f97574ad360>, main=<bound method BuildVerb.main of <colcon_core.verb.build.BuildVerb object at 0x7f97574ad360>>)
[1.713s] Level 1:colcon.colcon_core.package_discovery:discover_packages(colcon_meta) check parameters
[1.713s] Level 1:colcon.colcon_core.package_discovery:discover_packages(recursive) check parameters
[1.714s] Level 1:colcon.colcon_core.package_discovery:discover_packages(ignore) check parameters
[1.714s] Level 1:colcon.colcon_core.package_discovery:discover_packages(path) check parameters
[1.714s] Level 1:colcon.colcon_core.package_discovery:discover_packages(colcon_meta) discover
[1.714s] Level 1:colcon.colcon_core.package_discovery:discover_packages(recursive) discover
[1.714s] INFO:colcon.colcon_core.package_discovery:Crawling recursively for packages in '/home/hee/ros2_ws'
[1.714s] Level 1:colcon.colcon_core.package_identification:_identify(.) by extensions ['ignore', 'ignore_ament_install']
[1.714s] Level 1:colcon.colcon_core.package_identification:_identify(.) by extension 'ignore'
[1.714s] Level 1:colcon.colcon_core.package_identification:_identify(.) by extension 'ignore_ament_install'
[1.714s] Level 1:colcon.colcon_core.package_identification:_identify(.) by extensions ['colcon_pkg']
[1.714s] Level 1:colcon.colcon_core.package_identification:_identify(.) by extension 'colcon_pkg'
[1.714s] Level 1:colcon.colcon_core.package_identification:_identify(.) by extensions ['colcon_meta']
[1.714s] Level 1:colcon.colcon_core.package_identification:_identify(.) by extension 'colcon_meta'
[1.714s] Level 1:colcon.colcon_core.package_identification:_identify(.) by extensions ['ros']
[1.715s] Level 1:colcon.colcon_core.package_identification:_identify(.) by extension 'ros'
[1.731s] Level 1:colcon.colcon_core.package_identification:_identify(.) by extensions ['cmake', 'python']
[1.731s] Level 1:colcon.colcon_core.package_identification:_identify(.) by extension 'cmake'
[1.731s] Level 1:colcon.colcon_core.package_identification:_identify(.) by extension 'python'
[1.731s] Level 1:colcon.colcon_core.package_identification:_identify(.) by extensions ['python_setup_py']
[1.732s] Level 1:colcon.colcon_core.package_identification:_identify(.) by extension 'python_setup_py'
[1.732s] Level 1:colcon.colcon_core.package_identification:_identify(build) by extensions ['ignore', 'ignore_ament_install']
[1.732s] Level 1:colcon.colcon_core.package_identification:_identify(build) by extension 'ignore'
[1.732s] Level 1:colcon.colcon_core.package_identification:_identify(build) ignored
[1.732s] Level 1:colcon.colcon_core.package_identification:_identify(install) by extensions ['ignore', 'ignore_ament_install']
[1.732s] Level 1:colcon.colcon_core.package_identification:_identify(install) by extension 'ignore'
[1.732s] Level 1:colcon.colcon_core.package_identification:_identify(install) ignored
[1.733s] Level 1:colcon.colcon_core.package_identification:_identify(log) by extensions ['ignore', 'ignore_ament_install']
[1.733s] Level 1:colcon.colcon_core.package_identification:_identify(log) by extension 'ignore'
[1.733s] Level 1:colcon.colcon_core.package_identification:_identify(log) ignored
[1.733s] Level 1:colcon.colcon_core.package_identification:_identify(src) by extensions ['ignore', 'ignore_ament_install']
[1.733s] Level 1:colcon.colcon_core.package_identification:_identify(src) by extension 'ignore'
[1.733s] Level 1:colcon.colcon_core.package_identification:_identify(src) by extension 'ignore_ament_install'
[1.733s] Level 1:colcon.colcon_core.package_identification:_identify(src) by extensions ['colcon_pkg']
[1.733s] Level 1:colcon.colcon_core.package_identification:_identify(src) by extension 'colcon_pkg'
[1.733s] Level 1:colcon.colcon_core.package_identification:_identify(src) by extensions ['colcon_meta']
[1.733s] Level 1:colcon.colcon_core.package_identification:_identify(src) by extension 'colcon_meta'
[1.734s] Level 1:colcon.colcon_core.package_identification:_identify(src) by extensions ['ros']
[1.734s] Level 1:colcon.colcon_core.package_identification:_identify(src) by extension 'ros'
[1.734s] Level 1:colcon.colcon_core.package_identification:_identify(src) by extensions ['cmake', 'python']
[1.734s] Level 1:colcon.colcon_core.package_identification:_identify(src) by extension 'cmake'
[1.734s] Level 1:colcon.colcon_core.package_identification:_identify(src) by extension 'python'
[1.734s] Level 1:colcon.colcon_core.package_identification:_identify(src) by extensions ['python_setup_py']
[1.734s] Level 1:colcon.colcon_core.package_identification:_identify(src) by extension 'python_setup_py'
[1.734s] Level 1:colcon.colcon_core.package_identification:_identify(src/activity_002) by extensions ['ignore', 'ignore_ament_install']
[1.734s] Level 1:colcon.colcon_core.package_identification:_identify(src/activity_002) by extension 'ignore'
[1.734s] Level 1:colcon.colcon_core.package_identification:_identify(src/activity_002) by extension 'ignore_ament_install'
[1.734s] Level 1:colcon.colcon_core.package_identification:_identify(src/activity_002) by extensions ['colcon_pkg']
[1.734s] Level 1:colcon.colcon_core.package_identification:_identify(src/activity_002) by extension 'colcon_pkg'
[1.734s] Level 1:colcon.colcon_core.package_identification:_identify(src/activity_002) by extensions ['colcon_meta']
[1.735s] Level 1:colcon.colcon_core.package_identification:_identify(src/activity_002) by extension 'colcon_meta'
[1.735s] Level 1:colcon.colcon_core.package_identification:_identify(src/activity_002) by extensions ['ros']
[1.735s] Level 1:colcon.colcon_core.package_identification:_identify(src/activity_002) by extension 'ros'
[1.738s] DEBUG:colcon.colcon_core.package_identification:Package 'src/activity_002' with type 'ros.ament_python' and name 'activity_002'
[1.738s] Level 1:colcon.colcon_core.package_identification:_identify(src/build) by extensions ['ignore', 'ignore_ament_install']
[1.738s] Level 1:colcon.colcon_core.package_identification:_identify(src/build) by extension 'ignore'
[1.739s] Level 1:colcon.colcon_core.package_identification:_identify(src/build) ignored
[1.739s] Level 1:colcon.colcon_core.package_identification:_identify(src/install) by extensions ['ignore', 'ignore_ament_install']
[1.739s] Level 1:colcon.colcon_core.package_identification:_identify(src/install) by extension 'ignore'
[1.739s] Level 1:colcon.colcon_core.package_identification:_identify(src/install) ignored
[1.739s] Level 1:colcon.colcon_core.package_identification:_identify(src/log) by extensions ['ignore', 'ignore_ament_install']
[1.739s] Level 1:colcon.colcon_core.package_identification:_identify(src/log) by extension 'ignore'
[1.739s] Level 1:colcon.colcon_core.package_identification:_identify(src/log) ignored
[1.739s] Level 1:colcon.colcon_core.package_identification:_identify(src/robot_controller) by extensions ['ignore', 'ignore_ament_install']
[1.740s] Level 1:colcon.colcon_core.package_identification:_identify(src/robot_controller) by extension 'ignore'
[1.740s] Level 1:colcon.colcon_core.package_identification:_identify(src/robot_controller) by extension 'ignore_ament_install'
[1.740s] Level 1:colcon.colcon_core.package_identification:_identify(src/robot_controller) by extensions ['colcon_pkg']
[1.740s] Level 1:colcon.colcon_core.package_identification:_identify(src/robot_controller) by extension 'colcon_pkg'
[1.740s] Level 1:colcon.colcon_core.package_identification:_identify(src/robot_controller) by extensions ['colcon_meta']
[1.740s] Level 1:colcon.colcon_core.package_identification:_identify(src/robot_controller) by extension 'colcon_meta'
[1.740s] Level 1:colcon.colcon_core.package_identification:_identify(src/robot_controller) by extensions ['ros']
[1.740s] Level 1:colcon.colcon_core.package_identification:_identify(src/robot_controller) by extension 'ros'
[1.741s] DEBUG:colcon.colcon_core.package_identification:Package 'src/robot_controller' with type 'ros.ament_python' and name 'robot_controller'
[1.741s] Level 1:colcon.colcon_core.package_identification:_identify(src/service) by extensions ['ignore', 'ignore_ament_install']
[1.741s] Level 1:colcon.colcon_core.package_identification:_identify(src/service) by extension 'ignore'
[1.741s] Level 1:colcon.colcon_core.package_identification:_identify(src/service) by extension 'ignore_ament_install'
[1.741s] Level 1:colcon.colcon_core.package_identification:_identify(src/service) by extensions ['colcon_pkg']
[1.741s] Level 1:colcon.colcon_core.package_identification:_identify(src/service) by extension 'colcon_pkg'
[1.742s] Level 1:colcon.colcon_core.package_identification:_identify(src/service) by extensions ['colcon_meta']
[1.742s] Level 1:colcon.colcon_core.package_identification:_identify(src/service) by extension 'colcon_meta'
[1.742s] Level 1:colcon.colcon_core.package_identification:_identify(src/service) by extensions ['ros']
[1.742s] Level 1:colcon.colcon_core.package_identification:_identify(src/service) by extension 'ros'
[1.742s] DEBUG:colcon.colcon_core.package_identification:Package 'src/service' with type 'ros.ament_python' and name 'service'
[1.743s] Level 1:colcon.colcon_core.package_discovery:discover_packages(recursive) using defaults
[1.743s] Level 1:colcon.colcon_core.package_discovery:discover_packages(ignore) discover
[1.743s] Level 1:colcon.colcon_core.package_discovery:discover_packages(ignore) using defaults
[1.743s] Level 1:colcon.colcon_core.package_discovery:discover_packages(path) discover
[1.743s] Level 1:colcon.colcon_core.package_discovery:discover_packages(path) using defaults
[1.891s] Level 1:colcon.colcon_core.package_discovery:discover_packages(prefix_path) check parameters
[1.891s] Level 1:colcon.colcon_core.package_discovery:discover_packages(prefix_path) discover
[1.941s] DEBUG:colcon.colcon_installed_package_information.package_discovery:Found 4 installed packages in /home/hee/ros2_ws/install
[1.966s] DEBUG:colcon.colcon_installed_package_information.package_discovery:Found 270 installed packages in /opt/ros/humble
[1.967s] Level 1:colcon.colcon_core.package_discovery:discover_packages(prefix_path) using defaults
[2.121s] Level 5:colcon.colcon_core.verb:set package 'activity_002' build argument 'cmake_args' from command line to 'None'
[2.121s] Level 5:colcon.colcon_core.verb:set package 'activity_002' build argument 'cmake_target' from command line to 'None'
[2.121s] Level 5:colcon.colcon_core.verb:set package 'activity_002' build argument 'cmake_target_skip_unavailable' from command line to 'False'
[2.121s] Level 5:colcon.colcon_core.verb:set package 'activity_002' build argument 'cmake_clean_cache' from command line to 'False'
[2.121s] Level 5:colcon.colcon_core.verb:set package 'activity_002' build argument 'cmake_clean_first' from command line to 'False'
[2.121s] Level 5:colcon.colcon_core.verb:set package 'activity_002' build argument 'cmake_force_configure' from command line to 'False'
[2.121s] Level 5:colcon.colcon_core.verb:set package 'activity_002' build argument 'ament_cmake_args' from command line to 'None'
[2.121s] Level 5:colcon.colcon_core.verb:set package 'activity_002' build argument 'catkin_cmake_args' from command line to 'None'
[2.121s] Level 5:colcon.colcon_core.verb:set package 'activity_002' build argument 'catkin_skip_building_tests' from command line to 'False'
[2.121s] DEBUG:colcon.colcon_core.verb:Building package 'activity_002' with the following arguments: {'ament_cmake_args': None, 'build_base': '/home/hee/ros2_ws/build/activity_002', 'catkin_cmake_args': None, 'catkin_skip_building_tests': False, 'cmake_args': None, 'cmake_clean_cache': False, 'cmake_clean_first': False, 'cmake_force_configure': False, 'cmake_target': None, 'cmake_target_skip_unavailable': False, 'install_base': '/home/hee/ros2_ws/install/activity_002', 'merge_install': False, 'path': '/home/hee/ros2_ws/src/activity_002', 'symlink_install': True, 'test_result_base': None}
[2.145s] Level 5:colcon.colcon_core.verb:set package 'robot_controller' build argument 'cmake_args' from command line to 'None'
[2.145s] Level 5:colcon.colcon_core.verb:set package 'robot_controller' build argument 'cmake_target' from command line to 'None'
[2.145s] Level 5:colcon.colcon_core.verb:set package 'robot_controller' build argument 'cmake_target_skip_unavailable' from command line to 'False'
[2.145s] Level 5:colcon.colcon_core.verb:set package 'robot_controller' build argument 'cmake_clean_cache' from command line to 'False'
[2.145s] Level 5:colcon.colcon_core.verb:set package 'robot_controller' build argument 'cmake_clean_first' from command line to 'False'
[2.145s] Level 5:colcon.colcon_core.verb:set package 'robot_controller' build argument 'cmake_force_configure' from command line to 'False'
[2.145s] Level 5:colcon.colcon_core.verb:set package 'robot_controller' build argument 'ament_cmake_args' from command line to 'None'
[2.145s] Level 5:colcon.colcon_core.verb:set package 'robot_controller' build argument 'catkin_cmake_args' from command line to 'None'
[2.145s] Level 5:colcon.colcon_core.verb:set package 'robot_controller' build argument 'catkin_skip_building_tests' from command line to 'False'
[2.145s] DEBUG:colcon.colcon_core.verb:Building package 'robot_controller' with the following arguments: {'ament_cmake_args': None, 'build_base': '/home/hee/ros2_ws/build/robot_controller', 'catkin_cmake_args': None, 'catkin_skip_building_tests': False, 'cmake_args': None, 'cmake_clean_cache': False, 'cmake_clean_first': False, 'cmake_force_configure': False, 'cmake_target': None, 'cmake_target_skip_unavailable': False, 'install_base': '/home/hee/ros2_ws/install/robot_controller', 'merge_install': False, 'path': '/home/hee/ros2_ws/src/robot_controller', 'symlink_install': True, 'test_result_base': None}
[2.169s] Level 5:colcon.colcon_core.verb:set package 'service' build argument 'cmake_args' from command line to 'None'
[2.169s] Level 5:colcon.colcon_core.verb:set package 'service' build argument 'cmake_target' from command line to 'None'
[2.169s] Level 5:colcon.colcon_core.verb:set package 'service' build argument 'cmake_target_skip_unavailable' from command line to 'False'
[2.169s] Level 5:colcon.colcon_core.verb:set package 'service' build argument 'cmake_clean_cache' from command line to 'False'
[2.169s] Level 5:colcon.colcon_core.verb:set package 'service' build argument 'cmake_clean_first' from command line to 'False'
[2.169s] Level 5:colcon.colcon_core.verb:set package 'service' build argument 'cmake_force_configure' from command line to 'False'
[2.169s] Level 5:colcon.colcon_core.verb:set package 'service' build argument 'ament_cmake_args' from command line to 'None'
[2.169s] Level 5:colcon.colcon_core.verb:set package 'service' build argument 'catkin_cmake_args' from command line to 'None'
[2.169s] Level 5:colcon.colcon_core.verb:set package 'service' build argument 'catkin_skip_building_tests' from command line to 'False'
[2.169s] DEBUG:colcon.colcon_core.verb:Building package 'service' with the following arguments: {'ament_cmake_args': None, 'build_base': '/home/hee/ros2_ws/build/service', 'catkin_cmake_args': None, 'catkin_skip_building_tests': False, 'cmake_args': None, 'cmake_clean_cache': False, 'cmake_clean_first': False, 'cmake_force_configure': False, 'cmake_target': None, 'cmake_target_skip_unavailable': False, 'install_base': '/home/hee/ros2_ws/install/service', 'merge_install': False, 'path': '/home/hee/ros2_ws/src/service', 'symlink_install': True, 'test_result_base': None}
[2.194s] INFO:colcon.colcon_core.executor:Executing jobs using 'parallel' executor
[2.219s] DEBUG:colcon.colcon_parallel_executor.executor.parallel:run_until_complete
[2.219s] INFO:colcon.colcon_ros.task.ament_python.build:Building ROS package in '/home/hee/ros2_ws/src/activity_002' with build type 'ament_python'
[2.219s] Level 1:colcon.colcon_core.shell:create_environment_hook('activity_002', 'ament_prefix_path')
[2.247s] INFO:colcon.colcon_core.plugin_system:Skipping extension 'colcon_core.shell.bat': Not used on non-Windows systems
[2.247s] INFO:colcon.colcon_core.shell:Creating environment hook '/home/hee/ros2_ws/install/activity_002/share/activity_002/hook/ament_prefix_path.ps1'
[2.248s] INFO:colcon.colcon_core.shell:Creating environment descriptor '/home/hee/ros2_ws/install/activity_002/share/activity_002/hook/ament_prefix_path.dsv'
[2.249s] INFO:colcon.colcon_core.shell:Creating environment hook '/home/hee/ros2_ws/install/activity_002/share/activity_002/hook/ament_prefix_path.sh'
[2.274s] INFO:colcon.colcon_core.shell:Skip shell extension 'powershell' for command environment: Not usable outside of PowerShell
[2.274s] DEBUG:colcon.colcon_core.shell:Skip shell extension 'dsv' for command environment
[2.353s] INFO:colcon.colcon_ros.task.ament_python.build:Building ROS package in '/home/hee/ros2_ws/src/robot_controller' with build type 'ament_python'
[2.353s] Level 1:colcon.colcon_core.shell:create_environment_hook('robot_controller', 'ament_prefix_path')
[2.379s] INFO:colcon.colcon_core.shell:Creating environment hook '/home/hee/ros2_ws/install/robot_controller/share/robot_controller/hook/ament_prefix_path.ps1'
[2.380s] INFO:colcon.colcon_core.shell:Creating environment descriptor '/home/hee/ros2_ws/install/robot_controller/share/robot_controller/hook/ament_prefix_path.dsv'
[2.381s] INFO:colcon.colcon_core.shell:Creating environment hook '/home/hee/ros2_ws/install/robot_controller/share/robot_controller/hook/ament_prefix_path.sh'
[2.406s] INFO:colcon.colcon_core.shell:Skip shell extension 'powershell' for command environment: Not usable outside of PowerShell
[2.407s] DEBUG:colcon.colcon_core.shell:Skip shell extension 'dsv' for command environment
[2.482s] INFO:colcon.colcon_ros.task.ament_python.build:Building ROS package in '/home/hee/ros2_ws/src/service' with build type 'ament_python'
[2.482s] Level 1:colcon.colcon_core.shell:create_environment_hook('service', 'ament_prefix_path')
[2.508s] INFO:colcon.colcon_core.shell:Creating environment hook '/home/hee/ros2_ws/install/service/share/service/hook/ament_prefix_path.ps1'
[2.508s] INFO:colcon.colcon_core.shell:Creating environment descriptor '/home/hee/ros2_ws/install/service/share/service/hook/ament_prefix_path.dsv'
[2.509s] INFO:colcon.colcon_core.shell:Creating environment hook '/home/hee/ros2_ws/install/service/share/service/hook/ament_prefix_path.sh'
[2.534s] INFO:colcon.colcon_core.shell:Skip shell extension 'powershell' for command environment: Not usable outside of PowerShell
[2.534s] DEBUG:colcon.colcon_core.shell:Skip shell extension 'dsv' for command environment
[3.022s] INFO:colcon.colcon_core.task.python.build:Building Python package in '/home/hee/ros2_ws/src/activity_002'
[3.045s] INFO:colcon.colcon_core.shell:Skip shell extension 'powershell' for command environment: Not usable outside of PowerShell
[3.046s] DEBUG:colcon.colcon_core.shell:Skip shell extension 'dsv' for command environment
[3.527s] INFO:colcon.colcon_core.task.python.build:Building Python package in '/home/hee/ros2_ws/src/robot_controller'
[3.551s] INFO:colcon.colcon_core.shell:Skip shell extension 'powershell' for command environment: Not usable outside of PowerShell
[3.551s] DEBUG:colcon.colcon_core.shell:Skip shell extension 'dsv' for command environment
[4.043s] INFO:colcon.colcon_core.task.python.build:Building Python package in '/home/hee/ros2_ws/src/service'
[4.067s] INFO:colcon.colcon_core.shell:Skip shell extension 'powershell' for command environment: Not usable outside of PowerShell
[4.067s] DEBUG:colcon.colcon_core.shell:Skip shell extension 'dsv' for command environment
[4.679s] DEBUG:colcon.colcon_core.task.python.build:While undoing a previous installation files outside the Python library path are being ignored: /home/hee/ros2_ws/install/activity_002/share/ament_index/resource_index/packages/activity_002
[4.679s] DEBUG:colcon.colcon_core.task.python.build:While undoing a previous installation files outside the Python library path are being ignored: /home/hee/ros2_ws/install/activity_002/share/activity_002/package.xml
[4.679s] DEBUG:colcon.colcon_core.task.python.build:While undoing a previous installation files outside the Python library path are being ignored: /home/hee/ros2_ws/install/activity_002/lib/activity_002/num_count
[4.679s] DEBUG:colcon.colcon_core.task.python.build:While undoing a previous installation files outside the Python library path are being ignored: /home/hee/ros2_ws/install/activity_002/lib/activity_002/num_pub
[4.682s] DEBUG:colcon.colcon_core.event_handler.log_command:Invoking command in '/home/hee/ros2_ws/build/activity_002': PYTHONPATH=/home/hee/ros2_ws/build/activity_002/prefix_override:/home/hee/ros2_ws/install/activity_002/lib/python3.10/site-packages:${PYTHONPATH} /usr/bin/python3 setup.py develop --editable --build-directory /home/hee/ros2_ws/build/activity_002/build --no-deps install_data
[4.688s] DEBUG:colcon.colcon_core.task.python.build:While undoing a previous installation files outside the Python library path are being ignored: /home/hee/ros2_ws/install/service/share/ament_index/resource_index/packages/service
[4.688s] DEBUG:colcon.colcon_core.task.python.build:While undoing a previous installation files outside the Python library path are being ignored: /home/hee/ros2_ws/install/service/share/service/package.xml
[4.692s] DEBUG:colcon.colcon_core.event_handler.log_command:Invoking command in '/home/hee/ros2_ws/build/service': PYTHONPATH=/home/hee/ros2_ws/build/service/prefix_override:/home/hee/ros2_ws/install/service/lib/python3.10/site-packages:${PYTHONPATH} /usr/bin/python3 setup.py develop --editable --build-directory /home/hee/ros2_ws/build/service/build --no-deps install_data
[4.695s] DEBUG:colcon.colcon_core.event_handler.log_command:Invoking command in '/home/hee/ros2_ws/build/robot_controller': PYTHONPATH=/home/hee/ros2_ws/build/robot_controller/prefix_override:/home/hee/ros2_ws/install/robot_controller/lib/python3.10/site-packages:${PYTHONPATH} /usr/bin/python3 setup.py develop --editable --build-directory /home/hee/ros2_ws/build/robot_controller/build --no-deps install_data
[5.432s] Level 1:colcon.colcon_core.shell:create_environment_hook('activity_002', 'pythonpath_develop')
[5.433s] DEBUG:colcon.colcon_core.event_handler.log_command:Invoked command in '/home/hee/ros2_ws/build/activity_002' returned '0': PYTHONPATH=/home/hee/ros2_ws/build/activity_002/prefix_override:/home/hee/ros2_ws/install/activity_002/lib/python3.10/site-packages:${PYTHONPATH} /usr/bin/python3 setup.py develop --editable --build-directory /home/hee/ros2_ws/build/activity_002/build --no-deps install_data
[5.458s] INFO:colcon.colcon_core.shell:Creating environment hook '/home/hee/ros2_ws/build/activity_002/share/activity_002/hook/pythonpath_develop.ps1'
[5.459s] INFO:colcon.colcon_core.shell:Creating environment descriptor '/home/hee/ros2_ws/build/activity_002/share/activity_002/hook/pythonpath_develop.dsv'
[5.459s] INFO:colcon.colcon_core.shell:Creating environment hook '/home/hee/ros2_ws/build/activity_002/share/activity_002/hook/pythonpath_develop.sh'
[5.486s] Level 1:colcon.colcon_core.environment:checking '/home/hee/ros2_ws/install/activity_002' for CMake module files
[5.487s] Level 1:colcon.colcon_core.environment:checking '/home/hee/ros2_ws/install/activity_002' for CMake config files
[5.488s] Level 1:colcon.colcon_core.environment:checking '/home/hee/ros2_ws/install/activity_002/lib'
[5.488s] Level 1:colcon.colcon_core.environment:checking '/home/hee/ros2_ws/install/activity_002/bin'
[5.488s] Level 1:colcon.colcon_core.environment:checking '/home/hee/ros2_ws/install/activity_002/lib/pkgconfig/activity_002.pc'
[5.488s] Level 1:colcon.colcon_core.environment:checking '/home/hee/ros2_ws/install/activity_002/lib/python3.10/site-packages'
[5.489s] Level 1:colcon.colcon_core.shell:create_environment_hook('activity_002', 'pythonpath')
[5.513s] INFO:colcon.colcon_core.shell:Creating environment hook '/home/hee/ros2_ws/install/activity_002/share/activity_002/hook/pythonpath.ps1'
[5.513s] INFO:colcon.colcon_core.shell:Creating environment descriptor '/home/hee/ros2_ws/install/activity_002/share/activity_002/hook/pythonpath.dsv'
[5.514s] INFO:colcon.colcon_core.shell:Creating environment hook '/home/hee/ros2_ws/install/activity_002/share/activity_002/hook/pythonpath.sh'
[5.514s] Level 1:colcon.colcon_core.environment:checking '/home/hee/ros2_ws/install/activity_002/bin'
[5.514s] Level 1:colcon.colcon_core.environment:create_environment_scripts_only(activity_002)
[5.539s] INFO:colcon.colcon_core.shell:Creating package script '/home/hee/ros2_ws/install/activity_002/share/activity_002/package.ps1'
[5.540s] INFO:colcon.colcon_core.shell:Creating package descriptor '/home/hee/ros2_ws/install/activity_002/share/activity_002/package.dsv'
[5.541s] INFO:colcon.colcon_core.shell:Creating package script '/home/hee/ros2_ws/install/activity_002/share/activity_002/package.sh'
[5.542s] INFO:colcon.colcon_core.shell:Creating package script '/home/hee/ros2_ws/install/activity_002/share/activity_002/package.bash'
[5.543s] INFO:colcon.colcon_core.shell:Creating package script '/home/hee/ros2_ws/install/activity_002/share/activity_002/package.zsh'
[5.544s] Level 1:colcon.colcon_core.environment:create_file_with_runtime_dependencies(/home/hee/ros2_ws/install/activity_002/share/colcon-core/packages/activity_002)
[5.546s] Level 1:colcon.colcon_core.shell:create_environment_hook('robot_controller', 'pythonpath_develop')
[5.547s] DEBUG:colcon.colcon_core.event_handler.log_command:Invoked command in '/home/hee/ros2_ws/build/robot_controller' returned '0': PYTHONPATH=/home/hee/ros2_ws/build/robot_controller/prefix_override:/home/hee/ros2_ws/install/robot_controller/lib/python3.10/site-packages:${PYTHONPATH} /usr/bin/python3 setup.py develop --editable --build-directory /home/hee/ros2_ws/build/robot_controller/build --no-deps install_data
[5.570s] INFO:colcon.colcon_core.shell:Creating environment hook '/home/hee/ros2_ws/build/robot_controller/share/robot_controller/hook/pythonpath_develop.ps1'
[5.571s] INFO:colcon.colcon_core.shell:Creating environment descriptor '/home/hee/ros2_ws/build/robot_controller/share/robot_controller/hook/pythonpath_develop.dsv'
[5.571s] INFO:colcon.colcon_core.shell:Creating environment hook '/home/hee/ros2_ws/build/robot_controller/share/robot_controller/hook/pythonpath_develop.sh'
[5.596s] Level 1:colcon.colcon_core.environment:checking '/home/hee/ros2_ws/install/robot_controller' for CMake module files
[5.596s] Level 1:colcon.colcon_core.environment:checking '/home/hee/ros2_ws/install/robot_controller' for CMake config files
[5.597s] Level 1:colcon.colcon_core.environment:checking '/home/hee/ros2_ws/install/robot_controller/lib'
[5.597s] Level 1:colcon.colcon_core.environment:checking '/home/hee/ros2_ws/install/robot_controller/bin'
[5.597s] Level 1:colcon.colcon_core.environment:checking '/home/hee/ros2_ws/install/robot_controller/lib/pkgconfig/robot_controller.pc'
[5.598s] Level 1:colcon.colcon_core.environment:checking '/home/hee/ros2_ws/install/robot_controller/lib/python3.10/site-packages'
[5.598s] Level 1:colcon.colcon_core.shell:create_environment_hook('robot_controller', 'pythonpath')
[5.621s] INFO:colcon.colcon_core.shell:Creating environment hook '/home/hee/ros2_ws/install/robot_controller/share/robot_controller/hook/pythonpath.ps1'
[5.622s] INFO:colcon.colcon_core.shell:Creating environment descriptor '/home/hee/ros2_ws/install/robot_controller/share/robot_controller/hook/pythonpath.dsv'
[5.622s] INFO:colcon.colcon_core.shell:Creating environment hook '/home/hee/ros2_ws/install/robot_controller/share/robot_controller/hook/pythonpath.sh'
[5.623s] Level 1:colcon.colcon_core.environment:checking '/home/hee/ros2_ws/install/robot_controller/bin'
[5.623s] Level 1:colcon.colcon_core.environment:create_environment_scripts_only(robot_controller)
[5.647s] INFO:colcon.colcon_core.shell:Creating package script '/home/hee/ros2_ws/install/robot_controller/share/robot_controller/package.ps1'
[5.648s] INFO:colcon.colcon_core.shell:Creating package descriptor '/home/hee/ros2_ws/install/robot_controller/share/robot_controller/package.dsv'
[5.649s] INFO:colcon.colcon_core.shell:Creating package script '/home/hee/ros2_ws/install/robot_controller/share/robot_controller/package.sh'
[5.649s] INFO:colcon.colcon_core.shell:Creating package script '/home/hee/ros2_ws/install/robot_controller/share/robot_controller/package.bash'
[5.650s] INFO:colcon.colcon_core.shell:Creating package script '/home/hee/ros2_ws/install/robot_controller/share/robot_controller/package.zsh'
[5.650s] Level 1:colcon.colcon_core.environment:create_file_with_runtime_dependencies(/home/hee/ros2_ws/install/robot_controller/share/colcon-core/packages/robot_controller)
[5.651s] Level 1:colcon.colcon_core.shell:create_environment_hook('service', 'pythonpath_develop')
[5.652s] DEBUG:colcon.colcon_core.event_handler.log_command:Invoked command in '/home/hee/ros2_ws/build/service' returned '0': PYTHONPATH=/home/hee/ros2_ws/build/service/prefix_override:/home/hee/ros2_ws/install/service/lib/python3.10/site-packages:${PYTHONPATH} /usr/bin/python3 setup.py develop --editable --build-directory /home/hee/ros2_ws/build/service/build --no-deps install_data
[5.676s] INFO:colcon.colcon_core.shell:Creating environment hook '/home/hee/ros2_ws/build/service/share/service/hook/pythonpath_develop.ps1'
[5.677s] INFO:colcon.colcon_core.shell:Creating environment descriptor '/home/hee/ros2_ws/build/service/share/service/hook/pythonpath_develop.dsv'
[5.677s] INFO:colcon.colcon_core.shell:Creating environment hook '/home/hee/ros2_ws/build/service/share/service/hook/pythonpath_develop.sh'
[5.702s] Level 1:colcon.colcon_core.environment:checking '/home/hee/ros2_ws/install/service' for CMake module files
[5.702s] Level 1:colcon.colcon_core.environment:checking '/home/hee/ros2_ws/install/service' for CMake config files
[5.703s] Level 1:colcon.colcon_core.environment:checking '/home/hee/ros2_ws/install/service/lib'
[5.703s] Level 1:colcon.colcon_core.environment:checking '/home/hee/ros2_ws/install/service/bin'
[5.703s] Level 1:colcon.colcon_core.environment:checking '/home/hee/ros2_ws/install/service/lib/pkgconfig/service.pc'
[5.704s] Level 1:colcon.colcon_core.environment:checking '/home/hee/ros2_ws/install/service/lib/python3.10/site-packages'
[5.704s] Level 1:colcon.colcon_core.shell:create_environment_hook('service', 'pythonpath')
[5.727s] INFO:colcon.colcon_core.shell:Creating environment hook '/home/hee/ros2_ws/install/service/share/service/hook/pythonpath.ps1'
[5.728s] INFO:colcon.colcon_core.shell:Creating environment descriptor '/home/hee/ros2_ws/install/service/share/service/hook/pythonpath.dsv'
[5.728s] INFO:colcon.colcon_core.shell:Creating environment hook '/home/hee/ros2_ws/install/service/share/service/hook/pythonpath.sh'
[5.729s] Level 1:colcon.colcon_core.environment:checking '/home/hee/ros2_ws/install/service/bin'
[5.729s] Level 1:colcon.colcon_core.environment:create_environment_scripts_only(service)
[5.754s] INFO:colcon.colcon_core.shell:Creating package script '/home/hee/ros2_ws/install/service/share/service/package.ps1'
[5.755s] INFO:colcon.colcon_core.shell:Creating package descriptor '/home/hee/ros2_ws/install/service/share/service/package.dsv'
[5.755s] INFO:colcon.colcon_core.shell:Creating package script '/home/hee/ros2_ws/install/service/share/service/package.sh'
[5.756s] INFO:colcon.colcon_core.shell:Creating package script '/home/hee/ros2_ws/install/service/share/service/package.bash'
[5.756s] INFO:colcon.colcon_core.shell:Creating package script '/home/hee/ros2_ws/install/service/share/service/package.zsh'
[5.757s] Level 1:colcon.colcon_core.environment:create_file_with_runtime_dependencies(/home/hee/ros2_ws/install/service/share/colcon-core/packages/service)
[5.757s] DEBUG:colcon.colcon_parallel_executor.executor.parallel:closing loop
[5.758s] DEBUG:colcon.colcon_parallel_executor.executor.parallel:loop closed
[5.758s] DEBUG:colcon.colcon_parallel_executor.executor.parallel:run_until_complete finished with '0'
[5.758s] DEBUG:colcon.colcon_core.event_reactor:joining thread
[5.789s] INFO:colcon.colcon_core.plugin_system:Skipping extension 'colcon_notification.desktop_notification.terminal_notifier': Not used on non-Darwin systems
[5.790s] INFO:colcon.colcon_core.plugin_system:Skipping extension 'colcon_notification.desktop_notification.win32': Not used on non-Windows systems
[5.790s] INFO:colcon.colcon_notification.desktop_notification:Sending desktop notification using 'notify2'
[5.802s] DEBUG:colcon.colcon_core.event_reactor:joined thread
[5.826s] INFO:colcon.colcon_core.shell:Creating prefix script '/home/hee/ros2_ws/install/local_setup.ps1'
[5.827s] INFO:colcon.colcon_core.shell:Creating prefix util module '/home/hee/ros2_ws/install/_local_setup_util_ps1.py'
[5.829s] INFO:colcon.colcon_core.shell:Creating prefix chain script '/home/hee/ros2_ws/install/setup.ps1'
[5.855s] INFO:colcon.colcon_core.shell:Creating prefix script '/home/hee/ros2_ws/install/local_setup.sh'
[5.857s] INFO:colcon.colcon_core.shell:Creating prefix util module '/home/hee/ros2_ws/install/_local_setup_util_sh.py'
[5.857s] INFO:colcon.colcon_core.shell:Creating prefix chain script '/home/hee/ros2_ws/install/setup.sh'
[5.882s] INFO:colcon.colcon_core.shell:Creating prefix script '/home/hee/ros2_ws/install/local_setup.bash'
[5.883s] INFO:colcon.colcon_core.shell:Creating prefix chain script '/home/hee/ros2_ws/install/setup.bash'
[5.909s] INFO:colcon.colcon_core.shell:Creating prefix script '/home/hee/ros2_ws/install/local_setup.zsh'
[5.909s] INFO:colcon.colcon_core.shell:Creating prefix chain script '/home/hee/ros2_ws/install/setup.zsh'
