[1.167s] Invoking command in '/home/hee/ros2_ws/build/service': PYTHONPATH=/home/hee/ros2_ws/build/service/prefix_override:/home/hee/ros2_ws/install/service/lib/python3.10/site-packages:${PYTHONPATH} /usr/bin/python3 setup.py develop --uninstall --editable --build-directory /home/hee/ros2_ws/build/service/build
[1.587s] running develop
[1.853s] Removing /home/hee/ros2_ws/install/service/lib/python3.10/site-packages/service.egg-link (link to .)
[1.892s] Invoked command in '/home/hee/ros2_ws/build/service' returned '0': PYTHONPATH=/home/hee/ros2_ws/build/service/prefix_override:/home/hee/ros2_ws/install/service/lib/python3.10/site-packages:${PYTHONPATH} /usr/bin/python3 setup.py develop --uninstall --editable --build-directory /home/hee/ros2_ws/build/service/build
[1.894s] Invoking command in '/home/hee/ros2_ws/src/service': PYTHONPATH=/home/hee/ros2_ws/build/service/prefix_override:/home/hee/ros2_ws/install/service/lib/python3.10/site-packages:${PYTHONPATH} /usr/bin/python3 setup.py egg_info --egg-base ../../build/service build --build-base /home/hee/ros2_ws/build/service/build install --record /home/hee/ros2_ws/build/service/install.log --single-version-externally-managed
[2.287s] running egg_info
[2.288s] writing ../../build/service/service.egg-info/PKG-INFO
[2.288s] writing dependency_links to ../../build/service/service.egg-info/dependency_links.txt
[2.288s] writing entry points to ../../build/service/service.egg-info/entry_points.txt
[2.289s] writing requirements to ../../build/service/service.egg-info/requires.txt
[2.289s] writing top-level names to ../../build/service/service.egg-info/top_level.txt
[2.291s] reading manifest file '../../build/service/service.egg-info/SOURCES.txt'
[2.292s] writing manifest file '../../build/service/service.egg-info/SOURCES.txt'
[2.292s] running build
[2.293s] running build_py
[2.293s] copying service/add_2_int.py -> /home/hee/ros2_ws/build/service/build/lib/service
[2.293s] running install
[2.293s] running install_lib
[2.294s] creating /home/hee/ros2_ws/install/service/lib/python3.10/site-packages/service
[2.294s] copying /home/hee/ros2_ws/build/service/build/lib/service/__init__.py -> /home/hee/ros2_ws/install/service/lib/python3.10/site-packages/service
[2.295s] copying /home/hee/ros2_ws/build/service/build/lib/service/add_2_int.py -> /home/hee/ros2_ws/install/service/lib/python3.10/site-packages/service
[2.295s] byte-compiling /home/hee/ros2_ws/install/service/lib/python3.10/site-packages/service/__init__.py to __init__.cpython-310.pyc
[2.296s] byte-compiling /home/hee/ros2_ws/install/service/lib/python3.10/site-packages/service/add_2_int.py to add_2_int.cpython-310.pyc
[2.296s] running install_data
[2.297s] running install_egg_info
[2.299s] Copying ../../build/service/service.egg-info to /home/hee/ros2_ws/install/service/lib/python3.10/site-packages/service-0.0.0-py3.10.egg-info
[2.300s] running install_scripts
[2.329s] Installing add_2_int script to /home/hee/ros2_ws/install/service/lib/service
[2.329s] writing list of installed files to '/home/hee/ros2_ws/build/service/install.log'
[2.360s] Invoked command in '/home/hee/ros2_ws/src/service' returned '0': PYTHONPATH=/home/hee/ros2_ws/build/service/prefix_override:/home/hee/ros2_ws/install/service/lib/python3.10/site-packages:${PYTHONPATH} /usr/bin/python3 setup.py egg_info --egg-base ../../build/service build --build-base /home/hee/ros2_ws/build/service/build install --record /home/hee/ros2_ws/build/service/install.log --single-version-externally-managed
