[1.170s] Invoking command in '/home/hee/ros2_ws/build/turtlesim_project': PYTHONPATH=/home/hee/ros2_ws/build/turtlesim_project/prefix_override:/home/hee/ros2_ws/install/turtlesim_project/lib/python3.10/site-packages:${PYTHONPATH} /usr/bin/python3 setup.py develop --editable --build-directory /home/hee/ros2_ws/build/turtlesim_project/build --no-deps install_data
[1.599s] running develop
[1.863s] running egg_info
[1.863s] creating turtlesim_project.egg-info
[1.864s] writing turtlesim_project.egg-info/PKG-INFO
[1.864s] writing dependency_links to turtlesim_project.egg-info/dependency_links.txt
[1.864s] writing entry points to turtlesim_project.egg-info/entry_points.txt
[1.864s] writing requirements to turtlesim_project.egg-info/requires.txt
[1.864s] writing top-level names to turtlesim_project.egg-info/top_level.txt
[1.864s] writing manifest file 'turtlesim_project.egg-info/SOURCES.txt'
[1.866s] reading manifest file 'turtlesim_project.egg-info/SOURCES.txt'
[1.867s] writing manifest file 'turtlesim_project.egg-info/SOURCES.txt'
[1.869s] running build_ext
[1.869s] Creating /home/hee/ros2_ws/install/turtlesim_project/lib/python3.10/site-packages/turtlesim-project.egg-link (link to .)
[1.870s] Installing spawn_turtle script to /home/hee/ros2_ws/install/turtlesim_project/lib/turtlesim_project
[1.871s] 
[1.871s] Installed /home/hee/ros2_ws/build/turtlesim_project
[1.871s] running install_data
[1.871s] creating /home/hee/ros2_ws/install/turtlesim_project/share/ament_index
[1.871s] creating /home/hee/ros2_ws/install/turtlesim_project/share/ament_index/resource_index
[1.871s] creating /home/hee/ros2_ws/install/turtlesim_project/share/ament_index/resource_index/packages
[1.872s] copying resource/turtlesim_project -> /home/hee/ros2_ws/install/turtlesim_project/share/ament_index/resource_index/packages
[1.872s] copying package.xml -> /home/hee/ros2_ws/install/turtlesim_project/share/turtlesim_project
[1.906s] Invoked command in '/home/hee/ros2_ws/build/turtlesim_project' returned '0': PYTHONPATH=/home/hee/ros2_ws/build/turtlesim_project/prefix_override:/home/hee/ros2_ws/install/turtlesim_project/lib/python3.10/site-packages:${PYTHONPATH} /usr/bin/python3 setup.py develop --editable --build-directory /home/hee/ros2_ws/build/turtlesim_project/build --no-deps install_data
