-- Found ament_cmake: 1.3.6 (/opt/ros/humble/share/ament_cmake/cmake)
-- Found rosidl_default_generators: 1.2.0 (/opt/ros/humble/share/rosidl_default_generators/cmake)
-- Using all available rosidl_typesupport_c: rosidl_typesupport_fastrtps_c;rosidl_typesupport_introspection_c
-- Found rosidl_adapter: 3.1.5 (/opt/ros/humble/share/rosidl_adapter/cmake)
-- Using all available rosidl_typesupport_cpp: rosidl_typesupport_fastrtps_cpp;rosidl_typesupport_introspection_cpp
-- Found ament_cmake_ros: 0.10.0 (/opt/ros/humble/share/ament_cmake_ros/cmake)
-- Using all available rosidl_typesupport_c: rosidl_typesupport_fastrtps_c;rosidl_typesupport_introspection_c
-- Using all available rosidl_typesupport_cpp: rosidl_typesupport_fastrtps_cpp;rosidl_typesupport_introspection_cpp
-- Found python_cmake_module: 0.10.0 (/opt/ros/humble/share/python_cmake_module/cmake)
-- Using PYTHON_EXECUTABLE: /usr/bin/python3
-- Using PYTHON_INCLUDE_DIRS: /usr/include/python3.10
-- Using PYTHON_LIBRARIES: /usr/lib/x86_64-linux-gnu/libpython3.10.so
-- Configuring done
-- Generating done
-- Build files have been written to: /home/hee/ros2_ws/build/msg_interface
[  2%] [34m[1mGenerating C code for ROS interfaces[0m
[  4%] [34m[1mGenerating C++ code for ROS interfaces[0m
[  4%] Built target ament_cmake_python_copy_msg_interface
running egg_info
writing msg_interface.egg-info/PKG-INFO
writing dependency_links to msg_interface.egg-info/dependency_links.txt
writing top-level names to msg_interface.egg-info/top_level.txt
reading manifest file 'msg_interface.egg-info/SOURCES.txt'
writing manifest file 'msg_interface.egg-info/SOURCES.txt'
[  4%] Built target ament_cmake_python_build_msg_interface_egg
[  4%] Built target msg_interface__cpp
[  6%] [34m[1mGenerating C++ introspection for ROS interfaces[0m
[ 10%] [34m[1mGenerating C++ type support for eProsima Fast-RTPS[0m
[ 10%] [34m[1mGenerating C++ type support dispatch for ROS interfaces[0m
[35m[1mConsolidate compiler generated dependencies of target msg_interface__rosidl_generator_c[0m
[ 12%] [32mBuilding C object CMakeFiles/msg_interface__rosidl_generator_c.dir/rosidl_generator_c/msg_interface/msg/detail/hardware_status__functions.c.o[0m
[ 14%] [32mBuilding C object CMakeFiles/msg_interface__rosidl_generator_c.dir/rosidl_generator_c/msg_interface/msg/detail/led_states__functions.c.o[0m
[ 17%] [32mBuilding C object CMakeFiles/msg_interface__rosidl_generator_c.dir/rosidl_generator_c/msg_interface/srv/detail/set_led__functions.c.o[0m
[ 19%] [32m[1mLinking C shared library libmsg_interface__rosidl_generator_c.so[0m
[ 19%] Built target msg_interface__rosidl_generator_c
[ 21%] [34m[1mGenerating C type support for eProsima Fast-RTPS[0m
[ 25%] [34m[1mGenerating C introspection for ROS interfaces[0m
[ 25%] [34m[1mGenerating C type support dispatch for ROS interfaces[0m
[35m[1mConsolidate compiler generated dependencies of target msg_interface__rosidl_typesupport_cpp[0m
[ 27%] [32mBuilding CXX object CMakeFiles/msg_interface__rosidl_typesupport_cpp.dir/rosidl_typesupport_cpp/msg_interface/msg/hardware_status__type_support.cpp.o[0m
[ 29%] [32mBuilding CXX object CMakeFiles/msg_interface__rosidl_typesupport_cpp.dir/rosidl_typesupport_cpp/msg_interface/srv/set_led__type_support.cpp.o[0m
[ 31%] [32mBuilding CXX object CMakeFiles/msg_interface__rosidl_typesupport_cpp.dir/rosidl_typesupport_cpp/msg_interface/msg/led_states__type_support.cpp.o[0m
[35m[1mConsolidate compiler generated dependencies of target msg_interface__rosidl_typesupport_fastrtps_cpp[0m
[ 34%] [32mBuilding CXX object CMakeFiles/msg_interface__rosidl_typesupport_fastrtps_cpp.dir/rosidl_typesupport_fastrtps_cpp/msg_interface/msg/detail/dds_fastrtps/hardware_status__type_support.cpp.o[0m
[35m[1mConsolidate compiler generated dependencies of target msg_interface__rosidl_typesupport_introspection_cpp[0m
[ 36%] [32mBuilding CXX object CMakeFiles/msg_interface__rosidl_typesupport_introspection_cpp.dir/rosidl_typesupport_introspection_cpp/msg_interface/msg/detail/hardware_status__type_support.cpp.o[0m
[35m[1mConsolidate compiler generated dependencies of target msg_interface__rosidl_typesupport_c[0m
[ 38%] [32mBuilding CXX object CMakeFiles/msg_interface__rosidl_typesupport_c.dir/rosidl_typesupport_c/msg_interface/msg/hardware_status__type_support.cpp.o[0m
[ 40%] [32mBuilding CXX object CMakeFiles/msg_interface__rosidl_typesupport_c.dir/rosidl_typesupport_c/msg_interface/msg/led_states__type_support.cpp.o[0m
[ 42%] [32mBuilding CXX object CMakeFiles/msg_interface__rosidl_typesupport_c.dir/rosidl_typesupport_c/msg_interface/srv/set_led__type_support.cpp.o[0m
[35m[1mConsolidate compiler generated dependencies of target msg_interface__rosidl_typesupport_introspection_c[0m
[ 44%] [32mBuilding CXX object CMakeFiles/msg_interface__rosidl_typesupport_fastrtps_cpp.dir/rosidl_typesupport_fastrtps_cpp/msg_interface/msg/detail/dds_fastrtps/led_states__type_support.cpp.o[0m
[ 46%] [32m[1mLinking CXX shared library libmsg_interface__rosidl_typesupport_cpp.so[0m
[ 48%] [32m[1mLinking CXX shared library libmsg_interface__rosidl_typesupport_c.so[0m
[ 51%] [32mBuilding CXX object CMakeFiles/msg_interface__rosidl_typesupport_fastrtps_cpp.dir/rosidl_typesupport_fastrtps_cpp/msg_interface/srv/detail/dds_fastrtps/set_led__type_support.cpp.o[0m
[35m[1mConsolidate compiler generated dependencies of target msg_interface__rosidl_typesupport_fastrtps_c[0m
[ 53%] [32mBuilding C object CMakeFiles/msg_interface__rosidl_typesupport_introspection_c.dir/rosidl_typesupport_introspection_c/msg_interface/msg/detail/hardware_status__type_support.c.o[0m
[ 55%] [32mBuilding CXX object CMakeFiles/msg_interface__rosidl_typesupport_fastrtps_c.dir/rosidl_typesupport_fastrtps_c/msg_interface/msg/detail/hardware_status__type_support_c.cpp.o[0m
[ 55%] Built target msg_interface__rosidl_typesupport_c
[ 57%] [32mBuilding C object CMakeFiles/msg_interface__rosidl_typesupport_introspection_c.dir/rosidl_typesupport_introspection_c/msg_interface/msg/detail/led_states__type_support.c.o[0m
[ 57%] Built target msg_interface__rosidl_typesupport_cpp
[ 59%] [32mBuilding C object CMakeFiles/msg_interface__rosidl_typesupport_introspection_c.dir/rosidl_typesupport_introspection_c/msg_interface/srv/detail/set_led__type_support.c.o[0m
[ 61%] [32mBuilding CXX object CMakeFiles/msg_interface__rosidl_typesupport_fastrtps_c.dir/rosidl_typesupport_fastrtps_c/msg_interface/msg/detail/led_states__type_support_c.cpp.o[0m
[ 63%] [32mBuilding CXX object CMakeFiles/msg_interface__rosidl_typesupport_fastrtps_c.dir/rosidl_typesupport_fastrtps_c/msg_interface/srv/detail/set_led__type_support_c.cpp.o[0m
[ 65%] [32m[1mLinking C shared library libmsg_interface__rosidl_typesupport_introspection_c.so[0m
[ 65%] Built target msg_interface__rosidl_typesupport_introspection_c
[ 68%] [32mBuilding CXX object CMakeFiles/msg_interface__rosidl_typesupport_introspection_cpp.dir/rosidl_typesupport_introspection_cpp/msg_interface/msg/detail/led_states__type_support.cpp.o[0m
[ 70%] [32mBuilding CXX object CMakeFiles/msg_interface__rosidl_typesupport_introspection_cpp.dir/rosidl_typesupport_introspection_cpp/msg_interface/srv/detail/set_led__type_support.cpp.o[0m
[ 72%] [32m[1mLinking CXX shared library libmsg_interface__rosidl_typesupport_fastrtps_c.so[0m
[ 74%] [32m[1mLinking CXX shared library libmsg_interface__rosidl_typesupport_fastrtps_cpp.so[0m
[ 74%] Built target msg_interface__rosidl_typesupport_fastrtps_c
[ 74%] Built target msg_interface__rosidl_typesupport_fastrtps_cpp
[ 76%] [32m[1mLinking CXX shared library libmsg_interface__rosidl_typesupport_introspection_cpp.so[0m
[ 76%] Built target msg_interface__rosidl_typesupport_introspection_cpp
[ 76%] Built target msg_interface
[ 78%] [34m[1mGenerating Python code for ROS interfaces[0m
[ 78%] Built target msg_interface__py
[35m[1mConsolidate compiler generated dependencies of target msg_interface__rosidl_generator_py[0m
[ 82%] [32mBuilding C object CMakeFiles/msg_interface__rosidl_generator_py.dir/rosidl_generator_py/msg_interface/msg/_hardware_status_s.c.o[0m
[ 82%] [32mBuilding C object CMakeFiles/msg_interface__rosidl_generator_py.dir/rosidl_generator_py/msg_interface/msg/_led_states_s.c.o[0m
[ 85%] [32mBuilding C object CMakeFiles/msg_interface__rosidl_generator_py.dir/rosidl_generator_py/msg_interface/srv/_set_led_s.c.o[0m
[ 87%] [32m[1mLinking C shared library rosidl_generator_py/msg_interface/libmsg_interface__rosidl_generator_py.so[0m
[ 87%] Built target msg_interface__rosidl_generator_py
[35m[1mConsolidate compiler generated dependencies of target msg_interface__rosidl_typesupport_fastrtps_c__pyext[0m
[35m[1mConsolidate compiler generated dependencies of target msg_interface__rosidl_typesupport_introspection_c__pyext[0m
[35m[1mConsolidate compiler generated dependencies of target msg_interface__rosidl_typesupport_c__pyext[0m
[ 89%] [32mBuilding C object CMakeFiles/msg_interface__rosidl_typesupport_fastrtps_c__pyext.dir/rosidl_generator_py/msg_interface/_msg_interface_s.ep.rosidl_typesupport_fastrtps_c.c.o[0m
[ 91%] [32mBuilding C object CMakeFiles/msg_interface__rosidl_typesupport_c__pyext.dir/rosidl_generator_py/msg_interface/_msg_interface_s.ep.rosidl_typesupport_c.c.o[0m
[ 93%] [32mBuilding C object CMakeFiles/msg_interface__rosidl_typesupport_introspection_c__pyext.dir/rosidl_generator_py/msg_interface/_msg_interface_s.ep.rosidl_typesupport_introspection_c.c.o[0m
[ 95%] [32m[1mLinking C shared library rosidl_generator_py/msg_interface/msg_interface_s__rosidl_typesupport_c.cpython-310-x86_64-linux-gnu.so[0m
[ 97%] [32m[1mLinking C shared library rosidl_generator_py/msg_interface/msg_interface_s__rosidl_typesupport_introspection_c.cpython-310-x86_64-linux-gnu.so[0m
[100%] [32m[1mLinking C shared library rosidl_generator_py/msg_interface/msg_interface_s__rosidl_typesupport_fastrtps_c.cpython-310-x86_64-linux-gnu.so[0m
[100%] Built target msg_interface__rosidl_typesupport_c__pyext
[100%] Built target msg_interface__rosidl_typesupport_introspection_c__pyext
[100%] Built target msg_interface__rosidl_typesupport_fastrtps_c__pyext
-- Install configuration: ""
-- Installing: /home/hee/ros2_ws/install/msg_interface/share/ament_index/resource_index/rosidl_interfaces/msg_interface
-- Up-to-date: /home/hee/ros2_ws/install/msg_interface/include/msg_interface/msg_interface
-- Installing: /home/hee/ros2_ws/install/msg_interface/include/msg_interface/msg_interface/srv
-- Installing: /home/hee/ros2_ws/install/msg_interface/include/msg_interface/msg_interface/srv/detail
-- Installing: /home/hee/ros2_ws/install/msg_interface/include/msg_interface/msg_interface/srv/detail/set_led__functions.h
-- Installing: /home/hee/ros2_ws/install/msg_interface/include/msg_interface/msg_interface/srv/detail/set_led__struct.h
-- Installing: /home/hee/ros2_ws/install/msg_interface/include/msg_interface/msg_interface/srv/detail/set_led__type_support.h
-- Installing: /home/hee/ros2_ws/install/msg_interface/include/msg_interface/msg_interface/srv/detail/set_led__functions.c
-- Installing: /home/hee/ros2_ws/install/msg_interface/include/msg_interface/msg_interface/srv/set_led.h
-- Up-to-date: /home/hee/ros2_ws/install/msg_interface/include/msg_interface/msg_interface/msg
-- Up-to-date: /home/hee/ros2_ws/install/msg_interface/include/msg_interface/msg_interface/msg/detail
-- Installing: /home/hee/ros2_ws/install/msg_interface/include/msg_interface/msg_interface/msg/detail/hardware_status__struct.h
-- Installing: /home/hee/ros2_ws/install/msg_interface/include/msg_interface/msg_interface/msg/detail/hardware_status__functions.h
-- Installing: /home/hee/ros2_ws/install/msg_interface/include/msg_interface/msg_interface/msg/detail/led_states__functions.c
-- Installing: /home/hee/ros2_ws/install/msg_interface/include/msg_interface/msg_interface/msg/detail/hardware_status__type_support.h
-- Installing: /home/hee/ros2_ws/install/msg_interface/include/msg_interface/msg_interface/msg/detail/led_states__type_support.h
-- Installing: /home/hee/ros2_ws/install/msg_interface/include/msg_interface/msg_interface/msg/detail/led_states__functions.h
-- Installing: /home/hee/ros2_ws/install/msg_interface/include/msg_interface/msg_interface/msg/detail/hardware_status__functions.c
-- Installing: /home/hee/ros2_ws/install/msg_interface/include/msg_interface/msg_interface/msg/detail/led_states__struct.h
-- Up-to-date: /home/hee/ros2_ws/install/msg_interface/include/msg_interface/msg_interface/msg/rosidl_generator_c__visibility_control.h
-- Installing: /home/hee/ros2_ws/install/msg_interface/include/msg_interface/msg_interface/msg/hardware_status.h
-- Installing: /home/hee/ros2_ws/install/msg_interface/include/msg_interface/msg_interface/msg/led_states.h
-- Up-to-date: /home/hee/ros2_ws/install/msg_interface/share/msg_interface/environment/library_path.sh
-- Installing: /home/hee/ros2_ws/install/msg_interface/share/msg_interface/environment/library_path.dsv
-- Installing: /home/hee/ros2_ws/install/msg_interface/lib/libmsg_interface__rosidl_generator_c.so
-- Set runtime path of "/home/hee/ros2_ws/install/msg_interface/lib/libmsg_interface__rosidl_generator_c.so" to ""
-- Up-to-date: /home/hee/ros2_ws/install/msg_interface/include/msg_interface/msg_interface
-- Up-to-date: /home/hee/ros2_ws/install/msg_interface/include/msg_interface/msg_interface/srv
-- Up-to-date: /home/hee/ros2_ws/install/msg_interface/include/msg_interface/msg_interface/srv/detail
-- Installing: /home/hee/ros2_ws/install/msg_interface/include/msg_interface/msg_interface/srv/detail/set_led__rosidl_typesupport_fastrtps_c.h
-- Up-to-date: /home/hee/ros2_ws/install/msg_interface/include/msg_interface/msg_interface/msg
-- Up-to-date: /home/hee/ros2_ws/install/msg_interface/include/msg_interface/msg_interface/msg/detail
-- Installing: /home/hee/ros2_ws/install/msg_interface/include/msg_interface/msg_interface/msg/detail/hardware_status__rosidl_typesupport_fastrtps_c.h
-- Installing: /home/hee/ros2_ws/install/msg_interface/include/msg_interface/msg_interface/msg/detail/led_states__rosidl_typesupport_fastrtps_c.h
-- Up-to-date: /home/hee/ros2_ws/install/msg_interface/include/msg_interface/msg_interface/msg/rosidl_typesupport_fastrtps_c__visibility_control.h
-- Installing: /home/hee/ros2_ws/install/msg_interface/lib/libmsg_interface__rosidl_typesupport_fastrtps_c.so
-- Set runtime path of "/home/hee/ros2_ws/install/msg_interface/lib/libmsg_interface__rosidl_typesupport_fastrtps_c.so" to ""
-- Up-to-date: /home/hee/ros2_ws/install/msg_interface/include/msg_interface/msg_interface
-- Up-to-date: /home/hee/ros2_ws/install/msg_interface/include/msg_interface/msg_interface/srv
-- Up-to-date: /home/hee/ros2_ws/install/msg_interface/include/msg_interface/msg_interface/srv/detail
-- Installing: /home/hee/ros2_ws/install/msg_interface/include/msg_interface/msg_interface/srv/detail/set_led__type_support.c
-- Installing: /home/hee/ros2_ws/install/msg_interface/include/msg_interface/msg_interface/srv/detail/set_led__rosidl_typesupport_introspection_c.h
-- Up-to-date: /home/hee/ros2_ws/install/msg_interface/include/msg_interface/msg_interface/msg
-- Up-to-date: /home/hee/ros2_ws/install/msg_interface/include/msg_interface/msg_interface/msg/detail
-- Installing: /home/hee/ros2_ws/install/msg_interface/include/msg_interface/msg_interface/msg/detail/hardware_status__rosidl_typesupport_introspection_c.h
-- Installing: /home/hee/ros2_ws/install/msg_interface/include/msg_interface/msg_interface/msg/detail/led_states__rosidl_typesupport_introspection_c.h
-- Installing: /home/hee/ros2_ws/install/msg_interface/include/msg_interface/msg_interface/msg/detail/hardware_status__type_support.c
-- Installing: /home/hee/ros2_ws/install/msg_interface/include/msg_interface/msg_interface/msg/detail/led_states__type_support.c
-- Up-to-date: /home/hee/ros2_ws/install/msg_interface/include/msg_interface/msg_interface/msg/rosidl_typesupport_introspection_c__visibility_control.h
-- Installing: /home/hee/ros2_ws/install/msg_interface/lib/libmsg_interface__rosidl_typesupport_introspection_c.so
-- Set runtime path of "/home/hee/ros2_ws/install/msg_interface/lib/libmsg_interface__rosidl_typesupport_introspection_c.so" to ""
-- Installing: /home/hee/ros2_ws/install/msg_interface/lib/libmsg_interface__rosidl_typesupport_c.so
-- Set runtime path of "/home/hee/ros2_ws/install/msg_interface/lib/libmsg_interface__rosidl_typesupport_c.so" to ""
-- Up-to-date: /home/hee/ros2_ws/install/msg_interface/include/msg_interface/msg_interface
-- Up-to-date: /home/hee/ros2_ws/install/msg_interface/include/msg_interface/msg_interface/srv
-- Installing: /home/hee/ros2_ws/install/msg_interface/include/msg_interface/msg_interface/srv/set_led.hpp
-- Up-to-date: /home/hee/ros2_ws/install/msg_interface/include/msg_interface/msg_interface/srv/detail
-- Installing: /home/hee/ros2_ws/install/msg_interface/include/msg_interface/msg_interface/srv/detail/set_led__traits.hpp
-- Installing: /home/hee/ros2_ws/install/msg_interface/include/msg_interface/msg_interface/srv/detail/set_led__struct.hpp
-- Installing: /home/hee/ros2_ws/install/msg_interface/include/msg_interface/msg_interface/srv/detail/set_led__builder.hpp
-- Up-to-date: /home/hee/ros2_ws/install/msg_interface/include/msg_interface/msg_interface/msg
-- Installing: /home/hee/ros2_ws/install/msg_interface/include/msg_interface/msg_interface/msg/led_states.hpp
-- Installing: /home/hee/ros2_ws/install/msg_interface/include/msg_interface/msg_interface/msg/hardware_status.hpp
-- Up-to-date: /home/hee/ros2_ws/install/msg_interface/include/msg_interface/msg_interface/msg/detail
-- Installing: /home/hee/ros2_ws/install/msg_interface/include/msg_interface/msg_interface/msg/detail/hardware_status__traits.hpp
-- Installing: /home/hee/ros2_ws/install/msg_interface/include/msg_interface/msg_interface/msg/detail/led_states__builder.hpp
-- Installing: /home/hee/ros2_ws/install/msg_interface/include/msg_interface/msg_interface/msg/detail/hardware_status__struct.hpp
-- Installing: /home/hee/ros2_ws/install/msg_interface/include/msg_interface/msg_interface/msg/detail/led_states__struct.hpp
-- Installing: /home/hee/ros2_ws/install/msg_interface/include/msg_interface/msg_interface/msg/detail/led_states__traits.hpp
-- Installing: /home/hee/ros2_ws/install/msg_interface/include/msg_interface/msg_interface/msg/detail/hardware_status__builder.hpp
-- Up-to-date: /home/hee/ros2_ws/install/msg_interface/include/msg_interface/msg_interface
-- Up-to-date: /home/hee/ros2_ws/install/msg_interface/include/msg_interface/msg_interface/srv
-- Up-to-date: /home/hee/ros2_ws/install/msg_interface/include/msg_interface/msg_interface/srv/detail
-- Installing: /home/hee/ros2_ws/install/msg_interface/include/msg_interface/msg_interface/srv/detail/dds_fastrtps
-- Installing: /home/hee/ros2_ws/install/msg_interface/include/msg_interface/msg_interface/srv/detail/set_led__rosidl_typesupport_fastrtps_cpp.hpp
-- Up-to-date: /home/hee/ros2_ws/install/msg_interface/include/msg_interface/msg_interface/msg
-- Up-to-date: /home/hee/ros2_ws/install/msg_interface/include/msg_interface/msg_interface/msg/detail
-- Installing: /home/hee/ros2_ws/install/msg_interface/include/msg_interface/msg_interface/msg/detail/led_states__rosidl_typesupport_fastrtps_cpp.hpp
-- Up-to-date: /home/hee/ros2_ws/install/msg_interface/include/msg_interface/msg_interface/msg/detail/dds_fastrtps
-- Installing: /home/hee/ros2_ws/install/msg_interface/include/msg_interface/msg_interface/msg/detail/hardware_status__rosidl_typesupport_fastrtps_cpp.hpp
-- Up-to-date: /home/hee/ros2_ws/install/msg_interface/include/msg_interface/msg_interface/msg/rosidl_typesupport_fastrtps_cpp__visibility_control.h
-- Installing: /home/hee/ros2_ws/install/msg_interface/lib/libmsg_interface__rosidl_typesupport_fastrtps_cpp.so
-- Set runtime path of "/home/hee/ros2_ws/install/msg_interface/lib/libmsg_interface__rosidl_typesupport_fastrtps_cpp.so" to ""
-- Up-to-date: /home/hee/ros2_ws/install/msg_interface/include/msg_interface/msg_interface
-- Up-to-date: /home/hee/ros2_ws/install/msg_interface/include/msg_interface/msg_interface/srv
-- Up-to-date: /home/hee/ros2_ws/install/msg_interface/include/msg_interface/msg_interface/srv/detail
-- Installing: /home/hee/ros2_ws/install/msg_interface/include/msg_interface/msg_interface/srv/detail/set_led__rosidl_typesupport_introspection_cpp.hpp
-- Installing: /home/hee/ros2_ws/install/msg_interface/include/msg_interface/msg_interface/srv/detail/set_led__type_support.cpp
-- Up-to-date: /home/hee/ros2_ws/install/msg_interface/include/msg_interface/msg_interface/msg
-- Up-to-date: /home/hee/ros2_ws/install/msg_interface/include/msg_interface/msg_interface/msg/detail
-- Installing: /home/hee/ros2_ws/install/msg_interface/include/msg_interface/msg_interface/msg/detail/hardware_status__type_support.cpp
-- Installing: /home/hee/ros2_ws/install/msg_interface/include/msg_interface/msg_interface/msg/detail/led_states__rosidl_typesupport_introspection_cpp.hpp
-- Installing: /home/hee/ros2_ws/install/msg_interface/include/msg_interface/msg_interface/msg/detail/hardware_status__rosidl_typesupport_introspection_cpp.hpp
-- Installing: /home/hee/ros2_ws/install/msg_interface/include/msg_interface/msg_interface/msg/detail/led_states__type_support.cpp
-- Installing: /home/hee/ros2_ws/install/msg_interface/lib/libmsg_interface__rosidl_typesupport_introspection_cpp.so
-- Set runtime path of "/home/hee/ros2_ws/install/msg_interface/lib/libmsg_interface__rosidl_typesupport_introspection_cpp.so" to ""
-- Installing: /home/hee/ros2_ws/install/msg_interface/lib/libmsg_interface__rosidl_typesupport_cpp.so
-- Set runtime path of "/home/hee/ros2_ws/install/msg_interface/lib/libmsg_interface__rosidl_typesupport_cpp.so" to ""
-- Up-to-date: /home/hee/ros2_ws/install/msg_interface/share/msg_interface/environment/pythonpath.sh
-- Installing: /home/hee/ros2_ws/install/msg_interface/share/msg_interface/environment/pythonpath.dsv
-- Up-to-date: /home/hee/ros2_ws/install/msg_interface/local/lib/python3.10/dist-packages/msg_interface-0.0.0-py3.10.egg-info
-- Installing: /home/hee/ros2_ws/install/msg_interface/local/lib/python3.10/dist-packages/msg_interface-0.0.0-py3.10.egg-info/dependency_links.txt
-- Installing: /home/hee/ros2_ws/install/msg_interface/local/lib/python3.10/dist-packages/msg_interface-0.0.0-py3.10.egg-info/PKG-INFO
-- Installing: /home/hee/ros2_ws/install/msg_interface/local/lib/python3.10/dist-packages/msg_interface-0.0.0-py3.10.egg-info/SOURCES.txt
-- Installing: /home/hee/ros2_ws/install/msg_interface/local/lib/python3.10/dist-packages/msg_interface-0.0.0-py3.10.egg-info/top_level.txt
-- Up-to-date: /home/hee/ros2_ws/install/msg_interface/local/lib/python3.10/dist-packages/msg_interface
-- Installing: /home/hee/ros2_ws/install/msg_interface/local/lib/python3.10/dist-packages/msg_interface/msg_interface_s__rosidl_typesupport_fastrtps_c.cpython-310-x86_64-linux-gnu.so
-- Installing: /home/hee/ros2_ws/install/msg_interface/local/lib/python3.10/dist-packages/msg_interface/libmsg_interface__rosidl_generator_py.so
-- Installing: /home/hee/ros2_ws/install/msg_interface/local/lib/python3.10/dist-packages/msg_interface/_msg_interface_s.ep.rosidl_typesupport_introspection_c.c
-- Installing: /home/hee/ros2_ws/install/msg_interface/local/lib/python3.10/dist-packages/msg_interface/__init__.py
-- Installing: /home/hee/ros2_ws/install/msg_interface/local/lib/python3.10/dist-packages/msg_interface/srv
-- Installing: /home/hee/ros2_ws/install/msg_interface/local/lib/python3.10/dist-packages/msg_interface/srv/_set_led_s.c
-- Installing: /home/hee/ros2_ws/install/msg_interface/local/lib/python3.10/dist-packages/msg_interface/srv/__init__.py
-- Installing: /home/hee/ros2_ws/install/msg_interface/local/lib/python3.10/dist-packages/msg_interface/srv/_set_led.py
-- Installing: /home/hee/ros2_ws/install/msg_interface/local/lib/python3.10/dist-packages/msg_interface/msg_interface_s__rosidl_typesupport_introspection_c.cpython-310-x86_64-linux-gnu.so
-- Up-to-date: /home/hee/ros2_ws/install/msg_interface/local/lib/python3.10/dist-packages/msg_interface/msg
-- Installing: /home/hee/ros2_ws/install/msg_interface/local/lib/python3.10/dist-packages/msg_interface/msg/_hardware_status.py
-- Installing: /home/hee/ros2_ws/install/msg_interface/local/lib/python3.10/dist-packages/msg_interface/msg/_led_states.py
-- Installing: /home/hee/ros2_ws/install/msg_interface/local/lib/python3.10/dist-packages/msg_interface/msg/_hardware_status_s.c
-- Installing: /home/hee/ros2_ws/install/msg_interface/local/lib/python3.10/dist-packages/msg_interface/msg/__init__.py
-- Installing: /home/hee/ros2_ws/install/msg_interface/local/lib/python3.10/dist-packages/msg_interface/msg/_led_states_s.c
-- Installing: /home/hee/ros2_ws/install/msg_interface/local/lib/python3.10/dist-packages/msg_interface/_msg_interface_s.ep.rosidl_typesupport_c.c
-- Installing: /home/hee/ros2_ws/install/msg_interface/local/lib/python3.10/dist-packages/msg_interface/msg_interface_s__rosidl_typesupport_c.cpython-310-x86_64-linux-gnu.so
-- Installing: /home/hee/ros2_ws/install/msg_interface/local/lib/python3.10/dist-packages/msg_interface/_msg_interface_s.ep.rosidl_typesupport_fastrtps_c.c
Listing '/home/hee/ros2_ws/install/msg_interface/local/lib/python3.10/dist-packages/msg_interface'...
Compiling '/home/hee/ros2_ws/install/msg_interface/local/lib/python3.10/dist-packages/msg_interface/__init__.py'...
Listing '/home/hee/ros2_ws/install/msg_interface/local/lib/python3.10/dist-packages/msg_interface/msg'...
Compiling '/home/hee/ros2_ws/install/msg_interface/local/lib/python3.10/dist-packages/msg_interface/msg/__init__.py'...
Compiling '/home/hee/ros2_ws/install/msg_interface/local/lib/python3.10/dist-packages/msg_interface/msg/_hardware_status.py'...
Compiling '/home/hee/ros2_ws/install/msg_interface/local/lib/python3.10/dist-packages/msg_interface/msg/_led_states.py'...
Listing '/home/hee/ros2_ws/install/msg_interface/local/lib/python3.10/dist-packages/msg_interface/srv'...
Compiling '/home/hee/ros2_ws/install/msg_interface/local/lib/python3.10/dist-packages/msg_interface/srv/__init__.py'...
Compiling '/home/hee/ros2_ws/install/msg_interface/local/lib/python3.10/dist-packages/msg_interface/srv/_set_led.py'...
-- Installing: /home/hee/ros2_ws/install/msg_interface/local/lib/python3.10/dist-packages/msg_interface/msg_interface_s__rosidl_typesupport_fastrtps_c.cpython-310-x86_64-linux-gnu.so
-- Set runtime path of "/home/hee/ros2_ws/install/msg_interface/local/lib/python3.10/dist-packages/msg_interface/msg_interface_s__rosidl_typesupport_fastrtps_c.cpython-310-x86_64-linux-gnu.so" to ""
-- Installing: /home/hee/ros2_ws/install/msg_interface/local/lib/python3.10/dist-packages/msg_interface/msg_interface_s__rosidl_typesupport_introspection_c.cpython-310-x86_64-linux-gnu.so
-- Set runtime path of "/home/hee/ros2_ws/install/msg_interface/local/lib/python3.10/dist-packages/msg_interface/msg_interface_s__rosidl_typesupport_introspection_c.cpython-310-x86_64-linux-gnu.so" to ""
-- Installing: /home/hee/ros2_ws/install/msg_interface/local/lib/python3.10/dist-packages/msg_interface/msg_interface_s__rosidl_typesupport_c.cpython-310-x86_64-linux-gnu.so
-- Set runtime path of "/home/hee/ros2_ws/install/msg_interface/local/lib/python3.10/dist-packages/msg_interface/msg_interface_s__rosidl_typesupport_c.cpython-310-x86_64-linux-gnu.so" to ""
-- Installing: /home/hee/ros2_ws/install/msg_interface/lib/libmsg_interface__rosidl_generator_py.so
-- Set runtime path of "/home/hee/ros2_ws/install/msg_interface/lib/libmsg_interface__rosidl_generator_py.so" to ""
-- Up-to-date: /home/hee/ros2_ws/install/msg_interface/share/msg_interface/msg/HardwareStatus.idl
-- Installing: /home/hee/ros2_ws/install/msg_interface/share/msg_interface/msg/LedStates.idl
-- Installing: /home/hee/ros2_ws/install/msg_interface/share/msg_interface/srv/SetLed.idl
-- Up-to-date: /home/hee/ros2_ws/install/msg_interface/share/msg_interface/msg/HardwareStatus.msg
-- Installing: /home/hee/ros2_ws/install/msg_interface/share/msg_interface/msg/LedStates.msg
-- Installing: /home/hee/ros2_ws/install/msg_interface/share/msg_interface/msg/SetLed.srv
-- Installing: /home/hee/ros2_ws/install/msg_interface/share/msg_interface/msg/SetLed_Request.msg
-- Installing: /home/hee/ros2_ws/install/msg_interface/share/msg_interface/msg/SetLed_Response.msg
-- Up-to-date: /home/hee/ros2_ws/install/msg_interface/share/ament_index/resource_index/package_run_dependencies/msg_interface
-- Installing: /home/hee/ros2_ws/install/msg_interface/share/ament_index/resource_index/parent_prefix_path/msg_interface
-- Up-to-date: /home/hee/ros2_ws/install/msg_interface/share/msg_interface/environment/ament_prefix_path.sh
-- Installing: /home/hee/ros2_ws/install/msg_interface/share/msg_interface/environment/ament_prefix_path.dsv
-- Up-to-date: /home/hee/ros2_ws/install/msg_interface/share/msg_interface/environment/path.sh
-- Installing: /home/hee/ros2_ws/install/msg_interface/share/msg_interface/environment/path.dsv
-- Up-to-date: /home/hee/ros2_ws/install/msg_interface/share/msg_interface/local_setup.bash
-- Up-to-date: /home/hee/ros2_ws/install/msg_interface/share/msg_interface/local_setup.sh
-- Up-to-date: /home/hee/ros2_ws/install/msg_interface/share/msg_interface/local_setup.zsh
-- Installing: /home/hee/ros2_ws/install/msg_interface/share/msg_interface/local_setup.dsv
-- Installing: /home/hee/ros2_ws/install/msg_interface/share/msg_interface/package.dsv
-- Up-to-date: /home/hee/ros2_ws/install/msg_interface/share/ament_index/resource_index/packages/msg_interface
-- Up-to-date: /home/hee/ros2_ws/install/msg_interface/share/msg_interface/cmake/export_msg_interface__rosidl_generator_cExport.cmake
-- Up-to-date: /home/hee/ros2_ws/install/msg_interface/share/msg_interface/cmake/export_msg_interface__rosidl_generator_cExport-noconfig.cmake
-- Up-to-date: /home/hee/ros2_ws/install/msg_interface/share/msg_interface/cmake/export_msg_interface__rosidl_typesupport_fastrtps_cExport.cmake
-- Up-to-date: /home/hee/ros2_ws/install/msg_interface/share/msg_interface/cmake/export_msg_interface__rosidl_typesupport_fastrtps_cExport-noconfig.cmake
-- Up-to-date: /home/hee/ros2_ws/install/msg_interface/share/msg_interface/cmake/msg_interface__rosidl_typesupport_introspection_cExport.cmake
-- Up-to-date: /home/hee/ros2_ws/install/msg_interface/share/msg_interface/cmake/msg_interface__rosidl_typesupport_introspection_cExport-noconfig.cmake
-- Up-to-date: /home/hee/ros2_ws/install/msg_interface/share/msg_interface/cmake/msg_interface__rosidl_typesupport_cExport.cmake
-- Up-to-date: /home/hee/ros2_ws/install/msg_interface/share/msg_interface/cmake/msg_interface__rosidl_typesupport_cExport-noconfig.cmake
-- Up-to-date: /home/hee/ros2_ws/install/msg_interface/share/msg_interface/cmake/export_msg_interface__rosidl_generator_cppExport.cmake
-- Up-to-date: /home/hee/ros2_ws/install/msg_interface/share/msg_interface/cmake/export_msg_interface__rosidl_typesupport_fastrtps_cppExport.cmake
-- Up-to-date: /home/hee/ros2_ws/install/msg_interface/share/msg_interface/cmake/export_msg_interface__rosidl_typesupport_fastrtps_cppExport-noconfig.cmake
-- Up-to-date: /home/hee/ros2_ws/install/msg_interface/share/msg_interface/cmake/msg_interface__rosidl_typesupport_introspection_cppExport.cmake
-- Up-to-date: /home/hee/ros2_ws/install/msg_interface/share/msg_interface/cmake/msg_interface__rosidl_typesupport_introspection_cppExport-noconfig.cmake
-- Up-to-date: /home/hee/ros2_ws/install/msg_interface/share/msg_interface/cmake/msg_interface__rosidl_typesupport_cppExport.cmake
-- Up-to-date: /home/hee/ros2_ws/install/msg_interface/share/msg_interface/cmake/msg_interface__rosidl_typesupport_cppExport-noconfig.cmake
-- Up-to-date: /home/hee/ros2_ws/install/msg_interface/share/msg_interface/cmake/export_msg_interface__rosidl_generator_pyExport.cmake
-- Up-to-date: /home/hee/ros2_ws/install/msg_interface/share/msg_interface/cmake/export_msg_interface__rosidl_generator_pyExport-noconfig.cmake
-- Installing: /home/hee/ros2_ws/install/msg_interface/share/msg_interface/cmake/rosidl_cmake-extras.cmake
-- Up-to-date: /home/hee/ros2_ws/install/msg_interface/share/msg_interface/cmake/ament_cmake_export_include_directories-extras.cmake
-- Up-to-date: /home/hee/ros2_ws/install/msg_interface/share/msg_interface/cmake/ament_cmake_export_libraries-extras.cmake
-- Up-to-date: /home/hee/ros2_ws/install/msg_interface/share/msg_interface/cmake/ament_cmake_export_targets-extras.cmake
-- Up-to-date: /home/hee/ros2_ws/install/msg_interface/share/msg_interface/cmake/rosidl_cmake_export_typesupport_targets-extras.cmake
-- Up-to-date: /home/hee/ros2_ws/install/msg_interface/share/msg_interface/cmake/ament_cmake_export_dependencies-extras.cmake
-- Up-to-date: /home/hee/ros2_ws/install/msg_interface/share/msg_interface/cmake/rosidl_cmake_export_typesupport_libraries-extras.cmake
-- Up-to-date: /home/hee/ros2_ws/install/msg_interface/share/msg_interface/cmake/msg_interfaceConfig.cmake
-- Up-to-date: /home/hee/ros2_ws/install/msg_interface/share/msg_interface/cmake/msg_interfaceConfig-version.cmake
-- Up-to-date: /home/hee/ros2_ws/install/msg_interface/share/msg_interface/package.xml
