[0.112s] Invoking command in '/home/hee/ros2_ws/build/msg_interface': CMAKE_PREFIX_PATH=${CMAKE_PREFIX_PATH}:/home/hee/ros2_ws/install/service:/home/hee/ros2_ws/install/robot_controller:/home/hee/ros2_ws/install/activity_002:/home/hee/ros2_ws/install/Activity_002:/opt/ros/humble /usr/bin/cmake --build /home/hee/ros2_ws/build/msg_interface -- -j8 -l8
[0.152s] -- Found ament_cmake: 1.3.6 (/opt/ros/humble/share/ament_cmake/cmake)
[0.374s] -- Found rosidl_default_generators: 1.2.0 (/opt/ros/humble/share/rosidl_default_generators/cmake)
[0.378s] -- Using all available rosidl_typesupport_c: rosidl_typesupport_fastrtps_c;rosidl_typesupport_introspection_c
[0.382s] -- Found rosidl_adapter: 3.1.5 (/opt/ros/humble/share/rosidl_adapter/cmake)
[0.429s] -- Using all available rosidl_typesupport_cpp: rosidl_typesupport_fastrtps_cpp;rosidl_typesupport_introspection_cpp
[0.861s] -- Found ament_cmake_ros: 0.10.0 (/opt/ros/humble/share/ament_cmake_ros/cmake)
[1.133s] -- Using all available rosidl_typesupport_c: rosidl_typesupport_fastrtps_c;rosidl_typesupport_introspection_c
[1.496s] -- Using all available rosidl_typesupport_cpp: rosidl_typesupport_fastrtps_cpp;rosidl_typesupport_introspection_cpp
[1.531s] -- Found python_cmake_module: 0.10.0 (/opt/ros/humble/share/python_cmake_module/cmake)
[1.566s] -- Using PYTHON_EXECUTABLE: /usr/bin/python3
[1.566s] -- Using PYTHON_INCLUDE_DIRS: /usr/include/python3.10
[1.566s] -- Using PYTHON_LIBRARIES: /usr/lib/x86_64-linux-gnu/libpython3.10.so
[1.591s] -- Configuring done
[1.639s] -- Generating done
[1.644s] -- Build files have been written to: /home/hee/ros2_ws/build/msg_interface
[1.681s] [  2%] [34m[1mGenerating C code for ROS interfaces[0m
[1.696s] [  4%] [34m[1mGenerating C++ code for ROS interfaces[0m
[1.710s] [  4%] Built target ament_cmake_python_copy_msg_interface
[2.136s] running egg_info
[2.137s] writing msg_interface.egg-info/PKG-INFO
[2.137s] writing dependency_links to msg_interface.egg-info/dependency_links.txt
[2.137s] writing top-level names to msg_interface.egg-info/top_level.txt
[2.140s] reading manifest file 'msg_interface.egg-info/SOURCES.txt'
[2.141s] writing manifest file 'msg_interface.egg-info/SOURCES.txt'
[2.181s] [  4%] Built target ament_cmake_python_build_msg_interface_egg
[2.259s] [  4%] Built target msg_interface__cpp
[2.281s] [  6%] [34m[1mGenerating C++ introspection for ROS interfaces[0m
[2.283s] [ 10%] [34m[1mGenerating C++ type support for eProsima Fast-RTPS[0m
[2.283s] [ 10%] [34m[1mGenerating C++ type support dispatch for ROS interfaces[0m
[2.295s] [35m[1mConsolidate compiler generated dependencies of target msg_interface__rosidl_generator_c[0m
[2.312s] [ 12%] [32mBuilding C object CMakeFiles/msg_interface__rosidl_generator_c.dir/rosidl_generator_c/msg_interface/msg/detail/hardware_status__functions.c.o[0m
[2.317s] [ 14%] [32mBuilding C object CMakeFiles/msg_interface__rosidl_generator_c.dir/rosidl_generator_c/msg_interface/msg/detail/led_states__functions.c.o[0m
[2.318s] [ 17%] [32mBuilding C object CMakeFiles/msg_interface__rosidl_generator_c.dir/rosidl_generator_c/msg_interface/srv/detail/set_led__functions.c.o[0m
[2.443s] [ 19%] [32m[1mLinking C shared library libmsg_interface__rosidl_generator_c.so[0m
[2.499s] [ 19%] Built target msg_interface__rosidl_generator_c
[2.515s] [ 21%] [34m[1mGenerating C type support for eProsima Fast-RTPS[0m
[2.520s] [ 25%] [34m[1mGenerating C introspection for ROS interfaces[0m
[2.520s] [ 25%] [34m[1mGenerating C type support dispatch for ROS interfaces[0m
[2.783s] [35m[1mConsolidate compiler generated dependencies of target msg_interface__rosidl_typesupport_cpp[0m
[2.806s] [ 27%] [32mBuilding CXX object CMakeFiles/msg_interface__rosidl_typesupport_cpp.dir/rosidl_typesupport_cpp/msg_interface/msg/hardware_status__type_support.cpp.o[0m
[2.808s] [ 29%] [32mBuilding CXX object CMakeFiles/msg_interface__rosidl_typesupport_cpp.dir/rosidl_typesupport_cpp/msg_interface/srv/set_led__type_support.cpp.o[0m
[2.809s] [ 31%] [32mBuilding CXX object CMakeFiles/msg_interface__rosidl_typesupport_cpp.dir/rosidl_typesupport_cpp/msg_interface/msg/led_states__type_support.cpp.o[0m
[3.003s] [35m[1mConsolidate compiler generated dependencies of target msg_interface__rosidl_typesupport_fastrtps_cpp[0m
[3.030s] [ 34%] [32mBuilding CXX object CMakeFiles/msg_interface__rosidl_typesupport_fastrtps_cpp.dir/rosidl_typesupport_fastrtps_cpp/msg_interface/msg/detail/dds_fastrtps/hardware_status__type_support.cpp.o[0m
[3.071s] [35m[1mConsolidate compiler generated dependencies of target msg_interface__rosidl_typesupport_introspection_cpp[0m
[3.097s] [ 36%] [32mBuilding CXX object CMakeFiles/msg_interface__rosidl_typesupport_introspection_cpp.dir/rosidl_typesupport_introspection_cpp/msg_interface/msg/detail/hardware_status__type_support.cpp.o[0m
[3.264s] [35m[1mConsolidate compiler generated dependencies of target msg_interface__rosidl_typesupport_c[0m
[3.287s] [ 38%] [32mBuilding CXX object CMakeFiles/msg_interface__rosidl_typesupport_c.dir/rosidl_typesupport_c/msg_interface/msg/hardware_status__type_support.cpp.o[0m
[3.354s] [ 40%] [32mBuilding CXX object CMakeFiles/msg_interface__rosidl_typesupport_c.dir/rosidl_typesupport_c/msg_interface/msg/led_states__type_support.cpp.o[0m
[3.420s] [ 42%] [32mBuilding CXX object CMakeFiles/msg_interface__rosidl_typesupport_c.dir/rosidl_typesupport_c/msg_interface/srv/set_led__type_support.cpp.o[0m
[3.482s] [35m[1mConsolidate compiler generated dependencies of target msg_interface__rosidl_typesupport_introspection_c[0m
[3.485s] [ 44%] [32mBuilding CXX object CMakeFiles/msg_interface__rosidl_typesupport_fastrtps_cpp.dir/rosidl_typesupport_fastrtps_cpp/msg_interface/msg/detail/dds_fastrtps/led_states__type_support.cpp.o[0m
[3.490s] [ 46%] [32m[1mLinking CXX shared library libmsg_interface__rosidl_typesupport_cpp.so[0m
[3.492s] [ 48%] [32m[1mLinking CXX shared library libmsg_interface__rosidl_typesupport_c.so[0m
[3.498s] [ 51%] [32mBuilding CXX object CMakeFiles/msg_interface__rosidl_typesupport_fastrtps_cpp.dir/rosidl_typesupport_fastrtps_cpp/msg_interface/srv/detail/dds_fastrtps/set_led__type_support.cpp.o[0m
[3.503s] [35m[1mConsolidate compiler generated dependencies of target msg_interface__rosidl_typesupport_fastrtps_c[0m
[3.508s] [ 53%] [32mBuilding C object CMakeFiles/msg_interface__rosidl_typesupport_introspection_c.dir/rosidl_typesupport_introspection_c/msg_interface/msg/detail/hardware_status__type_support.c.o[0m
[3.531s] [ 55%] [32mBuilding CXX object CMakeFiles/msg_interface__rosidl_typesupport_fastrtps_c.dir/rosidl_typesupport_fastrtps_c/msg_interface/msg/detail/hardware_status__type_support_c.cpp.o[0m
[3.579s] [ 55%] Built target msg_interface__rosidl_typesupport_c
[3.590s] [ 57%] [32mBuilding C object CMakeFiles/msg_interface__rosidl_typesupport_introspection_c.dir/rosidl_typesupport_introspection_c/msg_interface/msg/detail/led_states__type_support.c.o[0m
[3.592s] [ 57%] Built target msg_interface__rosidl_typesupport_cpp
[3.597s] [ 59%] [32mBuilding C object CMakeFiles/msg_interface__rosidl_typesupport_introspection_c.dir/rosidl_typesupport_introspection_c/msg_interface/srv/detail/set_led__type_support.c.o[0m
[3.610s] [ 61%] [32mBuilding CXX object CMakeFiles/msg_interface__rosidl_typesupport_fastrtps_c.dir/rosidl_typesupport_fastrtps_c/msg_interface/msg/detail/led_states__type_support_c.cpp.o[0m
[3.671s] [ 63%] [32mBuilding CXX object CMakeFiles/msg_interface__rosidl_typesupport_fastrtps_c.dir/rosidl_typesupport_fastrtps_c/msg_interface/srv/detail/set_led__type_support_c.cpp.o[0m
[3.679s] [ 65%] [32m[1mLinking C shared library libmsg_interface__rosidl_typesupport_introspection_c.so[0m
[3.748s] [ 65%] Built target msg_interface__rosidl_typesupport_introspection_c
[3.768s] [ 68%] [32mBuilding CXX object CMakeFiles/msg_interface__rosidl_typesupport_introspection_cpp.dir/rosidl_typesupport_introspection_cpp/msg_interface/msg/detail/led_states__type_support.cpp.o[0m
[4.018s] [ 70%] [32mBuilding CXX object CMakeFiles/msg_interface__rosidl_typesupport_introspection_cpp.dir/rosidl_typesupport_introspection_cpp/msg_interface/srv/detail/set_led__type_support.cpp.o[0m
[4.461s] [ 72%] [32m[1mLinking CXX shared library libmsg_interface__rosidl_typesupport_fastrtps_c.so[0m
[4.507s] [ 74%] [32m[1mLinking CXX shared library libmsg_interface__rosidl_typesupport_fastrtps_cpp.so[0m
[4.583s] [ 74%] Built target msg_interface__rosidl_typesupport_fastrtps_c
[4.625s] [ 74%] Built target msg_interface__rosidl_typesupport_fastrtps_cpp
[4.764s] [ 76%] [32m[1mLinking CXX shared library libmsg_interface__rosidl_typesupport_introspection_cpp.so[0m
[4.853s] [ 76%] Built target msg_interface__rosidl_typesupport_introspection_cpp
[4.882s] [ 76%] Built target msg_interface
[4.911s] [ 78%] [34m[1mGenerating Python code for ROS interfaces[0m
[5.691s] [ 78%] Built target msg_interface__py
[5.705s] [35m[1mConsolidate compiler generated dependencies of target msg_interface__rosidl_generator_py[0m
[5.724s] [ 82%] [32mBuilding C object CMakeFiles/msg_interface__rosidl_generator_py.dir/rosidl_generator_py/msg_interface/msg/_hardware_status_s.c.o[0m
[5.724s] [ 82%] [32mBuilding C object CMakeFiles/msg_interface__rosidl_generator_py.dir/rosidl_generator_py/msg_interface/msg/_led_states_s.c.o[0m
[5.725s] [ 85%] [32mBuilding C object CMakeFiles/msg_interface__rosidl_generator_py.dir/rosidl_generator_py/msg_interface/srv/_set_led_s.c.o[0m
[5.885s] [ 87%] [32m[1mLinking C shared library rosidl_generator_py/msg_interface/libmsg_interface__rosidl_generator_py.so[0m
[5.943s] [ 87%] Built target msg_interface__rosidl_generator_py
[5.958s] [35m[1mConsolidate compiler generated dependencies of target msg_interface__rosidl_typesupport_fastrtps_c__pyext[0m
[5.958s] [35m[1mConsolidate compiler generated dependencies of target msg_interface__rosidl_typesupport_introspection_c__pyext[0m
[5.958s] [35m[1mConsolidate compiler generated dependencies of target msg_interface__rosidl_typesupport_c__pyext[0m
[5.977s] [ 89%] [32mBuilding C object CMakeFiles/msg_interface__rosidl_typesupport_fastrtps_c__pyext.dir/rosidl_generator_py/msg_interface/_msg_interface_s.ep.rosidl_typesupport_fastrtps_c.c.o[0m
[5.978s] [ 91%] [32mBuilding C object CMakeFiles/msg_interface__rosidl_typesupport_c__pyext.dir/rosidl_generator_py/msg_interface/_msg_interface_s.ep.rosidl_typesupport_c.c.o[0m
[5.979s] [ 93%] [32mBuilding C object CMakeFiles/msg_interface__rosidl_typesupport_introspection_c__pyext.dir/rosidl_generator_py/msg_interface/_msg_interface_s.ep.rosidl_typesupport_introspection_c.c.o[0m
[6.132s] [ 95%] [32m[1mLinking C shared library rosidl_generator_py/msg_interface/msg_interface_s__rosidl_typesupport_c.cpython-310-x86_64-linux-gnu.so[0m
[6.132s] [ 97%] [32m[1mLinking C shared library rosidl_generator_py/msg_interface/msg_interface_s__rosidl_typesupport_introspection_c.cpython-310-x86_64-linux-gnu.so[0m
[6.138s] [100%] [32m[1mLinking C shared library rosidl_generator_py/msg_interface/msg_interface_s__rosidl_typesupport_fastrtps_c.cpython-310-x86_64-linux-gnu.so[0m
[6.181s] [100%] Built target msg_interface__rosidl_typesupport_c__pyext
[6.182s] [100%] Built target msg_interface__rosidl_typesupport_introspection_c__pyext
[6.192s] [100%] Built target msg_interface__rosidl_typesupport_fastrtps_c__pyext
[6.209s] Invoked command in '/home/hee/ros2_ws/build/msg_interface' returned '0': CMAKE_PREFIX_PATH=${CMAKE_PREFIX_PATH}:/home/hee/ros2_ws/install/service:/home/hee/ros2_ws/install/robot_controller:/home/hee/ros2_ws/install/activity_002:/home/hee/ros2_ws/install/Activity_002:/opt/ros/humble /usr/bin/cmake --build /home/hee/ros2_ws/build/msg_interface -- -j8 -l8
[6.369s] Invoking command in '/home/hee/ros2_ws/build/msg_interface': CMAKE_PREFIX_PATH=${CMAKE_PREFIX_PATH}:/home/hee/ros2_ws/install/service:/home/hee/ros2_ws/install/robot_controller:/home/hee/ros2_ws/install/activity_002:/home/hee/ros2_ws/install/Activity_002:/opt/ros/humble /usr/bin/cmake --install /home/hee/ros2_ws/build/msg_interface
[6.380s] -- Install configuration: ""
[6.380s] -- Installing: /home/hee/ros2_ws/install/msg_interface/share/ament_index/resource_index/rosidl_interfaces/msg_interface
[6.381s] -- Up-to-date: /home/hee/ros2_ws/install/msg_interface/include/msg_interface/msg_interface
[6.381s] -- Installing: /home/hee/ros2_ws/install/msg_interface/include/msg_interface/msg_interface/srv
[6.381s] -- Installing: /home/hee/ros2_ws/install/msg_interface/include/msg_interface/msg_interface/srv/detail
[6.381s] -- Installing: /home/hee/ros2_ws/install/msg_interface/include/msg_interface/msg_interface/srv/detail/set_led__functions.h
[6.381s] -- Installing: /home/hee/ros2_ws/install/msg_interface/include/msg_interface/msg_interface/srv/detail/set_led__struct.h
[6.381s] -- Installing: /home/hee/ros2_ws/install/msg_interface/include/msg_interface/msg_interface/srv/detail/set_led__type_support.h
[6.381s] -- Installing: /home/hee/ros2_ws/install/msg_interface/include/msg_interface/msg_interface/srv/detail/set_led__functions.c
[6.381s] -- Installing: /home/hee/ros2_ws/install/msg_interface/include/msg_interface/msg_interface/srv/set_led.h
[6.381s] -- Up-to-date: /home/hee/ros2_ws/install/msg_interface/include/msg_interface/msg_interface/msg
[6.382s] -- Up-to-date: /home/hee/ros2_ws/install/msg_interface/include/msg_interface/msg_interface/msg/detail
[6.382s] -- Installing: /home/hee/ros2_ws/install/msg_interface/include/msg_interface/msg_interface/msg/detail/hardware_status__struct.h
[6.382s] -- Installing: /home/hee/ros2_ws/install/msg_interface/include/msg_interface/msg_interface/msg/detail/hardware_status__functions.h
[6.382s] -- Installing: /home/hee/ros2_ws/install/msg_interface/include/msg_interface/msg_interface/msg/detail/led_states__functions.c
[6.382s] -- Installing: /home/hee/ros2_ws/install/msg_interface/include/msg_interface/msg_interface/msg/detail/hardware_status__type_support.h
[6.382s] -- Installing: /home/hee/ros2_ws/install/msg_interface/include/msg_interface/msg_interface/msg/detail/led_states__type_support.h
[6.382s] -- Installing: /home/hee/ros2_ws/install/msg_interface/include/msg_interface/msg_interface/msg/detail/led_states__functions.h
[6.382s] -- Installing: /home/hee/ros2_ws/install/msg_interface/include/msg_interface/msg_interface/msg/detail/hardware_status__functions.c
[6.383s] -- Installing: /home/hee/ros2_ws/install/msg_interface/include/msg_interface/msg_interface/msg/detail/led_states__struct.h
[6.383s] -- Up-to-date: /home/hee/ros2_ws/install/msg_interface/include/msg_interface/msg_interface/msg/rosidl_generator_c__visibility_control.h
[6.383s] -- Installing: /home/hee/ros2_ws/install/msg_interface/include/msg_interface/msg_interface/msg/hardware_status.h
[6.383s] -- Installing: /home/hee/ros2_ws/install/msg_interface/include/msg_interface/msg_interface/msg/led_states.h
[6.383s] -- Up-to-date: /home/hee/ros2_ws/install/msg_interface/share/msg_interface/environment/library_path.sh
[6.383s] -- Installing: /home/hee/ros2_ws/install/msg_interface/share/msg_interface/environment/library_path.dsv
[6.384s] -- Installing: /home/hee/ros2_ws/install/msg_interface/lib/libmsg_interface__rosidl_generator_c.so
[6.385s] -- Set runtime path of "/home/hee/ros2_ws/install/msg_interface/lib/libmsg_interface__rosidl_generator_c.so" to ""
[6.385s] -- Up-to-date: /home/hee/ros2_ws/install/msg_interface/include/msg_interface/msg_interface
[6.385s] -- Up-to-date: /home/hee/ros2_ws/install/msg_interface/include/msg_interface/msg_interface/srv
[6.385s] -- Up-to-date: /home/hee/ros2_ws/install/msg_interface/include/msg_interface/msg_interface/srv/detail
[6.385s] -- Installing: /home/hee/ros2_ws/install/msg_interface/include/msg_interface/msg_interface/srv/detail/set_led__rosidl_typesupport_fastrtps_c.h
[6.385s] -- Up-to-date: /home/hee/ros2_ws/install/msg_interface/include/msg_interface/msg_interface/msg
[6.386s] -- Up-to-date: /home/hee/ros2_ws/install/msg_interface/include/msg_interface/msg_interface/msg/detail
[6.386s] -- Installing: /home/hee/ros2_ws/install/msg_interface/include/msg_interface/msg_interface/msg/detail/hardware_status__rosidl_typesupport_fastrtps_c.h
[6.386s] -- Installing: /home/hee/ros2_ws/install/msg_interface/include/msg_interface/msg_interface/msg/detail/led_states__rosidl_typesupport_fastrtps_c.h
[6.386s] -- Up-to-date: /home/hee/ros2_ws/install/msg_interface/include/msg_interface/msg_interface/msg/rosidl_typesupport_fastrtps_c__visibility_control.h
[6.386s] -- Installing: /home/hee/ros2_ws/install/msg_interface/lib/libmsg_interface__rosidl_typesupport_fastrtps_c.so
[6.387s] -- Set runtime path of "/home/hee/ros2_ws/install/msg_interface/lib/libmsg_interface__rosidl_typesupport_fastrtps_c.so" to ""
[6.387s] -- Up-to-date: /home/hee/ros2_ws/install/msg_interface/include/msg_interface/msg_interface
[6.387s] -- Up-to-date: /home/hee/ros2_ws/install/msg_interface/include/msg_interface/msg_interface/srv
[6.387s] -- Up-to-date: /home/hee/ros2_ws/install/msg_interface/include/msg_interface/msg_interface/srv/detail
[6.387s] -- Installing: /home/hee/ros2_ws/install/msg_interface/include/msg_interface/msg_interface/srv/detail/set_led__type_support.c
[6.388s] -- Installing: /home/hee/ros2_ws/install/msg_interface/include/msg_interface/msg_interface/srv/detail/set_led__rosidl_typesupport_introspection_c.h
[6.388s] -- Up-to-date: /home/hee/ros2_ws/install/msg_interface/include/msg_interface/msg_interface/msg
[6.388s] -- Up-to-date: /home/hee/ros2_ws/install/msg_interface/include/msg_interface/msg_interface/msg/detail
[6.388s] -- Installing: /home/hee/ros2_ws/install/msg_interface/include/msg_interface/msg_interface/msg/detail/hardware_status__rosidl_typesupport_introspection_c.h
[6.388s] -- Installing: /home/hee/ros2_ws/install/msg_interface/include/msg_interface/msg_interface/msg/detail/led_states__rosidl_typesupport_introspection_c.h
[6.388s] -- Installing: /home/hee/ros2_ws/install/msg_interface/include/msg_interface/msg_interface/msg/detail/hardware_status__type_support.c
[6.388s] -- Installing: /home/hee/ros2_ws/install/msg_interface/include/msg_interface/msg_interface/msg/detail/led_states__type_support.c
[6.389s] -- Up-to-date: /home/hee/ros2_ws/install/msg_interface/include/msg_interface/msg_interface/msg/rosidl_typesupport_introspection_c__visibility_control.h
[6.389s] -- Installing: /home/hee/ros2_ws/install/msg_interface/lib/libmsg_interface__rosidl_typesupport_introspection_c.so
[6.390s] -- Set runtime path of "/home/hee/ros2_ws/install/msg_interface/lib/libmsg_interface__rosidl_typesupport_introspection_c.so" to ""
[6.390s] -- Installing: /home/hee/ros2_ws/install/msg_interface/lib/libmsg_interface__rosidl_typesupport_c.so
[6.391s] -- Set runtime path of "/home/hee/ros2_ws/install/msg_interface/lib/libmsg_interface__rosidl_typesupport_c.so" to ""
[6.391s] -- Up-to-date: /home/hee/ros2_ws/install/msg_interface/include/msg_interface/msg_interface
[6.391s] -- Up-to-date: /home/hee/ros2_ws/install/msg_interface/include/msg_interface/msg_interface/srv
[6.391s] -- Installing: /home/hee/ros2_ws/install/msg_interface/include/msg_interface/msg_interface/srv/set_led.hpp
[6.391s] -- Up-to-date: /home/hee/ros2_ws/install/msg_interface/include/msg_interface/msg_interface/srv/detail
[6.392s] -- Installing: /home/hee/ros2_ws/install/msg_interface/include/msg_interface/msg_interface/srv/detail/set_led__traits.hpp
[6.392s] -- Installing: /home/hee/ros2_ws/install/msg_interface/include/msg_interface/msg_interface/srv/detail/set_led__struct.hpp
[6.392s] -- Installing: /home/hee/ros2_ws/install/msg_interface/include/msg_interface/msg_interface/srv/detail/set_led__builder.hpp
[6.392s] -- Up-to-date: /home/hee/ros2_ws/install/msg_interface/include/msg_interface/msg_interface/msg
[6.392s] -- Installing: /home/hee/ros2_ws/install/msg_interface/include/msg_interface/msg_interface/msg/led_states.hpp
[6.392s] -- Installing: /home/hee/ros2_ws/install/msg_interface/include/msg_interface/msg_interface/msg/hardware_status.hpp
[6.392s] -- Up-to-date: /home/hee/ros2_ws/install/msg_interface/include/msg_interface/msg_interface/msg/detail
[6.393s] -- Installing: /home/hee/ros2_ws/install/msg_interface/include/msg_interface/msg_interface/msg/detail/hardware_status__traits.hpp
[6.393s] -- Installing: /home/hee/ros2_ws/install/msg_interface/include/msg_interface/msg_interface/msg/detail/led_states__builder.hpp
[6.393s] -- Installing: /home/hee/ros2_ws/install/msg_interface/include/msg_interface/msg_interface/msg/detail/hardware_status__struct.hpp
[6.393s] -- Installing: /home/hee/ros2_ws/install/msg_interface/include/msg_interface/msg_interface/msg/detail/led_states__struct.hpp
[6.393s] -- Installing: /home/hee/ros2_ws/install/msg_interface/include/msg_interface/msg_interface/msg/detail/led_states__traits.hpp
[6.393s] -- Installing: /home/hee/ros2_ws/install/msg_interface/include/msg_interface/msg_interface/msg/detail/hardware_status__builder.hpp
[6.394s] -- Up-to-date: /home/hee/ros2_ws/install/msg_interface/include/msg_interface/msg_interface
[6.394s] -- Up-to-date: /home/hee/ros2_ws/install/msg_interface/include/msg_interface/msg_interface/srv
[6.394s] -- Up-to-date: /home/hee/ros2_ws/install/msg_interface/include/msg_interface/msg_interface/srv/detail
[6.394s] -- Installing: /home/hee/ros2_ws/install/msg_interface/include/msg_interface/msg_interface/srv/detail/dds_fastrtps
[6.394s] -- Installing: /home/hee/ros2_ws/install/msg_interface/include/msg_interface/msg_interface/srv/detail/set_led__rosidl_typesupport_fastrtps_cpp.hpp
[6.394s] -- Up-to-date: /home/hee/ros2_ws/install/msg_interface/include/msg_interface/msg_interface/msg
[6.394s] -- Up-to-date: /home/hee/ros2_ws/install/msg_interface/include/msg_interface/msg_interface/msg/detail
[6.395s] -- Installing: /home/hee/ros2_ws/install/msg_interface/include/msg_interface/msg_interface/msg/detail/led_states__rosidl_typesupport_fastrtps_cpp.hpp
[6.395s] -- Up-to-date: /home/hee/ros2_ws/install/msg_interface/include/msg_interface/msg_interface/msg/detail/dds_fastrtps
[6.395s] -- Installing: /home/hee/ros2_ws/install/msg_interface/include/msg_interface/msg_interface/msg/detail/hardware_status__rosidl_typesupport_fastrtps_cpp.hpp
[6.395s] -- Up-to-date: /home/hee/ros2_ws/install/msg_interface/include/msg_interface/msg_interface/msg/rosidl_typesupport_fastrtps_cpp__visibility_control.h
[6.395s] -- Installing: /home/hee/ros2_ws/install/msg_interface/lib/libmsg_interface__rosidl_typesupport_fastrtps_cpp.so
[6.396s] -- Set runtime path of "/home/hee/ros2_ws/install/msg_interface/lib/libmsg_interface__rosidl_typesupport_fastrtps_cpp.so" to ""
[6.397s] -- Up-to-date: /home/hee/ros2_ws/install/msg_interface/include/msg_interface/msg_interface
[6.397s] -- Up-to-date: /home/hee/ros2_ws/install/msg_interface/include/msg_interface/msg_interface/srv
[6.397s] -- Up-to-date: /home/hee/ros2_ws/install/msg_interface/include/msg_interface/msg_interface/srv/detail
[6.397s] -- Installing: /home/hee/ros2_ws/install/msg_interface/include/msg_interface/msg_interface/srv/detail/set_led__rosidl_typesupport_introspection_cpp.hpp
[6.397s] -- Installing: /home/hee/ros2_ws/install/msg_interface/include/msg_interface/msg_interface/srv/detail/set_led__type_support.cpp
[6.397s] -- Up-to-date: /home/hee/ros2_ws/install/msg_interface/include/msg_interface/msg_interface/msg
[6.397s] -- Up-to-date: /home/hee/ros2_ws/install/msg_interface/include/msg_interface/msg_interface/msg/detail
[6.397s] -- Installing: /home/hee/ros2_ws/install/msg_interface/include/msg_interface/msg_interface/msg/detail/hardware_status__type_support.cpp
[6.398s] -- Installing: /home/hee/ros2_ws/install/msg_interface/include/msg_interface/msg_interface/msg/detail/led_states__rosidl_typesupport_introspection_cpp.hpp
[6.398s] -- Installing: /home/hee/ros2_ws/install/msg_interface/include/msg_interface/msg_interface/msg/detail/hardware_status__rosidl_typesupport_introspection_cpp.hpp
[6.398s] -- Installing: /home/hee/ros2_ws/install/msg_interface/include/msg_interface/msg_interface/msg/detail/led_states__type_support.cpp
[6.398s] -- Installing: /home/hee/ros2_ws/install/msg_interface/lib/libmsg_interface__rosidl_typesupport_introspection_cpp.so
[6.399s] -- Set runtime path of "/home/hee/ros2_ws/install/msg_interface/lib/libmsg_interface__rosidl_typesupport_introspection_cpp.so" to ""
[6.399s] -- Installing: /home/hee/ros2_ws/install/msg_interface/lib/libmsg_interface__rosidl_typesupport_cpp.so
[6.400s] -- Set runtime path of "/home/hee/ros2_ws/install/msg_interface/lib/libmsg_interface__rosidl_typesupport_cpp.so" to ""
[6.400s] -- Up-to-date: /home/hee/ros2_ws/install/msg_interface/share/msg_interface/environment/pythonpath.sh
[6.400s] -- Installing: /home/hee/ros2_ws/install/msg_interface/share/msg_interface/environment/pythonpath.dsv
[6.400s] -- Up-to-date: /home/hee/ros2_ws/install/msg_interface/local/lib/python3.10/dist-packages/msg_interface-0.0.0-py3.10.egg-info
[6.400s] -- Installing: /home/hee/ros2_ws/install/msg_interface/local/lib/python3.10/dist-packages/msg_interface-0.0.0-py3.10.egg-info/dependency_links.txt
[6.400s] -- Installing: /home/hee/ros2_ws/install/msg_interface/local/lib/python3.10/dist-packages/msg_interface-0.0.0-py3.10.egg-info/PKG-INFO
[6.401s] -- Installing: /home/hee/ros2_ws/install/msg_interface/local/lib/python3.10/dist-packages/msg_interface-0.0.0-py3.10.egg-info/SOURCES.txt
[6.401s] -- Installing: /home/hee/ros2_ws/install/msg_interface/local/lib/python3.10/dist-packages/msg_interface-0.0.0-py3.10.egg-info/top_level.txt
[6.401s] -- Up-to-date: /home/hee/ros2_ws/install/msg_interface/local/lib/python3.10/dist-packages/msg_interface
[6.401s] -- Installing: /home/hee/ros2_ws/install/msg_interface/local/lib/python3.10/dist-packages/msg_interface/msg_interface_s__rosidl_typesupport_fastrtps_c.cpython-310-x86_64-linux-gnu.so
[6.401s] -- Installing: /home/hee/ros2_ws/install/msg_interface/local/lib/python3.10/dist-packages/msg_interface/libmsg_interface__rosidl_generator_py.so
[6.402s] -- Installing: /home/hee/ros2_ws/install/msg_interface/local/lib/python3.10/dist-packages/msg_interface/_msg_interface_s.ep.rosidl_typesupport_introspection_c.c
[6.402s] -- Installing: /home/hee/ros2_ws/install/msg_interface/local/lib/python3.10/dist-packages/msg_interface/__init__.py
[6.402s] -- Installing: /home/hee/ros2_ws/install/msg_interface/local/lib/python3.10/dist-packages/msg_interface/srv
[6.402s] -- Installing: /home/hee/ros2_ws/install/msg_interface/local/lib/python3.10/dist-packages/msg_interface/srv/_set_led_s.c
[6.402s] -- Installing: /home/hee/ros2_ws/install/msg_interface/local/lib/python3.10/dist-packages/msg_interface/srv/__init__.py
[6.402s] -- Installing: /home/hee/ros2_ws/install/msg_interface/local/lib/python3.10/dist-packages/msg_interface/srv/_set_led.py
[6.403s] -- Installing: /home/hee/ros2_ws/install/msg_interface/local/lib/python3.10/dist-packages/msg_interface/msg_interface_s__rosidl_typesupport_introspection_c.cpython-310-x86_64-linux-gnu.so
[6.403s] -- Up-to-date: /home/hee/ros2_ws/install/msg_interface/local/lib/python3.10/dist-packages/msg_interface/msg
[6.403s] -- Installing: /home/hee/ros2_ws/install/msg_interface/local/lib/python3.10/dist-packages/msg_interface/msg/_hardware_status.py
[6.403s] -- Installing: /home/hee/ros2_ws/install/msg_interface/local/lib/python3.10/dist-packages/msg_interface/msg/_led_states.py
[6.403s] -- Installing: /home/hee/ros2_ws/install/msg_interface/local/lib/python3.10/dist-packages/msg_interface/msg/_hardware_status_s.c
[6.403s] -- Installing: /home/hee/ros2_ws/install/msg_interface/local/lib/python3.10/dist-packages/msg_interface/msg/__init__.py
[6.404s] -- Installing: /home/hee/ros2_ws/install/msg_interface/local/lib/python3.10/dist-packages/msg_interface/msg/_led_states_s.c
[6.404s] -- Installing: /home/hee/ros2_ws/install/msg_interface/local/lib/python3.10/dist-packages/msg_interface/_msg_interface_s.ep.rosidl_typesupport_c.c
[6.404s] -- Installing: /home/hee/ros2_ws/install/msg_interface/local/lib/python3.10/dist-packages/msg_interface/msg_interface_s__rosidl_typesupport_c.cpython-310-x86_64-linux-gnu.so
[6.404s] -- Installing: /home/hee/ros2_ws/install/msg_interface/local/lib/python3.10/dist-packages/msg_interface/_msg_interface_s.ep.rosidl_typesupport_fastrtps_c.c
[6.462s] Listing '/home/hee/ros2_ws/install/msg_interface/local/lib/python3.10/dist-packages/msg_interface'...
[6.462s] Compiling '/home/hee/ros2_ws/install/msg_interface/local/lib/python3.10/dist-packages/msg_interface/__init__.py'...
[6.462s] Listing '/home/hee/ros2_ws/install/msg_interface/local/lib/python3.10/dist-packages/msg_interface/msg'...
[6.463s] Compiling '/home/hee/ros2_ws/install/msg_interface/local/lib/python3.10/dist-packages/msg_interface/msg/__init__.py'...
[6.463s] Compiling '/home/hee/ros2_ws/install/msg_interface/local/lib/python3.10/dist-packages/msg_interface/msg/_hardware_status.py'...
[6.463s] Compiling '/home/hee/ros2_ws/install/msg_interface/local/lib/python3.10/dist-packages/msg_interface/msg/_led_states.py'...
[6.463s] Listing '/home/hee/ros2_ws/install/msg_interface/local/lib/python3.10/dist-packages/msg_interface/srv'...
[6.463s] Compiling '/home/hee/ros2_ws/install/msg_interface/local/lib/python3.10/dist-packages/msg_interface/srv/__init__.py'...
[6.463s] Compiling '/home/hee/ros2_ws/install/msg_interface/local/lib/python3.10/dist-packages/msg_interface/srv/_set_led.py'...
[6.469s] -- Installing: /home/hee/ros2_ws/install/msg_interface/local/lib/python3.10/dist-packages/msg_interface/msg_interface_s__rosidl_typesupport_fastrtps_c.cpython-310-x86_64-linux-gnu.so
[6.469s] -- Set runtime path of "/home/hee/ros2_ws/install/msg_interface/local/lib/python3.10/dist-packages/msg_interface/msg_interface_s__rosidl_typesupport_fastrtps_c.cpython-310-x86_64-linux-gnu.so" to ""
[6.470s] -- Installing: /home/hee/ros2_ws/install/msg_interface/local/lib/python3.10/dist-packages/msg_interface/msg_interface_s__rosidl_typesupport_introspection_c.cpython-310-x86_64-linux-gnu.so
[6.470s] -- Set runtime path of "/home/hee/ros2_ws/install/msg_interface/local/lib/python3.10/dist-packages/msg_interface/msg_interface_s__rosidl_typesupport_introspection_c.cpython-310-x86_64-linux-gnu.so" to ""
[6.470s] -- Installing: /home/hee/ros2_ws/install/msg_interface/local/lib/python3.10/dist-packages/msg_interface/msg_interface_s__rosidl_typesupport_c.cpython-310-x86_64-linux-gnu.so
[6.471s] -- Set runtime path of "/home/hee/ros2_ws/install/msg_interface/local/lib/python3.10/dist-packages/msg_interface/msg_interface_s__rosidl_typesupport_c.cpython-310-x86_64-linux-gnu.so" to ""
[6.471s] -- Installing: /home/hee/ros2_ws/install/msg_interface/lib/libmsg_interface__rosidl_generator_py.so
[6.472s] -- Set runtime path of "/home/hee/ros2_ws/install/msg_interface/lib/libmsg_interface__rosidl_generator_py.so" to ""
[6.472s] -- Up-to-date: /home/hee/ros2_ws/install/msg_interface/share/msg_interface/msg/HardwareStatus.idl
[6.472s] -- Installing: /home/hee/ros2_ws/install/msg_interface/share/msg_interface/msg/LedStates.idl
[6.473s] -- Installing: /home/hee/ros2_ws/install/msg_interface/share/msg_interface/srv/SetLed.idl
[6.473s] -- Up-to-date: /home/hee/ros2_ws/install/msg_interface/share/msg_interface/msg/HardwareStatus.msg
[6.473s] -- Installing: /home/hee/ros2_ws/install/msg_interface/share/msg_interface/msg/LedStates.msg
[6.473s] -- Installing: /home/hee/ros2_ws/install/msg_interface/share/msg_interface/msg/SetLed.srv
[6.473s] -- Installing: /home/hee/ros2_ws/install/msg_interface/share/msg_interface/msg/SetLed_Request.msg
[6.473s] -- Installing: /home/hee/ros2_ws/install/msg_interface/share/msg_interface/msg/SetLed_Response.msg
[6.473s] -- Up-to-date: /home/hee/ros2_ws/install/msg_interface/share/ament_index/resource_index/package_run_dependencies/msg_interface
[6.473s] -- Installing: /home/hee/ros2_ws/install/msg_interface/share/ament_index/resource_index/parent_prefix_path/msg_interface
[6.474s] -- Up-to-date: /home/hee/ros2_ws/install/msg_interface/share/msg_interface/environment/ament_prefix_path.sh
[6.474s] -- Installing: /home/hee/ros2_ws/install/msg_interface/share/msg_interface/environment/ament_prefix_path.dsv
[6.474s] -- Up-to-date: /home/hee/ros2_ws/install/msg_interface/share/msg_interface/environment/path.sh
[6.474s] -- Installing: /home/hee/ros2_ws/install/msg_interface/share/msg_interface/environment/path.dsv
[6.474s] -- Up-to-date: /home/hee/ros2_ws/install/msg_interface/share/msg_interface/local_setup.bash
[6.474s] -- Up-to-date: /home/hee/ros2_ws/install/msg_interface/share/msg_interface/local_setup.sh
[6.474s] -- Up-to-date: /home/hee/ros2_ws/install/msg_interface/share/msg_interface/local_setup.zsh
[6.475s] -- Installing: /home/hee/ros2_ws/install/msg_interface/share/msg_interface/local_setup.dsv
[6.475s] -- Installing: /home/hee/ros2_ws/install/msg_interface/share/msg_interface/package.dsv
[6.475s] -- Up-to-date: /home/hee/ros2_ws/install/msg_interface/share/ament_index/resource_index/packages/msg_interface
[6.475s] -- Up-to-date: /home/hee/ros2_ws/install/msg_interface/share/msg_interface/cmake/export_msg_interface__rosidl_generator_cExport.cmake
[6.475s] -- Up-to-date: /home/hee/ros2_ws/install/msg_interface/share/msg_interface/cmake/export_msg_interface__rosidl_generator_cExport-noconfig.cmake
[6.475s] -- Up-to-date: /home/hee/ros2_ws/install/msg_interface/share/msg_interface/cmake/export_msg_interface__rosidl_typesupport_fastrtps_cExport.cmake
[6.475s] -- Up-to-date: /home/hee/ros2_ws/install/msg_interface/share/msg_interface/cmake/export_msg_interface__rosidl_typesupport_fastrtps_cExport-noconfig.cmake
[6.476s] -- Up-to-date: /home/hee/ros2_ws/install/msg_interface/share/msg_interface/cmake/msg_interface__rosidl_typesupport_introspection_cExport.cmake
[6.476s] -- Up-to-date: /home/hee/ros2_ws/install/msg_interface/share/msg_interface/cmake/msg_interface__rosidl_typesupport_introspection_cExport-noconfig.cmake
[6.476s] -- Up-to-date: /home/hee/ros2_ws/install/msg_interface/share/msg_interface/cmake/msg_interface__rosidl_typesupport_cExport.cmake
[6.476s] -- Up-to-date: /home/hee/ros2_ws/install/msg_interface/share/msg_interface/cmake/msg_interface__rosidl_typesupport_cExport-noconfig.cmake
[6.476s] -- Up-to-date: /home/hee/ros2_ws/install/msg_interface/share/msg_interface/cmake/export_msg_interface__rosidl_generator_cppExport.cmake
[6.476s] -- Up-to-date: /home/hee/ros2_ws/install/msg_interface/share/msg_interface/cmake/export_msg_interface__rosidl_typesupport_fastrtps_cppExport.cmake
[6.476s] -- Up-to-date: /home/hee/ros2_ws/install/msg_interface/share/msg_interface/cmake/export_msg_interface__rosidl_typesupport_fastrtps_cppExport-noconfig.cmake
[6.476s] -- Up-to-date: /home/hee/ros2_ws/install/msg_interface/share/msg_interface/cmake/msg_interface__rosidl_typesupport_introspection_cppExport.cmake
[6.477s] -- Up-to-date: /home/hee/ros2_ws/install/msg_interface/share/msg_interface/cmake/msg_interface__rosidl_typesupport_introspection_cppExport-noconfig.cmake
[6.477s] -- Up-to-date: /home/hee/ros2_ws/install/msg_interface/share/msg_interface/cmake/msg_interface__rosidl_typesupport_cppExport.cmake
[6.477s] -- Up-to-date: /home/hee/ros2_ws/install/msg_interface/share/msg_interface/cmake/msg_interface__rosidl_typesupport_cppExport-noconfig.cmake
[6.477s] -- Up-to-date: /home/hee/ros2_ws/install/msg_interface/share/msg_interface/cmake/export_msg_interface__rosidl_generator_pyExport.cmake
[6.477s] -- Up-to-date: /home/hee/ros2_ws/install/msg_interface/share/msg_interface/cmake/export_msg_interface__rosidl_generator_pyExport-noconfig.cmake
[6.477s] -- Installing: /home/hee/ros2_ws/install/msg_interface/share/msg_interface/cmake/rosidl_cmake-extras.cmake
[6.477s] -- Up-to-date: /home/hee/ros2_ws/install/msg_interface/share/msg_interface/cmake/ament_cmake_export_include_directories-extras.cmake
[6.477s] -- Up-to-date: /home/hee/ros2_ws/install/msg_interface/share/msg_interface/cmake/ament_cmake_export_libraries-extras.cmake
[6.477s] -- Up-to-date: /home/hee/ros2_ws/install/msg_interface/share/msg_interface/cmake/ament_cmake_export_targets-extras.cmake
[6.478s] -- Up-to-date: /home/hee/ros2_ws/install/msg_interface/share/msg_interface/cmake/rosidl_cmake_export_typesupport_targets-extras.cmake
[6.478s] -- Up-to-date: /home/hee/ros2_ws/install/msg_interface/share/msg_interface/cmake/ament_cmake_export_dependencies-extras.cmake
[6.478s] -- Up-to-date: /home/hee/ros2_ws/install/msg_interface/share/msg_interface/cmake/rosidl_cmake_export_typesupport_libraries-extras.cmake
[6.478s] -- Up-to-date: /home/hee/ros2_ws/install/msg_interface/share/msg_interface/cmake/msg_interfaceConfig.cmake
[6.478s] -- Up-to-date: /home/hee/ros2_ws/install/msg_interface/share/msg_interface/cmake/msg_interfaceConfig-version.cmake
[6.478s] -- Up-to-date: /home/hee/ros2_ws/install/msg_interface/share/msg_interface/package.xml
[6.481s] Invoked command in '/home/hee/ros2_ws/build/msg_interface' returned '0': CMAKE_PREFIX_PATH=${CMAKE_PREFIX_PATH}:/home/hee/ros2_ws/install/service:/home/hee/ros2_ws/install/robot_controller:/home/hee/ros2_ws/install/activity_002:/home/hee/ros2_ws/install/Activity_002:/opt/ros/humble /usr/bin/cmake --install /home/hee/ros2_ws/build/msg_interface
