[1.207s] Invoking command in '/home/hee/ros2_ws/src/robot_controller': PYTHONPATH=/home/hee/ros2_ws/build/robot_controller/prefix_override:/home/hee/ros2_ws/install/robot_controller/lib/python3.10/site-packages:${PYTHONPATH} /usr/bin/python3 setup.py egg_info --egg-base ../../build/robot_controller build --build-base /home/hee/ros2_ws/build/robot_controller/build install --record /home/hee/ros2_ws/build/robot_controller/install.log --single-version-externally-managed
[1.591s] running egg_info
[1.592s] writing ../../build/robot_controller/robot_controller.egg-info/PKG-INFO
[1.593s] writing dependency_links to ../../build/robot_controller/robot_controller.egg-info/dependency_links.txt
[1.594s] writing entry points to ../../build/robot_controller/robot_controller.egg-info/entry_points.txt
[1.594s] writing requirements to ../../build/robot_controller/robot_controller.egg-info/requires.txt
[1.594s] writing top-level names to ../../build/robot_controller/robot_controller.egg-info/top_level.txt
[1.596s] reading manifest file '../../build/robot_controller/robot_controller.egg-info/SOURCES.txt'
[1.598s] writing manifest file '../../build/robot_controller/robot_controller.egg-info/SOURCES.txt'
[1.598s] running build
[1.598s] running build_py
[1.598s] copying robot_controller/my_first_node.py -> /home/hee/ros2_ws/build/robot_controller/build/lib/robot_controller
[1.599s] running install
[1.599s] /usr/lib/python3/dist-packages/setuptools/command/install.py:34: SetuptoolsDeprecationWarning: setup.py install is deprecated. Use build and pip and other standards-based tools.
[1.599s]   warnings.warn(
[1.600s] running install_lib
[1.601s] copying /home/hee/ros2_ws/build/robot_controller/build/lib/robot_controller/my_first_node.py -> /home/hee/ros2_ws/install/robot_controller/lib/python3.10/site-packages/robot_controller
[1.602s] byte-compiling /home/hee/ros2_ws/install/robot_controller/lib/python3.10/site-packages/robot_controller/my_first_node.py to my_first_node.cpython-310.pyc
[1.602s] running install_data
[1.604s] running install_egg_info
[1.607s] removing '/home/hee/ros2_ws/install/robot_controller/lib/python3.10/site-packages/robot_controller-0.0.0-py3.10.egg-info' (and everything under it)
[1.608s] Copying ../../build/robot_controller/robot_controller.egg-info to /home/hee/ros2_ws/install/robot_controller/lib/python3.10/site-packages/robot_controller-0.0.0-py3.10.egg-info
[1.609s] running install_scripts
[1.643s] writing list of installed files to '/home/hee/ros2_ws/build/robot_controller/install.log'
[1.676s] Invoked command in '/home/hee/ros2_ws/src/robot_controller' returned '0': PYTHONPATH=/home/hee/ros2_ws/build/robot_controller/prefix_override:/home/hee/ros2_ws/install/robot_controller/lib/python3.10/site-packages:${PYTHONPATH} /usr/bin/python3 setup.py egg_info --egg-base ../../build/robot_controller build --build-base /home/hee/ros2_ws/build/robot_controller/build install --record /home/hee/ros2_ws/build/robot_controller/install.log --single-version-externally-managed
