[1.715s] Invoking command in '/home/hee/ros2_ws/build/Activity_002': PYTHONPATH=/home/hee/ros2_ws/build/Activity_002/prefix_override:/home/hee/ros2_ws/install/Activity_002/lib/python3.10/site-packages:${PYTHONPATH} /usr/bin/python3 setup.py develop --editable --build-directory /home/hee/ros2_ws/build/Activity_002/build --no-deps install_data
[2.102s] running develop
[2.104s] /usr/lib/python3/dist-packages/setuptools/command/easy_install.py:158: EasyInstallDeprecationWarning: easy_install command is deprecated. Use build and pip and other standards-based tools.
[2.104s]   warnings.warn(
[2.106s] /usr/lib/python3/dist-packages/setuptools/command/install.py:34: SetuptoolsDeprecationWarning: setup.py install is deprecated. Use build and pip and other standards-based tools.
[2.106s]   warnings.warn(
[2.357s] running egg_info
[2.357s] creating Activity_002.egg-info
[2.357s] writing Activity_002.egg-info/PKG-INFO
[2.357s] writing dependency_links to Activity_002.egg-info/dependency_links.txt
[2.357s] writing entry points to Activity_002.egg-info/entry_points.txt
[2.358s] writing requirements to Activity_002.egg-info/requires.txt
[2.358s] writing top-level names to Activity_002.egg-info/top_level.txt
[2.358s] writing manifest file 'Activity_002.egg-info/SOURCES.txt'
[2.360s] reading manifest file 'Activity_002.egg-info/SOURCES.txt'
[2.361s] writing manifest file 'Activity_002.egg-info/SOURCES.txt'
[2.362s] running build_ext
[2.363s] Creating /home/hee/ros2_ws/install/Activity_002/lib/python3.10/site-packages/Activity-002.egg-link (link to .)
[2.364s] Installing number_publisher script to /home/hee/ros2_ws/install/Activity_002/lib/Activity_002
[2.364s] 
[2.364s] Installed /home/hee/ros2_ws/build/Activity_002
[2.365s] running install_data
[2.365s] creating /home/hee/ros2_ws/install/Activity_002/share/ament_index
[2.365s] creating /home/hee/ros2_ws/install/Activity_002/share/ament_index/resource_index
[2.365s] creating /home/hee/ros2_ws/install/Activity_002/share/ament_index/resource_index/packages
[2.365s] copying resource/Activity_002 -> /home/hee/ros2_ws/install/Activity_002/share/ament_index/resource_index/packages
[2.366s] copying package.xml -> /home/hee/ros2_ws/install/Activity_002/share/Activity_002
[2.403s] Invoked command in '/home/hee/ros2_ws/build/Activity_002' returned '0': PYTHONPATH=/home/hee/ros2_ws/build/Activity_002/prefix_override:/home/hee/ros2_ws/install/Activity_002/lib/python3.10/site-packages:${PYTHONPATH} /usr/bin/python3 setup.py develop --editable --build-directory /home/hee/ros2_ws/build/Activity_002/build --no-deps install_data
