[1.665s] DEBUG:colcon:Command line arguments: ['/usr/bin/colcon', 'build', '--packages-select', 'msg_interface']
[1.665s] DEBUG:colcon:Parsed command line arguments: Namespace(log_base=None, log_level=None, verb_name='build', build_base='build', install_base='install', merge_install=False, symlink_install=False, test_result_base=None, continue_on_error=False, executor='parallel', parallel_workers=8, event_handlers=None, ignore_user_meta=False, metas=['./colcon.meta'], base_paths=['.'], packages_ignore=None, packages_ignore_regex=None, paths=None, packages_up_to=None, packages_up_to_regex=None, packages_above=None, packages_above_and_dependencies=None, packages_above_depth=None, packages_select_by_dep=None, packages_skip_by_dep=None, packages_skip_up_to=None, packages_select_build_failed=False, packages_skip_build_finished=False, packages_select_test_failures=False, packages_skip_test_passed=False, packages_select=['msg_interface'], packages_skip=None, packages_select_regex=None, packages_skip_regex=None, packages_start=None, packages_end=None, allow_overriding=[], cmake_args=None, cmake_target=None, cmake_target_skip_unavailable=False, cmake_clean_cache=False, cmake_clean_first=False, cmake_force_configure=False, ament_cmake_args=None, catkin_cmake_args=None, catkin_skip_building_tests=False, verb_parser=<colcon_defaults.argument_parser.defaults.DefaultArgumentsDecorator object at 0x7fe7770ad000>, verb_extension=<colcon_core.verb.build.BuildVerb object at 0x7fe777095d20>, main=<bound method BuildVerb.main of <colcon_core.verb.build.BuildVerb object at 0x7fe777095d20>>)
[1.739s] Level 1:colcon.colcon_core.package_discovery:discover_packages(colcon_meta) check parameters
[1.740s] Level 1:colcon.colcon_core.package_discovery:discover_packages(recursive) check parameters
[1.740s] Level 1:colcon.colcon_core.package_discovery:discover_packages(ignore) check parameters
[1.740s] Level 1:colcon.colcon_core.package_discovery:discover_packages(path) check parameters
[1.740s] Level 1:colcon.colcon_core.package_discovery:discover_packages(colcon_meta) discover
[1.740s] Level 1:colcon.colcon_core.package_discovery:discover_packages(recursive) discover
[1.740s] INFO:colcon.colcon_core.package_discovery:Crawling recursively for packages in '/home/hee/ros2_ws'
[1.740s] Level 1:colcon.colcon_core.package_identification:_identify(.) by extensions ['ignore', 'ignore_ament_install']
[1.740s] Level 1:colcon.colcon_core.package_identification:_identify(.) by extension 'ignore'
[1.740s] Level 1:colcon.colcon_core.package_identification:_identify(.) by extension 'ignore_ament_install'
[1.740s] Level 1:colcon.colcon_core.package_identification:_identify(.) by extensions ['colcon_pkg']
[1.740s] Level 1:colcon.colcon_core.package_identification:_identify(.) by extension 'colcon_pkg'
[1.740s] Level 1:colcon.colcon_core.package_identification:_identify(.) by extensions ['colcon_meta']
[1.741s] Level 1:colcon.colcon_core.package_identification:_identify(.) by extension 'colcon_meta'
[1.741s] Level 1:colcon.colcon_core.package_identification:_identify(.) by extensions ['ros']
[1.741s] Level 1:colcon.colcon_core.package_identification:_identify(.) by extension 'ros'
[1.761s] Level 1:colcon.colcon_core.package_identification:_identify(.) by extensions ['cmake', 'python']
[1.762s] Level 1:colcon.colcon_core.package_identification:_identify(.) by extension 'cmake'
[1.762s] Level 1:colcon.colcon_core.package_identification:_identify(.) by extension 'python'
[1.762s] Level 1:colcon.colcon_core.package_identification:_identify(.) by extensions ['python_setup_py']
[1.762s] Level 1:colcon.colcon_core.package_identification:_identify(.) by extension 'python_setup_py'
[1.762s] Level 1:colcon.colcon_core.package_identification:_identify(build) by extensions ['ignore', 'ignore_ament_install']
[1.762s] Level 1:colcon.colcon_core.package_identification:_identify(build) by extension 'ignore'
[1.762s] Level 1:colcon.colcon_core.package_identification:_identify(build) ignored
[1.762s] Level 1:colcon.colcon_core.package_identification:_identify(install) by extensions ['ignore', 'ignore_ament_install']
[1.763s] Level 1:colcon.colcon_core.package_identification:_identify(install) by extension 'ignore'
[1.763s] Level 1:colcon.colcon_core.package_identification:_identify(install) ignored
[1.763s] Level 1:colcon.colcon_core.package_identification:_identify(log) by extensions ['ignore', 'ignore_ament_install']
[1.763s] Level 1:colcon.colcon_core.package_identification:_identify(log) by extension 'ignore'
[1.763s] Level 1:colcon.colcon_core.package_identification:_identify(log) ignored
[1.763s] Level 1:colcon.colcon_core.package_identification:_identify(src) by extensions ['ignore', 'ignore_ament_install']
[1.763s] Level 1:colcon.colcon_core.package_identification:_identify(src) by extension 'ignore'
[1.763s] Level 1:colcon.colcon_core.package_identification:_identify(src) by extension 'ignore_ament_install'
[1.763s] Level 1:colcon.colcon_core.package_identification:_identify(src) by extensions ['colcon_pkg']
[1.764s] Level 1:colcon.colcon_core.package_identification:_identify(src) by extension 'colcon_pkg'
[1.764s] Level 1:colcon.colcon_core.package_identification:_identify(src) by extensions ['colcon_meta']
[1.764s] Level 1:colcon.colcon_core.package_identification:_identify(src) by extension 'colcon_meta'
[1.764s] Level 1:colcon.colcon_core.package_identification:_identify(src) by extensions ['ros']
[1.764s] Level 1:colcon.colcon_core.package_identification:_identify(src) by extension 'ros'
[1.764s] Level 1:colcon.colcon_core.package_identification:_identify(src) by extensions ['cmake', 'python']
[1.764s] Level 1:colcon.colcon_core.package_identification:_identify(src) by extension 'cmake'
[1.764s] Level 1:colcon.colcon_core.package_identification:_identify(src) by extension 'python'
[1.764s] Level 1:colcon.colcon_core.package_identification:_identify(src) by extensions ['python_setup_py']
[1.764s] Level 1:colcon.colcon_core.package_identification:_identify(src) by extension 'python_setup_py'
[1.764s] Level 1:colcon.colcon_core.package_identification:_identify(src/activity_002) by extensions ['ignore', 'ignore_ament_install']
[1.764s] Level 1:colcon.colcon_core.package_identification:_identify(src/activity_002) by extension 'ignore'
[1.764s] Level 1:colcon.colcon_core.package_identification:_identify(src/activity_002) by extension 'ignore_ament_install'
[1.765s] Level 1:colcon.colcon_core.package_identification:_identify(src/activity_002) by extensions ['colcon_pkg']
[1.765s] Level 1:colcon.colcon_core.package_identification:_identify(src/activity_002) by extension 'colcon_pkg'
[1.765s] Level 1:colcon.colcon_core.package_identification:_identify(src/activity_002) by extensions ['colcon_meta']
[1.765s] Level 1:colcon.colcon_core.package_identification:_identify(src/activity_002) by extension 'colcon_meta'
[1.765s] Level 1:colcon.colcon_core.package_identification:_identify(src/activity_002) by extensions ['ros']
[1.765s] Level 1:colcon.colcon_core.package_identification:_identify(src/activity_002) by extension 'ros'
[1.769s] DEBUG:colcon.colcon_core.package_identification:Package 'src/activity_002' with type 'ros.ament_python' and name 'activity_002'
[1.769s] Level 1:colcon.colcon_core.package_identification:_identify(src/build) by extensions ['ignore', 'ignore_ament_install']
[1.769s] Level 1:colcon.colcon_core.package_identification:_identify(src/build) by extension 'ignore'
[1.769s] Level 1:colcon.colcon_core.package_identification:_identify(src/build) ignored
[1.769s] Level 1:colcon.colcon_core.package_identification:_identify(src/install) by extensions ['ignore', 'ignore_ament_install']
[1.769s] Level 1:colcon.colcon_core.package_identification:_identify(src/install) by extension 'ignore'
[1.769s] Level 1:colcon.colcon_core.package_identification:_identify(src/install) ignored
[1.770s] Level 1:colcon.colcon_core.package_identification:_identify(src/log) by extensions ['ignore', 'ignore_ament_install']
[1.770s] Level 1:colcon.colcon_core.package_identification:_identify(src/log) by extension 'ignore'
[1.770s] Level 1:colcon.colcon_core.package_identification:_identify(src/log) ignored
[1.770s] Level 1:colcon.colcon_core.package_identification:_identify(src/msg_interface) by extensions ['ignore', 'ignore_ament_install']
[1.770s] Level 1:colcon.colcon_core.package_identification:_identify(src/msg_interface) by extension 'ignore'
[1.770s] Level 1:colcon.colcon_core.package_identification:_identify(src/msg_interface) by extension 'ignore_ament_install'
[1.770s] Level 1:colcon.colcon_core.package_identification:_identify(src/msg_interface) by extensions ['colcon_pkg']
[1.770s] Level 1:colcon.colcon_core.package_identification:_identify(src/msg_interface) by extension 'colcon_pkg'
[1.770s] Level 1:colcon.colcon_core.package_identification:_identify(src/msg_interface) by extensions ['colcon_meta']
[1.770s] Level 1:colcon.colcon_core.package_identification:_identify(src/msg_interface) by extension 'colcon_meta'
[1.770s] Level 1:colcon.colcon_core.package_identification:_identify(src/msg_interface) by extensions ['ros']
[1.770s] Level 1:colcon.colcon_core.package_identification:_identify(src/msg_interface) by extension 'ros'
[1.771s] DEBUG:colcon.colcon_core.package_identification:Package 'src/msg_interface' with type 'ros.ament_cmake' and name 'msg_interface'
[1.771s] Level 1:colcon.colcon_core.package_identification:_identify(src/robot_controller) by extensions ['ignore', 'ignore_ament_install']
[1.771s] Level 1:colcon.colcon_core.package_identification:_identify(src/robot_controller) by extension 'ignore'
[1.771s] Level 1:colcon.colcon_core.package_identification:_identify(src/robot_controller) by extension 'ignore_ament_install'
[1.772s] Level 1:colcon.colcon_core.package_identification:_identify(src/robot_controller) by extensions ['colcon_pkg']
[1.772s] Level 1:colcon.colcon_core.package_identification:_identify(src/robot_controller) by extension 'colcon_pkg'
[1.772s] Level 1:colcon.colcon_core.package_identification:_identify(src/robot_controller) by extensions ['colcon_meta']
[1.772s] Level 1:colcon.colcon_core.package_identification:_identify(src/robot_controller) by extension 'colcon_meta'
[1.772s] Level 1:colcon.colcon_core.package_identification:_identify(src/robot_controller) by extensions ['ros']
[1.772s] Level 1:colcon.colcon_core.package_identification:_identify(src/robot_controller) by extension 'ros'
[1.773s] DEBUG:colcon.colcon_core.package_identification:Package 'src/robot_controller' with type 'ros.ament_python' and name 'robot_controller'
[1.773s] Level 1:colcon.colcon_core.package_identification:_identify(src/service) by extensions ['ignore', 'ignore_ament_install']
[1.773s] Level 1:colcon.colcon_core.package_identification:_identify(src/service) by extension 'ignore'
[1.773s] Level 1:colcon.colcon_core.package_identification:_identify(src/service) by extension 'ignore_ament_install'
[1.774s] Level 1:colcon.colcon_core.package_identification:_identify(src/service) by extensions ['colcon_pkg']
[1.774s] Level 1:colcon.colcon_core.package_identification:_identify(src/service) by extension 'colcon_pkg'
[1.774s] Level 1:colcon.colcon_core.package_identification:_identify(src/service) by extensions ['colcon_meta']
[1.774s] Level 1:colcon.colcon_core.package_identification:_identify(src/service) by extension 'colcon_meta'
[1.774s] Level 1:colcon.colcon_core.package_identification:_identify(src/service) by extensions ['ros']
[1.774s] Level 1:colcon.colcon_core.package_identification:_identify(src/service) by extension 'ros'
[1.775s] DEBUG:colcon.colcon_core.package_identification:Package 'src/service' with type 'ros.ament_python' and name 'service'
[1.775s] Level 1:colcon.colcon_core.package_discovery:discover_packages(recursive) using defaults
[1.775s] Level 1:colcon.colcon_core.package_discovery:discover_packages(ignore) discover
[1.775s] Level 1:colcon.colcon_core.package_discovery:discover_packages(ignore) using defaults
[1.775s] Level 1:colcon.colcon_core.package_discovery:discover_packages(path) discover
[1.775s] Level 1:colcon.colcon_core.package_discovery:discover_packages(path) using defaults
[1.934s] INFO:colcon.colcon_core.package_selection:Skipping not selected package 'activity_002' in 'src/activity_002'
[1.934s] INFO:colcon.colcon_core.package_selection:Skipping not selected package 'robot_controller' in 'src/robot_controller'
[1.934s] INFO:colcon.colcon_core.package_selection:Skipping not selected package 'service' in 'src/service'
[1.986s] Level 1:colcon.colcon_core.package_discovery:discover_packages(prefix_path) check parameters
[1.986s] Level 1:colcon.colcon_core.package_discovery:discover_packages(prefix_path) discover
[2.021s] WARNING:colcon.colcon_ros.prefix_path.ament:The path '/home/hee/ros2_ws/install/Activity_002' in the environment variable AMENT_PREFIX_PATH doesn't exist
[2.071s] DEBUG:colcon.colcon_installed_package_information.package_discovery:Found 4 installed packages in /home/hee/ros2_ws/install
[2.100s] DEBUG:colcon.colcon_installed_package_information.package_discovery:Found 270 installed packages in /opt/ros/humble
[2.102s] Level 1:colcon.colcon_core.package_discovery:discover_packages(prefix_path) using defaults
[2.281s] Level 5:colcon.colcon_core.verb:set package 'msg_interface' build argument 'cmake_args' from command line to 'None'
[2.281s] Level 5:colcon.colcon_core.verb:set package 'msg_interface' build argument 'cmake_target' from command line to 'None'
[2.281s] Level 5:colcon.colcon_core.verb:set package 'msg_interface' build argument 'cmake_target_skip_unavailable' from command line to 'False'
[2.281s] Level 5:colcon.colcon_core.verb:set package 'msg_interface' build argument 'cmake_clean_cache' from command line to 'False'
[2.281s] Level 5:colcon.colcon_core.verb:set package 'msg_interface' build argument 'cmake_clean_first' from command line to 'False'
[2.281s] Level 5:colcon.colcon_core.verb:set package 'msg_interface' build argument 'cmake_force_configure' from command line to 'False'
[2.281s] Level 5:colcon.colcon_core.verb:set package 'msg_interface' build argument 'ament_cmake_args' from command line to 'None'
[2.281s] Level 5:colcon.colcon_core.verb:set package 'msg_interface' build argument 'catkin_cmake_args' from command line to 'None'
[2.281s] Level 5:colcon.colcon_core.verb:set package 'msg_interface' build argument 'catkin_skip_building_tests' from command line to 'False'
[2.281s] DEBUG:colcon.colcon_core.verb:Building package 'msg_interface' with the following arguments: {'ament_cmake_args': None, 'build_base': '/home/hee/ros2_ws/build/msg_interface', 'catkin_cmake_args': None, 'catkin_skip_building_tests': False, 'cmake_args': None, 'cmake_clean_cache': False, 'cmake_clean_first': False, 'cmake_force_configure': False, 'cmake_target': None, 'cmake_target_skip_unavailable': False, 'install_base': '/home/hee/ros2_ws/install/msg_interface', 'merge_install': False, 'path': '/home/hee/ros2_ws/src/msg_interface', 'symlink_install': False, 'test_result_base': None}
[2.306s] INFO:colcon.colcon_core.executor:Executing jobs using 'parallel' executor
[2.330s] DEBUG:colcon.colcon_parallel_executor.executor.parallel:run_until_complete
[2.331s] INFO:colcon.colcon_ros.task.ament_cmake.build:Building ROS package in '/home/hee/ros2_ws/src/msg_interface' with build type 'ament_cmake'
[2.331s] INFO:colcon.colcon_cmake.task.cmake.build:Building CMake package in '/home/hee/ros2_ws/src/msg_interface'
[2.358s] INFO:colcon.colcon_core.plugin_system:Skipping extension 'colcon_core.shell.bat': Not used on non-Windows systems
[2.358s] INFO:colcon.colcon_core.shell:Skip shell extension 'powershell' for command environment: Not usable outside of PowerShell
[2.358s] DEBUG:colcon.colcon_core.shell:Skip shell extension 'dsv' for command environment
[2.441s] DEBUG:colcon.colcon_core.event_handler.log_command:Invoking command in '/home/hee/ros2_ws/build/msg_interface': CMAKE_PREFIX_PATH=${CMAKE_PREFIX_PATH}:/home/hee/ros2_ws/install/service:/home/hee/ros2_ws/install/robot_controller:/home/hee/ros2_ws/install/activity_002:/home/hee/ros2_ws/install/Activity_002:/opt/ros/humble /usr/bin/cmake --build /home/hee/ros2_ws/build/msg_interface -- -j8 -l8
[8.851s] DEBUG:colcon.colcon_core.event_handler.log_command:Invoked command in '/home/hee/ros2_ws/build/msg_interface' returned '0': CMAKE_PREFIX_PATH=${CMAKE_PREFIX_PATH}:/home/hee/ros2_ws/install/service:/home/hee/ros2_ws/install/robot_controller:/home/hee/ros2_ws/install/activity_002:/home/hee/ros2_ws/install/Activity_002:/opt/ros/humble /usr/bin/cmake --build /home/hee/ros2_ws/build/msg_interface -- -j8 -l8
[9.008s] DEBUG:colcon.colcon_core.event_handler.log_command:Invoking command in '/home/hee/ros2_ws/build/msg_interface': CMAKE_PREFIX_PATH=${CMAKE_PREFIX_PATH}:/home/hee/ros2_ws/install/service:/home/hee/ros2_ws/install/robot_controller:/home/hee/ros2_ws/install/activity_002:/home/hee/ros2_ws/install/Activity_002:/opt/ros/humble /usr/bin/cmake --install /home/hee/ros2_ws/build/msg_interface
[9.120s] Level 1:colcon.colcon_core.environment:create_environment_scripts_only(msg_interface)
[9.121s] DEBUG:colcon.colcon_core.event_handler.log_command:Invoked command in '/home/hee/ros2_ws/build/msg_interface' returned '0': CMAKE_PREFIX_PATH=${CMAKE_PREFIX_PATH}:/home/hee/ros2_ws/install/service:/home/hee/ros2_ws/install/robot_controller:/home/hee/ros2_ws/install/activity_002:/home/hee/ros2_ws/install/Activity_002:/opt/ros/humble /usr/bin/cmake --install /home/hee/ros2_ws/build/msg_interface
[9.148s] Level 1:colcon.colcon_core.environment:checking '/home/hee/ros2_ws/install/msg_interface' for CMake module files
[9.149s] Level 1:colcon.colcon_core.environment:checking '/home/hee/ros2_ws/install/msg_interface' for CMake config files
[9.150s] Level 1:colcon.colcon_core.shell:create_environment_hook('msg_interface', 'cmake_prefix_path')
[9.174s] INFO:colcon.colcon_core.shell:Creating environment hook '/home/hee/ros2_ws/install/msg_interface/share/msg_interface/hook/cmake_prefix_path.ps1'
[9.175s] INFO:colcon.colcon_core.shell:Creating environment descriptor '/home/hee/ros2_ws/install/msg_interface/share/msg_interface/hook/cmake_prefix_path.dsv'
[9.176s] INFO:colcon.colcon_core.shell:Creating environment hook '/home/hee/ros2_ws/install/msg_interface/share/msg_interface/hook/cmake_prefix_path.sh'
[9.177s] Level 1:colcon.colcon_core.environment:checking '/home/hee/ros2_ws/install/msg_interface/lib'
[9.177s] Level 1:colcon.colcon_core.shell:create_environment_hook('msg_interface', 'ld_library_path_lib')
[9.201s] INFO:colcon.colcon_core.shell:Creating environment hook '/home/hee/ros2_ws/install/msg_interface/share/msg_interface/hook/ld_library_path_lib.ps1'
[9.201s] INFO:colcon.colcon_core.shell:Creating environment descriptor '/home/hee/ros2_ws/install/msg_interface/share/msg_interface/hook/ld_library_path_lib.dsv'
[9.201s] INFO:colcon.colcon_core.shell:Creating environment hook '/home/hee/ros2_ws/install/msg_interface/share/msg_interface/hook/ld_library_path_lib.sh'
[9.202s] Level 1:colcon.colcon_core.environment:checking '/home/hee/ros2_ws/install/msg_interface/bin'
[9.202s] Level 1:colcon.colcon_core.environment:checking '/home/hee/ros2_ws/install/msg_interface/lib/pkgconfig/msg_interface.pc'
[9.202s] Level 1:colcon.colcon_core.environment:checking '/home/hee/ros2_ws/install/msg_interface/lib/python3.10/site-packages'
[9.203s] Level 1:colcon.colcon_core.environment:checking '/home/hee/ros2_ws/install/msg_interface/bin'
[9.227s] INFO:colcon.colcon_core.shell:Creating package script '/home/hee/ros2_ws/install/msg_interface/share/msg_interface/package.ps1'
[9.228s] INFO:colcon.colcon_core.shell:Creating package descriptor '/home/hee/ros2_ws/install/msg_interface/share/msg_interface/package.dsv'
[9.229s] INFO:colcon.colcon_core.shell:Creating package script '/home/hee/ros2_ws/install/msg_interface/share/msg_interface/package.sh'
[9.230s] INFO:colcon.colcon_core.shell:Creating package script '/home/hee/ros2_ws/install/msg_interface/share/msg_interface/package.bash'
[9.230s] INFO:colcon.colcon_core.shell:Creating package script '/home/hee/ros2_ws/install/msg_interface/share/msg_interface/package.zsh'
[9.231s] Level 1:colcon.colcon_core.environment:create_file_with_runtime_dependencies(/home/hee/ros2_ws/install/msg_interface/share/colcon-core/packages/msg_interface)
[9.401s] Level 1:colcon.colcon_core.environment:create_environment_scripts_only(msg_interface)
[9.424s] Level 1:colcon.colcon_core.environment:checking '/home/hee/ros2_ws/install/msg_interface' for CMake module files
[9.425s] Level 1:colcon.colcon_core.environment:checking '/home/hee/ros2_ws/install/msg_interface' for CMake config files
[9.426s] Level 1:colcon.colcon_core.shell:create_environment_hook('msg_interface', 'cmake_prefix_path')
[9.449s] INFO:colcon.colcon_core.shell:Creating environment hook '/home/hee/ros2_ws/install/msg_interface/share/msg_interface/hook/cmake_prefix_path.ps1'
[9.450s] INFO:colcon.colcon_core.shell:Creating environment descriptor '/home/hee/ros2_ws/install/msg_interface/share/msg_interface/hook/cmake_prefix_path.dsv'
[9.450s] INFO:colcon.colcon_core.shell:Creating environment hook '/home/hee/ros2_ws/install/msg_interface/share/msg_interface/hook/cmake_prefix_path.sh'
[9.451s] Level 1:colcon.colcon_core.environment:checking '/home/hee/ros2_ws/install/msg_interface/lib'
[9.451s] Level 1:colcon.colcon_core.shell:create_environment_hook('msg_interface', 'ld_library_path_lib')
[9.475s] INFO:colcon.colcon_core.shell:Creating environment hook '/home/hee/ros2_ws/install/msg_interface/share/msg_interface/hook/ld_library_path_lib.ps1'
[9.476s] INFO:colcon.colcon_core.shell:Creating environment descriptor '/home/hee/ros2_ws/install/msg_interface/share/msg_interface/hook/ld_library_path_lib.dsv'
[9.476s] INFO:colcon.colcon_core.shell:Creating environment hook '/home/hee/ros2_ws/install/msg_interface/share/msg_interface/hook/ld_library_path_lib.sh'
[9.477s] Level 1:colcon.colcon_core.environment:checking '/home/hee/ros2_ws/install/msg_interface/bin'
[9.477s] Level 1:colcon.colcon_core.environment:checking '/home/hee/ros2_ws/install/msg_interface/lib/pkgconfig/msg_interface.pc'
[9.477s] Level 1:colcon.colcon_core.environment:checking '/home/hee/ros2_ws/install/msg_interface/lib/python3.10/site-packages'
[9.478s] Level 1:colcon.colcon_core.environment:checking '/home/hee/ros2_ws/install/msg_interface/bin'
[9.503s] INFO:colcon.colcon_core.shell:Creating package script '/home/hee/ros2_ws/install/msg_interface/share/msg_interface/package.ps1'
[9.504s] INFO:colcon.colcon_core.shell:Creating package descriptor '/home/hee/ros2_ws/install/msg_interface/share/msg_interface/package.dsv'
[9.505s] INFO:colcon.colcon_core.shell:Creating package script '/home/hee/ros2_ws/install/msg_interface/share/msg_interface/package.sh'
[9.506s] INFO:colcon.colcon_core.shell:Creating package script '/home/hee/ros2_ws/install/msg_interface/share/msg_interface/package.bash'
[9.506s] INFO:colcon.colcon_core.shell:Creating package script '/home/hee/ros2_ws/install/msg_interface/share/msg_interface/package.zsh'
[9.507s] Level 1:colcon.colcon_core.environment:create_file_with_runtime_dependencies(/home/hee/ros2_ws/install/msg_interface/share/colcon-core/packages/msg_interface)
[9.507s] DEBUG:colcon.colcon_parallel_executor.executor.parallel:closing loop
[9.507s] DEBUG:colcon.colcon_parallel_executor.executor.parallel:loop closed
[9.507s] DEBUG:colcon.colcon_parallel_executor.executor.parallel:run_until_complete finished with '0'
[9.508s] DEBUG:colcon.colcon_core.event_reactor:joining thread
[9.537s] INFO:colcon.colcon_core.plugin_system:Skipping extension 'colcon_notification.desktop_notification.terminal_notifier': Not used on non-Darwin systems
[9.538s] INFO:colcon.colcon_core.plugin_system:Skipping extension 'colcon_notification.desktop_notification.win32': Not used on non-Windows systems
[9.538s] INFO:colcon.colcon_notification.desktop_notification:Sending desktop notification using 'notify2'
[9.553s] DEBUG:colcon.colcon_core.event_reactor:joined thread
[9.577s] INFO:colcon.colcon_core.shell:Creating prefix script '/home/hee/ros2_ws/install/local_setup.ps1'
[9.579s] INFO:colcon.colcon_core.shell:Creating prefix util module '/home/hee/ros2_ws/install/_local_setup_util_ps1.py'
[9.580s] INFO:colcon.colcon_core.shell:Creating prefix chain script '/home/hee/ros2_ws/install/setup.ps1'
[9.606s] INFO:colcon.colcon_core.shell:Creating prefix script '/home/hee/ros2_ws/install/local_setup.sh'
[9.607s] INFO:colcon.colcon_core.shell:Creating prefix util module '/home/hee/ros2_ws/install/_local_setup_util_sh.py'
[9.607s] INFO:colcon.colcon_core.shell:Creating prefix chain script '/home/hee/ros2_ws/install/setup.sh'
[9.632s] INFO:colcon.colcon_core.shell:Creating prefix script '/home/hee/ros2_ws/install/local_setup.bash'
[9.633s] INFO:colcon.colcon_core.shell:Creating prefix chain script '/home/hee/ros2_ws/install/setup.bash'
[9.658s] INFO:colcon.colcon_core.shell:Creating prefix script '/home/hee/ros2_ws/install/local_setup.zsh'
[9.658s] INFO:colcon.colcon_core.shell:Creating prefix chain script '/home/hee/ros2_ws/install/setup.zsh'
