/home/hee/ros2_ws/install/service/lib/python3.10/site-packages/service/add2intclient.py
/home/hee/ros2_ws/install/service/lib/python3.10/site-packages/service/add2int_client_no_oops.py
/home/hee/ros2_ws/install/service/lib/python3.10/site-packages/service/__init__.py
/home/hee/ros2_ws/install/service/lib/python3.10/site-packages/service/add_2_int.py
/home/hee/ros2_ws/install/service/lib/python3.10/site-packages/service/__pycache__/add2intclient.cpython-310.pyc
/home/hee/ros2_ws/install/service/lib/python3.10/site-packages/service/__pycache__/add2int_client_no_oops.cpython-310.pyc
/home/hee/ros2_ws/install/service/lib/python3.10/site-packages/service/__pycache__/__init__.cpython-310.pyc
/home/hee/ros2_ws/install/service/lib/python3.10/site-packages/service/__pycache__/add_2_int.cpython-310.pyc
/home/hee/ros2_ws/install/service/share/ament_index/resource_index/packages/service
/home/hee/ros2_ws/install/service/share/service/package.xml
/home/hee/ros2_ws/install/service/lib/python3.10/site-packages/service-0.0.0-py3.10.egg-info/dependency_links.txt
/home/hee/ros2_ws/install/service/lib/python3.10/site-packages/service-0.0.0-py3.10.egg-info/requires.txt
/home/hee/ros2_ws/install/service/lib/python3.10/site-packages/service-0.0.0-py3.10.egg-info/PKG-INFO
/home/hee/ros2_ws/install/service/lib/python3.10/site-packages/service-0.0.0-py3.10.egg-info/SOURCES.txt
/home/hee/ros2_ws/install/service/lib/python3.10/site-packages/service-0.0.0-py3.10.egg-info/zip-safe
/home/hee/ros2_ws/install/service/lib/python3.10/site-packages/service-0.0.0-py3.10.egg-info/top_level.txt
/home/hee/ros2_ws/install/service/lib/python3.10/site-packages/service-0.0.0-py3.10.egg-info/entry_points.txt
/home/hee/ros2_ws/install/service/lib/service/add2int_client_no_oops
/home/hee/ros2_ws/install/service/lib/service/add2intclient
/home/hee/ros2_ws/install/service/lib/service/add_2_int
