[1.748s] Invoking command in '/home/hee/ros2_ws/src/build/activity_002': PYTHONPATH=/home/hee/ros2_ws/src/build/activity_002/prefix_override:/home/hee/ros2_ws/src/install/activity_002/lib/python3.10/site-packages:${PYTHONPATH} /usr/bin/python3 setup.py develop --editable --build-directory /home/hee/ros2_ws/src/build/activity_002/build --no-deps install_data
[2.142s] running develop
[2.142s] /usr/lib/python3/dist-packages/setuptools/command/easy_install.py:158: EasyInstallDeprecationWarning: easy_install command is deprecated. Use build and pip and other standards-based tools.
[2.142s]   warnings.warn(
[2.144s] /usr/lib/python3/dist-packages/setuptools/command/install.py:34: SetuptoolsDeprecationWarning: setup.py install is deprecated. Use build and pip and other standards-based tools.
[2.144s]   warnings.warn(
[2.398s] running egg_info
[2.398s] writing activity_002.egg-info/PKG-INFO
[2.398s] writing dependency_links to activity_002.egg-info/dependency_links.txt
[2.398s] writing entry points to activity_002.egg-info/entry_points.txt
[2.399s] writing requirements to activity_002.egg-info/requires.txt
[2.399s] writing top-level names to activity_002.egg-info/top_level.txt
[2.401s] reading manifest file 'activity_002.egg-info/SOURCES.txt'
[2.402s] writing manifest file 'activity_002.egg-info/SOURCES.txt'
[2.404s] running build_ext
[2.404s] Creating /home/hee/ros2_ws/src/install/activity_002/lib/python3.10/site-packages/activity-002.egg-link (link to .)
[2.405s] Installing num_pub script to /home/hee/ros2_ws/src/install/activity_002/lib/activity_002
[2.405s] 
[2.406s] Installed /home/hee/ros2_ws/src/build/activity_002
[2.406s] running install_data
[2.444s] Invoked command in '/home/hee/ros2_ws/src/build/activity_002' returned '0': PYTHONPATH=/home/hee/ros2_ws/src/build/activity_002/prefix_override:/home/hee/ros2_ws/src/install/activity_002/lib/python3.10/site-packages:${PYTHONPATH} /usr/bin/python3 setup.py develop --editable --build-directory /home/hee/ros2_ws/src/build/activity_002/build --no-deps install_data
