[1.667s] DEBUG:colcon:Command line arguments: ['/usr/bin/colcon', 'build', '--packages-select', 'activity_002', 'ct']
[1.667s] DEBUG:colcon:Parsed command line arguments: Namespace(log_base=None, log_level=None, verb_name='build', build_base='build', install_base='install', merge_install=False, symlink_install=False, test_result_base=None, continue_on_error=False, executor='parallel', parallel_workers=8, event_handlers=None, ignore_user_meta=False, metas=['./colcon.meta'], base_paths=['.'], packages_ignore=None, packages_ignore_regex=None, paths=None, packages_up_to=None, packages_up_to_regex=None, packages_above=None, packages_above_and_dependencies=None, packages_above_depth=None, packages_select_by_dep=None, packages_skip_by_dep=None, packages_skip_up_to=None, packages_select_build_failed=False, packages_skip_build_finished=False, packages_select_test_failures=False, packages_skip_test_passed=False, packages_select=['activity_002', 'ct'], packages_skip=None, packages_select_regex=None, packages_skip_regex=None, packages_start=None, packages_end=None, allow_overriding=[], cmake_args=None, cmake_target=None, cmake_target_skip_unavailable=False, cmake_clean_cache=False, cmake_clean_first=False, cmake_force_configure=False, ament_cmake_args=None, catkin_cmake_args=None, catkin_skip_building_tests=False, verb_parser=<colcon_defaults.argument_parser.defaults.DefaultArgumentsDecorator object at 0x7f0dbf7b2650>, verb_extension=<colcon_core.verb.build.BuildVerb object at 0x7f0dbf77fca0>, main=<bound method BuildVerb.main of <colcon_core.verb.build.BuildVerb object at 0x7f0dbf77fca0>>)
[1.740s] Level 1:colcon.colcon_core.package_discovery:discover_packages(colcon_meta) check parameters
[1.740s] Level 1:colcon.colcon_core.package_discovery:discover_packages(recursive) check parameters
[1.740s] Level 1:colcon.colcon_core.package_discovery:discover_packages(ignore) check parameters
[1.740s] Level 1:colcon.colcon_core.package_discovery:discover_packages(path) check parameters
[1.741s] Level 1:colcon.colcon_core.package_discovery:discover_packages(colcon_meta) discover
[1.741s] Level 1:colcon.colcon_core.package_discovery:discover_packages(recursive) discover
[1.741s] INFO:colcon.colcon_core.package_discovery:Crawling recursively for packages in '/home/hee/ros2_ws/src'
[1.741s] Level 1:colcon.colcon_core.package_identification:_identify(.) by extensions ['ignore', 'ignore_ament_install']
[1.741s] Level 1:colcon.colcon_core.package_identification:_identify(.) by extension 'ignore'
[1.741s] Level 1:colcon.colcon_core.package_identification:_identify(.) by extension 'ignore_ament_install'
[1.741s] Level 1:colcon.colcon_core.package_identification:_identify(.) by extensions ['colcon_pkg']
[1.741s] Level 1:colcon.colcon_core.package_identification:_identify(.) by extension 'colcon_pkg'
[1.741s] Level 1:colcon.colcon_core.package_identification:_identify(.) by extensions ['colcon_meta']
[1.741s] Level 1:colcon.colcon_core.package_identification:_identify(.) by extension 'colcon_meta'
[1.741s] Level 1:colcon.colcon_core.package_identification:_identify(.) by extensions ['ros']
[1.741s] Level 1:colcon.colcon_core.package_identification:_identify(.) by extension 'ros'
[1.758s] Level 1:colcon.colcon_core.package_identification:_identify(.) by extensions ['cmake', 'python']
[1.758s] Level 1:colcon.colcon_core.package_identification:_identify(.) by extension 'cmake'
[1.758s] Level 1:colcon.colcon_core.package_identification:_identify(.) by extension 'python'
[1.758s] Level 1:colcon.colcon_core.package_identification:_identify(.) by extensions ['python_setup_py']
[1.758s] Level 1:colcon.colcon_core.package_identification:_identify(.) by extension 'python_setup_py'
[1.758s] Level 1:colcon.colcon_core.package_identification:_identify(activity_002) by extensions ['ignore', 'ignore_ament_install']
[1.758s] Level 1:colcon.colcon_core.package_identification:_identify(activity_002) by extension 'ignore'
[1.758s] Level 1:colcon.colcon_core.package_identification:_identify(activity_002) by extension 'ignore_ament_install'
[1.758s] Level 1:colcon.colcon_core.package_identification:_identify(activity_002) by extensions ['colcon_pkg']
[1.759s] Level 1:colcon.colcon_core.package_identification:_identify(activity_002) by extension 'colcon_pkg'
[1.759s] Level 1:colcon.colcon_core.package_identification:_identify(activity_002) by extensions ['colcon_meta']
[1.759s] Level 1:colcon.colcon_core.package_identification:_identify(activity_002) by extension 'colcon_meta'
[1.759s] Level 1:colcon.colcon_core.package_identification:_identify(activity_002) by extensions ['ros']
[1.759s] Level 1:colcon.colcon_core.package_identification:_identify(activity_002) by extension 'ros'
[1.762s] DEBUG:colcon.colcon_core.package_identification:Package 'activity_002' with type 'ros.ament_python' and name 'activity_002'
[1.762s] Level 1:colcon.colcon_core.package_identification:_identify(build) by extensions ['ignore', 'ignore_ament_install']
[1.763s] Level 1:colcon.colcon_core.package_identification:_identify(build) by extension 'ignore'
[1.763s] Level 1:colcon.colcon_core.package_identification:_identify(build) ignored
[1.763s] Level 1:colcon.colcon_core.package_identification:_identify(install) by extensions ['ignore', 'ignore_ament_install']
[1.763s] Level 1:colcon.colcon_core.package_identification:_identify(install) by extension 'ignore'
[1.763s] Level 1:colcon.colcon_core.package_identification:_identify(install) ignored
[1.763s] Level 1:colcon.colcon_core.package_identification:_identify(log) by extensions ['ignore', 'ignore_ament_install']
[1.763s] Level 1:colcon.colcon_core.package_identification:_identify(log) by extension 'ignore'
[1.764s] Level 1:colcon.colcon_core.package_identification:_identify(log) ignored
[1.764s] Level 1:colcon.colcon_core.package_identification:_identify(msg_interface) by extensions ['ignore', 'ignore_ament_install']
[1.764s] Level 1:colcon.colcon_core.package_identification:_identify(msg_interface) by extension 'ignore'
[1.764s] Level 1:colcon.colcon_core.package_identification:_identify(msg_interface) by extension 'ignore_ament_install'
[1.764s] Level 1:colcon.colcon_core.package_identification:_identify(msg_interface) by extensions ['colcon_pkg']
[1.764s] Level 1:colcon.colcon_core.package_identification:_identify(msg_interface) by extension 'colcon_pkg'
[1.764s] Level 1:colcon.colcon_core.package_identification:_identify(msg_interface) by extensions ['colcon_meta']
[1.764s] Level 1:colcon.colcon_core.package_identification:_identify(msg_interface) by extension 'colcon_meta'
[1.764s] Level 1:colcon.colcon_core.package_identification:_identify(msg_interface) by extensions ['ros']
[1.764s] Level 1:colcon.colcon_core.package_identification:_identify(msg_interface) by extension 'ros'
[1.765s] DEBUG:colcon.colcon_core.package_identification:Package 'msg_interface' with type 'ros.ament_cmake' and name 'msg_interface'
[1.765s] Level 1:colcon.colcon_core.package_identification:_identify(robot_controller) by extensions ['ignore', 'ignore_ament_install']
[1.765s] Level 1:colcon.colcon_core.package_identification:_identify(robot_controller) by extension 'ignore'
[1.765s] Level 1:colcon.colcon_core.package_identification:_identify(robot_controller) by extension 'ignore_ament_install'
[1.765s] Level 1:colcon.colcon_core.package_identification:_identify(robot_controller) by extensions ['colcon_pkg']
[1.765s] Level 1:colcon.colcon_core.package_identification:_identify(robot_controller) by extension 'colcon_pkg'
[1.766s] Level 1:colcon.colcon_core.package_identification:_identify(robot_controller) by extensions ['colcon_meta']
[1.766s] Level 1:colcon.colcon_core.package_identification:_identify(robot_controller) by extension 'colcon_meta'
[1.766s] Level 1:colcon.colcon_core.package_identification:_identify(robot_controller) by extensions ['ros']
[1.766s] Level 1:colcon.colcon_core.package_identification:_identify(robot_controller) by extension 'ros'
[1.767s] DEBUG:colcon.colcon_core.package_identification:Package 'robot_controller' with type 'ros.ament_python' and name 'robot_controller'
[1.767s] Level 1:colcon.colcon_core.package_identification:_identify(service) by extensions ['ignore', 'ignore_ament_install']
[1.767s] Level 1:colcon.colcon_core.package_identification:_identify(service) by extension 'ignore'
[1.767s] Level 1:colcon.colcon_core.package_identification:_identify(service) by extension 'ignore_ament_install'
[1.767s] Level 1:colcon.colcon_core.package_identification:_identify(service) by extensions ['colcon_pkg']
[1.767s] Level 1:colcon.colcon_core.package_identification:_identify(service) by extension 'colcon_pkg'
[1.767s] Level 1:colcon.colcon_core.package_identification:_identify(service) by extensions ['colcon_meta']
[1.767s] Level 1:colcon.colcon_core.package_identification:_identify(service) by extension 'colcon_meta'
[1.767s] Level 1:colcon.colcon_core.package_identification:_identify(service) by extensions ['ros']
[1.767s] Level 1:colcon.colcon_core.package_identification:_identify(service) by extension 'ros'
[1.768s] DEBUG:colcon.colcon_core.package_identification:Package 'service' with type 'ros.ament_python' and name 'service'
[1.768s] Level 1:colcon.colcon_core.package_discovery:discover_packages(recursive) using defaults
[1.768s] Level 1:colcon.colcon_core.package_discovery:discover_packages(ignore) discover
[1.768s] Level 1:colcon.colcon_core.package_discovery:discover_packages(ignore) using defaults
[1.769s] Level 1:colcon.colcon_core.package_discovery:discover_packages(path) discover
[1.769s] Level 1:colcon.colcon_core.package_discovery:discover_packages(path) using defaults
[1.794s] WARNING:colcon.colcon_core.package_selection:ignoring unknown package 'ct' in --packages-select
[1.870s] INFO:colcon.colcon_core.package_selection:Skipping not selected package 'msg_interface' in 'msg_interface'
[1.870s] INFO:colcon.colcon_core.package_selection:Skipping not selected package 'robot_controller' in 'robot_controller'
[1.870s] INFO:colcon.colcon_core.package_selection:Skipping not selected package 'service' in 'service'
[1.917s] Level 1:colcon.colcon_core.package_discovery:discover_packages(prefix_path) check parameters
[1.917s] Level 1:colcon.colcon_core.package_discovery:discover_packages(prefix_path) discover
[1.943s] WARNING:colcon.colcon_ros.prefix_path.ament:The path '/home/hee/ros2_ws/install/Activity_002' in the environment variable AMENT_PREFIX_PATH doesn't exist
[1.968s] DEBUG:colcon.colcon_installed_package_information.package_discovery:Found 4 installed packages in /home/hee/ros2_ws/install
[1.997s] DEBUG:colcon.colcon_installed_package_information.package_discovery:Found 270 installed packages in /opt/ros/humble
[1.999s] Level 1:colcon.colcon_core.package_discovery:discover_packages(prefix_path) using defaults
[2.154s] Level 5:colcon.colcon_core.verb:set package 'activity_002' build argument 'cmake_args' from command line to 'None'
[2.154s] Level 5:colcon.colcon_core.verb:set package 'activity_002' build argument 'cmake_target' from command line to 'None'
[2.154s] Level 5:colcon.colcon_core.verb:set package 'activity_002' build argument 'cmake_target_skip_unavailable' from command line to 'False'
[2.154s] Level 5:colcon.colcon_core.verb:set package 'activity_002' build argument 'cmake_clean_cache' from command line to 'False'
[2.154s] Level 5:colcon.colcon_core.verb:set package 'activity_002' build argument 'cmake_clean_first' from command line to 'False'
[2.154s] Level 5:colcon.colcon_core.verb:set package 'activity_002' build argument 'cmake_force_configure' from command line to 'False'
[2.155s] Level 5:colcon.colcon_core.verb:set package 'activity_002' build argument 'ament_cmake_args' from command line to 'None'
[2.155s] Level 5:colcon.colcon_core.verb:set package 'activity_002' build argument 'catkin_cmake_args' from command line to 'None'
[2.155s] Level 5:colcon.colcon_core.verb:set package 'activity_002' build argument 'catkin_skip_building_tests' from command line to 'False'
[2.155s] DEBUG:colcon.colcon_core.verb:Building package 'activity_002' with the following arguments: {'ament_cmake_args': None, 'build_base': '/home/hee/ros2_ws/src/build/activity_002', 'catkin_cmake_args': None, 'catkin_skip_building_tests': False, 'cmake_args': None, 'cmake_clean_cache': False, 'cmake_clean_first': False, 'cmake_force_configure': False, 'cmake_target': None, 'cmake_target_skip_unavailable': False, 'install_base': '/home/hee/ros2_ws/src/install/activity_002', 'merge_install': False, 'path': '/home/hee/ros2_ws/src/activity_002', 'symlink_install': False, 'test_result_base': None}
[2.179s] INFO:colcon.colcon_core.executor:Executing jobs using 'parallel' executor
[2.204s] DEBUG:colcon.colcon_parallel_executor.executor.parallel:run_until_complete
[2.205s] INFO:colcon.colcon_ros.task.ament_python.build:Building ROS package in '/home/hee/ros2_ws/src/activity_002' with build type 'ament_python'
[2.205s] Level 1:colcon.colcon_core.shell:create_environment_hook('activity_002', 'ament_prefix_path')
[2.232s] INFO:colcon.colcon_core.plugin_system:Skipping extension 'colcon_core.shell.bat': Not used on non-Windows systems
[2.232s] INFO:colcon.colcon_core.shell:Creating environment hook '/home/hee/ros2_ws/src/install/activity_002/share/activity_002/hook/ament_prefix_path.ps1'
[2.233s] INFO:colcon.colcon_core.shell:Creating environment descriptor '/home/hee/ros2_ws/src/install/activity_002/share/activity_002/hook/ament_prefix_path.dsv'
[2.233s] INFO:colcon.colcon_core.shell:Creating environment hook '/home/hee/ros2_ws/src/install/activity_002/share/activity_002/hook/ament_prefix_path.sh'
[2.262s] INFO:colcon.colcon_core.shell:Skip shell extension 'powershell' for command environment: Not usable outside of PowerShell
[2.262s] DEBUG:colcon.colcon_core.shell:Skip shell extension 'dsv' for command environment
[2.758s] INFO:colcon.colcon_core.task.python.build:Building Python package in '/home/hee/ros2_ws/src/activity_002'
[2.782s] INFO:colcon.colcon_core.shell:Skip shell extension 'powershell' for command environment: Not usable outside of PowerShell
[2.782s] DEBUG:colcon.colcon_core.shell:Skip shell extension 'dsv' for command environment
[3.417s] DEBUG:colcon.colcon_core.event_handler.log_command:Invoking command in '/home/hee/ros2_ws/src/activity_002': PYTHONPATH=/home/hee/ros2_ws/src/build/activity_002/prefix_override:/home/hee/ros2_ws/src/install/activity_002/lib/python3.10/site-packages:${PYTHONPATH} /usr/bin/python3 setup.py egg_info --egg-base ../build/activity_002 build --build-base /home/hee/ros2_ws/src/build/activity_002/build install --record /home/hee/ros2_ws/src/build/activity_002/install.log --single-version-externally-managed
[3.894s] DEBUG:colcon.colcon_core.event_handler.log_command:Invoked command in '/home/hee/ros2_ws/src/activity_002' returned '0': PYTHONPATH=/home/hee/ros2_ws/src/build/activity_002/prefix_override:/home/hee/ros2_ws/src/install/activity_002/lib/python3.10/site-packages:${PYTHONPATH} /usr/bin/python3 setup.py egg_info --egg-base ../build/activity_002 build --build-base /home/hee/ros2_ws/src/build/activity_002/build install --record /home/hee/ros2_ws/src/build/activity_002/install.log --single-version-externally-managed
[3.922s] Level 1:colcon.colcon_core.environment:checking '/home/hee/ros2_ws/src/install/activity_002' for CMake module files
[3.923s] Level 1:colcon.colcon_core.environment:checking '/home/hee/ros2_ws/src/install/activity_002' for CMake config files
[3.924s] Level 1:colcon.colcon_core.environment:checking '/home/hee/ros2_ws/src/install/activity_002/lib'
[3.924s] Level 1:colcon.colcon_core.environment:checking '/home/hee/ros2_ws/src/install/activity_002/bin'
[3.924s] Level 1:colcon.colcon_core.environment:checking '/home/hee/ros2_ws/src/install/activity_002/lib/pkgconfig/activity_002.pc'
[3.925s] Level 1:colcon.colcon_core.environment:checking '/home/hee/ros2_ws/src/install/activity_002/lib/python3.10/site-packages'
[3.925s] Level 1:colcon.colcon_core.shell:create_environment_hook('activity_002', 'pythonpath')
[3.949s] INFO:colcon.colcon_core.shell:Creating environment hook '/home/hee/ros2_ws/src/install/activity_002/share/activity_002/hook/pythonpath.ps1'
[3.949s] INFO:colcon.colcon_core.shell:Creating environment descriptor '/home/hee/ros2_ws/src/install/activity_002/share/activity_002/hook/pythonpath.dsv'
[3.950s] INFO:colcon.colcon_core.shell:Creating environment hook '/home/hee/ros2_ws/src/install/activity_002/share/activity_002/hook/pythonpath.sh'
[3.950s] Level 1:colcon.colcon_core.environment:checking '/home/hee/ros2_ws/src/install/activity_002/bin'
[3.950s] Level 1:colcon.colcon_core.environment:create_environment_scripts_only(activity_002)
[3.974s] INFO:colcon.colcon_core.shell:Creating package script '/home/hee/ros2_ws/src/install/activity_002/share/activity_002/package.ps1'
[3.976s] INFO:colcon.colcon_core.shell:Creating package descriptor '/home/hee/ros2_ws/src/install/activity_002/share/activity_002/package.dsv'
[3.976s] INFO:colcon.colcon_core.shell:Creating package script '/home/hee/ros2_ws/src/install/activity_002/share/activity_002/package.sh'
[3.977s] INFO:colcon.colcon_core.shell:Creating package script '/home/hee/ros2_ws/src/install/activity_002/share/activity_002/package.bash'
[3.978s] INFO:colcon.colcon_core.shell:Creating package script '/home/hee/ros2_ws/src/install/activity_002/share/activity_002/package.zsh'
[3.979s] Level 1:colcon.colcon_core.environment:create_file_with_runtime_dependencies(/home/hee/ros2_ws/src/install/activity_002/share/colcon-core/packages/activity_002)
[3.979s] DEBUG:colcon.colcon_parallel_executor.executor.parallel:closing loop
[3.980s] DEBUG:colcon.colcon_parallel_executor.executor.parallel:loop closed
[3.980s] DEBUG:colcon.colcon_parallel_executor.executor.parallel:run_until_complete finished with '0'
[3.980s] DEBUG:colcon.colcon_core.event_reactor:joining thread
[4.016s] INFO:colcon.colcon_core.plugin_system:Skipping extension 'colcon_notification.desktop_notification.terminal_notifier': Not used on non-Darwin systems
[4.016s] INFO:colcon.colcon_core.plugin_system:Skipping extension 'colcon_notification.desktop_notification.win32': Not used on non-Windows systems
[4.016s] INFO:colcon.colcon_notification.desktop_notification:Sending desktop notification using 'notify2'
[4.031s] DEBUG:colcon.colcon_core.event_reactor:joined thread
[4.056s] INFO:colcon.colcon_core.shell:Creating prefix script '/home/hee/ros2_ws/src/install/local_setup.ps1'
[4.057s] INFO:colcon.colcon_core.shell:Creating prefix util module '/home/hee/ros2_ws/src/install/_local_setup_util_ps1.py'
[4.059s] INFO:colcon.colcon_core.shell:Creating prefix chain script '/home/hee/ros2_ws/src/install/setup.ps1'
[4.087s] INFO:colcon.colcon_core.shell:Creating prefix script '/home/hee/ros2_ws/src/install/local_setup.sh'
[4.088s] INFO:colcon.colcon_core.shell:Creating prefix util module '/home/hee/ros2_ws/src/install/_local_setup_util_sh.py'
[4.089s] INFO:colcon.colcon_core.shell:Creating prefix chain script '/home/hee/ros2_ws/src/install/setup.sh'
[4.119s] INFO:colcon.colcon_core.shell:Creating prefix script '/home/hee/ros2_ws/src/install/local_setup.bash'
[4.120s] INFO:colcon.colcon_core.shell:Creating prefix chain script '/home/hee/ros2_ws/src/install/setup.bash'
[4.150s] INFO:colcon.colcon_core.shell:Creating prefix script '/home/hee/ros2_ws/src/install/local_setup.zsh'
[4.151s] INFO:colcon.colcon_core.shell:Creating prefix chain script '/home/hee/ros2_ws/src/install/setup.zsh'
