/home/hee/ros2_ws/src/install/robot_controller/lib/python3.10/site-packages/robot_controller/pose_sub.py
/home/hee/ros2_ws/src/install/robot_controller/lib/python3.10/site-packages/robot_controller/draw_circle.py
/home/hee/ros2_ws/src/install/robot_controller/lib/python3.10/site-packages/robot_controller/my_first_node.py
/home/hee/ros2_ws/src/install/robot_controller/lib/python3.10/site-packages/robot_controller/pub_sub.py
/home/hee/ros2_ws/src/install/robot_controller/lib/python3.10/site-packages/robot_controller/__init__.py
/home/hee/ros2_ws/src/install/robot_controller/lib/python3.10/site-packages/robot_controller/__pycache__/pose_sub.cpython-310.pyc
/home/hee/ros2_ws/src/install/robot_controller/lib/python3.10/site-packages/robot_controller/__pycache__/draw_circle.cpython-310.pyc
/home/hee/ros2_ws/src/install/robot_controller/lib/python3.10/site-packages/robot_controller/__pycache__/my_first_node.cpython-310.pyc
/home/hee/ros2_ws/src/install/robot_controller/lib/python3.10/site-packages/robot_controller/__pycache__/pub_sub.cpython-310.pyc
/home/hee/ros2_ws/src/install/robot_controller/lib/python3.10/site-packages/robot_controller/__pycache__/__init__.cpython-310.pyc
/home/hee/ros2_ws/src/install/robot_controller/share/ament_index/resource_index/packages/robot_controller
/home/hee/ros2_ws/src/install/robot_controller/share/robot_controller/package.xml
/home/hee/ros2_ws/src/install/robot_controller/lib/python3.10/site-packages/robot_controller-0.0.0-py3.10.egg-info/dependency_links.txt
/home/hee/ros2_ws/src/install/robot_controller/lib/python3.10/site-packages/robot_controller-0.0.0-py3.10.egg-info/requires.txt
/home/hee/ros2_ws/src/install/robot_controller/lib/python3.10/site-packages/robot_controller-0.0.0-py3.10.egg-info/PKG-INFO
/home/hee/ros2_ws/src/install/robot_controller/lib/python3.10/site-packages/robot_controller-0.0.0-py3.10.egg-info/SOURCES.txt
/home/hee/ros2_ws/src/install/robot_controller/lib/python3.10/site-packages/robot_controller-0.0.0-py3.10.egg-info/zip-safe
/home/hee/ros2_ws/src/install/robot_controller/lib/python3.10/site-packages/robot_controller-0.0.0-py3.10.egg-info/top_level.txt
/home/hee/ros2_ws/src/install/robot_controller/lib/python3.10/site-packages/robot_controller-0.0.0-py3.10.egg-info/entry_points.txt
/home/hee/ros2_ws/src/install/robot_controller/lib/robot_controller/draw_circle
/home/hee/ros2_ws/src/install/robot_controller/lib/robot_controller/pose_sub
/home/hee/ros2_ws/src/install/robot_controller/lib/robot_controller/pub_sub
/home/hee/ros2_ws/src/install/robot_controller/lib/robot_controller/test_node
