running develop
Removing /home/hee/ros2_ws/src/install/robot_controller/lib/python3.10/site-packages/robot-controller.egg-link (link to .)
running egg_info
writing ../build/robot_controller/robot_controller.egg-info/PKG-INFO
writing dependency_links to ../build/robot_controller/robot_controller.egg-info/dependency_links.txt
writing entry points to ../build/robot_controller/robot_controller.egg-info/entry_points.txt
writing requirements to ../build/robot_controller/robot_controller.egg-info/requires.txt
writing top-level names to ../build/robot_controller/robot_controller.egg-info/top_level.txt
reading manifest file '../build/robot_controller/robot_controller.egg-info/SOURCES.txt'
writing manifest file '../build/robot_controller/robot_controller.egg-info/SOURCES.txt'
running build
running build_py
running install
running install_lib
creating /home/hee/ros2_ws/src/install/robot_controller/lib/python3.10/site-packages/robot_controller
copying /home/hee/ros2_ws/src/build/robot_controller/build/lib/robot_controller/pose_sub.py -> /home/hee/ros2_ws/src/install/robot_controller/lib/python3.10/site-packages/robot_controller
copying /home/hee/ros2_ws/src/build/robot_controller/build/lib/robot_controller/draw_circle.py -> /home/hee/ros2_ws/src/install/robot_controller/lib/python3.10/site-packages/robot_controller
copying /home/hee/ros2_ws/src/build/robot_controller/build/lib/robot_controller/my_first_node.py -> /home/hee/ros2_ws/src/install/robot_controller/lib/python3.10/site-packages/robot_controller
copying /home/hee/ros2_ws/src/build/robot_controller/build/lib/robot_controller/pub_sub.py -> /home/hee/ros2_ws/src/install/robot_controller/lib/python3.10/site-packages/robot_controller
copying /home/hee/ros2_ws/src/build/robot_controller/build/lib/robot_controller/__init__.py -> /home/hee/ros2_ws/src/install/robot_controller/lib/python3.10/site-packages/robot_controller
copying /home/hee/ros2_ws/src/build/robot_controller/build/lib/robot_controller/Untitled-1.py -> /home/hee/ros2_ws/src/install/robot_controller/lib/python3.10/site-packages/robot_controller
byte-compiling /home/hee/ros2_ws/src/install/robot_controller/lib/python3.10/site-packages/robot_controller/pose_sub.py to pose_sub.cpython-310.pyc
byte-compiling /home/hee/ros2_ws/src/install/robot_controller/lib/python3.10/site-packages/robot_controller/draw_circle.py to draw_circle.cpython-310.pyc
byte-compiling /home/hee/ros2_ws/src/install/robot_controller/lib/python3.10/site-packages/robot_controller/my_first_node.py to my_first_node.cpython-310.pyc
byte-compiling /home/hee/ros2_ws/src/install/robot_controller/lib/python3.10/site-packages/robot_controller/pub_sub.py to pub_sub.cpython-310.pyc
byte-compiling /home/hee/ros2_ws/src/install/robot_controller/lib/python3.10/site-packages/robot_controller/__init__.py to __init__.cpython-310.pyc
byte-compiling /home/hee/ros2_ws/src/install/robot_controller/lib/python3.10/site-packages/robot_controller/Untitled-1.py to Untitled-1.cpython-310.pyc
running install_data
running install_egg_info
Copying ../build/robot_controller/robot_controller.egg-info to /home/hee/ros2_ws/src/install/robot_controller/lib/python3.10/site-packages/robot_controller-0.0.0-py3.10.egg-info
running install_scripts
Installing draw_circle script to /home/hee/ros2_ws/src/install/robot_controller/lib/robot_controller
Installing pose_sub script to /home/hee/ros2_ws/src/install/robot_controller/lib/robot_controller
Installing pub_sub script to /home/hee/ros2_ws/src/install/robot_controller/lib/robot_controller
Installing test_node script to /home/hee/ros2_ws/src/install/robot_controller/lib/robot_controller
writing list of installed files to '/home/hee/ros2_ws/src/build/robot_controller/install.log'
