[1.050s] Invoking command in '/home/hee/ros2_ws/src/robot_controller': PYTHONPATH=/home/hee/ros2_ws/build/robot_controller/prefix_override:/home/hee/ros2_ws/install/robot_controller/lib/python3.10/site-packages:${PYTHONPATH} /usr/bin/python3 setup.py egg_info --egg-base ../../build/robot_controller build --build-base /home/hee/ros2_ws/build/robot_controller/build install --record /home/hee/ros2_ws/build/robot_controller/install.log --single-version-externally-managed
[1.396s] running egg_info
[1.396s] writing ../../build/robot_controller/robot_controller.egg-info/PKG-INFO
[1.397s] writing dependency_links to ../../build/robot_controller/robot_controller.egg-info/dependency_links.txt
[1.397s] writing entry points to ../../build/robot_controller/robot_controller.egg-info/entry_points.txt
[1.397s] writing requirements to ../../build/robot_controller/robot_controller.egg-info/requires.txt
[1.397s] writing top-level names to ../../build/robot_controller/robot_controller.egg-info/top_level.txt
[1.399s] reading manifest file '../../build/robot_controller/robot_controller.egg-info/SOURCES.txt'
[1.401s] writing manifest file '../../build/robot_controller/robot_controller.egg-info/SOURCES.txt'
[1.401s] running build
[1.401s] running build_py
[1.401s] copying robot_controller/my_first_node.py -> /home/hee/ros2_ws/build/robot_controller/build/lib/robot_controller
[1.401s] running install
[1.402s] /usr/lib/python3/dist-packages/setuptools/command/install.py:34: SetuptoolsDeprecationWarning: setup.py install is deprecated. Use build and pip and other standards-based tools.
[1.402s]   warnings.warn(
[1.402s] running install_lib
[1.403s] copying /home/hee/ros2_ws/build/robot_controller/build/lib/robot_controller/my_first_node.py -> /home/hee/ros2_ws/install/robot_controller/lib/python3.10/site-packages/robot_controller
[1.403s] byte-compiling /home/hee/ros2_ws/install/robot_controller/lib/python3.10/site-packages/robot_controller/my_first_node.py to my_first_node.cpython-310.pyc
[1.404s] running install_data
[1.405s] running install_egg_info
[1.407s] removing '/home/hee/ros2_ws/install/robot_controller/lib/python3.10/site-packages/robot_controller-0.0.0-py3.10.egg-info' (and everything under it)
[1.407s] Copying ../../build/robot_controller/robot_controller.egg-info to /home/hee/ros2_ws/install/robot_controller/lib/python3.10/site-packages/robot_controller-0.0.0-py3.10.egg-info
[1.409s] running install_scripts
[1.438s] Installing test_node script to /home/hee/ros2_ws/install/robot_controller/lib/robot_controller
[1.438s] writing list of installed files to '/home/hee/ros2_ws/build/robot_controller/install.log'
[1.468s] Invoked command in '/home/hee/ros2_ws/src/robot_controller' returned '0': PYTHONPATH=/home/hee/ros2_ws/build/robot_controller/prefix_override:/home/hee/ros2_ws/install/robot_controller/lib/python3.10/site-packages:${PYTHONPATH} /usr/bin/python3 setup.py egg_info --egg-base ../../build/robot_controller build --build-base /home/hee/ros2_ws/build/robot_controller/build install --record /home/hee/ros2_ws/build/robot_controller/install.log --single-version-externally-managed
