[1.160s] Invoking command in '/home/hee/ros2_ws/build/service': PYTHONPATH=/home/hee/ros2_ws/build/service/prefix_override:/home/hee/ros2_ws/install/service/lib/python3.10/site-packages:${PYTHONPATH} /usr/bin/python3 setup.py develop --uninstall --editable --build-directory /home/hee/ros2_ws/build/service/build
[1.577s] running develop
[1.841s] Removing /home/hee/ros2_ws/install/service/lib/python3.10/site-packages/service.egg-link (link to .)
[1.875s] Invoked command in '/home/hee/ros2_ws/build/service' returned '0': PYTHONPATH=/home/hee/ros2_ws/build/service/prefix_override:/home/hee/ros2_ws/install/service/lib/python3.10/site-packages:${PYTHONPATH} /usr/bin/python3 setup.py develop --uninstall --editable --build-directory /home/hee/ros2_ws/build/service/build
[1.878s] Invoking command in '/home/hee/ros2_ws/src/service': PYTHONPATH=/home/hee/ros2_ws/build/service/prefix_override:/home/hee/ros2_ws/install/service/lib/python3.10/site-packages:${PYTHONPATH} /usr/bin/python3 setup.py egg_info --egg-base ../../build/service build --build-base /home/hee/ros2_ws/build/service/build install --record /home/hee/ros2_ws/build/service/install.log --single-version-externally-managed
[2.284s] running egg_info
[2.285s] writing ../../build/service/service.egg-info/PKG-INFO
[2.285s] writing dependency_links to ../../build/service/service.egg-info/dependency_links.txt
[2.286s] writing entry points to ../../build/service/service.egg-info/entry_points.txt
[2.286s] writing requirements to ../../build/service/service.egg-info/requires.txt
[2.286s] writing top-level names to ../../build/service/service.egg-info/top_level.txt
[2.288s] reading manifest file '../../build/service/service.egg-info/SOURCES.txt'
[2.289s] writing manifest file '../../build/service/service.egg-info/SOURCES.txt'
[2.290s] running build
[2.290s] running build_py
[2.290s] running install
[2.290s] running install_lib
[2.291s] creating /home/hee/ros2_ws/install/service/lib/python3.10/site-packages/service
[2.292s] copying /home/hee/ros2_ws/build/service/build/lib/service/add2int_client_no_oops.py -> /home/hee/ros2_ws/install/service/lib/python3.10/site-packages/service
[2.292s] copying /home/hee/ros2_ws/build/service/build/lib/service/__init__.py -> /home/hee/ros2_ws/install/service/lib/python3.10/site-packages/service
[2.292s] copying /home/hee/ros2_ws/build/service/build/lib/service/add_2_int.py -> /home/hee/ros2_ws/install/service/lib/python3.10/site-packages/service
[2.292s] byte-compiling /home/hee/ros2_ws/install/service/lib/python3.10/site-packages/service/add2int_client_no_oops.py to add2int_client_no_oops.cpython-310.pyc
[2.293s] byte-compiling /home/hee/ros2_ws/install/service/lib/python3.10/site-packages/service/__init__.py to __init__.cpython-310.pyc
[2.293s] byte-compiling /home/hee/ros2_ws/install/service/lib/python3.10/site-packages/service/add_2_int.py to add_2_int.cpython-310.pyc
[2.294s] running install_data
[2.294s] running install_egg_info
[2.296s] Copying ../../build/service/service.egg-info to /home/hee/ros2_ws/install/service/lib/python3.10/site-packages/service-0.0.0-py3.10.egg-info
[2.298s] running install_scripts
[2.327s] Installing add2int_client_no_oops script to /home/hee/ros2_ws/install/service/lib/service
[2.327s] Installing add_2_int script to /home/hee/ros2_ws/install/service/lib/service
[2.327s] writing list of installed files to '/home/hee/ros2_ws/build/service/install.log'
[2.359s] Invoked command in '/home/hee/ros2_ws/src/service' returned '0': PYTHONPATH=/home/hee/ros2_ws/build/service/prefix_override:/home/hee/ros2_ws/install/service/lib/python3.10/site-packages:${PYTHONPATH} /usr/bin/python3 setup.py egg_info --egg-base ../../build/service build --build-base /home/hee/ros2_ws/build/service/build install --record /home/hee/ros2_ws/build/service/install.log --single-version-externally-managed
