/home/hee/ros2_ws/install/activity_002/lib/python3.10/site-packages/activity_002/battery_node.py
/home/hee/ros2_ws/install/activity_002/lib/python3.10/site-packages/activity_002/num_count.py
/home/hee/ros2_ws/install/activity_002/lib/python3.10/site-packages/activity_002/num_pub.py
/home/hee/ros2_ws/install/activity_002/lib/python3.10/site-packages/activity_002/led_panel.py
/home/hee/ros2_ws/install/activity_002/lib/python3.10/site-packages/activity_002/__init__.py
/home/hee/ros2_ws/install/activity_002/lib/python3.10/site-packages/activity_002/__pycache__/battery_node.cpython-310.pyc
/home/hee/ros2_ws/install/activity_002/lib/python3.10/site-packages/activity_002/__pycache__/num_count.cpython-310.pyc
/home/hee/ros2_ws/install/activity_002/lib/python3.10/site-packages/activity_002/__pycache__/num_pub.cpython-310.pyc
/home/hee/ros2_ws/install/activity_002/lib/python3.10/site-packages/activity_002/__pycache__/led_panel.cpython-310.pyc
/home/hee/ros2_ws/install/activity_002/lib/python3.10/site-packages/activity_002/__pycache__/__init__.cpython-310.pyc
/home/hee/ros2_ws/install/activity_002/share/ament_index/resource_index/packages/activity_002
/home/hee/ros2_ws/install/activity_002/share/activity_002/package.xml
/home/hee/ros2_ws/install/activity_002/lib/python3.10/site-packages/activity_002-0.0.0-py3.10.egg-info/dependency_links.txt
/home/hee/ros2_ws/install/activity_002/lib/python3.10/site-packages/activity_002-0.0.0-py3.10.egg-info/requires.txt
/home/hee/ros2_ws/install/activity_002/lib/python3.10/site-packages/activity_002-0.0.0-py3.10.egg-info/PKG-INFO
/home/hee/ros2_ws/install/activity_002/lib/python3.10/site-packages/activity_002-0.0.0-py3.10.egg-info/SOURCES.txt
/home/hee/ros2_ws/install/activity_002/lib/python3.10/site-packages/activity_002-0.0.0-py3.10.egg-info/zip-safe
/home/hee/ros2_ws/install/activity_002/lib/python3.10/site-packages/activity_002-0.0.0-py3.10.egg-info/top_level.txt
/home/hee/ros2_ws/install/activity_002/lib/python3.10/site-packages/activity_002-0.0.0-py3.10.egg-info/entry_points.txt
/home/hee/ros2_ws/install/activity_002/lib/activity_002/battery_node
/home/hee/ros2_ws/install/activity_002/lib/activity_002/led_panel
/home/hee/ros2_ws/install/activity_002/lib/activity_002/num_count
/home/hee/ros2_ws/install/activity_002/lib/activity_002/num_pub
