[1.244s] Invoking command in '/home/hee/ros2_ws/src/activity_002': PYTHONPATH=/home/hee/ros2_ws/src/build/activity_002/prefix_override:/home/hee/ros2_ws/src/install/activity_002/lib/python3.10/site-packages:${PYTHONPATH} /usr/bin/python3 setup.py egg_info --egg-base ../build/activity_002 build --build-base /home/hee/ros2_ws/src/build/activity_002/build install --record /home/hee/ros2_ws/src/build/activity_002/install.log --single-version-externally-managed
[1.660s] running egg_info
[1.661s] writing ../build/activity_002/activity_002.egg-info/PKG-INFO
[1.661s] writing dependency_links to ../build/activity_002/activity_002.egg-info/dependency_links.txt
[1.662s] writing entry points to ../build/activity_002/activity_002.egg-info/entry_points.txt
[1.662s] writing requirements to ../build/activity_002/activity_002.egg-info/requires.txt
[1.662s] writing top-level names to ../build/activity_002/activity_002.egg-info/top_level.txt
[1.665s] reading manifest file '../build/activity_002/activity_002.egg-info/SOURCES.txt'
[1.666s] writing manifest file '../build/activity_002/activity_002.egg-info/SOURCES.txt'
[1.666s] running build
[1.667s] running build_py
[1.667s] copying activity_002/num_count.py -> /home/hee/ros2_ws/src/build/activity_002/build/lib/activity_002
[1.667s] running install
[1.667s] running install_lib
[1.668s] copying /home/hee/ros2_ws/src/build/activity_002/build/lib/activity_002/num_count.py -> /home/hee/ros2_ws/src/install/activity_002/lib/python3.10/site-packages/activity_002
[1.669s] byte-compiling /home/hee/ros2_ws/src/install/activity_002/lib/python3.10/site-packages/activity_002/num_count.py to num_count.cpython-310.pyc
[1.670s] running install_data
[1.671s] running install_egg_info
[1.673s] removing '/home/hee/ros2_ws/src/install/activity_002/lib/python3.10/site-packages/activity_002-0.0.0-py3.10.egg-info' (and everything under it)
[1.674s] Copying ../build/activity_002/activity_002.egg-info to /home/hee/ros2_ws/src/install/activity_002/lib/python3.10/site-packages/activity_002-0.0.0-py3.10.egg-info
[1.675s] running install_scripts
[1.705s] Installing num_count script to /home/hee/ros2_ws/src/install/activity_002/lib/activity_002
[1.705s] Installing num_pub script to /home/hee/ros2_ws/src/install/activity_002/lib/activity_002
[1.706s] writing list of installed files to '/home/hee/ros2_ws/src/build/activity_002/install.log'
[1.739s] Invoked command in '/home/hee/ros2_ws/src/activity_002' returned '0': PYTHONPATH=/home/hee/ros2_ws/src/build/activity_002/prefix_override:/home/hee/ros2_ws/src/install/activity_002/lib/python3.10/site-packages:${PYTHONPATH} /usr/bin/python3 setup.py egg_info --egg-base ../build/activity_002 build --build-base /home/hee/ros2_ws/src/build/activity_002/build install --record /home/hee/ros2_ws/src/build/activity_002/install.log --single-version-externally-managed
