[1.707s] DEBUG:colcon:Command line arguments: ['/usr/bin/colcon', 'build']
[1.707s] DEBUG:colcon:Parsed command line arguments: Namespace(log_base=None, log_level=None, verb_name='build', build_base='build', install_base='install', merge_install=False, symlink_install=False, test_result_base=None, continue_on_error=False, executor='parallel', parallel_workers=8, event_handlers=None, ignore_user_meta=False, metas=['./colcon.meta'], base_paths=['.'], packages_ignore=None, packages_ignore_regex=None, paths=None, packages_up_to=None, packages_up_to_regex=None, packages_above=None, packages_above_and_dependencies=None, packages_above_depth=None, packages_select_by_dep=None, packages_skip_by_dep=None, packages_skip_up_to=None, packages_select_build_failed=False, packages_skip_build_finished=False, packages_select_test_failures=False, packages_skip_test_passed=False, packages_select=None, packages_skip=None, packages_select_regex=None, packages_skip_regex=None, packages_start=None, packages_end=None, allow_overriding=[], cmake_args=None, cmake_target=None, cmake_target_skip_unavailable=False, cmake_clean_cache=False, cmake_clean_first=False, cmake_force_configure=False, ament_cmake_args=None, catkin_cmake_args=None, catkin_skip_building_tests=False, verb_parser=<colcon_defaults.argument_parser.defaults.DefaultArgumentsDecorator object at 0x7f25a9dd78e0>, verb_extension=<colcon_core.verb.build.BuildVerb object at 0x7f25a9dd4af0>, main=<bound method BuildVerb.main of <colcon_core.verb.build.BuildVerb object at 0x7f25a9dd4af0>>)
[1.788s] Level 1:colcon.colcon_core.package_discovery:discover_packages(colcon_meta) check parameters
[1.788s] Level 1:colcon.colcon_core.package_discovery:discover_packages(recursive) check parameters
[1.788s] Level 1:colcon.colcon_core.package_discovery:discover_packages(ignore) check parameters
[1.788s] Level 1:colcon.colcon_core.package_discovery:discover_packages(path) check parameters
[1.788s] Level 1:colcon.colcon_core.package_discovery:discover_packages(colcon_meta) discover
[1.788s] Level 1:colcon.colcon_core.package_discovery:discover_packages(recursive) discover
[1.788s] INFO:colcon.colcon_core.package_discovery:Crawling recursively for packages in '/home/hee/ros2_ws'
[1.788s] Level 1:colcon.colcon_core.package_identification:_identify(.) by extensions ['ignore', 'ignore_ament_install']
[1.788s] Level 1:colcon.colcon_core.package_identification:_identify(.) by extension 'ignore'
[1.788s] Level 1:colcon.colcon_core.package_identification:_identify(.) by extension 'ignore_ament_install'
[1.789s] Level 1:colcon.colcon_core.package_identification:_identify(.) by extensions ['colcon_pkg']
[1.789s] Level 1:colcon.colcon_core.package_identification:_identify(.) by extension 'colcon_pkg'
[1.789s] Level 1:colcon.colcon_core.package_identification:_identify(.) by extensions ['colcon_meta']
[1.789s] Level 1:colcon.colcon_core.package_identification:_identify(.) by extension 'colcon_meta'
[1.789s] Level 1:colcon.colcon_core.package_identification:_identify(.) by extensions ['ros']
[1.789s] Level 1:colcon.colcon_core.package_identification:_identify(.) by extension 'ros'
[1.807s] Level 1:colcon.colcon_core.package_identification:_identify(.) by extensions ['cmake', 'python']
[1.807s] Level 1:colcon.colcon_core.package_identification:_identify(.) by extension 'cmake'
[1.807s] Level 1:colcon.colcon_core.package_identification:_identify(.) by extension 'python'
[1.807s] Level 1:colcon.colcon_core.package_identification:_identify(.) by extensions ['python_setup_py']
[1.807s] Level 1:colcon.colcon_core.package_identification:_identify(.) by extension 'python_setup_py'
[1.807s] Level 1:colcon.colcon_core.package_identification:_identify(build) by extensions ['ignore', 'ignore_ament_install']
[1.807s] Level 1:colcon.colcon_core.package_identification:_identify(build) by extension 'ignore'
[1.808s] Level 1:colcon.colcon_core.package_identification:_identify(build) ignored
[1.808s] Level 1:colcon.colcon_core.package_identification:_identify(install) by extensions ['ignore', 'ignore_ament_install']
[1.808s] Level 1:colcon.colcon_core.package_identification:_identify(install) by extension 'ignore'
[1.808s] Level 1:colcon.colcon_core.package_identification:_identify(install) ignored
[1.808s] Level 1:colcon.colcon_core.package_identification:_identify(log) by extensions ['ignore', 'ignore_ament_install']
[1.808s] Level 1:colcon.colcon_core.package_identification:_identify(log) by extension 'ignore'
[1.808s] Level 1:colcon.colcon_core.package_identification:_identify(log) ignored
[1.808s] Level 1:colcon.colcon_core.package_identification:_identify(src) by extensions ['ignore', 'ignore_ament_install']
[1.809s] Level 1:colcon.colcon_core.package_identification:_identify(src) by extension 'ignore'
[1.809s] Level 1:colcon.colcon_core.package_identification:_identify(src) by extension 'ignore_ament_install'
[1.809s] Level 1:colcon.colcon_core.package_identification:_identify(src) by extensions ['colcon_pkg']
[1.809s] Level 1:colcon.colcon_core.package_identification:_identify(src) by extension 'colcon_pkg'
[1.809s] Level 1:colcon.colcon_core.package_identification:_identify(src) by extensions ['colcon_meta']
[1.809s] Level 1:colcon.colcon_core.package_identification:_identify(src) by extension 'colcon_meta'
[1.809s] Level 1:colcon.colcon_core.package_identification:_identify(src) by extensions ['ros']
[1.809s] Level 1:colcon.colcon_core.package_identification:_identify(src) by extension 'ros'
[1.809s] Level 1:colcon.colcon_core.package_identification:_identify(src) by extensions ['cmake', 'python']
[1.809s] Level 1:colcon.colcon_core.package_identification:_identify(src) by extension 'cmake'
[1.809s] Level 1:colcon.colcon_core.package_identification:_identify(src) by extension 'python'
[1.809s] Level 1:colcon.colcon_core.package_identification:_identify(src) by extensions ['python_setup_py']
[1.809s] Level 1:colcon.colcon_core.package_identification:_identify(src) by extension 'python_setup_py'
[1.809s] Level 1:colcon.colcon_core.package_identification:_identify(src/robot_controller) by extensions ['ignore', 'ignore_ament_install']
[1.810s] Level 1:colcon.colcon_core.package_identification:_identify(src/robot_controller) by extension 'ignore'
[1.810s] Level 1:colcon.colcon_core.package_identification:_identify(src/robot_controller) by extension 'ignore_ament_install'
[1.810s] Level 1:colcon.colcon_core.package_identification:_identify(src/robot_controller) by extensions ['colcon_pkg']
[1.810s] Level 1:colcon.colcon_core.package_identification:_identify(src/robot_controller) by extension 'colcon_pkg'
[1.810s] Level 1:colcon.colcon_core.package_identification:_identify(src/robot_controller) by extensions ['colcon_meta']
[1.810s] Level 1:colcon.colcon_core.package_identification:_identify(src/robot_controller) by extension 'colcon_meta'
[1.810s] Level 1:colcon.colcon_core.package_identification:_identify(src/robot_controller) by extensions ['ros']
[1.810s] Level 1:colcon.colcon_core.package_identification:_identify(src/robot_controller) by extension 'ros'
[1.813s] DEBUG:colcon.colcon_core.package_identification:Package 'src/robot_controller' with type 'ros.ament_python' and name 'robot_controller'
[1.813s] Level 1:colcon.colcon_core.package_discovery:discover_packages(recursive) using defaults
[1.814s] Level 1:colcon.colcon_core.package_discovery:discover_packages(ignore) discover
[1.814s] Level 1:colcon.colcon_core.package_discovery:discover_packages(ignore) using defaults
[1.814s] Level 1:colcon.colcon_core.package_discovery:discover_packages(path) discover
[1.814s] Level 1:colcon.colcon_core.package_discovery:discover_packages(path) using defaults
[1.965s] Level 1:colcon.colcon_core.package_discovery:discover_packages(prefix_path) check parameters
[1.965s] Level 1:colcon.colcon_core.package_discovery:discover_packages(prefix_path) discover
[2.019s] DEBUG:colcon.colcon_installed_package_information.package_discovery:Found 1 installed packages in /home/hee/ros2_ws/install
[2.044s] DEBUG:colcon.colcon_installed_package_information.package_discovery:Found 270 installed packages in /opt/ros/humble
[2.045s] Level 1:colcon.colcon_core.package_discovery:discover_packages(prefix_path) using defaults
[2.193s] Level 5:colcon.colcon_core.verb:set package 'robot_controller' build argument 'cmake_args' from command line to 'None'
[2.193s] Level 5:colcon.colcon_core.verb:set package 'robot_controller' build argument 'cmake_target' from command line to 'None'
[2.193s] Level 5:colcon.colcon_core.verb:set package 'robot_controller' build argument 'cmake_target_skip_unavailable' from command line to 'False'
[2.193s] Level 5:colcon.colcon_core.verb:set package 'robot_controller' build argument 'cmake_clean_cache' from command line to 'False'
[2.193s] Level 5:colcon.colcon_core.verb:set package 'robot_controller' build argument 'cmake_clean_first' from command line to 'False'
[2.193s] Level 5:colcon.colcon_core.verb:set package 'robot_controller' build argument 'cmake_force_configure' from command line to 'False'
[2.193s] Level 5:colcon.colcon_core.verb:set package 'robot_controller' build argument 'ament_cmake_args' from command line to 'None'
[2.193s] Level 5:colcon.colcon_core.verb:set package 'robot_controller' build argument 'catkin_cmake_args' from command line to 'None'
[2.193s] Level 5:colcon.colcon_core.verb:set package 'robot_controller' build argument 'catkin_skip_building_tests' from command line to 'False'
[2.193s] DEBUG:colcon.colcon_core.verb:Building package 'robot_controller' with the following arguments: {'ament_cmake_args': None, 'build_base': '/home/hee/ros2_ws/build/robot_controller', 'catkin_cmake_args': None, 'catkin_skip_building_tests': False, 'cmake_args': None, 'cmake_clean_cache': False, 'cmake_clean_first': False, 'cmake_force_configure': False, 'cmake_target': None, 'cmake_target_skip_unavailable': False, 'install_base': '/home/hee/ros2_ws/install/robot_controller', 'merge_install': False, 'path': '/home/hee/ros2_ws/src/robot_controller', 'symlink_install': False, 'test_result_base': None}
[2.216s] INFO:colcon.colcon_core.executor:Executing jobs using 'parallel' executor
[2.241s] DEBUG:colcon.colcon_parallel_executor.executor.parallel:run_until_complete
[2.242s] INFO:colcon.colcon_ros.task.ament_python.build:Building ROS package in '/home/hee/ros2_ws/src/robot_controller' with build type 'ament_python'
[2.242s] Level 1:colcon.colcon_core.shell:create_environment_hook('robot_controller', 'ament_prefix_path')
[2.275s] INFO:colcon.colcon_core.plugin_system:Skipping extension 'colcon_core.shell.bat': Not used on non-Windows systems
[2.276s] INFO:colcon.colcon_core.shell:Creating environment hook '/home/hee/ros2_ws/install/robot_controller/share/robot_controller/hook/ament_prefix_path.ps1'
[2.277s] INFO:colcon.colcon_core.shell:Creating environment descriptor '/home/hee/ros2_ws/install/robot_controller/share/robot_controller/hook/ament_prefix_path.dsv'
[2.277s] INFO:colcon.colcon_core.shell:Creating environment hook '/home/hee/ros2_ws/install/robot_controller/share/robot_controller/hook/ament_prefix_path.sh'
[2.304s] INFO:colcon.colcon_core.shell:Skip shell extension 'powershell' for command environment: Not usable outside of PowerShell
[2.304s] DEBUG:colcon.colcon_core.shell:Skip shell extension 'dsv' for command environment
[2.803s] INFO:colcon.colcon_core.task.python.build:Building Python package in '/home/hee/ros2_ws/src/robot_controller'
[2.829s] INFO:colcon.colcon_core.shell:Skip shell extension 'powershell' for command environment: Not usable outside of PowerShell
[2.829s] DEBUG:colcon.colcon_core.shell:Skip shell extension 'dsv' for command environment
[3.450s] DEBUG:colcon.colcon_core.event_handler.log_command:Invoking command in '/home/hee/ros2_ws/src/robot_controller': PYTHONPATH=/home/hee/ros2_ws/build/robot_controller/prefix_override:/home/hee/ros2_ws/install/robot_controller/lib/python3.10/site-packages:${PYTHONPATH} /usr/bin/python3 setup.py egg_info --egg-base ../../build/robot_controller build --build-base /home/hee/ros2_ws/build/robot_controller/build install --record /home/hee/ros2_ws/build/robot_controller/install.log --single-version-externally-managed
[3.919s] DEBUG:colcon.colcon_core.event_handler.log_command:Invoked command in '/home/hee/ros2_ws/src/robot_controller' returned '0': PYTHONPATH=/home/hee/ros2_ws/build/robot_controller/prefix_override:/home/hee/ros2_ws/install/robot_controller/lib/python3.10/site-packages:${PYTHONPATH} /usr/bin/python3 setup.py egg_info --egg-base ../../build/robot_controller build --build-base /home/hee/ros2_ws/build/robot_controller/build install --record /home/hee/ros2_ws/build/robot_controller/install.log --single-version-externally-managed
[3.949s] Level 1:colcon.colcon_core.environment:checking '/home/hee/ros2_ws/install/robot_controller' for CMake module files
[3.950s] Level 1:colcon.colcon_core.environment:checking '/home/hee/ros2_ws/install/robot_controller' for CMake config files
[3.951s] Level 1:colcon.colcon_core.environment:checking '/home/hee/ros2_ws/install/robot_controller/lib'
[3.952s] Level 1:colcon.colcon_core.environment:checking '/home/hee/ros2_ws/install/robot_controller/bin'
[3.952s] Level 1:colcon.colcon_core.environment:checking '/home/hee/ros2_ws/install/robot_controller/lib/pkgconfig/robot_controller.pc'
[3.952s] Level 1:colcon.colcon_core.environment:checking '/home/hee/ros2_ws/install/robot_controller/lib/python3.10/site-packages'
[3.952s] Level 1:colcon.colcon_core.shell:create_environment_hook('robot_controller', 'pythonpath')
[3.976s] INFO:colcon.colcon_core.shell:Creating environment hook '/home/hee/ros2_ws/install/robot_controller/share/robot_controller/hook/pythonpath.ps1'
[3.977s] INFO:colcon.colcon_core.shell:Creating environment descriptor '/home/hee/ros2_ws/install/robot_controller/share/robot_controller/hook/pythonpath.dsv'
[3.977s] INFO:colcon.colcon_core.shell:Creating environment hook '/home/hee/ros2_ws/install/robot_controller/share/robot_controller/hook/pythonpath.sh'
[3.978s] Level 1:colcon.colcon_core.environment:checking '/home/hee/ros2_ws/install/robot_controller/bin'
[3.978s] Level 1:colcon.colcon_core.environment:create_environment_scripts_only(robot_controller)
[4.003s] INFO:colcon.colcon_core.shell:Creating package script '/home/hee/ros2_ws/install/robot_controller/share/robot_controller/package.ps1'
[4.005s] INFO:colcon.colcon_core.shell:Creating package descriptor '/home/hee/ros2_ws/install/robot_controller/share/robot_controller/package.dsv'
[4.005s] INFO:colcon.colcon_core.shell:Creating package script '/home/hee/ros2_ws/install/robot_controller/share/robot_controller/package.sh'
[4.007s] INFO:colcon.colcon_core.shell:Creating package script '/home/hee/ros2_ws/install/robot_controller/share/robot_controller/package.bash'
[4.008s] INFO:colcon.colcon_core.shell:Creating package script '/home/hee/ros2_ws/install/robot_controller/share/robot_controller/package.zsh'
[4.009s] Level 1:colcon.colcon_core.environment:create_file_with_runtime_dependencies(/home/hee/ros2_ws/install/robot_controller/share/colcon-core/packages/robot_controller)
[4.009s] DEBUG:colcon.colcon_parallel_executor.executor.parallel:closing loop
[4.009s] DEBUG:colcon.colcon_parallel_executor.executor.parallel:loop closed
[4.010s] DEBUG:colcon.colcon_parallel_executor.executor.parallel:run_until_complete finished with '0'
[4.010s] DEBUG:colcon.colcon_core.event_reactor:joining thread
[4.044s] INFO:colcon.colcon_core.plugin_system:Skipping extension 'colcon_notification.desktop_notification.terminal_notifier': Not used on non-Darwin systems
[4.044s] INFO:colcon.colcon_core.plugin_system:Skipping extension 'colcon_notification.desktop_notification.win32': Not used on non-Windows systems
[4.044s] INFO:colcon.colcon_notification.desktop_notification:Sending desktop notification using 'notify2'
[4.068s] DEBUG:colcon.colcon_core.event_reactor:joined thread
[4.115s] INFO:colcon.colcon_core.shell:Creating prefix script '/home/hee/ros2_ws/install/local_setup.ps1'
[4.117s] INFO:colcon.colcon_core.shell:Creating prefix util module '/home/hee/ros2_ws/install/_local_setup_util_ps1.py'
[4.119s] INFO:colcon.colcon_core.shell:Creating prefix chain script '/home/hee/ros2_ws/install/setup.ps1'
[4.145s] INFO:colcon.colcon_core.shell:Creating prefix script '/home/hee/ros2_ws/install/local_setup.sh'
[4.146s] INFO:colcon.colcon_core.shell:Creating prefix util module '/home/hee/ros2_ws/install/_local_setup_util_sh.py'
[4.146s] INFO:colcon.colcon_core.shell:Creating prefix chain script '/home/hee/ros2_ws/install/setup.sh'
[4.181s] INFO:colcon.colcon_core.shell:Creating prefix script '/home/hee/ros2_ws/install/local_setup.bash'
[4.182s] INFO:colcon.colcon_core.shell:Creating prefix chain script '/home/hee/ros2_ws/install/setup.bash'
[4.227s] INFO:colcon.colcon_core.shell:Creating prefix script '/home/hee/ros2_ws/install/local_setup.zsh'
[4.228s] INFO:colcon.colcon_core.shell:Creating prefix chain script '/home/hee/ros2_ws/install/setup.zsh'
