[0.113s] Invoking command in '/home/hee/ros2_ws/build/msg_interface': CMAKE_PREFIX_PATH=${CMAKE_PREFIX_PATH}:/home/hee/ros2_ws/install/service:/home/hee/ros2_ws/install/robot_controller:/home/hee/ros2_ws/install/activity_002:/home/hee/ros2_ws/install/Activity_002:/opt/ros/humble /usr/bin/cmake --build /home/hee/ros2_ws/build/msg_interface -- -j8 -l8
[0.171s] [35m[1mConsolidate compiler generated dependencies of target msg_interface__rosidl_generator_c[0m
[0.185s] [  2%] Built target msg_interface__cpp
[0.189s] [ 12%] Built target msg_interface__rosidl_generator_c
[0.208s] [35m[1mConsolidate compiler generated dependencies of target msg_interface__rosidl_typesupport_introspection_c[0m
[0.208s] [ 12%] Built target ament_cmake_python_copy_msg_interface
[0.208s] [35m[1mConsolidate compiler generated dependencies of target msg_interface__rosidl_typesupport_cpp[0m
[0.209s] [35m[1mConsolidate compiler generated dependencies of target msg_interface__rosidl_typesupport_introspection_cpp[0m
[0.210s] [35m[1mConsolidate compiler generated dependencies of target msg_interface__rosidl_typesupport_c[0m
[0.211s] [35m[1mConsolidate compiler generated dependencies of target msg_interface__rosidl_typesupport_fastrtps_cpp[0m
[0.216s] [35m[1mConsolidate compiler generated dependencies of target msg_interface__rosidl_typesupport_fastrtps_c[0m
[0.234s] [ 34%] Built target msg_interface__rosidl_typesupport_introspection_c
[0.234s] [ 34%] Built target msg_interface__rosidl_typesupport_c
[0.240s] [ 44%] Built target msg_interface__rosidl_typesupport_cpp
[0.241s] [ 55%] Built target msg_interface__rosidl_typesupport_fastrtps_cpp
[0.241s] [ 65%] Built target msg_interface__rosidl_typesupport_introspection_cpp
[0.248s] [ 76%] Built target msg_interface__rosidl_typesupport_fastrtps_c
[0.277s] [ 76%] Built target msg_interface
[0.307s] [ 78%] Built target msg_interface__py
[0.323s] [35m[1mConsolidate compiler generated dependencies of target msg_interface__rosidl_generator_py[0m
[0.345s] [ 87%] Built target msg_interface__rosidl_generator_py
[0.361s] [35m[1mConsolidate compiler generated dependencies of target msg_interface__rosidl_typesupport_fastrtps_c__pyext[0m
[0.361s] [35m[1mConsolidate compiler generated dependencies of target msg_interface__rosidl_typesupport_c__pyext[0m
[0.362s] [35m[1mConsolidate compiler generated dependencies of target msg_interface__rosidl_typesupport_introspection_c__pyext[0m
[0.380s] [ 95%] Built target msg_interface__rosidl_typesupport_fastrtps_c__pyext
[0.381s] [ 95%] Built target msg_interface__rosidl_typesupport_c__pyext
[0.381s] [100%] Built target msg_interface__rosidl_typesupport_introspection_c__pyext
[0.629s] running egg_info
[0.630s] writing msg_interface.egg-info/PKG-INFO
[0.630s] writing dependency_links to msg_interface.egg-info/dependency_links.txt
[0.630s] writing top-level names to msg_interface.egg-info/top_level.txt
[0.634s] reading manifest file 'msg_interface.egg-info/SOURCES.txt'
[0.635s] writing manifest file 'msg_interface.egg-info/SOURCES.txt'
[0.669s] [100%] Built target ament_cmake_python_build_msg_interface_egg
[0.686s] Invoked command in '/home/hee/ros2_ws/build/msg_interface' returned '0': CMAKE_PREFIX_PATH=${CMAKE_PREFIX_PATH}:/home/hee/ros2_ws/install/service:/home/hee/ros2_ws/install/robot_controller:/home/hee/ros2_ws/install/activity_002:/home/hee/ros2_ws/install/Activity_002:/opt/ros/humble /usr/bin/cmake --build /home/hee/ros2_ws/build/msg_interface -- -j8 -l8
[0.846s] Invoking command in '/home/hee/ros2_ws/build/msg_interface': CMAKE_PREFIX_PATH=${CMAKE_PREFIX_PATH}:/home/hee/ros2_ws/install/service:/home/hee/ros2_ws/install/robot_controller:/home/hee/ros2_ws/install/activity_002:/home/hee/ros2_ws/install/Activity_002:/opt/ros/humble /usr/bin/cmake --install /home/hee/ros2_ws/build/msg_interface
[0.857s] -- Install configuration: ""
[0.858s] -- Up-to-date: /home/hee/ros2_ws/install/msg_interface/share/ament_index/resource_index/rosidl_interfaces/msg_interface
[0.858s] -- Up-to-date: /home/hee/ros2_ws/install/msg_interface/include/msg_interface/msg_interface
[0.858s] -- Up-to-date: /home/hee/ros2_ws/install/msg_interface/include/msg_interface/msg_interface/srv
[0.858s] -- Up-to-date: /home/hee/ros2_ws/install/msg_interface/include/msg_interface/msg_interface/srv/detail
[0.858s] -- Up-to-date: /home/hee/ros2_ws/install/msg_interface/include/msg_interface/msg_interface/srv/detail/set_led__functions.h
[0.859s] -- Up-to-date: /home/hee/ros2_ws/install/msg_interface/include/msg_interface/msg_interface/srv/detail/set_led__struct.h
[0.859s] -- Up-to-date: /home/hee/ros2_ws/install/msg_interface/include/msg_interface/msg_interface/srv/detail/set_led__type_support.h
[0.859s] -- Up-to-date: /home/hee/ros2_ws/install/msg_interface/include/msg_interface/msg_interface/srv/detail/set_led__functions.c
[0.859s] -- Up-to-date: /home/hee/ros2_ws/install/msg_interface/include/msg_interface/msg_interface/srv/set_led.h
[0.859s] -- Up-to-date: /home/hee/ros2_ws/install/msg_interface/include/msg_interface/msg_interface/msg
[0.859s] -- Up-to-date: /home/hee/ros2_ws/install/msg_interface/include/msg_interface/msg_interface/msg/detail
[0.859s] -- Up-to-date: /home/hee/ros2_ws/install/msg_interface/include/msg_interface/msg_interface/msg/detail/hardware_status__struct.h
[0.859s] -- Up-to-date: /home/hee/ros2_ws/install/msg_interface/include/msg_interface/msg_interface/msg/detail/hardware_status__functions.h
[0.859s] -- Up-to-date: /home/hee/ros2_ws/install/msg_interface/include/msg_interface/msg_interface/msg/detail/led_states__functions.c
[0.860s] -- Up-to-date: /home/hee/ros2_ws/install/msg_interface/include/msg_interface/msg_interface/msg/detail/hardware_status__type_support.h
[0.860s] -- Up-to-date: /home/hee/ros2_ws/install/msg_interface/include/msg_interface/msg_interface/msg/detail/led_states__type_support.h
[0.860s] -- Up-to-date: /home/hee/ros2_ws/install/msg_interface/include/msg_interface/msg_interface/msg/detail/led_states__functions.h
[0.860s] -- Up-to-date: /home/hee/ros2_ws/install/msg_interface/include/msg_interface/msg_interface/msg/detail/hardware_status__functions.c
[0.860s] -- Up-to-date: /home/hee/ros2_ws/install/msg_interface/include/msg_interface/msg_interface/msg/detail/led_states__struct.h
[0.860s] -- Up-to-date: /home/hee/ros2_ws/install/msg_interface/include/msg_interface/msg_interface/msg/rosidl_generator_c__visibility_control.h
[0.860s] -- Up-to-date: /home/hee/ros2_ws/install/msg_interface/include/msg_interface/msg_interface/msg/hardware_status.h
[0.860s] -- Up-to-date: /home/hee/ros2_ws/install/msg_interface/include/msg_interface/msg_interface/msg/led_states.h
[0.861s] -- Up-to-date: /home/hee/ros2_ws/install/msg_interface/share/msg_interface/environment/library_path.sh
[0.861s] -- Up-to-date: /home/hee/ros2_ws/install/msg_interface/share/msg_interface/environment/library_path.dsv
[0.861s] -- Up-to-date: /home/hee/ros2_ws/install/msg_interface/lib/libmsg_interface__rosidl_generator_c.so
[0.861s] -- Up-to-date: /home/hee/ros2_ws/install/msg_interface/include/msg_interface/msg_interface
[0.861s] -- Up-to-date: /home/hee/ros2_ws/install/msg_interface/include/msg_interface/msg_interface/srv
[0.861s] -- Up-to-date: /home/hee/ros2_ws/install/msg_interface/include/msg_interface/msg_interface/srv/detail
[0.861s] -- Up-to-date: /home/hee/ros2_ws/install/msg_interface/include/msg_interface/msg_interface/srv/detail/set_led__rosidl_typesupport_fastrtps_c.h
[0.861s] -- Up-to-date: /home/hee/ros2_ws/install/msg_interface/include/msg_interface/msg_interface/msg
[0.861s] -- Up-to-date: /home/hee/ros2_ws/install/msg_interface/include/msg_interface/msg_interface/msg/detail
[0.861s] -- Up-to-date: /home/hee/ros2_ws/install/msg_interface/include/msg_interface/msg_interface/msg/detail/hardware_status__rosidl_typesupport_fastrtps_c.h
[0.862s] -- Up-to-date: /home/hee/ros2_ws/install/msg_interface/include/msg_interface/msg_interface/msg/detail/led_states__rosidl_typesupport_fastrtps_c.h
[0.862s] -- Up-to-date: /home/hee/ros2_ws/install/msg_interface/include/msg_interface/msg_interface/msg/rosidl_typesupport_fastrtps_c__visibility_control.h
[0.862s] -- Up-to-date: /home/hee/ros2_ws/install/msg_interface/lib/libmsg_interface__rosidl_typesupport_fastrtps_c.so
[0.862s] -- Up-to-date: /home/hee/ros2_ws/install/msg_interface/include/msg_interface/msg_interface
[0.862s] -- Up-to-date: /home/hee/ros2_ws/install/msg_interface/include/msg_interface/msg_interface/srv
[0.862s] -- Up-to-date: /home/hee/ros2_ws/install/msg_interface/include/msg_interface/msg_interface/srv/detail
[0.862s] -- Up-to-date: /home/hee/ros2_ws/install/msg_interface/include/msg_interface/msg_interface/srv/detail/set_led__type_support.c
[0.863s] -- Up-to-date: /home/hee/ros2_ws/install/msg_interface/include/msg_interface/msg_interface/srv/detail/set_led__rosidl_typesupport_introspection_c.h
[0.863s] -- Up-to-date: /home/hee/ros2_ws/install/msg_interface/include/msg_interface/msg_interface/msg
[0.863s] -- Up-to-date: /home/hee/ros2_ws/install/msg_interface/include/msg_interface/msg_interface/msg/detail
[0.863s] -- Up-to-date: /home/hee/ros2_ws/install/msg_interface/include/msg_interface/msg_interface/msg/detail/hardware_status__rosidl_typesupport_introspection_c.h
[0.863s] -- Up-to-date: /home/hee/ros2_ws/install/msg_interface/include/msg_interface/msg_interface/msg/detail/led_states__rosidl_typesupport_introspection_c.h
[0.863s] -- Up-to-date: /home/hee/ros2_ws/install/msg_interface/include/msg_interface/msg_interface/msg/detail/hardware_status__type_support.c
[0.863s] -- Up-to-date: /home/hee/ros2_ws/install/msg_interface/include/msg_interface/msg_interface/msg/detail/led_states__type_support.c
[0.863s] -- Up-to-date: /home/hee/ros2_ws/install/msg_interface/include/msg_interface/msg_interface/msg/rosidl_typesupport_introspection_c__visibility_control.h
[0.863s] -- Up-to-date: /home/hee/ros2_ws/install/msg_interface/lib/libmsg_interface__rosidl_typesupport_introspection_c.so
[0.864s] -- Up-to-date: /home/hee/ros2_ws/install/msg_interface/lib/libmsg_interface__rosidl_typesupport_c.so
[0.864s] -- Up-to-date: /home/hee/ros2_ws/install/msg_interface/include/msg_interface/msg_interface
[0.864s] -- Up-to-date: /home/hee/ros2_ws/install/msg_interface/include/msg_interface/msg_interface/srv
[0.864s] -- Up-to-date: /home/hee/ros2_ws/install/msg_interface/include/msg_interface/msg_interface/srv/set_led.hpp
[0.864s] -- Up-to-date: /home/hee/ros2_ws/install/msg_interface/include/msg_interface/msg_interface/srv/detail
[0.864s] -- Up-to-date: /home/hee/ros2_ws/install/msg_interface/include/msg_interface/msg_interface/srv/detail/set_led__traits.hpp
[0.864s] -- Up-to-date: /home/hee/ros2_ws/install/msg_interface/include/msg_interface/msg_interface/srv/detail/set_led__struct.hpp
[0.864s] -- Up-to-date: /home/hee/ros2_ws/install/msg_interface/include/msg_interface/msg_interface/srv/detail/set_led__builder.hpp
[0.865s] -- Up-to-date: /home/hee/ros2_ws/install/msg_interface/include/msg_interface/msg_interface/msg
[0.865s] -- Up-to-date: /home/hee/ros2_ws/install/msg_interface/include/msg_interface/msg_interface/msg/led_states.hpp
[0.865s] -- Up-to-date: /home/hee/ros2_ws/install/msg_interface/include/msg_interface/msg_interface/msg/hardware_status.hpp
[0.865s] -- Up-to-date: /home/hee/ros2_ws/install/msg_interface/include/msg_interface/msg_interface/msg/detail
[0.865s] -- Up-to-date: /home/hee/ros2_ws/install/msg_interface/include/msg_interface/msg_interface/msg/detail/hardware_status__traits.hpp
[0.865s] -- Up-to-date: /home/hee/ros2_ws/install/msg_interface/include/msg_interface/msg_interface/msg/detail/led_states__builder.hpp
[0.865s] -- Up-to-date: /home/hee/ros2_ws/install/msg_interface/include/msg_interface/msg_interface/msg/detail/hardware_status__struct.hpp
[0.865s] -- Up-to-date: /home/hee/ros2_ws/install/msg_interface/include/msg_interface/msg_interface/msg/detail/led_states__struct.hpp
[0.865s] -- Up-to-date: /home/hee/ros2_ws/install/msg_interface/include/msg_interface/msg_interface/msg/detail/led_states__traits.hpp
[0.865s] -- Up-to-date: /home/hee/ros2_ws/install/msg_interface/include/msg_interface/msg_interface/msg/detail/hardware_status__builder.hpp
[0.866s] -- Up-to-date: /home/hee/ros2_ws/install/msg_interface/include/msg_interface/msg_interface
[0.866s] -- Up-to-date: /home/hee/ros2_ws/install/msg_interface/include/msg_interface/msg_interface/srv
[0.866s] -- Up-to-date: /home/hee/ros2_ws/install/msg_interface/include/msg_interface/msg_interface/srv/detail
[0.866s] -- Up-to-date: /home/hee/ros2_ws/install/msg_interface/include/msg_interface/msg_interface/srv/detail/dds_fastrtps
[0.866s] -- Up-to-date: /home/hee/ros2_ws/install/msg_interface/include/msg_interface/msg_interface/srv/detail/set_led__rosidl_typesupport_fastrtps_cpp.hpp
[0.866s] -- Up-to-date: /home/hee/ros2_ws/install/msg_interface/include/msg_interface/msg_interface/msg
[0.866s] -- Up-to-date: /home/hee/ros2_ws/install/msg_interface/include/msg_interface/msg_interface/msg/detail
[0.866s] -- Up-to-date: /home/hee/ros2_ws/install/msg_interface/include/msg_interface/msg_interface/msg/detail/led_states__rosidl_typesupport_fastrtps_cpp.hpp
[0.866s] -- Up-to-date: /home/hee/ros2_ws/install/msg_interface/include/msg_interface/msg_interface/msg/detail/dds_fastrtps
[0.867s] -- Up-to-date: /home/hee/ros2_ws/install/msg_interface/include/msg_interface/msg_interface/msg/detail/hardware_status__rosidl_typesupport_fastrtps_cpp.hpp
[0.867s] -- Up-to-date: /home/hee/ros2_ws/install/msg_interface/include/msg_interface/msg_interface/msg/rosidl_typesupport_fastrtps_cpp__visibility_control.h
[0.867s] -- Up-to-date: /home/hee/ros2_ws/install/msg_interface/lib/libmsg_interface__rosidl_typesupport_fastrtps_cpp.so
[0.868s] -- Up-to-date: /home/hee/ros2_ws/install/msg_interface/include/msg_interface/msg_interface
[0.868s] -- Up-to-date: /home/hee/ros2_ws/install/msg_interface/include/msg_interface/msg_interface/srv
[0.868s] -- Up-to-date: /home/hee/ros2_ws/install/msg_interface/include/msg_interface/msg_interface/srv/detail
[0.868s] -- Up-to-date: /home/hee/ros2_ws/install/msg_interface/include/msg_interface/msg_interface/srv/detail/set_led__rosidl_typesupport_introspection_cpp.hpp
[0.868s] -- Up-to-date: /home/hee/ros2_ws/install/msg_interface/include/msg_interface/msg_interface/srv/detail/set_led__type_support.cpp
[0.868s] -- Up-to-date: /home/hee/ros2_ws/install/msg_interface/include/msg_interface/msg_interface/msg
[0.869s] -- Up-to-date: /home/hee/ros2_ws/install/msg_interface/include/msg_interface/msg_interface/msg/detail
[0.869s] -- Up-to-date: /home/hee/ros2_ws/install/msg_interface/include/msg_interface/msg_interface/msg/detail/hardware_status__type_support.cpp
[0.869s] -- Up-to-date: /home/hee/ros2_ws/install/msg_interface/include/msg_interface/msg_interface/msg/detail/led_states__rosidl_typesupport_introspection_cpp.hpp
[0.869s] -- Up-to-date: /home/hee/ros2_ws/install/msg_interface/include/msg_interface/msg_interface/msg/detail/hardware_status__rosidl_typesupport_introspection_cpp.hpp
[0.869s] -- Up-to-date: /home/hee/ros2_ws/install/msg_interface/include/msg_interface/msg_interface/msg/detail/led_states__type_support.cpp
[0.869s] -- Up-to-date: /home/hee/ros2_ws/install/msg_interface/lib/libmsg_interface__rosidl_typesupport_introspection_cpp.so
[0.869s] -- Up-to-date: /home/hee/ros2_ws/install/msg_interface/lib/libmsg_interface__rosidl_typesupport_cpp.so
[0.870s] -- Up-to-date: /home/hee/ros2_ws/install/msg_interface/share/msg_interface/environment/pythonpath.sh
[0.870s] -- Up-to-date: /home/hee/ros2_ws/install/msg_interface/share/msg_interface/environment/pythonpath.dsv
[0.870s] -- Up-to-date: /home/hee/ros2_ws/install/msg_interface/local/lib/python3.10/dist-packages/msg_interface-0.0.0-py3.10.egg-info
[0.870s] -- Installing: /home/hee/ros2_ws/install/msg_interface/local/lib/python3.10/dist-packages/msg_interface-0.0.0-py3.10.egg-info/dependency_links.txt
[0.870s] -- Installing: /home/hee/ros2_ws/install/msg_interface/local/lib/python3.10/dist-packages/msg_interface-0.0.0-py3.10.egg-info/PKG-INFO
[0.870s] -- Installing: /home/hee/ros2_ws/install/msg_interface/local/lib/python3.10/dist-packages/msg_interface-0.0.0-py3.10.egg-info/SOURCES.txt
[0.870s] -- Installing: /home/hee/ros2_ws/install/msg_interface/local/lib/python3.10/dist-packages/msg_interface-0.0.0-py3.10.egg-info/top_level.txt
[0.871s] -- Up-to-date: /home/hee/ros2_ws/install/msg_interface/local/lib/python3.10/dist-packages/msg_interface
[0.871s] -- Up-to-date: /home/hee/ros2_ws/install/msg_interface/local/lib/python3.10/dist-packages/msg_interface/msg_interface_s__rosidl_typesupport_fastrtps_c.cpython-310-x86_64-linux-gnu.so
[0.871s] -- Up-to-date: /home/hee/ros2_ws/install/msg_interface/local/lib/python3.10/dist-packages/msg_interface/libmsg_interface__rosidl_generator_py.so
[0.871s] -- Up-to-date: /home/hee/ros2_ws/install/msg_interface/local/lib/python3.10/dist-packages/msg_interface/_msg_interface_s.ep.rosidl_typesupport_introspection_c.c
[0.871s] -- Up-to-date: /home/hee/ros2_ws/install/msg_interface/local/lib/python3.10/dist-packages/msg_interface/__init__.py
[0.871s] -- Up-to-date: /home/hee/ros2_ws/install/msg_interface/local/lib/python3.10/dist-packages/msg_interface/srv
[0.871s] -- Up-to-date: /home/hee/ros2_ws/install/msg_interface/local/lib/python3.10/dist-packages/msg_interface/srv/_set_led_s.c
[0.871s] -- Up-to-date: /home/hee/ros2_ws/install/msg_interface/local/lib/python3.10/dist-packages/msg_interface/srv/__init__.py
[0.872s] -- Up-to-date: /home/hee/ros2_ws/install/msg_interface/local/lib/python3.10/dist-packages/msg_interface/srv/_set_led.py
[0.872s] -- Up-to-date: /home/hee/ros2_ws/install/msg_interface/local/lib/python3.10/dist-packages/msg_interface/msg_interface_s__rosidl_typesupport_introspection_c.cpython-310-x86_64-linux-gnu.so
[0.872s] -- Up-to-date: /home/hee/ros2_ws/install/msg_interface/local/lib/python3.10/dist-packages/msg_interface/msg
[0.872s] -- Up-to-date: /home/hee/ros2_ws/install/msg_interface/local/lib/python3.10/dist-packages/msg_interface/msg/_hardware_status.py
[0.872s] -- Up-to-date: /home/hee/ros2_ws/install/msg_interface/local/lib/python3.10/dist-packages/msg_interface/msg/_led_states.py
[0.872s] -- Up-to-date: /home/hee/ros2_ws/install/msg_interface/local/lib/python3.10/dist-packages/msg_interface/msg/_hardware_status_s.c
[0.872s] -- Up-to-date: /home/hee/ros2_ws/install/msg_interface/local/lib/python3.10/dist-packages/msg_interface/msg/__init__.py
[0.872s] -- Up-to-date: /home/hee/ros2_ws/install/msg_interface/local/lib/python3.10/dist-packages/msg_interface/msg/_led_states_s.c
[0.872s] -- Up-to-date: /home/hee/ros2_ws/install/msg_interface/local/lib/python3.10/dist-packages/msg_interface/_msg_interface_s.ep.rosidl_typesupport_c.c
[0.872s] -- Up-to-date: /home/hee/ros2_ws/install/msg_interface/local/lib/python3.10/dist-packages/msg_interface/msg_interface_s__rosidl_typesupport_c.cpython-310-x86_64-linux-gnu.so
[0.872s] -- Up-to-date: /home/hee/ros2_ws/install/msg_interface/local/lib/python3.10/dist-packages/msg_interface/_msg_interface_s.ep.rosidl_typesupport_fastrtps_c.c
[0.915s] Listing '/home/hee/ros2_ws/install/msg_interface/local/lib/python3.10/dist-packages/msg_interface'...
[0.915s] Listing '/home/hee/ros2_ws/install/msg_interface/local/lib/python3.10/dist-packages/msg_interface/msg'...
[0.915s] Listing '/home/hee/ros2_ws/install/msg_interface/local/lib/python3.10/dist-packages/msg_interface/srv'...
[0.921s] -- Up-to-date: /home/hee/ros2_ws/install/msg_interface/local/lib/python3.10/dist-packages/msg_interface/msg_interface_s__rosidl_typesupport_fastrtps_c.cpython-310-x86_64-linux-gnu.so
[0.922s] -- Up-to-date: /home/hee/ros2_ws/install/msg_interface/local/lib/python3.10/dist-packages/msg_interface/msg_interface_s__rosidl_typesupport_introspection_c.cpython-310-x86_64-linux-gnu.so
[0.922s] -- Up-to-date: /home/hee/ros2_ws/install/msg_interface/local/lib/python3.10/dist-packages/msg_interface/msg_interface_s__rosidl_typesupport_c.cpython-310-x86_64-linux-gnu.so
[0.923s] -- Up-to-date: /home/hee/ros2_ws/install/msg_interface/lib/libmsg_interface__rosidl_generator_py.so
[0.923s] -- Up-to-date: /home/hee/ros2_ws/install/msg_interface/share/msg_interface/msg/HardwareStatus.idl
[0.923s] -- Up-to-date: /home/hee/ros2_ws/install/msg_interface/share/msg_interface/msg/LedStates.idl
[0.924s] -- Up-to-date: /home/hee/ros2_ws/install/msg_interface/share/msg_interface/srv/SetLed.idl
[0.924s] -- Up-to-date: /home/hee/ros2_ws/install/msg_interface/share/msg_interface/msg/HardwareStatus.msg
[0.924s] -- Up-to-date: /home/hee/ros2_ws/install/msg_interface/share/msg_interface/msg/LedStates.msg
[0.924s] -- Up-to-date: /home/hee/ros2_ws/install/msg_interface/share/msg_interface/msg/SetLed.srv
[0.925s] -- Up-to-date: /home/hee/ros2_ws/install/msg_interface/share/msg_interface/msg/SetLed_Request.msg
[0.925s] -- Up-to-date: /home/hee/ros2_ws/install/msg_interface/share/msg_interface/msg/SetLed_Response.msg
[0.925s] -- Up-to-date: /home/hee/ros2_ws/install/msg_interface/share/ament_index/resource_index/package_run_dependencies/msg_interface
[0.925s] -- Up-to-date: /home/hee/ros2_ws/install/msg_interface/share/ament_index/resource_index/parent_prefix_path/msg_interface
[0.925s] -- Up-to-date: /home/hee/ros2_ws/install/msg_interface/share/msg_interface/environment/ament_prefix_path.sh
[0.926s] -- Up-to-date: /home/hee/ros2_ws/install/msg_interface/share/msg_interface/environment/ament_prefix_path.dsv
[0.926s] -- Up-to-date: /home/hee/ros2_ws/install/msg_interface/share/msg_interface/environment/path.sh
[0.926s] -- Up-to-date: /home/hee/ros2_ws/install/msg_interface/share/msg_interface/environment/path.dsv
[0.926s] -- Up-to-date: /home/hee/ros2_ws/install/msg_interface/share/msg_interface/local_setup.bash
[0.927s] -- Up-to-date: /home/hee/ros2_ws/install/msg_interface/share/msg_interface/local_setup.sh
[0.927s] -- Up-to-date: /home/hee/ros2_ws/install/msg_interface/share/msg_interface/local_setup.zsh
[0.927s] -- Up-to-date: /home/hee/ros2_ws/install/msg_interface/share/msg_interface/local_setup.dsv
[0.927s] -- Installing: /home/hee/ros2_ws/install/msg_interface/share/msg_interface/package.dsv
[0.927s] -- Up-to-date: /home/hee/ros2_ws/install/msg_interface/share/ament_index/resource_index/packages/msg_interface
[0.928s] -- Up-to-date: /home/hee/ros2_ws/install/msg_interface/share/msg_interface/cmake/export_msg_interface__rosidl_generator_cExport.cmake
[0.928s] -- Up-to-date: /home/hee/ros2_ws/install/msg_interface/share/msg_interface/cmake/export_msg_interface__rosidl_generator_cExport-noconfig.cmake
[0.928s] -- Up-to-date: /home/hee/ros2_ws/install/msg_interface/share/msg_interface/cmake/export_msg_interface__rosidl_typesupport_fastrtps_cExport.cmake
[0.928s] -- Up-to-date: /home/hee/ros2_ws/install/msg_interface/share/msg_interface/cmake/export_msg_interface__rosidl_typesupport_fastrtps_cExport-noconfig.cmake
[0.928s] -- Up-to-date: /home/hee/ros2_ws/install/msg_interface/share/msg_interface/cmake/msg_interface__rosidl_typesupport_introspection_cExport.cmake
[0.928s] -- Up-to-date: /home/hee/ros2_ws/install/msg_interface/share/msg_interface/cmake/msg_interface__rosidl_typesupport_introspection_cExport-noconfig.cmake
[0.929s] -- Up-to-date: /home/hee/ros2_ws/install/msg_interface/share/msg_interface/cmake/msg_interface__rosidl_typesupport_cExport.cmake
[0.929s] -- Up-to-date: /home/hee/ros2_ws/install/msg_interface/share/msg_interface/cmake/msg_interface__rosidl_typesupport_cExport-noconfig.cmake
[0.929s] -- Up-to-date: /home/hee/ros2_ws/install/msg_interface/share/msg_interface/cmake/export_msg_interface__rosidl_generator_cppExport.cmake
[0.929s] -- Up-to-date: /home/hee/ros2_ws/install/msg_interface/share/msg_interface/cmake/export_msg_interface__rosidl_typesupport_fastrtps_cppExport.cmake
[0.929s] -- Up-to-date: /home/hee/ros2_ws/install/msg_interface/share/msg_interface/cmake/export_msg_interface__rosidl_typesupport_fastrtps_cppExport-noconfig.cmake
[0.929s] -- Up-to-date: /home/hee/ros2_ws/install/msg_interface/share/msg_interface/cmake/msg_interface__rosidl_typesupport_introspection_cppExport.cmake
[0.930s] -- Up-to-date: /home/hee/ros2_ws/install/msg_interface/share/msg_interface/cmake/msg_interface__rosidl_typesupport_introspection_cppExport-noconfig.cmake
[0.930s] -- Up-to-date: /home/hee/ros2_ws/install/msg_interface/share/msg_interface/cmake/msg_interface__rosidl_typesupport_cppExport.cmake
[0.930s] -- Up-to-date: /home/hee/ros2_ws/install/msg_interface/share/msg_interface/cmake/msg_interface__rosidl_typesupport_cppExport-noconfig.cmake
[0.930s] -- Up-to-date: /home/hee/ros2_ws/install/msg_interface/share/msg_interface/cmake/export_msg_interface__rosidl_generator_pyExport.cmake
[0.930s] -- Up-to-date: /home/hee/ros2_ws/install/msg_interface/share/msg_interface/cmake/export_msg_interface__rosidl_generator_pyExport-noconfig.cmake
[0.931s] -- Up-to-date: /home/hee/ros2_ws/install/msg_interface/share/msg_interface/cmake/rosidl_cmake-extras.cmake
[0.932s] -- Up-to-date: /home/hee/ros2_ws/install/msg_interface/share/msg_interface/cmake/ament_cmake_export_include_directories-extras.cmake
[0.932s] -- Up-to-date: /home/hee/ros2_ws/install/msg_interface/share/msg_interface/cmake/ament_cmake_export_libraries-extras.cmake
[0.933s] -- Up-to-date: /home/hee/ros2_ws/install/msg_interface/share/msg_interface/cmake/ament_cmake_export_targets-extras.cmake
[0.933s] -- Up-to-date: /home/hee/ros2_ws/install/msg_interface/share/msg_interface/cmake/rosidl_cmake_export_typesupport_targets-extras.cmake
[0.933s] -- Up-to-date: /home/hee/ros2_ws/install/msg_interface/share/msg_interface/cmake/ament_cmake_export_dependencies-extras.cmake
[0.933s] -- Up-to-date: /home/hee/ros2_ws/install/msg_interface/share/msg_interface/cmake/rosidl_cmake_export_typesupport_libraries-extras.cmake
[0.934s] -- Up-to-date: /home/hee/ros2_ws/install/msg_interface/share/msg_interface/cmake/msg_interfaceConfig.cmake
[0.934s] -- Up-to-date: /home/hee/ros2_ws/install/msg_interface/share/msg_interface/cmake/msg_interfaceConfig-version.cmake
[0.934s] -- Up-to-date: /home/hee/ros2_ws/install/msg_interface/share/msg_interface/package.xml
[0.934s] Invoked command in '/home/hee/ros2_ws/build/msg_interface' returned '0': CMAKE_PREFIX_PATH=${CMAKE_PREFIX_PATH}:/home/hee/ros2_ws/install/service:/home/hee/ros2_ws/install/robot_controller:/home/hee/ros2_ws/install/activity_002:/home/hee/ros2_ws/install/Activity_002:/opt/ros/humble /usr/bin/cmake --install /home/hee/ros2_ws/build/msg_interface
