[1.191s] Invoking command in '/home/hee/ros2_ws/src/service': PYTHONPATH=/home/hee/ros2_ws/build/service/prefix_override:/home/hee/ros2_ws/install/service/lib/python3.10/site-packages:${PYTHONPATH} /usr/bin/python3 setup.py egg_info --egg-base ../../build/service build --build-base /home/hee/ros2_ws/build/service/build install --record /home/hee/ros2_ws/build/service/install.log --single-version-externally-managed
[1.589s] running egg_info
[1.590s] writing ../../build/service/service.egg-info/PKG-INFO
[1.590s] writing dependency_links to ../../build/service/service.egg-info/dependency_links.txt
[1.590s] writing entry points to ../../build/service/service.egg-info/entry_points.txt
[1.590s] writing requirements to ../../build/service/service.egg-info/requires.txt
[1.591s] writing top-level names to ../../build/service/service.egg-info/top_level.txt
[1.593s] reading manifest file '../../build/service/service.egg-info/SOURCES.txt'
[1.594s] writing manifest file '../../build/service/service.egg-info/SOURCES.txt'
[1.594s] running build
[1.594s] running build_py
[1.595s] copying service/add2int_client_no_oops.py -> /home/hee/ros2_ws/build/service/build/lib/service
[1.595s] copying service/add_2_int.py -> /home/hee/ros2_ws/build/service/build/lib/service
[1.595s] running install
[1.595s] running install_lib
[1.596s] copying /home/hee/ros2_ws/build/service/build/lib/service/add2int_client_no_oops.py -> /home/hee/ros2_ws/install/service/lib/python3.10/site-packages/service
[1.596s] copying /home/hee/ros2_ws/build/service/build/lib/service/add_2_int.py -> /home/hee/ros2_ws/install/service/lib/python3.10/site-packages/service
[1.597s] byte-compiling /home/hee/ros2_ws/install/service/lib/python3.10/site-packages/service/add2int_client_no_oops.py to add2int_client_no_oops.cpython-310.pyc
[1.597s] byte-compiling /home/hee/ros2_ws/install/service/lib/python3.10/site-packages/service/add_2_int.py to add_2_int.cpython-310.pyc
[1.598s] running install_data
[1.599s] running install_egg_info
[1.601s] removing '/home/hee/ros2_ws/install/service/lib/python3.10/site-packages/service-0.0.0-py3.10.egg-info' (and everything under it)
[1.601s] Copying ../../build/service/service.egg-info to /home/hee/ros2_ws/install/service/lib/python3.10/site-packages/service-0.0.0-py3.10.egg-info
[1.603s] running install_scripts
[1.631s] Installing add_2_int = service.add_2_int:mainadd_2_int_client_no_oops script to /home/hee/ros2_ws/install/service/lib/service
[1.632s] writing list of installed files to '/home/hee/ros2_ws/build/service/install.log'
[1.663s] Invoked command in '/home/hee/ros2_ws/src/service' returned '0': PYTHONPATH=/home/hee/ros2_ws/build/service/prefix_override:/home/hee/ros2_ws/install/service/lib/python3.10/site-packages:${PYTHONPATH} /usr/bin/python3 setup.py egg_info --egg-base ../../build/service build --build-base /home/hee/ros2_ws/build/service/build install --record /home/hee/ros2_ws/build/service/install.log --single-version-externally-managed
