running develop
running egg_info
creating turtlesim_project.egg-info
writing turtlesim_project.egg-info/PKG-INFO
writing dependency_links to turtlesim_project.egg-info/dependency_links.txt
writing entry points to turtlesim_project.egg-info/entry_points.txt
writing requirements to turtlesim_project.egg-info/requires.txt
writing top-level names to turtlesim_project.egg-info/top_level.txt
writing manifest file 'turtlesim_project.egg-info/SOURCES.txt'
reading manifest file 'turtlesim_project.egg-info/SOURCES.txt'
writing manifest file 'turtlesim_project.egg-info/SOURCES.txt'
running build_ext
Creating /home/hee/ros2_ws/src/install/turtlesim_project/lib/python3.10/site-packages/turtlesim-project.egg-link (link to .)

Installed /home/hee/ros2_ws/src/build/turtlesim_project
running install_data
creating /home/hee/ros2_ws/src/install/turtlesim_project/share/ament_index
creating /home/hee/ros2_ws/src/install/turtlesim_project/share/ament_index/resource_index
creating /home/hee/ros2_ws/src/install/turtlesim_project/share/ament_index/resource_index/packages
copying resource/turtlesim_project -> /home/hee/ros2_ws/src/install/turtlesim_project/share/ament_index/resource_index/packages
copying package.xml -> /home/hee/ros2_ws/src/install/turtlesim_project/share/turtlesim_project
