[2.041s] DEBUG:colcon:Command line arguments: ['/usr/bin/colcon', 'list', '-p', '--base-paths', '/home/hee/ros2_ws']
[2.042s] DEBUG:colcon:Parsed command line arguments: Namespace(log_base=None, log_level=None, verb_name='list', build_base='build', ignore_user_meta=False, metas=['./colcon.meta'], base_paths=['/home/hee/ros2_ws'], packages_ignore=None, packages_ignore_regex=None, paths=None, packages_up_to=None, packages_up_to_regex=None, packages_above=None, packages_above_and_dependencies=None, packages_above_depth=None, packages_select_by_dep=None, packages_skip_by_dep=None, packages_skip_up_to=None, packages_select_build_failed=False, packages_skip_build_finished=False, packages_select_test_failures=False, packages_skip_test_passed=False, packages_select=None, packages_skip=None, packages_select_regex=None, packages_skip_regex=None, packages_start=None, packages_end=None, allow_overriding=[], topological_order=False, names_only=False, paths_only=True, topological_graph=False, topological_graph_dot=False, topological_graph_density=False, topological_graph_legend=False, topological_graph_dot_cluster=False, topological_graph_dot_include_skipped=False, verb_parser=<colcon_defaults.argument_parser.defaults.DefaultArgumentsDecorator object at 0x7f071388bd60>, verb_extension=<colcon_package_information.verb.list.ListVerb object at 0x7f071383e710>, main=<bound method ListVerb.main of <colcon_package_information.verb.list.ListVerb object at 0x7f071383e710>>)
[2.125s] Level 1:colcon.colcon_core.package_discovery:discover_packages(colcon_meta) check parameters
[2.125s] Level 1:colcon.colcon_core.package_discovery:discover_packages(recursive) check parameters
[2.125s] Level 1:colcon.colcon_core.package_discovery:discover_packages(ignore) check parameters
[2.125s] Level 1:colcon.colcon_core.package_discovery:discover_packages(path) check parameters
[2.125s] Level 1:colcon.colcon_core.package_discovery:discover_packages(recursive) discover
[2.125s] INFO:colcon.colcon_core.package_discovery:Crawling recursively for packages in '/home/hee/ros2_ws'
[2.125s] Level 1:colcon.colcon_core.package_identification:_identify(/home/hee/ros2_ws) by extensions ['ignore', 'ignore_ament_install']
[2.125s] Level 1:colcon.colcon_core.package_identification:_identify(/home/hee/ros2_ws) by extension 'ignore'
[2.126s] Level 1:colcon.colcon_core.package_identification:_identify(/home/hee/ros2_ws) by extension 'ignore_ament_install'
[2.126s] Level 1:colcon.colcon_core.package_identification:_identify(/home/hee/ros2_ws) by extensions ['colcon_pkg']
[2.126s] Level 1:colcon.colcon_core.package_identification:_identify(/home/hee/ros2_ws) by extension 'colcon_pkg'
[2.126s] Level 1:colcon.colcon_core.package_identification:_identify(/home/hee/ros2_ws) by extensions ['colcon_meta']
[2.126s] Level 1:colcon.colcon_core.package_identification:_identify(/home/hee/ros2_ws) by extension 'colcon_meta'
[2.126s] Level 1:colcon.colcon_core.package_identification:_identify(/home/hee/ros2_ws) by extensions ['ros']
[2.126s] Level 1:colcon.colcon_core.package_identification:_identify(/home/hee/ros2_ws) by extension 'ros'
[2.144s] Level 1:colcon.colcon_core.package_identification:_identify(/home/hee/ros2_ws) by extensions ['cmake', 'python']
[2.144s] Level 1:colcon.colcon_core.package_identification:_identify(/home/hee/ros2_ws) by extension 'cmake'
[2.144s] Level 1:colcon.colcon_core.package_identification:_identify(/home/hee/ros2_ws) by extension 'python'
[2.144s] Level 1:colcon.colcon_core.package_identification:_identify(/home/hee/ros2_ws) by extensions ['python_setup_py']
[2.144s] Level 1:colcon.colcon_core.package_identification:_identify(/home/hee/ros2_ws) by extension 'python_setup_py'
[2.144s] Level 1:colcon.colcon_core.package_identification:_identify(/home/hee/ros2_ws/build) by extensions ['ignore', 'ignore_ament_install']
[2.145s] Level 1:colcon.colcon_core.package_identification:_identify(/home/hee/ros2_ws/build) by extension 'ignore'
[2.145s] Level 1:colcon.colcon_core.package_identification:_identify(/home/hee/ros2_ws/build) ignored
[2.145s] Level 1:colcon.colcon_core.package_identification:_identify(/home/hee/ros2_ws/install) by extensions ['ignore', 'ignore_ament_install']
[2.145s] Level 1:colcon.colcon_core.package_identification:_identify(/home/hee/ros2_ws/install) by extension 'ignore'
[2.145s] Level 1:colcon.colcon_core.package_identification:_identify(/home/hee/ros2_ws/install) ignored
[2.145s] Level 1:colcon.colcon_core.package_identification:_identify(/home/hee/ros2_ws/log) by extensions ['ignore', 'ignore_ament_install']
[2.145s] Level 1:colcon.colcon_core.package_identification:_identify(/home/hee/ros2_ws/log) by extension 'ignore'
[2.145s] Level 1:colcon.colcon_core.package_identification:_identify(/home/hee/ros2_ws/log) ignored
[2.146s] Level 1:colcon.colcon_core.package_identification:_identify(/home/hee/ros2_ws/src) by extensions ['ignore', 'ignore_ament_install']
[2.146s] Level 1:colcon.colcon_core.package_identification:_identify(/home/hee/ros2_ws/src) by extension 'ignore'
[2.146s] Level 1:colcon.colcon_core.package_identification:_identify(/home/hee/ros2_ws/src) by extension 'ignore_ament_install'
[2.146s] Level 1:colcon.colcon_core.package_identification:_identify(/home/hee/ros2_ws/src) by extensions ['colcon_pkg']
[2.146s] Level 1:colcon.colcon_core.package_identification:_identify(/home/hee/ros2_ws/src) by extension 'colcon_pkg'
[2.146s] Level 1:colcon.colcon_core.package_identification:_identify(/home/hee/ros2_ws/src) by extensions ['colcon_meta']
[2.146s] Level 1:colcon.colcon_core.package_identification:_identify(/home/hee/ros2_ws/src) by extension 'colcon_meta'
[2.147s] Level 1:colcon.colcon_core.package_identification:_identify(/home/hee/ros2_ws/src) by extensions ['ros']
[2.147s] Level 1:colcon.colcon_core.package_identification:_identify(/home/hee/ros2_ws/src) by extension 'ros'
[2.147s] Level 1:colcon.colcon_core.package_identification:_identify(/home/hee/ros2_ws/src) by extensions ['cmake', 'python']
[2.147s] Level 1:colcon.colcon_core.package_identification:_identify(/home/hee/ros2_ws/src) by extension 'cmake'
[2.147s] Level 1:colcon.colcon_core.package_identification:_identify(/home/hee/ros2_ws/src) by extension 'python'
[2.147s] Level 1:colcon.colcon_core.package_identification:_identify(/home/hee/ros2_ws/src) by extensions ['python_setup_py']
[2.147s] Level 1:colcon.colcon_core.package_identification:_identify(/home/hee/ros2_ws/src) by extension 'python_setup_py'
[2.148s] Level 1:colcon.colcon_core.package_identification:_identify(/home/hee/ros2_ws/src/activity_002) by extensions ['ignore', 'ignore_ament_install']
[2.148s] Level 1:colcon.colcon_core.package_identification:_identify(/home/hee/ros2_ws/src/activity_002) by extension 'ignore'
[2.148s] Level 1:colcon.colcon_core.package_identification:_identify(/home/hee/ros2_ws/src/activity_002) by extension 'ignore_ament_install'
[2.148s] Level 1:colcon.colcon_core.package_identification:_identify(/home/hee/ros2_ws/src/activity_002) by extensions ['colcon_pkg']
[2.148s] Level 1:colcon.colcon_core.package_identification:_identify(/home/hee/ros2_ws/src/activity_002) by extension 'colcon_pkg'
[2.148s] Level 1:colcon.colcon_core.package_identification:_identify(/home/hee/ros2_ws/src/activity_002) by extensions ['colcon_meta']
[2.148s] Level 1:colcon.colcon_core.package_identification:_identify(/home/hee/ros2_ws/src/activity_002) by extension 'colcon_meta'
[2.149s] Level 1:colcon.colcon_core.package_identification:_identify(/home/hee/ros2_ws/src/activity_002) by extensions ['ros']
[2.149s] Level 1:colcon.colcon_core.package_identification:_identify(/home/hee/ros2_ws/src/activity_002) by extension 'ros'
[2.153s] DEBUG:colcon.colcon_core.package_identification:Package '/home/hee/ros2_ws/src/activity_002' with type 'ros.ament_python' and name 'activity_002'
[2.153s] Level 1:colcon.colcon_core.package_identification:_identify(/home/hee/ros2_ws/src/build) by extensions ['ignore', 'ignore_ament_install']
[2.153s] Level 1:colcon.colcon_core.package_identification:_identify(/home/hee/ros2_ws/src/build) by extension 'ignore'
[2.153s] Level 1:colcon.colcon_core.package_identification:_identify(/home/hee/ros2_ws/src/build) ignored
[2.153s] Level 1:colcon.colcon_core.package_identification:_identify(/home/hee/ros2_ws/src/install) by extensions ['ignore', 'ignore_ament_install']
[2.154s] Level 1:colcon.colcon_core.package_identification:_identify(/home/hee/ros2_ws/src/install) by extension 'ignore'
[2.154s] Level 1:colcon.colcon_core.package_identification:_identify(/home/hee/ros2_ws/src/install) ignored
[2.154s] Level 1:colcon.colcon_core.package_identification:_identify(/home/hee/ros2_ws/src/log) by extensions ['ignore', 'ignore_ament_install']
[2.154s] Level 1:colcon.colcon_core.package_identification:_identify(/home/hee/ros2_ws/src/log) by extension 'ignore'
[2.154s] Level 1:colcon.colcon_core.package_identification:_identify(/home/hee/ros2_ws/src/log) ignored
[2.154s] Level 1:colcon.colcon_core.package_identification:_identify(/home/hee/ros2_ws/src/msg_interface) by extensions ['ignore', 'ignore_ament_install']
[2.154s] Level 1:colcon.colcon_core.package_identification:_identify(/home/hee/ros2_ws/src/msg_interface) by extension 'ignore'
[2.154s] Level 1:colcon.colcon_core.package_identification:_identify(/home/hee/ros2_ws/src/msg_interface) by extension 'ignore_ament_install'
[2.155s] Level 1:colcon.colcon_core.package_identification:_identify(/home/hee/ros2_ws/src/msg_interface) by extensions ['colcon_pkg']
[2.155s] Level 1:colcon.colcon_core.package_identification:_identify(/home/hee/ros2_ws/src/msg_interface) by extension 'colcon_pkg'
[2.155s] Level 1:colcon.colcon_core.package_identification:_identify(/home/hee/ros2_ws/src/msg_interface) by extensions ['colcon_meta']
[2.155s] Level 1:colcon.colcon_core.package_identification:_identify(/home/hee/ros2_ws/src/msg_interface) by extension 'colcon_meta'
[2.155s] Level 1:colcon.colcon_core.package_identification:_identify(/home/hee/ros2_ws/src/msg_interface) by extensions ['ros']
[2.155s] Level 1:colcon.colcon_core.package_identification:_identify(/home/hee/ros2_ws/src/msg_interface) by extension 'ros'
[2.156s] DEBUG:colcon.colcon_core.package_identification:Package '/home/hee/ros2_ws/src/msg_interface' with type 'ros.ament_cmake' and name 'msg_interface'
[2.156s] Level 1:colcon.colcon_core.package_identification:_identify(/home/hee/ros2_ws/src/robot_controller) by extensions ['ignore', 'ignore_ament_install']
[2.156s] Level 1:colcon.colcon_core.package_identification:_identify(/home/hee/ros2_ws/src/robot_controller) by extension 'ignore'
[2.156s] Level 1:colcon.colcon_core.package_identification:_identify(/home/hee/ros2_ws/src/robot_controller) by extension 'ignore_ament_install'
[2.156s] Level 1:colcon.colcon_core.package_identification:_identify(/home/hee/ros2_ws/src/robot_controller) by extensions ['colcon_pkg']
[2.156s] Level 1:colcon.colcon_core.package_identification:_identify(/home/hee/ros2_ws/src/robot_controller) by extension 'colcon_pkg'
[2.156s] Level 1:colcon.colcon_core.package_identification:_identify(/home/hee/ros2_ws/src/robot_controller) by extensions ['colcon_meta']
[2.156s] Level 1:colcon.colcon_core.package_identification:_identify(/home/hee/ros2_ws/src/robot_controller) by extension 'colcon_meta'
[2.156s] Level 1:colcon.colcon_core.package_identification:_identify(/home/hee/ros2_ws/src/robot_controller) by extensions ['ros']
[2.156s] Level 1:colcon.colcon_core.package_identification:_identify(/home/hee/ros2_ws/src/robot_controller) by extension 'ros'
[2.157s] DEBUG:colcon.colcon_core.package_identification:Package '/home/hee/ros2_ws/src/robot_controller' with type 'ros.ament_python' and name 'robot_controller'
[2.157s] Level 1:colcon.colcon_core.package_identification:_identify(/home/hee/ros2_ws/src/service) by extensions ['ignore', 'ignore_ament_install']
[2.158s] Level 1:colcon.colcon_core.package_identification:_identify(/home/hee/ros2_ws/src/service) by extension 'ignore'
[2.158s] Level 1:colcon.colcon_core.package_identification:_identify(/home/hee/ros2_ws/src/service) by extension 'ignore_ament_install'
[2.158s] Level 1:colcon.colcon_core.package_identification:_identify(/home/hee/ros2_ws/src/service) by extensions ['colcon_pkg']
[2.158s] Level 1:colcon.colcon_core.package_identification:_identify(/home/hee/ros2_ws/src/service) by extension 'colcon_pkg'
[2.158s] Level 1:colcon.colcon_core.package_identification:_identify(/home/hee/ros2_ws/src/service) by extensions ['colcon_meta']
[2.158s] Level 1:colcon.colcon_core.package_identification:_identify(/home/hee/ros2_ws/src/service) by extension 'colcon_meta'
[2.158s] Level 1:colcon.colcon_core.package_identification:_identify(/home/hee/ros2_ws/src/service) by extensions ['ros']
[2.158s] Level 1:colcon.colcon_core.package_identification:_identify(/home/hee/ros2_ws/src/service) by extension 'ros'
[2.159s] DEBUG:colcon.colcon_core.package_identification:Package '/home/hee/ros2_ws/src/service' with type 'ros.ament_python' and name 'service'
[2.159s] Level 1:colcon.colcon_core.package_discovery:discover_packages(recursive) using defaults
