[0.115s] Invoking command in '/home/hee/ros2_ws/build/turtlesim_project_bringup': AMENT_PREFIX_PATH=/home/hee/ros2_ws/install/turtlesim_project:/home/hee/ros2_ws/install/turtlesim_project_bringup:/home/hee/ros2_ws/install/msg_interface:/home/hee/ros2_ws/install/service:/home/hee/ros2_ws/install/robot_controller:/home/hee/ros2_ws/install/activity_002:/home/hee/ros2_ws/install/Activity_002:/opt/ros/humble CMAKE_PREFIX_PATH=${CMAKE_PREFIX_PATH}:/home/hee/ros2_ws/install/turtlesim_project:/home/hee/ros2_ws/install/service:/home/hee/ros2_ws/install/robot_controller:/home/hee/ros2_ws/install/activity_002:/home/hee/ros2_ws/install/Activity_002:/opt/ros/humble /usr/bin/cmake --build /home/hee/ros2_ws/build/turtlesim_project_bringup -- -j8 -l8
[0.148s] -- Found ament_cmake: 1.3.6 (/opt/ros/humble/share/ament_cmake/cmake)
[0.369s] -- Override CMake install command with custom implementation using symlinks instead of copying resources
[0.482s] -- Configuring done
[0.486s] -- Generating done
[0.487s] -- Build files have been written to: /home/hee/ros2_ws/build/turtlesim_project_bringup
[0.519s] Invoked command in '/home/hee/ros2_ws/build/turtlesim_project_bringup' returned '0': AMENT_PREFIX_PATH=/home/hee/ros2_ws/install/turtlesim_project:/home/hee/ros2_ws/install/turtlesim_project_bringup:/home/hee/ros2_ws/install/msg_interface:/home/hee/ros2_ws/install/service:/home/hee/ros2_ws/install/robot_controller:/home/hee/ros2_ws/install/activity_002:/home/hee/ros2_ws/install/Activity_002:/opt/ros/humble CMAKE_PREFIX_PATH=${CMAKE_PREFIX_PATH}:/home/hee/ros2_ws/install/turtlesim_project:/home/hee/ros2_ws/install/service:/home/hee/ros2_ws/install/robot_controller:/home/hee/ros2_ws/install/activity_002:/home/hee/ros2_ws/install/Activity_002:/opt/ros/humble /usr/bin/cmake --build /home/hee/ros2_ws/build/turtlesim_project_bringup -- -j8 -l8
[0.566s] Invoking command in '/home/hee/ros2_ws/build/turtlesim_project_bringup': AMENT_PREFIX_PATH=/home/hee/ros2_ws/install/turtlesim_project:/home/hee/ros2_ws/install/turtlesim_project_bringup:/home/hee/ros2_ws/install/msg_interface:/home/hee/ros2_ws/install/service:/home/hee/ros2_ws/install/robot_controller:/home/hee/ros2_ws/install/activity_002:/home/hee/ros2_ws/install/Activity_002:/opt/ros/humble CMAKE_PREFIX_PATH=${CMAKE_PREFIX_PATH}:/home/hee/ros2_ws/install/turtlesim_project:/home/hee/ros2_ws/install/service:/home/hee/ros2_ws/install/robot_controller:/home/hee/ros2_ws/install/activity_002:/home/hee/ros2_ws/install/Activity_002:/opt/ros/humble /usr/bin/cmake --install /home/hee/ros2_ws/build/turtlesim_project_bringup
[0.579s] -- Install configuration: ""
[0.580s] -- Execute custom install script
[0.581s] -- Up-to-date symlink: /home/hee/ros2_ws/install/turtlesim_project_bringup/share/turtlesim_project_bringup/launch/turtlesim_project.launch.py
[0.581s] -- Up-to-date symlink: /home/hee/ros2_ws/install/turtlesim_project_bringup/share/ament_index/resource_index/package_run_dependencies/turtlesim_project_bringup
[0.582s] -- Up-to-date symlink: /home/hee/ros2_ws/install/turtlesim_project_bringup/share/ament_index/resource_index/parent_prefix_path/turtlesim_project_bringup
[0.582s] -- Up-to-date symlink: /home/hee/ros2_ws/install/turtlesim_project_bringup/share/turtlesim_project_bringup/environment/ament_prefix_path.sh
[0.583s] -- Up-to-date symlink: /home/hee/ros2_ws/install/turtlesim_project_bringup/share/turtlesim_project_bringup/environment/ament_prefix_path.dsv
[0.583s] -- Up-to-date symlink: /home/hee/ros2_ws/install/turtlesim_project_bringup/share/turtlesim_project_bringup/environment/path.sh
[0.584s] -- Up-to-date symlink: /home/hee/ros2_ws/install/turtlesim_project_bringup/share/turtlesim_project_bringup/environment/path.dsv
[0.584s] -- Up-to-date symlink: /home/hee/ros2_ws/install/turtlesim_project_bringup/share/turtlesim_project_bringup/local_setup.bash
[0.585s] -- Up-to-date symlink: /home/hee/ros2_ws/install/turtlesim_project_bringup/share/turtlesim_project_bringup/local_setup.sh
[0.585s] -- Up-to-date symlink: /home/hee/ros2_ws/install/turtlesim_project_bringup/share/turtlesim_project_bringup/local_setup.zsh
[0.586s] -- Up-to-date symlink: /home/hee/ros2_ws/install/turtlesim_project_bringup/share/turtlesim_project_bringup/local_setup.dsv
[0.586s] -- Symlinking: /home/hee/ros2_ws/install/turtlesim_project_bringup/share/turtlesim_project_bringup/package.dsv
[0.600s] -- Up-to-date symlink: /home/hee/ros2_ws/install/turtlesim_project_bringup/share/ament_index/resource_index/packages/turtlesim_project_bringup
[0.600s] -- Up-to-date symlink: /home/hee/ros2_ws/install/turtlesim_project_bringup/share/turtlesim_project_bringup/cmake/turtlesim_project_bringupConfig.cmake
[0.601s] -- Up-to-date symlink: /home/hee/ros2_ws/install/turtlesim_project_bringup/share/turtlesim_project_bringup/cmake/turtlesim_project_bringupConfig-version.cmake
[0.601s] -- Up-to-date symlink: /home/hee/ros2_ws/install/turtlesim_project_bringup/share/turtlesim_project_bringup/package.xml
[0.605s] Invoked command in '/home/hee/ros2_ws/build/turtlesim_project_bringup' returned '0': AMENT_PREFIX_PATH=/home/hee/ros2_ws/install/turtlesim_project:/home/hee/ros2_ws/install/turtlesim_project_bringup:/home/hee/ros2_ws/install/msg_interface:/home/hee/ros2_ws/install/service:/home/hee/ros2_ws/install/robot_controller:/home/hee/ros2_ws/install/activity_002:/home/hee/ros2_ws/install/Activity_002:/opt/ros/humble CMAKE_PREFIX_PATH=${CMAKE_PREFIX_PATH}:/home/hee/ros2_ws/install/turtlesim_project:/home/hee/ros2_ws/install/service:/home/hee/ros2_ws/install/robot_controller:/home/hee/ros2_ws/install/activity_002:/home/hee/ros2_ws/install/Activity_002:/opt/ros/humble /usr/bin/cmake --install /home/hee/ros2_ws/build/turtlesim_project_bringup
