[0.118s] Invoking command in '/home/hee/ros2_ws/build/turtlesim_project_bringup': AMENT_PREFIX_PATH=/home/hee/ros2_ws/install/turtlesim_project:/home/hee/ros2_ws/install/turtlesim_project_bringup:/home/hee/ros2_ws/install/msg_interface:/home/hee/ros2_ws/install/service:/home/hee/ros2_ws/install/robot_controller:/home/hee/ros2_ws/install/activity_002:/home/hee/ros2_ws/install/Activity_002:/opt/ros/humble CMAKE_PREFIX_PATH=${CMAKE_PREFIX_PATH}:/home/hee/ros2_ws/install/turtlesim_project:/home/hee/ros2_ws/install/service:/home/hee/ros2_ws/install/robot_controller:/home/hee/ros2_ws/install/activity_002:/home/hee/ros2_ws/install/Activity_002:/opt/ros/humble /usr/bin/cmake --build /home/hee/ros2_ws/build/turtlesim_project_bringup -- -j8 -l8
[0.159s] -- Found ament_cmake: 1.3.6 (/opt/ros/humble/share/ament_cmake/cmake)
[0.381s] -- Override CMake install command with custom implementation using symlinks instead of copying resources
[0.495s] -- Configuring done
[0.499s] -- Generating done
[0.500s] -- Build files have been written to: /home/hee/ros2_ws/build/turtlesim_project_bringup
[0.533s] Invoked command in '/home/hee/ros2_ws/build/turtlesim_project_bringup' returned '0': AMENT_PREFIX_PATH=/home/hee/ros2_ws/install/turtlesim_project:/home/hee/ros2_ws/install/turtlesim_project_bringup:/home/hee/ros2_ws/install/msg_interface:/home/hee/ros2_ws/install/service:/home/hee/ros2_ws/install/robot_controller:/home/hee/ros2_ws/install/activity_002:/home/hee/ros2_ws/install/Activity_002:/opt/ros/humble CMAKE_PREFIX_PATH=${CMAKE_PREFIX_PATH}:/home/hee/ros2_ws/install/turtlesim_project:/home/hee/ros2_ws/install/service:/home/hee/ros2_ws/install/robot_controller:/home/hee/ros2_ws/install/activity_002:/home/hee/ros2_ws/install/Activity_002:/opt/ros/humble /usr/bin/cmake --build /home/hee/ros2_ws/build/turtlesim_project_bringup -- -j8 -l8
[0.581s] Invoking command in '/home/hee/ros2_ws/build/turtlesim_project_bringup': AMENT_PREFIX_PATH=/home/hee/ros2_ws/install/turtlesim_project:/home/hee/ros2_ws/install/turtlesim_project_bringup:/home/hee/ros2_ws/install/msg_interface:/home/hee/ros2_ws/install/service:/home/hee/ros2_ws/install/robot_controller:/home/hee/ros2_ws/install/activity_002:/home/hee/ros2_ws/install/Activity_002:/opt/ros/humble CMAKE_PREFIX_PATH=${CMAKE_PREFIX_PATH}:/home/hee/ros2_ws/install/turtlesim_project:/home/hee/ros2_ws/install/service:/home/hee/ros2_ws/install/robot_controller:/home/hee/ros2_ws/install/activity_002:/home/hee/ros2_ws/install/Activity_002:/opt/ros/humble /usr/bin/cmake --install /home/hee/ros2_ws/build/turtlesim_project_bringup
[0.590s] -- Install configuration: ""
[0.591s] -- Execute custom install script
[0.592s] -- Up-to-date symlink: /home/hee/ros2_ws/install/turtlesim_project_bringup/share/turtlesim_project_bringup/launch/turtlesim_project.launch.py
[0.592s] -- Up-to-date symlink: /home/hee/ros2_ws/install/turtlesim_project_bringup/share/ament_index/resource_index/package_run_dependencies/turtlesim_project_bringup
[0.592s] -- Up-to-date symlink: /home/hee/ros2_ws/install/turtlesim_project_bringup/share/ament_index/resource_index/parent_prefix_path/turtlesim_project_bringup
[0.592s] -- Up-to-date symlink: /home/hee/ros2_ws/install/turtlesim_project_bringup/share/turtlesim_project_bringup/environment/ament_prefix_path.sh
[0.593s] -- Up-to-date symlink: /home/hee/ros2_ws/install/turtlesim_project_bringup/share/turtlesim_project_bringup/environment/ament_prefix_path.dsv
[0.593s] -- Up-to-date symlink: /home/hee/ros2_ws/install/turtlesim_project_bringup/share/turtlesim_project_bringup/environment/path.sh
[0.593s] -- Up-to-date symlink: /home/hee/ros2_ws/install/turtlesim_project_bringup/share/turtlesim_project_bringup/environment/path.dsv
[0.593s] -- Up-to-date symlink: /home/hee/ros2_ws/install/turtlesim_project_bringup/share/turtlesim_project_bringup/local_setup.bash
[0.594s] -- Up-to-date symlink: /home/hee/ros2_ws/install/turtlesim_project_bringup/share/turtlesim_project_bringup/local_setup.sh
[0.594s] -- Up-to-date symlink: /home/hee/ros2_ws/install/turtlesim_project_bringup/share/turtlesim_project_bringup/local_setup.zsh
[0.594s] -- Up-to-date symlink: /home/hee/ros2_ws/install/turtlesim_project_bringup/share/turtlesim_project_bringup/local_setup.dsv
[0.594s] -- Symlinking: /home/hee/ros2_ws/install/turtlesim_project_bringup/share/turtlesim_project_bringup/package.dsv
[0.607s] -- Up-to-date symlink: /home/hee/ros2_ws/install/turtlesim_project_bringup/share/ament_index/resource_index/packages/turtlesim_project_bringup
[0.608s] -- Up-to-date symlink: /home/hee/ros2_ws/install/turtlesim_project_bringup/share/turtlesim_project_bringup/cmake/turtlesim_project_bringupConfig.cmake
[0.608s] -- Up-to-date symlink: /home/hee/ros2_ws/install/turtlesim_project_bringup/share/turtlesim_project_bringup/cmake/turtlesim_project_bringupConfig-version.cmake
[0.608s] -- Up-to-date symlink: /home/hee/ros2_ws/install/turtlesim_project_bringup/share/turtlesim_project_bringup/package.xml
[0.611s] Invoked command in '/home/hee/ros2_ws/build/turtlesim_project_bringup' returned '0': AMENT_PREFIX_PATH=/home/hee/ros2_ws/install/turtlesim_project:/home/hee/ros2_ws/install/turtlesim_project_bringup:/home/hee/ros2_ws/install/msg_interface:/home/hee/ros2_ws/install/service:/home/hee/ros2_ws/install/robot_controller:/home/hee/ros2_ws/install/activity_002:/home/hee/ros2_ws/install/Activity_002:/opt/ros/humble CMAKE_PREFIX_PATH=${CMAKE_PREFIX_PATH}:/home/hee/ros2_ws/install/turtlesim_project:/home/hee/ros2_ws/install/service:/home/hee/ros2_ws/install/robot_controller:/home/hee/ros2_ws/install/activity_002:/home/hee/ros2_ws/install/Activity_002:/opt/ros/humble /usr/bin/cmake --install /home/hee/ros2_ws/build/turtlesim_project_bringup
