[1.738s] Invoking command in '/home/hee/ros2_ws/src/robot_controller': PYTHONPATH=/home/hee/ros2_ws/src/build/robot_controller/prefix_override:/home/hee/ros2_ws/src/install/robot_controller/lib/python3.10/site-packages:${PYTHONPATH} /usr/bin/python3 setup.py egg_info --egg-base ../build/robot_controller build --build-base /home/hee/ros2_ws/src/build/robot_controller/build install --record /home/hee/ros2_ws/src/build/robot_controller/install.log --single-version-externally-managed
[2.147s] running egg_info
[2.148s] writing ../build/robot_controller/robot_controller.egg-info/PKG-INFO
[2.148s] writing dependency_links to ../build/robot_controller/robot_controller.egg-info/dependency_links.txt
[2.149s] writing entry points to ../build/robot_controller/robot_controller.egg-info/entry_points.txt
[2.149s] writing requirements to ../build/robot_controller/robot_controller.egg-info/requires.txt
[2.149s] writing top-level names to ../build/robot_controller/robot_controller.egg-info/top_level.txt
[2.152s] reading manifest file '../build/robot_controller/robot_controller.egg-info/SOURCES.txt'
[2.153s] writing manifest file '../build/robot_controller/robot_controller.egg-info/SOURCES.txt'
[2.154s] running build
[2.154s] running build_py
[2.154s] running install
[2.154s] running install_lib
[2.156s] running install_data
[2.157s] running install_egg_info
[2.159s] removing '/home/hee/ros2_ws/src/install/robot_controller/lib/python3.10/site-packages/robot_controller-0.0.0-py3.10.egg-info' (and everything under it)
[2.160s] Copying ../build/robot_controller/robot_controller.egg-info to /home/hee/ros2_ws/src/install/robot_controller/lib/python3.10/site-packages/robot_controller-0.0.0-py3.10.egg-info
[2.161s] running install_scripts
[2.190s] Installing draw_circle script to /home/hee/ros2_ws/src/install/robot_controller/lib/robot_controller
[2.190s] Installing pose_sub script to /home/hee/ros2_ws/src/install/robot_controller/lib/robot_controller
[2.191s] Installing pub_sub script to /home/hee/ros2_ws/src/install/robot_controller/lib/robot_controller
[2.191s] Installing test_node script to /home/hee/ros2_ws/src/install/robot_controller/lib/robot_controller
[2.191s] writing list of installed files to '/home/hee/ros2_ws/src/build/robot_controller/install.log'
[2.302s] Invoked command in '/home/hee/ros2_ws/src/robot_controller' returned '0': PYTHONPATH=/home/hee/ros2_ws/src/build/robot_controller/prefix_override:/home/hee/ros2_ws/src/install/robot_controller/lib/python3.10/site-packages:${PYTHONPATH} /usr/bin/python3 setup.py egg_info --egg-base ../build/robot_controller build --build-base /home/hee/ros2_ws/src/build/robot_controller/build install --record /home/hee/ros2_ws/src/build/robot_controller/install.log --single-version-externally-managed
