[1.639s] DEBUG:colcon:Command line arguments: ['/usr/bin/colcon', 'build', '--packages-select', 'msg_interface']
[1.640s] DEBUG:colcon:Parsed command line arguments: Namespace(log_base=None, log_level=None, verb_name='build', build_base='build', install_base='install', merge_install=False, symlink_install=False, test_result_base=None, continue_on_error=False, executor='parallel', parallel_workers=8, event_handlers=None, ignore_user_meta=False, metas=['./colcon.meta'], base_paths=['.'], packages_ignore=None, packages_ignore_regex=None, paths=None, packages_up_to=None, packages_up_to_regex=None, packages_above=None, packages_above_and_dependencies=None, packages_above_depth=None, packages_select_by_dep=None, packages_skip_by_dep=None, packages_skip_up_to=None, packages_select_build_failed=False, packages_skip_build_finished=False, packages_select_test_failures=False, packages_skip_test_passed=False, packages_select=['msg_interface'], packages_skip=None, packages_select_regex=None, packages_skip_regex=None, packages_start=None, packages_end=None, allow_overriding=[], cmake_args=None, cmake_target=None, cmake_target_skip_unavailable=False, cmake_clean_cache=False, cmake_clean_first=False, cmake_force_configure=False, ament_cmake_args=None, catkin_cmake_args=None, catkin_skip_building_tests=False, verb_parser=<colcon_defaults.argument_parser.defaults.DefaultArgumentsDecorator object at 0x7f06258a2ce0>, verb_extension=<colcon_core.verb.build.BuildVerb object at 0x7f0625871d20>, main=<bound method BuildVerb.main of <colcon_core.verb.build.BuildVerb object at 0x7f0625871d20>>)
[1.711s] Level 1:colcon.colcon_core.package_discovery:discover_packages(colcon_meta) check parameters
[1.711s] Level 1:colcon.colcon_core.package_discovery:discover_packages(recursive) check parameters
[1.711s] Level 1:colcon.colcon_core.package_discovery:discover_packages(ignore) check parameters
[1.711s] Level 1:colcon.colcon_core.package_discovery:discover_packages(path) check parameters
[1.711s] Level 1:colcon.colcon_core.package_discovery:discover_packages(colcon_meta) discover
[1.712s] Level 1:colcon.colcon_core.package_discovery:discover_packages(recursive) discover
[1.712s] INFO:colcon.colcon_core.package_discovery:Crawling recursively for packages in '/home/hee/ros2_ws/src'
[1.712s] Level 1:colcon.colcon_core.package_identification:_identify(.) by extensions ['ignore', 'ignore_ament_install']
[1.712s] Level 1:colcon.colcon_core.package_identification:_identify(.) by extension 'ignore'
[1.712s] Level 1:colcon.colcon_core.package_identification:_identify(.) by extension 'ignore_ament_install'
[1.712s] Level 1:colcon.colcon_core.package_identification:_identify(.) by extensions ['colcon_pkg']
[1.712s] Level 1:colcon.colcon_core.package_identification:_identify(.) by extension 'colcon_pkg'
[1.712s] Level 1:colcon.colcon_core.package_identification:_identify(.) by extensions ['colcon_meta']
[1.712s] Level 1:colcon.colcon_core.package_identification:_identify(.) by extension 'colcon_meta'
[1.712s] Level 1:colcon.colcon_core.package_identification:_identify(.) by extensions ['ros']
[1.712s] Level 1:colcon.colcon_core.package_identification:_identify(.) by extension 'ros'
[1.731s] Level 1:colcon.colcon_core.package_identification:_identify(.) by extensions ['cmake', 'python']
[1.731s] Level 1:colcon.colcon_core.package_identification:_identify(.) by extension 'cmake'
[1.731s] Level 1:colcon.colcon_core.package_identification:_identify(.) by extension 'python'
[1.731s] Level 1:colcon.colcon_core.package_identification:_identify(.) by extensions ['python_setup_py']
[1.731s] Level 1:colcon.colcon_core.package_identification:_identify(.) by extension 'python_setup_py'
[1.731s] Level 1:colcon.colcon_core.package_identification:_identify(activity_002) by extensions ['ignore', 'ignore_ament_install']
[1.732s] Level 1:colcon.colcon_core.package_identification:_identify(activity_002) by extension 'ignore'
[1.732s] Level 1:colcon.colcon_core.package_identification:_identify(activity_002) by extension 'ignore_ament_install'
[1.732s] Level 1:colcon.colcon_core.package_identification:_identify(activity_002) by extensions ['colcon_pkg']
[1.732s] Level 1:colcon.colcon_core.package_identification:_identify(activity_002) by extension 'colcon_pkg'
[1.732s] Level 1:colcon.colcon_core.package_identification:_identify(activity_002) by extensions ['colcon_meta']
[1.732s] Level 1:colcon.colcon_core.package_identification:_identify(activity_002) by extension 'colcon_meta'
[1.732s] Level 1:colcon.colcon_core.package_identification:_identify(activity_002) by extensions ['ros']
[1.732s] Level 1:colcon.colcon_core.package_identification:_identify(activity_002) by extension 'ros'
[1.736s] DEBUG:colcon.colcon_core.package_identification:Package 'activity_002' with type 'ros.ament_python' and name 'activity_002'
[1.736s] Level 1:colcon.colcon_core.package_identification:_identify(build) by extensions ['ignore', 'ignore_ament_install']
[1.736s] Level 1:colcon.colcon_core.package_identification:_identify(build) by extension 'ignore'
[1.736s] Level 1:colcon.colcon_core.package_identification:_identify(build) ignored
[1.737s] Level 1:colcon.colcon_core.package_identification:_identify(install) by extensions ['ignore', 'ignore_ament_install']
[1.737s] Level 1:colcon.colcon_core.package_identification:_identify(install) by extension 'ignore'
[1.737s] Level 1:colcon.colcon_core.package_identification:_identify(install) ignored
[1.737s] Level 1:colcon.colcon_core.package_identification:_identify(log) by extensions ['ignore', 'ignore_ament_install']
[1.737s] Level 1:colcon.colcon_core.package_identification:_identify(log) by extension 'ignore'
[1.737s] Level 1:colcon.colcon_core.package_identification:_identify(log) ignored
[1.737s] Level 1:colcon.colcon_core.package_identification:_identify(msg_interface) by extensions ['ignore', 'ignore_ament_install']
[1.737s] Level 1:colcon.colcon_core.package_identification:_identify(msg_interface) by extension 'ignore'
[1.738s] Level 1:colcon.colcon_core.package_identification:_identify(msg_interface) by extension 'ignore_ament_install'
[1.738s] Level 1:colcon.colcon_core.package_identification:_identify(msg_interface) by extensions ['colcon_pkg']
[1.738s] Level 1:colcon.colcon_core.package_identification:_identify(msg_interface) by extension 'colcon_pkg'
[1.738s] Level 1:colcon.colcon_core.package_identification:_identify(msg_interface) by extensions ['colcon_meta']
[1.738s] Level 1:colcon.colcon_core.package_identification:_identify(msg_interface) by extension 'colcon_meta'
[1.738s] Level 1:colcon.colcon_core.package_identification:_identify(msg_interface) by extensions ['ros']
[1.738s] Level 1:colcon.colcon_core.package_identification:_identify(msg_interface) by extension 'ros'
[1.739s] DEBUG:colcon.colcon_core.package_identification:Package 'msg_interface' with type 'ros.ament_cmake' and name 'msg_interface'
[1.739s] Level 1:colcon.colcon_core.package_identification:_identify(robot_controller) by extensions ['ignore', 'ignore_ament_install']
[1.739s] Level 1:colcon.colcon_core.package_identification:_identify(robot_controller) by extension 'ignore'
[1.739s] Level 1:colcon.colcon_core.package_identification:_identify(robot_controller) by extension 'ignore_ament_install'
[1.739s] Level 1:colcon.colcon_core.package_identification:_identify(robot_controller) by extensions ['colcon_pkg']
[1.739s] Level 1:colcon.colcon_core.package_identification:_identify(robot_controller) by extension 'colcon_pkg'
[1.739s] Level 1:colcon.colcon_core.package_identification:_identify(robot_controller) by extensions ['colcon_meta']
[1.739s] Level 1:colcon.colcon_core.package_identification:_identify(robot_controller) by extension 'colcon_meta'
[1.739s] Level 1:colcon.colcon_core.package_identification:_identify(robot_controller) by extensions ['ros']
[1.739s] Level 1:colcon.colcon_core.package_identification:_identify(robot_controller) by extension 'ros'
[1.740s] DEBUG:colcon.colcon_core.package_identification:Package 'robot_controller' with type 'ros.ament_python' and name 'robot_controller'
[1.740s] Level 1:colcon.colcon_core.package_identification:_identify(service) by extensions ['ignore', 'ignore_ament_install']
[1.741s] Level 1:colcon.colcon_core.package_identification:_identify(service) by extension 'ignore'
[1.741s] Level 1:colcon.colcon_core.package_identification:_identify(service) by extension 'ignore_ament_install'
[1.741s] Level 1:colcon.colcon_core.package_identification:_identify(service) by extensions ['colcon_pkg']
[1.741s] Level 1:colcon.colcon_core.package_identification:_identify(service) by extension 'colcon_pkg'
[1.741s] Level 1:colcon.colcon_core.package_identification:_identify(service) by extensions ['colcon_meta']
[1.741s] Level 1:colcon.colcon_core.package_identification:_identify(service) by extension 'colcon_meta'
[1.741s] Level 1:colcon.colcon_core.package_identification:_identify(service) by extensions ['ros']
[1.741s] Level 1:colcon.colcon_core.package_identification:_identify(service) by extension 'ros'
[1.742s] DEBUG:colcon.colcon_core.package_identification:Package 'service' with type 'ros.ament_python' and name 'service'
[1.742s] Level 1:colcon.colcon_core.package_discovery:discover_packages(recursive) using defaults
[1.742s] Level 1:colcon.colcon_core.package_discovery:discover_packages(ignore) discover
[1.742s] Level 1:colcon.colcon_core.package_discovery:discover_packages(ignore) using defaults
[1.742s] Level 1:colcon.colcon_core.package_discovery:discover_packages(path) discover
[1.742s] Level 1:colcon.colcon_core.package_discovery:discover_packages(path) using defaults
[1.843s] INFO:colcon.colcon_core.package_selection:Skipping not selected package 'activity_002' in 'activity_002'
[1.843s] INFO:colcon.colcon_core.package_selection:Skipping not selected package 'robot_controller' in 'robot_controller'
[1.843s] INFO:colcon.colcon_core.package_selection:Skipping not selected package 'service' in 'service'
[1.889s] Level 1:colcon.colcon_core.package_discovery:discover_packages(prefix_path) check parameters
[1.889s] Level 1:colcon.colcon_core.package_discovery:discover_packages(prefix_path) discover
[1.913s] WARNING:colcon.colcon_ros.prefix_path.ament:The path '/home/hee/ros2_ws/install/Activity_002' in the environment variable AMENT_PREFIX_PATH doesn't exist
[1.937s] DEBUG:colcon.colcon_installed_package_information.package_discovery:Found 4 installed packages in /home/hee/ros2_ws/install
[1.962s] DEBUG:colcon.colcon_installed_package_information.package_discovery:Found 270 installed packages in /opt/ros/humble
[1.964s] Level 1:colcon.colcon_core.package_discovery:discover_packages(prefix_path) using defaults
[2.120s] Level 5:colcon.colcon_core.verb:set package 'msg_interface' build argument 'cmake_args' from command line to 'None'
[2.120s] Level 5:colcon.colcon_core.verb:set package 'msg_interface' build argument 'cmake_target' from command line to 'None'
[2.120s] Level 5:colcon.colcon_core.verb:set package 'msg_interface' build argument 'cmake_target_skip_unavailable' from command line to 'False'
[2.120s] Level 5:colcon.colcon_core.verb:set package 'msg_interface' build argument 'cmake_clean_cache' from command line to 'False'
[2.120s] Level 5:colcon.colcon_core.verb:set package 'msg_interface' build argument 'cmake_clean_first' from command line to 'False'
[2.120s] Level 5:colcon.colcon_core.verb:set package 'msg_interface' build argument 'cmake_force_configure' from command line to 'False'
[2.120s] Level 5:colcon.colcon_core.verb:set package 'msg_interface' build argument 'ament_cmake_args' from command line to 'None'
[2.120s] Level 5:colcon.colcon_core.verb:set package 'msg_interface' build argument 'catkin_cmake_args' from command line to 'None'
[2.120s] Level 5:colcon.colcon_core.verb:set package 'msg_interface' build argument 'catkin_skip_building_tests' from command line to 'False'
[2.120s] DEBUG:colcon.colcon_core.verb:Building package 'msg_interface' with the following arguments: {'ament_cmake_args': None, 'build_base': '/home/hee/ros2_ws/src/build/msg_interface', 'catkin_cmake_args': None, 'catkin_skip_building_tests': False, 'cmake_args': None, 'cmake_clean_cache': False, 'cmake_clean_first': False, 'cmake_force_configure': False, 'cmake_target': None, 'cmake_target_skip_unavailable': False, 'install_base': '/home/hee/ros2_ws/src/install/msg_interface', 'merge_install': False, 'path': '/home/hee/ros2_ws/src/msg_interface', 'symlink_install': False, 'test_result_base': None}
[2.143s] INFO:colcon.colcon_core.executor:Executing jobs using 'parallel' executor
[2.168s] DEBUG:colcon.colcon_parallel_executor.executor.parallel:run_until_complete
[2.168s] INFO:colcon.colcon_ros.task.ament_cmake.build:Building ROS package in '/home/hee/ros2_ws/src/msg_interface' with build type 'ament_cmake'
[2.168s] INFO:colcon.colcon_cmake.task.cmake.build:Building CMake package in '/home/hee/ros2_ws/src/msg_interface'
[2.196s] INFO:colcon.colcon_core.plugin_system:Skipping extension 'colcon_core.shell.bat': Not used on non-Windows systems
[2.197s] INFO:colcon.colcon_core.shell:Skip shell extension 'powershell' for command environment: Not usable outside of PowerShell
[2.197s] DEBUG:colcon.colcon_core.shell:Skip shell extension 'dsv' for command environment
[2.290s] DEBUG:colcon.colcon_core.event_handler.log_command:Invoking command in '/home/hee/ros2_ws/src/build/msg_interface': CMAKE_PREFIX_PATH=${CMAKE_PREFIX_PATH}:/home/hee/ros2_ws/install/service:/home/hee/ros2_ws/install/robot_controller:/home/hee/ros2_ws/install/activity_002:/home/hee/ros2_ws/install/Activity_002:/opt/ros/humble /usr/bin/cmake --build /home/hee/ros2_ws/src/build/msg_interface -- -j8 -l8
[8.978s] DEBUG:colcon.colcon_core.event_handler.log_command:Invoked command in '/home/hee/ros2_ws/src/build/msg_interface' returned '0': CMAKE_PREFIX_PATH=${CMAKE_PREFIX_PATH}:/home/hee/ros2_ws/install/service:/home/hee/ros2_ws/install/robot_controller:/home/hee/ros2_ws/install/activity_002:/home/hee/ros2_ws/install/Activity_002:/opt/ros/humble /usr/bin/cmake --build /home/hee/ros2_ws/src/build/msg_interface -- -j8 -l8
[9.140s] DEBUG:colcon.colcon_core.event_handler.log_command:Invoking command in '/home/hee/ros2_ws/src/build/msg_interface': CMAKE_PREFIX_PATH=${CMAKE_PREFIX_PATH}:/home/hee/ros2_ws/install/service:/home/hee/ros2_ws/install/robot_controller:/home/hee/ros2_ws/install/activity_002:/home/hee/ros2_ws/install/Activity_002:/opt/ros/humble /usr/bin/cmake --install /home/hee/ros2_ws/src/build/msg_interface
[9.261s] Level 1:colcon.colcon_core.environment:create_environment_scripts_only(msg_interface)
[9.262s] DEBUG:colcon.colcon_core.event_handler.log_command:Invoked command in '/home/hee/ros2_ws/src/build/msg_interface' returned '0': CMAKE_PREFIX_PATH=${CMAKE_PREFIX_PATH}:/home/hee/ros2_ws/install/service:/home/hee/ros2_ws/install/robot_controller:/home/hee/ros2_ws/install/activity_002:/home/hee/ros2_ws/install/Activity_002:/opt/ros/humble /usr/bin/cmake --install /home/hee/ros2_ws/src/build/msg_interface
[9.292s] Level 1:colcon.colcon_core.environment:checking '/home/hee/ros2_ws/src/install/msg_interface' for CMake module files
[9.293s] Level 1:colcon.colcon_core.environment:checking '/home/hee/ros2_ws/src/install/msg_interface' for CMake config files
[9.294s] Level 1:colcon.colcon_core.shell:create_environment_hook('msg_interface', 'cmake_prefix_path')
[9.319s] INFO:colcon.colcon_core.shell:Creating environment hook '/home/hee/ros2_ws/src/install/msg_interface/share/msg_interface/hook/cmake_prefix_path.ps1'
[9.320s] INFO:colcon.colcon_core.shell:Creating environment descriptor '/home/hee/ros2_ws/src/install/msg_interface/share/msg_interface/hook/cmake_prefix_path.dsv'
[9.321s] INFO:colcon.colcon_core.shell:Creating environment hook '/home/hee/ros2_ws/src/install/msg_interface/share/msg_interface/hook/cmake_prefix_path.sh'
[9.322s] Level 1:colcon.colcon_core.environment:checking '/home/hee/ros2_ws/src/install/msg_interface/lib'
[9.322s] Level 1:colcon.colcon_core.shell:create_environment_hook('msg_interface', 'ld_library_path_lib')
[9.356s] INFO:colcon.colcon_core.shell:Creating environment hook '/home/hee/ros2_ws/src/install/msg_interface/share/msg_interface/hook/ld_library_path_lib.ps1'
[9.356s] INFO:colcon.colcon_core.shell:Creating environment descriptor '/home/hee/ros2_ws/src/install/msg_interface/share/msg_interface/hook/ld_library_path_lib.dsv'
[9.357s] INFO:colcon.colcon_core.shell:Creating environment hook '/home/hee/ros2_ws/src/install/msg_interface/share/msg_interface/hook/ld_library_path_lib.sh'
[9.357s] Level 1:colcon.colcon_core.environment:checking '/home/hee/ros2_ws/src/install/msg_interface/bin'
[9.357s] Level 1:colcon.colcon_core.environment:checking '/home/hee/ros2_ws/src/install/msg_interface/lib/pkgconfig/msg_interface.pc'
[9.358s] Level 1:colcon.colcon_core.environment:checking '/home/hee/ros2_ws/src/install/msg_interface/lib/python3.10/site-packages'
[9.358s] Level 1:colcon.colcon_core.environment:checking '/home/hee/ros2_ws/src/install/msg_interface/bin'
[9.388s] INFO:colcon.colcon_core.shell:Creating package script '/home/hee/ros2_ws/src/install/msg_interface/share/msg_interface/package.ps1'
[9.391s] INFO:colcon.colcon_core.shell:Creating package descriptor '/home/hee/ros2_ws/src/install/msg_interface/share/msg_interface/package.dsv'
[9.392s] INFO:colcon.colcon_core.shell:Creating package script '/home/hee/ros2_ws/src/install/msg_interface/share/msg_interface/package.sh'
[9.393s] INFO:colcon.colcon_core.shell:Creating package script '/home/hee/ros2_ws/src/install/msg_interface/share/msg_interface/package.bash'
[9.395s] INFO:colcon.colcon_core.shell:Creating package script '/home/hee/ros2_ws/src/install/msg_interface/share/msg_interface/package.zsh'
[9.396s] Level 1:colcon.colcon_core.environment:create_file_with_runtime_dependencies(/home/hee/ros2_ws/src/install/msg_interface/share/colcon-core/packages/msg_interface)
[9.567s] Level 1:colcon.colcon_core.environment:create_environment_scripts_only(msg_interface)
[9.591s] Level 1:colcon.colcon_core.environment:checking '/home/hee/ros2_ws/src/install/msg_interface' for CMake module files
[9.592s] Level 1:colcon.colcon_core.environment:checking '/home/hee/ros2_ws/src/install/msg_interface' for CMake config files
[9.593s] Level 1:colcon.colcon_core.shell:create_environment_hook('msg_interface', 'cmake_prefix_path')
[9.617s] INFO:colcon.colcon_core.shell:Creating environment hook '/home/hee/ros2_ws/src/install/msg_interface/share/msg_interface/hook/cmake_prefix_path.ps1'
[9.618s] INFO:colcon.colcon_core.shell:Creating environment descriptor '/home/hee/ros2_ws/src/install/msg_interface/share/msg_interface/hook/cmake_prefix_path.dsv'
[9.619s] INFO:colcon.colcon_core.shell:Creating environment hook '/home/hee/ros2_ws/src/install/msg_interface/share/msg_interface/hook/cmake_prefix_path.sh'
[9.620s] Level 1:colcon.colcon_core.environment:checking '/home/hee/ros2_ws/src/install/msg_interface/lib'
[9.620s] Level 1:colcon.colcon_core.shell:create_environment_hook('msg_interface', 'ld_library_path_lib')
[9.643s] INFO:colcon.colcon_core.shell:Creating environment hook '/home/hee/ros2_ws/src/install/msg_interface/share/msg_interface/hook/ld_library_path_lib.ps1'
[9.644s] INFO:colcon.colcon_core.shell:Creating environment descriptor '/home/hee/ros2_ws/src/install/msg_interface/share/msg_interface/hook/ld_library_path_lib.dsv'
[9.645s] INFO:colcon.colcon_core.shell:Creating environment hook '/home/hee/ros2_ws/src/install/msg_interface/share/msg_interface/hook/ld_library_path_lib.sh'
[9.645s] Level 1:colcon.colcon_core.environment:checking '/home/hee/ros2_ws/src/install/msg_interface/bin'
[9.646s] Level 1:colcon.colcon_core.environment:checking '/home/hee/ros2_ws/src/install/msg_interface/lib/pkgconfig/msg_interface.pc'
[9.646s] Level 1:colcon.colcon_core.environment:checking '/home/hee/ros2_ws/src/install/msg_interface/lib/python3.10/site-packages'
[9.646s] Level 1:colcon.colcon_core.environment:checking '/home/hee/ros2_ws/src/install/msg_interface/bin'
[9.671s] INFO:colcon.colcon_core.shell:Creating package script '/home/hee/ros2_ws/src/install/msg_interface/share/msg_interface/package.ps1'
[9.671s] INFO:colcon.colcon_core.shell:Creating package descriptor '/home/hee/ros2_ws/src/install/msg_interface/share/msg_interface/package.dsv'
[9.672s] INFO:colcon.colcon_core.shell:Creating package script '/home/hee/ros2_ws/src/install/msg_interface/share/msg_interface/package.sh'
[9.673s] INFO:colcon.colcon_core.shell:Creating package script '/home/hee/ros2_ws/src/install/msg_interface/share/msg_interface/package.bash'
[9.674s] INFO:colcon.colcon_core.shell:Creating package script '/home/hee/ros2_ws/src/install/msg_interface/share/msg_interface/package.zsh'
[9.674s] Level 1:colcon.colcon_core.environment:create_file_with_runtime_dependencies(/home/hee/ros2_ws/src/install/msg_interface/share/colcon-core/packages/msg_interface)
[9.675s] DEBUG:colcon.colcon_parallel_executor.executor.parallel:closing loop
[9.675s] DEBUG:colcon.colcon_parallel_executor.executor.parallel:loop closed
[9.675s] DEBUG:colcon.colcon_parallel_executor.executor.parallel:run_until_complete finished with '0'
[9.676s] DEBUG:colcon.colcon_core.event_reactor:joining thread
[9.707s] INFO:colcon.colcon_core.plugin_system:Skipping extension 'colcon_notification.desktop_notification.terminal_notifier': Not used on non-Darwin systems
[9.707s] INFO:colcon.colcon_core.plugin_system:Skipping extension 'colcon_notification.desktop_notification.win32': Not used on non-Windows systems
[9.707s] INFO:colcon.colcon_notification.desktop_notification:Sending desktop notification using 'notify2'
[9.729s] DEBUG:colcon.colcon_core.event_reactor:joined thread
[9.753s] INFO:colcon.colcon_core.shell:Creating prefix script '/home/hee/ros2_ws/src/install/local_setup.ps1'
[9.755s] INFO:colcon.colcon_core.shell:Creating prefix util module '/home/hee/ros2_ws/src/install/_local_setup_util_ps1.py'
[9.757s] INFO:colcon.colcon_core.shell:Creating prefix chain script '/home/hee/ros2_ws/src/install/setup.ps1'
[9.781s] INFO:colcon.colcon_core.shell:Creating prefix script '/home/hee/ros2_ws/src/install/local_setup.sh'
[9.782s] INFO:colcon.colcon_core.shell:Creating prefix util module '/home/hee/ros2_ws/src/install/_local_setup_util_sh.py'
[9.783s] INFO:colcon.colcon_core.shell:Creating prefix chain script '/home/hee/ros2_ws/src/install/setup.sh'
[9.808s] INFO:colcon.colcon_core.shell:Creating prefix script '/home/hee/ros2_ws/src/install/local_setup.bash'
[9.808s] INFO:colcon.colcon_core.shell:Creating prefix chain script '/home/hee/ros2_ws/src/install/setup.bash'
[9.833s] INFO:colcon.colcon_core.shell:Creating prefix script '/home/hee/ros2_ws/src/install/local_setup.zsh'
[9.834s] INFO:colcon.colcon_core.shell:Creating prefix chain script '/home/hee/ros2_ws/src/install/setup.zsh'
