[1.169s] Invoking command in '/home/hee/ros2_ws/src/service': PYTHONPATH=/home/hee/ros2_ws/build/service/prefix_override:/home/hee/ros2_ws/install/service/lib/python3.10/site-packages:${PYTHONPATH} /usr/bin/python3 setup.py egg_info --egg-base ../../build/service build --build-base /home/hee/ros2_ws/build/service/build install --record /home/hee/ros2_ws/build/service/install.log --single-version-externally-managed
[1.557s] running egg_info
[1.558s] writing ../../build/service/service.egg-info/PKG-INFO
[1.558s] writing dependency_links to ../../build/service/service.egg-info/dependency_links.txt
[1.558s] writing entry points to ../../build/service/service.egg-info/entry_points.txt
[1.559s] writing requirements to ../../build/service/service.egg-info/requires.txt
[1.559s] writing top-level names to ../../build/service/service.egg-info/top_level.txt
[1.561s] reading manifest file '../../build/service/service.egg-info/SOURCES.txt'
[1.562s] writing manifest file '../../build/service/service.egg-info/SOURCES.txt'
[1.562s] running build
[1.562s] running build_py
[1.562s] running install
[1.563s] running install_lib
[1.564s] running install_data
[1.565s] running install_egg_info
[1.567s] removing '/home/hee/ros2_ws/install/service/lib/python3.10/site-packages/service-0.0.0-py3.10.egg-info' (and everything under it)
[1.567s] Copying ../../build/service/service.egg-info to /home/hee/ros2_ws/install/service/lib/python3.10/site-packages/service-0.0.0-py3.10.egg-info
[1.569s] running install_scripts
[1.597s] Installing add_2_int script to /home/hee/ros2_ws/install/service/lib/service
[1.597s] writing list of installed files to '/home/hee/ros2_ws/build/service/install.log'
[1.627s] Invoked command in '/home/hee/ros2_ws/src/service' returned '0': PYTHONPATH=/home/hee/ros2_ws/build/service/prefix_override:/home/hee/ros2_ws/install/service/lib/python3.10/site-packages:${PYTHONPATH} /usr/bin/python3 setup.py egg_info --egg-base ../../build/service build --build-base /home/hee/ros2_ws/build/service/build install --record /home/hee/ros2_ws/build/service/install.log --single-version-externally-managed
