[1.741s] DEBUG:colcon:Command line arguments: ['/usr/bin/colcon', 'build', '--packages-select', 'turtlesim_project_bringup', '--symlink-install']
[1.741s] DEBUG:colcon:Parsed command line arguments: Namespace(log_base=None, log_level=None, verb_name='build', build_base='build', install_base='install', merge_install=False, symlink_install=True, test_result_base=None, continue_on_error=False, executor='parallel', parallel_workers=8, event_handlers=None, ignore_user_meta=False, metas=['./colcon.meta'], base_paths=['.'], packages_ignore=None, packages_ignore_regex=None, paths=None, packages_up_to=None, packages_up_to_regex=None, packages_above=None, packages_above_and_dependencies=None, packages_above_depth=None, packages_select_by_dep=None, packages_skip_by_dep=None, packages_skip_up_to=None, packages_select_build_failed=False, packages_skip_build_finished=False, packages_select_test_failures=False, packages_skip_test_passed=False, packages_select=['turtlesim_project_bringup'], packages_skip=None, packages_select_regex=None, packages_skip_regex=None, packages_start=None, packages_end=None, allow_overriding=[], cmake_args=None, cmake_target=None, cmake_target_skip_unavailable=False, cmake_clean_cache=False, cmake_clean_first=False, cmake_force_configure=False, ament_cmake_args=None, catkin_cmake_args=None, catkin_skip_building_tests=False, verb_parser=<colcon_defaults.argument_parser.defaults.DefaultArgumentsDecorator object at 0x7f3b87d9ae00>, verb_extension=<colcon_core.verb.build.BuildVerb object at 0x7f3b87d9a320>, main=<bound method BuildVerb.main of <colcon_core.verb.build.BuildVerb object at 0x7f3b87d9a320>>)
[1.817s] Level 1:colcon.colcon_core.package_discovery:discover_packages(colcon_meta) check parameters
[1.817s] Level 1:colcon.colcon_core.package_discovery:discover_packages(recursive) check parameters
[1.817s] Level 1:colcon.colcon_core.package_discovery:discover_packages(ignore) check parameters
[1.818s] Level 1:colcon.colcon_core.package_discovery:discover_packages(path) check parameters
[1.818s] Level 1:colcon.colcon_core.package_discovery:discover_packages(colcon_meta) discover
[1.818s] Level 1:colcon.colcon_core.package_discovery:discover_packages(recursive) discover
[1.818s] INFO:colcon.colcon_core.package_discovery:Crawling recursively for packages in '/home/hee/ros2_ws'
[1.818s] Level 1:colcon.colcon_core.package_identification:_identify(.) by extensions ['ignore', 'ignore_ament_install']
[1.818s] Level 1:colcon.colcon_core.package_identification:_identify(.) by extension 'ignore'
[1.818s] Level 1:colcon.colcon_core.package_identification:_identify(.) by extension 'ignore_ament_install'
[1.818s] Level 1:colcon.colcon_core.package_identification:_identify(.) by extensions ['colcon_pkg']
[1.819s] Level 1:colcon.colcon_core.package_identification:_identify(.) by extension 'colcon_pkg'
[1.819s] Level 1:colcon.colcon_core.package_identification:_identify(.) by extensions ['colcon_meta']
[1.819s] Level 1:colcon.colcon_core.package_identification:_identify(.) by extension 'colcon_meta'
[1.819s] Level 1:colcon.colcon_core.package_identification:_identify(.) by extensions ['ros']
[1.819s] Level 1:colcon.colcon_core.package_identification:_identify(.) by extension 'ros'
[1.837s] Level 1:colcon.colcon_core.package_identification:_identify(.) by extensions ['cmake', 'python']
[1.837s] Level 1:colcon.colcon_core.package_identification:_identify(.) by extension 'cmake'
[1.837s] Level 1:colcon.colcon_core.package_identification:_identify(.) by extension 'python'
[1.837s] Level 1:colcon.colcon_core.package_identification:_identify(.) by extensions ['python_setup_py']
[1.837s] Level 1:colcon.colcon_core.package_identification:_identify(.) by extension 'python_setup_py'
[1.837s] Level 1:colcon.colcon_core.package_identification:_identify(build) by extensions ['ignore', 'ignore_ament_install']
[1.837s] Level 1:colcon.colcon_core.package_identification:_identify(build) by extension 'ignore'
[1.837s] Level 1:colcon.colcon_core.package_identification:_identify(build) ignored
[1.838s] Level 1:colcon.colcon_core.package_identification:_identify(install) by extensions ['ignore', 'ignore_ament_install']
[1.838s] Level 1:colcon.colcon_core.package_identification:_identify(install) by extension 'ignore'
[1.838s] Level 1:colcon.colcon_core.package_identification:_identify(install) ignored
[1.838s] Level 1:colcon.colcon_core.package_identification:_identify(log) by extensions ['ignore', 'ignore_ament_install']
[1.838s] Level 1:colcon.colcon_core.package_identification:_identify(log) by extension 'ignore'
[1.838s] Level 1:colcon.colcon_core.package_identification:_identify(log) ignored
[1.838s] Level 1:colcon.colcon_core.package_identification:_identify(src) by extensions ['ignore', 'ignore_ament_install']
[1.839s] Level 1:colcon.colcon_core.package_identification:_identify(src) by extension 'ignore'
[1.839s] Level 1:colcon.colcon_core.package_identification:_identify(src) by extension 'ignore_ament_install'
[1.839s] Level 1:colcon.colcon_core.package_identification:_identify(src) by extensions ['colcon_pkg']
[1.839s] Level 1:colcon.colcon_core.package_identification:_identify(src) by extension 'colcon_pkg'
[1.839s] Level 1:colcon.colcon_core.package_identification:_identify(src) by extensions ['colcon_meta']
[1.839s] Level 1:colcon.colcon_core.package_identification:_identify(src) by extension 'colcon_meta'
[1.839s] Level 1:colcon.colcon_core.package_identification:_identify(src) by extensions ['ros']
[1.839s] Level 1:colcon.colcon_core.package_identification:_identify(src) by extension 'ros'
[1.839s] Level 1:colcon.colcon_core.package_identification:_identify(src) by extensions ['cmake', 'python']
[1.839s] Level 1:colcon.colcon_core.package_identification:_identify(src) by extension 'cmake'
[1.839s] Level 1:colcon.colcon_core.package_identification:_identify(src) by extension 'python'
[1.839s] Level 1:colcon.colcon_core.package_identification:_identify(src) by extensions ['python_setup_py']
[1.839s] Level 1:colcon.colcon_core.package_identification:_identify(src) by extension 'python_setup_py'
[1.840s] Level 1:colcon.colcon_core.package_identification:_identify(src/activity_002) by extensions ['ignore', 'ignore_ament_install']
[1.840s] Level 1:colcon.colcon_core.package_identification:_identify(src/activity_002) by extension 'ignore'
[1.840s] Level 1:colcon.colcon_core.package_identification:_identify(src/activity_002) by extension 'ignore_ament_install'
[1.840s] Level 1:colcon.colcon_core.package_identification:_identify(src/activity_002) by extensions ['colcon_pkg']
[1.840s] Level 1:colcon.colcon_core.package_identification:_identify(src/activity_002) by extension 'colcon_pkg'
[1.840s] Level 1:colcon.colcon_core.package_identification:_identify(src/activity_002) by extensions ['colcon_meta']
[1.840s] Level 1:colcon.colcon_core.package_identification:_identify(src/activity_002) by extension 'colcon_meta'
[1.840s] Level 1:colcon.colcon_core.package_identification:_identify(src/activity_002) by extensions ['ros']
[1.840s] Level 1:colcon.colcon_core.package_identification:_identify(src/activity_002) by extension 'ros'
[1.844s] DEBUG:colcon.colcon_core.package_identification:Package 'src/activity_002' with type 'ros.ament_python' and name 'activity_002'
[1.844s] Level 1:colcon.colcon_core.package_identification:_identify(src/build) by extensions ['ignore', 'ignore_ament_install']
[1.844s] Level 1:colcon.colcon_core.package_identification:_identify(src/build) by extension 'ignore'
[1.844s] Level 1:colcon.colcon_core.package_identification:_identify(src/build) ignored
[1.844s] Level 1:colcon.colcon_core.package_identification:_identify(src/install) by extensions ['ignore', 'ignore_ament_install']
[1.845s] Level 1:colcon.colcon_core.package_identification:_identify(src/install) by extension 'ignore'
[1.845s] Level 1:colcon.colcon_core.package_identification:_identify(src/install) ignored
[1.845s] Level 1:colcon.colcon_core.package_identification:_identify(src/log) by extensions ['ignore', 'ignore_ament_install']
[1.845s] Level 1:colcon.colcon_core.package_identification:_identify(src/log) by extension 'ignore'
[1.845s] Level 1:colcon.colcon_core.package_identification:_identify(src/log) ignored
[1.845s] Level 1:colcon.colcon_core.package_identification:_identify(src/msg_interface) by extensions ['ignore', 'ignore_ament_install']
[1.845s] Level 1:colcon.colcon_core.package_identification:_identify(src/msg_interface) by extension 'ignore'
[1.845s] Level 1:colcon.colcon_core.package_identification:_identify(src/msg_interface) by extension 'ignore_ament_install'
[1.845s] Level 1:colcon.colcon_core.package_identification:_identify(src/msg_interface) by extensions ['colcon_pkg']
[1.846s] Level 1:colcon.colcon_core.package_identification:_identify(src/msg_interface) by extension 'colcon_pkg'
[1.846s] Level 1:colcon.colcon_core.package_identification:_identify(src/msg_interface) by extensions ['colcon_meta']
[1.846s] Level 1:colcon.colcon_core.package_identification:_identify(src/msg_interface) by extension 'colcon_meta'
[1.846s] Level 1:colcon.colcon_core.package_identification:_identify(src/msg_interface) by extensions ['ros']
[1.846s] Level 1:colcon.colcon_core.package_identification:_identify(src/msg_interface) by extension 'ros'
[1.846s] DEBUG:colcon.colcon_core.package_identification:Package 'src/msg_interface' with type 'ros.ament_cmake' and name 'msg_interface'
[1.847s] Level 1:colcon.colcon_core.package_identification:_identify(src/robot_controller) by extensions ['ignore', 'ignore_ament_install']
[1.847s] Level 1:colcon.colcon_core.package_identification:_identify(src/robot_controller) by extension 'ignore'
[1.847s] Level 1:colcon.colcon_core.package_identification:_identify(src/robot_controller) by extension 'ignore_ament_install'
[1.847s] Level 1:colcon.colcon_core.package_identification:_identify(src/robot_controller) by extensions ['colcon_pkg']
[1.847s] Level 1:colcon.colcon_core.package_identification:_identify(src/robot_controller) by extension 'colcon_pkg'
[1.847s] Level 1:colcon.colcon_core.package_identification:_identify(src/robot_controller) by extensions ['colcon_meta']
[1.847s] Level 1:colcon.colcon_core.package_identification:_identify(src/robot_controller) by extension 'colcon_meta'
[1.847s] Level 1:colcon.colcon_core.package_identification:_identify(src/robot_controller) by extensions ['ros']
[1.847s] Level 1:colcon.colcon_core.package_identification:_identify(src/robot_controller) by extension 'ros'
[1.848s] DEBUG:colcon.colcon_core.package_identification:Package 'src/robot_controller' with type 'ros.ament_python' and name 'robot_controller'
[1.848s] Level 1:colcon.colcon_core.package_identification:_identify(src/service) by extensions ['ignore', 'ignore_ament_install']
[1.848s] Level 1:colcon.colcon_core.package_identification:_identify(src/service) by extension 'ignore'
[1.849s] Level 1:colcon.colcon_core.package_identification:_identify(src/service) by extension 'ignore_ament_install'
[1.849s] Level 1:colcon.colcon_core.package_identification:_identify(src/service) by extensions ['colcon_pkg']
[1.849s] Level 1:colcon.colcon_core.package_identification:_identify(src/service) by extension 'colcon_pkg'
[1.849s] Level 1:colcon.colcon_core.package_identification:_identify(src/service) by extensions ['colcon_meta']
[1.849s] Level 1:colcon.colcon_core.package_identification:_identify(src/service) by extension 'colcon_meta'
[1.849s] Level 1:colcon.colcon_core.package_identification:_identify(src/service) by extensions ['ros']
[1.849s] Level 1:colcon.colcon_core.package_identification:_identify(src/service) by extension 'ros'
[1.850s] DEBUG:colcon.colcon_core.package_identification:Package 'src/service' with type 'ros.ament_python' and name 'service'
[1.851s] Level 1:colcon.colcon_core.package_identification:_identify(src/turtlesim_project) by extensions ['ignore', 'ignore_ament_install']
[1.851s] Level 1:colcon.colcon_core.package_identification:_identify(src/turtlesim_project) by extension 'ignore'
[1.851s] Level 1:colcon.colcon_core.package_identification:_identify(src/turtlesim_project) by extension 'ignore_ament_install'
[1.851s] Level 1:colcon.colcon_core.package_identification:_identify(src/turtlesim_project) by extensions ['colcon_pkg']
[1.851s] Level 1:colcon.colcon_core.package_identification:_identify(src/turtlesim_project) by extension 'colcon_pkg'
[1.851s] Level 1:colcon.colcon_core.package_identification:_identify(src/turtlesim_project) by extensions ['colcon_meta']
[1.851s] Level 1:colcon.colcon_core.package_identification:_identify(src/turtlesim_project) by extension 'colcon_meta'
[1.851s] Level 1:colcon.colcon_core.package_identification:_identify(src/turtlesim_project) by extensions ['ros']
[1.852s] Level 1:colcon.colcon_core.package_identification:_identify(src/turtlesim_project) by extension 'ros'
[1.853s] DEBUG:colcon.colcon_core.package_identification:Package 'src/turtlesim_project' with type 'ros.ament_python' and name 'turtlesim_project'
[1.853s] Level 1:colcon.colcon_core.package_identification:_identify(src/turtlesim_project_bringup) by extensions ['ignore', 'ignore_ament_install']
[1.853s] Level 1:colcon.colcon_core.package_identification:_identify(src/turtlesim_project_bringup) by extension 'ignore'
[1.853s] Level 1:colcon.colcon_core.package_identification:_identify(src/turtlesim_project_bringup) by extension 'ignore_ament_install'
[1.853s] Level 1:colcon.colcon_core.package_identification:_identify(src/turtlesim_project_bringup) by extensions ['colcon_pkg']
[1.853s] Level 1:colcon.colcon_core.package_identification:_identify(src/turtlesim_project_bringup) by extension 'colcon_pkg'
[1.854s] Level 1:colcon.colcon_core.package_identification:_identify(src/turtlesim_project_bringup) by extensions ['colcon_meta']
[1.854s] Level 1:colcon.colcon_core.package_identification:_identify(src/turtlesim_project_bringup) by extension 'colcon_meta'
[1.854s] Level 1:colcon.colcon_core.package_identification:_identify(src/turtlesim_project_bringup) by extensions ['ros']
[1.854s] Level 1:colcon.colcon_core.package_identification:_identify(src/turtlesim_project_bringup) by extension 'ros'
[1.854s] DEBUG:colcon.colcon_core.package_identification:Package 'src/turtlesim_project_bringup' with type 'ros.ament_cmake' and name 'turtlesim_project_bringup'
[1.855s] Level 1:colcon.colcon_core.package_discovery:discover_packages(recursive) using defaults
[1.855s] Level 1:colcon.colcon_core.package_discovery:discover_packages(ignore) discover
[1.855s] Level 1:colcon.colcon_core.package_discovery:discover_packages(ignore) using defaults
[1.855s] Level 1:colcon.colcon_core.package_discovery:discover_packages(path) discover
[1.855s] Level 1:colcon.colcon_core.package_discovery:discover_packages(path) using defaults
[1.966s] INFO:colcon.colcon_core.package_selection:Skipping not selected package 'msg_interface' in 'src/msg_interface'
[1.966s] INFO:colcon.colcon_core.package_selection:Skipping not selected package 'robot_controller' in 'src/robot_controller'
[1.967s] INFO:colcon.colcon_core.package_selection:Skipping not selected package 'service' in 'src/service'
[1.967s] INFO:colcon.colcon_core.package_selection:Skipping not selected package 'turtlesim_project' in 'src/turtlesim_project'
[1.967s] INFO:colcon.colcon_core.package_selection:Skipping not selected package 'activity_002' in 'src/activity_002'
[2.018s] Level 1:colcon.colcon_core.package_discovery:discover_packages(prefix_path) check parameters
[2.018s] Level 1:colcon.colcon_core.package_discovery:discover_packages(prefix_path) discover
[2.043s] WARNING:colcon.colcon_ros.prefix_path.ament:The path '/home/hee/ros2_ws/install/Activity_002' in the environment variable AMENT_PREFIX_PATH doesn't exist
[2.068s] DEBUG:colcon.colcon_installed_package_information.package_discovery:Found 6 installed packages in /home/hee/ros2_ws/install
[2.097s] DEBUG:colcon.colcon_installed_package_information.package_discovery:Found 270 installed packages in /opt/ros/humble
[2.099s] Level 1:colcon.colcon_core.package_discovery:discover_packages(prefix_path) using defaults
[2.268s] Level 5:colcon.colcon_core.verb:set package 'turtlesim_project_bringup' build argument 'cmake_args' from command line to 'None'
[2.268s] Level 5:colcon.colcon_core.verb:set package 'turtlesim_project_bringup' build argument 'cmake_target' from command line to 'None'
[2.268s] Level 5:colcon.colcon_core.verb:set package 'turtlesim_project_bringup' build argument 'cmake_target_skip_unavailable' from command line to 'False'
[2.268s] Level 5:colcon.colcon_core.verb:set package 'turtlesim_project_bringup' build argument 'cmake_clean_cache' from command line to 'False'
[2.268s] Level 5:colcon.colcon_core.verb:set package 'turtlesim_project_bringup' build argument 'cmake_clean_first' from command line to 'False'
[2.268s] Level 5:colcon.colcon_core.verb:set package 'turtlesim_project_bringup' build argument 'cmake_force_configure' from command line to 'False'
[2.268s] Level 5:colcon.colcon_core.verb:set package 'turtlesim_project_bringup' build argument 'ament_cmake_args' from command line to 'None'
[2.268s] Level 5:colcon.colcon_core.verb:set package 'turtlesim_project_bringup' build argument 'catkin_cmake_args' from command line to 'None'
[2.268s] Level 5:colcon.colcon_core.verb:set package 'turtlesim_project_bringup' build argument 'catkin_skip_building_tests' from command line to 'False'
[2.268s] DEBUG:colcon.colcon_core.verb:Building package 'turtlesim_project_bringup' with the following arguments: {'ament_cmake_args': None, 'build_base': '/home/hee/ros2_ws/build/turtlesim_project_bringup', 'catkin_cmake_args': None, 'catkin_skip_building_tests': False, 'cmake_args': None, 'cmake_clean_cache': False, 'cmake_clean_first': False, 'cmake_force_configure': False, 'cmake_target': None, 'cmake_target_skip_unavailable': False, 'install_base': '/home/hee/ros2_ws/install/turtlesim_project_bringup', 'merge_install': False, 'path': '/home/hee/ros2_ws/src/turtlesim_project_bringup', 'symlink_install': True, 'test_result_base': None}
[2.292s] INFO:colcon.colcon_core.executor:Executing jobs using 'parallel' executor
[2.318s] DEBUG:colcon.colcon_parallel_executor.executor.parallel:run_until_complete
[2.318s] INFO:colcon.colcon_ros.task.ament_cmake.build:Building ROS package in '/home/hee/ros2_ws/src/turtlesim_project_bringup' with build type 'ament_cmake'
[2.318s] INFO:colcon.colcon_cmake.task.cmake.build:Building CMake package in '/home/hee/ros2_ws/src/turtlesim_project_bringup'
[2.345s] INFO:colcon.colcon_core.plugin_system:Skipping extension 'colcon_core.shell.bat': Not used on non-Windows systems
[2.346s] INFO:colcon.colcon_core.shell:Skip shell extension 'powershell' for command environment: Not usable outside of PowerShell
[2.346s] DEBUG:colcon.colcon_core.shell:Skip shell extension 'dsv' for command environment
[2.434s] DEBUG:colcon.colcon_core.event_handler.log_command:Invoking command in '/home/hee/ros2_ws/build/turtlesim_project_bringup': AMENT_PREFIX_PATH=/home/hee/ros2_ws/install/turtlesim_project:/home/hee/ros2_ws/install/turtlesim_project_bringup:/home/hee/ros2_ws/install/msg_interface:/home/hee/ros2_ws/install/service:/home/hee/ros2_ws/install/robot_controller:/home/hee/ros2_ws/install/activity_002:/home/hee/ros2_ws/install/Activity_002:/opt/ros/humble CMAKE_PREFIX_PATH=${CMAKE_PREFIX_PATH}:/home/hee/ros2_ws/install/turtlesim_project:/home/hee/ros2_ws/install/service:/home/hee/ros2_ws/install/robot_controller:/home/hee/ros2_ws/install/activity_002:/home/hee/ros2_ws/install/Activity_002:/opt/ros/humble /usr/bin/cmake --build /home/hee/ros2_ws/build/turtlesim_project_bringup -- -j8 -l8
[2.838s] DEBUG:colcon.colcon_core.event_handler.log_command:Invoked command in '/home/hee/ros2_ws/build/turtlesim_project_bringup' returned '0': AMENT_PREFIX_PATH=/home/hee/ros2_ws/install/turtlesim_project:/home/hee/ros2_ws/install/turtlesim_project_bringup:/home/hee/ros2_ws/install/msg_interface:/home/hee/ros2_ws/install/service:/home/hee/ros2_ws/install/robot_controller:/home/hee/ros2_ws/install/activity_002:/home/hee/ros2_ws/install/Activity_002:/opt/ros/humble CMAKE_PREFIX_PATH=${CMAKE_PREFIX_PATH}:/home/hee/ros2_ws/install/turtlesim_project:/home/hee/ros2_ws/install/service:/home/hee/ros2_ws/install/robot_controller:/home/hee/ros2_ws/install/activity_002:/home/hee/ros2_ws/install/Activity_002:/opt/ros/humble /usr/bin/cmake --build /home/hee/ros2_ws/build/turtlesim_project_bringup -- -j8 -l8
[2.885s] DEBUG:colcon.colcon_core.event_handler.log_command:Invoking command in '/home/hee/ros2_ws/build/turtlesim_project_bringup': AMENT_PREFIX_PATH=/home/hee/ros2_ws/install/turtlesim_project:/home/hee/ros2_ws/install/turtlesim_project_bringup:/home/hee/ros2_ws/install/msg_interface:/home/hee/ros2_ws/install/service:/home/hee/ros2_ws/install/robot_controller:/home/hee/ros2_ws/install/activity_002:/home/hee/ros2_ws/install/Activity_002:/opt/ros/humble CMAKE_PREFIX_PATH=${CMAKE_PREFIX_PATH}:/home/hee/ros2_ws/install/turtlesim_project:/home/hee/ros2_ws/install/service:/home/hee/ros2_ws/install/robot_controller:/home/hee/ros2_ws/install/activity_002:/home/hee/ros2_ws/install/Activity_002:/opt/ros/humble /usr/bin/cmake --install /home/hee/ros2_ws/build/turtlesim_project_bringup
[2.923s] Level 1:colcon.colcon_core.environment:create_environment_scripts_only(turtlesim_project_bringup)
[2.924s] DEBUG:colcon.colcon_core.event_handler.log_command:Invoked command in '/home/hee/ros2_ws/build/turtlesim_project_bringup' returned '0': AMENT_PREFIX_PATH=/home/hee/ros2_ws/install/turtlesim_project:/home/hee/ros2_ws/install/turtlesim_project_bringup:/home/hee/ros2_ws/install/msg_interface:/home/hee/ros2_ws/install/service:/home/hee/ros2_ws/install/robot_controller:/home/hee/ros2_ws/install/activity_002:/home/hee/ros2_ws/install/Activity_002:/opt/ros/humble CMAKE_PREFIX_PATH=${CMAKE_PREFIX_PATH}:/home/hee/ros2_ws/install/turtlesim_project:/home/hee/ros2_ws/install/service:/home/hee/ros2_ws/install/robot_controller:/home/hee/ros2_ws/install/activity_002:/home/hee/ros2_ws/install/Activity_002:/opt/ros/humble /usr/bin/cmake --install /home/hee/ros2_ws/build/turtlesim_project_bringup
[2.951s] Level 1:colcon.colcon_core.environment:checking '/home/hee/ros2_ws/install/turtlesim_project_bringup' for CMake module files
[2.952s] Level 1:colcon.colcon_core.environment:checking '/home/hee/ros2_ws/install/turtlesim_project_bringup' for CMake config files
[2.952s] Level 1:colcon.colcon_core.shell:create_environment_hook('turtlesim_project_bringup', 'cmake_prefix_path')
[2.976s] INFO:colcon.colcon_core.shell:Creating environment hook '/home/hee/ros2_ws/install/turtlesim_project_bringup/share/turtlesim_project_bringup/hook/cmake_prefix_path.ps1'
[2.977s] INFO:colcon.colcon_core.shell:Creating environment descriptor '/home/hee/ros2_ws/install/turtlesim_project_bringup/share/turtlesim_project_bringup/hook/cmake_prefix_path.dsv'
[2.978s] INFO:colcon.colcon_core.shell:Creating environment hook '/home/hee/ros2_ws/install/turtlesim_project_bringup/share/turtlesim_project_bringup/hook/cmake_prefix_path.sh'
[2.979s] Level 1:colcon.colcon_core.environment:checking '/home/hee/ros2_ws/install/turtlesim_project_bringup/bin'
[2.979s] Level 1:colcon.colcon_core.environment:checking '/home/hee/ros2_ws/install/turtlesim_project_bringup/lib/pkgconfig/turtlesim_project_bringup.pc'
[2.979s] Level 1:colcon.colcon_core.environment:checking '/home/hee/ros2_ws/install/turtlesim_project_bringup/lib/python3.10/site-packages'
[2.979s] Level 1:colcon.colcon_core.environment:checking '/home/hee/ros2_ws/install/turtlesim_project_bringup/bin'
[3.004s] INFO:colcon.colcon_core.shell:Creating package script '/home/hee/ros2_ws/install/turtlesim_project_bringup/share/turtlesim_project_bringup/package.ps1'
[3.005s] INFO:colcon.colcon_core.shell:Creating package descriptor '/home/hee/ros2_ws/install/turtlesim_project_bringup/share/turtlesim_project_bringup/package.dsv'
[3.006s] INFO:colcon.colcon_core.shell:Creating package script '/home/hee/ros2_ws/install/turtlesim_project_bringup/share/turtlesim_project_bringup/package.sh'
[3.007s] INFO:colcon.colcon_core.shell:Creating package script '/home/hee/ros2_ws/install/turtlesim_project_bringup/share/turtlesim_project_bringup/package.bash'
[3.008s] INFO:colcon.colcon_core.shell:Creating package script '/home/hee/ros2_ws/install/turtlesim_project_bringup/share/turtlesim_project_bringup/package.zsh'
[3.009s] Level 1:colcon.colcon_core.environment:create_file_with_runtime_dependencies(/home/hee/ros2_ws/install/turtlesim_project_bringup/share/colcon-core/packages/turtlesim_project_bringup)
[3.065s] Level 1:colcon.colcon_core.environment:create_environment_scripts_only(turtlesim_project_bringup)
[3.090s] Level 1:colcon.colcon_core.environment:checking '/home/hee/ros2_ws/install/turtlesim_project_bringup' for CMake module files
[3.091s] Level 1:colcon.colcon_core.environment:checking '/home/hee/ros2_ws/install/turtlesim_project_bringup' for CMake config files
[3.091s] Level 1:colcon.colcon_core.shell:create_environment_hook('turtlesim_project_bringup', 'cmake_prefix_path')
[3.115s] INFO:colcon.colcon_core.shell:Creating environment hook '/home/hee/ros2_ws/install/turtlesim_project_bringup/share/turtlesim_project_bringup/hook/cmake_prefix_path.ps1'
[3.115s] INFO:colcon.colcon_core.shell:Creating environment descriptor '/home/hee/ros2_ws/install/turtlesim_project_bringup/share/turtlesim_project_bringup/hook/cmake_prefix_path.dsv'
[3.116s] INFO:colcon.colcon_core.shell:Creating environment hook '/home/hee/ros2_ws/install/turtlesim_project_bringup/share/turtlesim_project_bringup/hook/cmake_prefix_path.sh'
[3.117s] Level 1:colcon.colcon_core.environment:checking '/home/hee/ros2_ws/install/turtlesim_project_bringup/bin'
[3.117s] Level 1:colcon.colcon_core.environment:checking '/home/hee/ros2_ws/install/turtlesim_project_bringup/lib/pkgconfig/turtlesim_project_bringup.pc'
[3.117s] Level 1:colcon.colcon_core.environment:checking '/home/hee/ros2_ws/install/turtlesim_project_bringup/lib/python3.10/site-packages'
[3.117s] Level 1:colcon.colcon_core.environment:checking '/home/hee/ros2_ws/install/turtlesim_project_bringup/bin'
[3.142s] INFO:colcon.colcon_core.shell:Creating package script '/home/hee/ros2_ws/install/turtlesim_project_bringup/share/turtlesim_project_bringup/package.ps1'
[3.143s] INFO:colcon.colcon_core.shell:Creating package descriptor '/home/hee/ros2_ws/install/turtlesim_project_bringup/share/turtlesim_project_bringup/package.dsv'
[3.143s] INFO:colcon.colcon_core.shell:Creating package script '/home/hee/ros2_ws/install/turtlesim_project_bringup/share/turtlesim_project_bringup/package.sh'
[3.144s] INFO:colcon.colcon_core.shell:Creating package script '/home/hee/ros2_ws/install/turtlesim_project_bringup/share/turtlesim_project_bringup/package.bash'
[3.144s] INFO:colcon.colcon_core.shell:Creating package script '/home/hee/ros2_ws/install/turtlesim_project_bringup/share/turtlesim_project_bringup/package.zsh'
[3.145s] Level 1:colcon.colcon_core.environment:create_file_with_runtime_dependencies(/home/hee/ros2_ws/install/turtlesim_project_bringup/share/colcon-core/packages/turtlesim_project_bringup)
[3.145s] DEBUG:colcon.colcon_parallel_executor.executor.parallel:closing loop
[3.146s] DEBUG:colcon.colcon_parallel_executor.executor.parallel:loop closed
[3.146s] DEBUG:colcon.colcon_parallel_executor.executor.parallel:run_until_complete finished with '0'
[3.146s] DEBUG:colcon.colcon_core.event_reactor:joining thread
[3.179s] INFO:colcon.colcon_core.plugin_system:Skipping extension 'colcon_notification.desktop_notification.terminal_notifier': Not used on non-Darwin systems
[3.179s] INFO:colcon.colcon_core.plugin_system:Skipping extension 'colcon_notification.desktop_notification.win32': Not used on non-Windows systems
[3.179s] INFO:colcon.colcon_notification.desktop_notification:Sending desktop notification using 'notify2'
[3.201s] DEBUG:colcon.colcon_core.event_reactor:joined thread
[3.226s] INFO:colcon.colcon_core.shell:Creating prefix script '/home/hee/ros2_ws/install/local_setup.ps1'
[3.228s] INFO:colcon.colcon_core.shell:Creating prefix util module '/home/hee/ros2_ws/install/_local_setup_util_ps1.py'
[3.233s] INFO:colcon.colcon_core.shell:Creating prefix chain script '/home/hee/ros2_ws/install/setup.ps1'
[3.268s] INFO:colcon.colcon_core.shell:Creating prefix script '/home/hee/ros2_ws/install/local_setup.sh'
[3.269s] INFO:colcon.colcon_core.shell:Creating prefix util module '/home/hee/ros2_ws/install/_local_setup_util_sh.py'
[3.270s] INFO:colcon.colcon_core.shell:Creating prefix chain script '/home/hee/ros2_ws/install/setup.sh'
[3.296s] INFO:colcon.colcon_core.shell:Creating prefix script '/home/hee/ros2_ws/install/local_setup.bash'
[3.297s] INFO:colcon.colcon_core.shell:Creating prefix chain script '/home/hee/ros2_ws/install/setup.bash'
[3.323s] INFO:colcon.colcon_core.shell:Creating prefix script '/home/hee/ros2_ws/install/local_setup.zsh'
[3.323s] INFO:colcon.colcon_core.shell:Creating prefix chain script '/home/hee/ros2_ws/install/setup.zsh'
