[1.161s] Invoking command in '/home/hee/ros2_ws/src/service': PYTHONPATH=/home/hee/ros2_ws/build/service/prefix_override:/home/hee/ros2_ws/install/service/lib/python3.10/site-packages:${PYTHONPATH} /usr/bin/python3 setup.py egg_info --egg-base ../../build/service build --build-base /home/hee/ros2_ws/build/service/build install --record /home/hee/ros2_ws/build/service/install.log --single-version-externally-managed
[1.553s] running egg_info
[1.554s] creating ../../build/service/service.egg-info
[1.554s] writing ../../build/service/service.egg-info/PKG-INFO
[1.555s] writing dependency_links to ../../build/service/service.egg-info/dependency_links.txt
[1.555s] writing entry points to ../../build/service/service.egg-info/entry_points.txt
[1.555s] writing requirements to ../../build/service/service.egg-info/requires.txt
[1.555s] writing top-level names to ../../build/service/service.egg-info/top_level.txt
[1.555s] writing manifest file '../../build/service/service.egg-info/SOURCES.txt'
[1.558s] reading manifest file '../../build/service/service.egg-info/SOURCES.txt'
[1.559s] writing manifest file '../../build/service/service.egg-info/SOURCES.txt'
[1.560s] running build
[1.560s] running build_py
[1.560s] creating /home/hee/ros2_ws/build/service/build
[1.560s] creating /home/hee/ros2_ws/build/service/build/lib
[1.560s] creating /home/hee/ros2_ws/build/service/build/lib/service
[1.560s] copying service/__init__.py -> /home/hee/ros2_ws/build/service/build/lib/service
[1.561s] copying service/add_2_int.py -> /home/hee/ros2_ws/build/service/build/lib/service
[1.561s] running install
[1.561s] running install_lib
[1.562s] creating /home/hee/ros2_ws/install/service/lib/python3.10/site-packages/service
[1.563s] copying /home/hee/ros2_ws/build/service/build/lib/service/__init__.py -> /home/hee/ros2_ws/install/service/lib/python3.10/site-packages/service
[1.563s] copying /home/hee/ros2_ws/build/service/build/lib/service/add_2_int.py -> /home/hee/ros2_ws/install/service/lib/python3.10/site-packages/service
[1.564s] byte-compiling /home/hee/ros2_ws/install/service/lib/python3.10/site-packages/service/__init__.py to __init__.cpython-310.pyc
[1.564s] byte-compiling /home/hee/ros2_ws/install/service/lib/python3.10/site-packages/service/add_2_int.py to add_2_int.cpython-310.pyc
[1.564s] running install_data
[1.566s] creating /home/hee/ros2_ws/install/service/share/ament_index
[1.566s] creating /home/hee/ros2_ws/install/service/share/ament_index/resource_index
[1.566s] creating /home/hee/ros2_ws/install/service/share/ament_index/resource_index/packages
[1.566s] copying resource/service -> /home/hee/ros2_ws/install/service/share/ament_index/resource_index/packages
[1.566s] copying package.xml -> /home/hee/ros2_ws/install/service/share/service
[1.566s] running install_egg_info
[1.569s] Copying ../../build/service/service.egg-info to /home/hee/ros2_ws/install/service/lib/python3.10/site-packages/service-0.0.0-py3.10.egg-info
[1.570s] running install_scripts
[1.598s] writing list of installed files to '/home/hee/ros2_ws/build/service/install.log'
[1.628s] Invoked command in '/home/hee/ros2_ws/src/service' returned '0': PYTHONPATH=/home/hee/ros2_ws/build/service/prefix_override:/home/hee/ros2_ws/install/service/lib/python3.10/site-packages:${PYTHONPATH} /usr/bin/python3 setup.py egg_info --egg-base ../../build/service build --build-base /home/hee/ros2_ws/build/service/build install --record /home/hee/ros2_ws/build/service/install.log --single-version-externally-managed
