[1.129s] Invoking command in '/home/hee/ros2_ws/src/service': PYTHONPATH=/home/hee/ros2_ws/src/build/service/prefix_override:/home/hee/ros2_ws/src/install/service/lib/python3.10/site-packages:${PYTHONPATH} /usr/bin/python3 setup.py egg_info --egg-base ../build/service build --build-base /home/hee/ros2_ws/src/build/service/build install --record /home/hee/ros2_ws/src/build/service/install.log --single-version-externally-managed
[1.511s] running egg_info
[1.512s] creating ../build/service/service.egg-info
[1.513s] writing ../build/service/service.egg-info/PKG-INFO
[1.513s] writing dependency_links to ../build/service/service.egg-info/dependency_links.txt
[1.513s] writing entry points to ../build/service/service.egg-info/entry_points.txt
[1.514s] writing requirements to ../build/service/service.egg-info/requires.txt
[1.514s] writing top-level names to ../build/service/service.egg-info/top_level.txt
[1.514s] writing manifest file '../build/service/service.egg-info/SOURCES.txt'
[1.517s] reading manifest file '../build/service/service.egg-info/SOURCES.txt'
[1.519s] writing manifest file '../build/service/service.egg-info/SOURCES.txt'
[1.519s] running build
[1.519s] running build_py
[1.519s] creating /home/hee/ros2_ws/src/build/service/build
[1.520s] creating /home/hee/ros2_ws/src/build/service/build/lib
[1.520s] creating /home/hee/ros2_ws/src/build/service/build/lib/service
[1.520s] copying service/__init__.py -> /home/hee/ros2_ws/src/build/service/build/lib/service
[1.520s] running install
[1.520s] running install_lib
[1.521s] creating /home/hee/ros2_ws/src/install/service/lib/python3.10/site-packages/service
[1.522s] copying /home/hee/ros2_ws/src/build/service/build/lib/service/__init__.py -> /home/hee/ros2_ws/src/install/service/lib/python3.10/site-packages/service
[1.522s] byte-compiling /home/hee/ros2_ws/src/install/service/lib/python3.10/site-packages/service/__init__.py to __init__.cpython-310.pyc
[1.523s] running install_data
[1.524s] creating /home/hee/ros2_ws/src/install/service/share/ament_index
[1.524s] creating /home/hee/ros2_ws/src/install/service/share/ament_index/resource_index
[1.524s] creating /home/hee/ros2_ws/src/install/service/share/ament_index/resource_index/packages
[1.525s] copying resource/service -> /home/hee/ros2_ws/src/install/service/share/ament_index/resource_index/packages
[1.525s] copying package.xml -> /home/hee/ros2_ws/src/install/service/share/service
[1.525s] running install_egg_info
[1.527s] Copying ../build/service/service.egg-info to /home/hee/ros2_ws/src/install/service/lib/python3.10/site-packages/service-0.0.0-py3.10.egg-info
[1.528s] running install_scripts
[1.557s] writing list of installed files to '/home/hee/ros2_ws/src/build/service/install.log'
[1.587s] Invoked command in '/home/hee/ros2_ws/src/service' returned '0': PYTHONPATH=/home/hee/ros2_ws/src/build/service/prefix_override:/home/hee/ros2_ws/src/install/service/lib/python3.10/site-packages:${PYTHONPATH} /usr/bin/python3 setup.py egg_info --egg-base ../build/service build --build-base /home/hee/ros2_ws/src/build/service/build install --record /home/hee/ros2_ws/src/build/service/install.log --single-version-externally-managed
