[1.577s] DEBUG:colcon:Command line arguments: ['/usr/bin/colcon', 'build']
[1.577s] DEBUG:colcon:Parsed command line arguments: Namespace(log_base=None, log_level=None, verb_name='build', build_base='build', install_base='install', merge_install=False, symlink_install=False, test_result_base=None, continue_on_error=False, executor='parallel', parallel_workers=8, event_handlers=None, ignore_user_meta=False, metas=['./colcon.meta'], base_paths=['.'], packages_ignore=None, packages_ignore_regex=None, paths=None, packages_up_to=None, packages_up_to_regex=None, packages_above=None, packages_above_and_dependencies=None, packages_above_depth=None, packages_select_by_dep=None, packages_skip_by_dep=None, packages_skip_up_to=None, packages_select_build_failed=False, packages_skip_build_finished=False, packages_select_test_failures=False, packages_skip_test_passed=False, packages_select=None, packages_skip=None, packages_select_regex=None, packages_skip_regex=None, packages_start=None, packages_end=None, allow_overriding=[], cmake_args=None, cmake_target=None, cmake_target_skip_unavailable=False, cmake_clean_cache=False, cmake_clean_first=False, cmake_force_configure=False, ament_cmake_args=None, catkin_cmake_args=None, catkin_skip_building_tests=False, verb_parser=<colcon_defaults.argument_parser.defaults.DefaultArgumentsDecorator object at 0x7f09fbbdcf10>, verb_extension=<colcon_core.verb.build.BuildVerb object at 0x7f09fbb447c0>, main=<bound method BuildVerb.main of <colcon_core.verb.build.BuildVerb object at 0x7f09fbb447c0>>)
[1.648s] Level 1:colcon.colcon_core.package_discovery:discover_packages(colcon_meta) check parameters
[1.649s] Level 1:colcon.colcon_core.package_discovery:discover_packages(recursive) check parameters
[1.649s] Level 1:colcon.colcon_core.package_discovery:discover_packages(ignore) check parameters
[1.649s] Level 1:colcon.colcon_core.package_discovery:discover_packages(path) check parameters
[1.649s] Level 1:colcon.colcon_core.package_discovery:discover_packages(colcon_meta) discover
[1.649s] Level 1:colcon.colcon_core.package_discovery:discover_packages(recursive) discover
[1.649s] INFO:colcon.colcon_core.package_discovery:Crawling recursively for packages in '/home/hee/ros2_ws/src'
[1.649s] Level 1:colcon.colcon_core.package_identification:_identify(.) by extensions ['ignore', 'ignore_ament_install']
[1.649s] Level 1:colcon.colcon_core.package_identification:_identify(.) by extension 'ignore'
[1.649s] Level 1:colcon.colcon_core.package_identification:_identify(.) by extension 'ignore_ament_install'
[1.649s] Level 1:colcon.colcon_core.package_identification:_identify(.) by extensions ['colcon_pkg']
[1.649s] Level 1:colcon.colcon_core.package_identification:_identify(.) by extension 'colcon_pkg'
[1.650s] Level 1:colcon.colcon_core.package_identification:_identify(.) by extensions ['colcon_meta']
[1.650s] Level 1:colcon.colcon_core.package_identification:_identify(.) by extension 'colcon_meta'
[1.650s] Level 1:colcon.colcon_core.package_identification:_identify(.) by extensions ['ros']
[1.650s] Level 1:colcon.colcon_core.package_identification:_identify(.) by extension 'ros'
[1.666s] Level 1:colcon.colcon_core.package_identification:_identify(.) by extensions ['cmake', 'python']
[1.667s] Level 1:colcon.colcon_core.package_identification:_identify(.) by extension 'cmake'
[1.667s] Level 1:colcon.colcon_core.package_identification:_identify(.) by extension 'python'
[1.667s] Level 1:colcon.colcon_core.package_identification:_identify(.) by extensions ['python_setup_py']
[1.667s] Level 1:colcon.colcon_core.package_identification:_identify(.) by extension 'python_setup_py'
[1.667s] Level 1:colcon.colcon_core.package_identification:_identify(activity_002) by extensions ['ignore', 'ignore_ament_install']
[1.667s] Level 1:colcon.colcon_core.package_identification:_identify(activity_002) by extension 'ignore'
[1.667s] Level 1:colcon.colcon_core.package_identification:_identify(activity_002) by extension 'ignore_ament_install'
[1.667s] Level 1:colcon.colcon_core.package_identification:_identify(activity_002) by extensions ['colcon_pkg']
[1.667s] Level 1:colcon.colcon_core.package_identification:_identify(activity_002) by extension 'colcon_pkg'
[1.667s] Level 1:colcon.colcon_core.package_identification:_identify(activity_002) by extensions ['colcon_meta']
[1.667s] Level 1:colcon.colcon_core.package_identification:_identify(activity_002) by extension 'colcon_meta'
[1.668s] Level 1:colcon.colcon_core.package_identification:_identify(activity_002) by extensions ['ros']
[1.668s] Level 1:colcon.colcon_core.package_identification:_identify(activity_002) by extension 'ros'
[1.671s] DEBUG:colcon.colcon_core.package_identification:Package 'activity_002' with type 'ros.ament_python' and name 'activity_002'
[1.671s] Level 1:colcon.colcon_core.package_identification:_identify(build) by extensions ['ignore', 'ignore_ament_install']
[1.671s] Level 1:colcon.colcon_core.package_identification:_identify(build) by extension 'ignore'
[1.671s] Level 1:colcon.colcon_core.package_identification:_identify(build) ignored
[1.672s] Level 1:colcon.colcon_core.package_identification:_identify(install) by extensions ['ignore', 'ignore_ament_install']
[1.672s] Level 1:colcon.colcon_core.package_identification:_identify(install) by extension 'ignore'
[1.672s] Level 1:colcon.colcon_core.package_identification:_identify(install) ignored
[1.672s] Level 1:colcon.colcon_core.package_identification:_identify(log) by extensions ['ignore', 'ignore_ament_install']
[1.672s] Level 1:colcon.colcon_core.package_identification:_identify(log) by extension 'ignore'
[1.672s] Level 1:colcon.colcon_core.package_identification:_identify(log) ignored
[1.672s] Level 1:colcon.colcon_core.package_identification:_identify(robot_controller) by extensions ['ignore', 'ignore_ament_install']
[1.672s] Level 1:colcon.colcon_core.package_identification:_identify(robot_controller) by extension 'ignore'
[1.673s] Level 1:colcon.colcon_core.package_identification:_identify(robot_controller) by extension 'ignore_ament_install'
[1.673s] Level 1:colcon.colcon_core.package_identification:_identify(robot_controller) by extensions ['colcon_pkg']
[1.673s] Level 1:colcon.colcon_core.package_identification:_identify(robot_controller) by extension 'colcon_pkg'
[1.673s] Level 1:colcon.colcon_core.package_identification:_identify(robot_controller) by extensions ['colcon_meta']
[1.673s] Level 1:colcon.colcon_core.package_identification:_identify(robot_controller) by extension 'colcon_meta'
[1.673s] Level 1:colcon.colcon_core.package_identification:_identify(robot_controller) by extensions ['ros']
[1.673s] Level 1:colcon.colcon_core.package_identification:_identify(robot_controller) by extension 'ros'
[1.674s] DEBUG:colcon.colcon_core.package_identification:Package 'robot_controller' with type 'ros.ament_python' and name 'robot_controller'
[1.674s] Level 1:colcon.colcon_core.package_discovery:discover_packages(recursive) using defaults
[1.674s] Level 1:colcon.colcon_core.package_discovery:discover_packages(ignore) discover
[1.674s] Level 1:colcon.colcon_core.package_discovery:discover_packages(ignore) using defaults
[1.674s] Level 1:colcon.colcon_core.package_discovery:discover_packages(path) discover
[1.674s] Level 1:colcon.colcon_core.package_discovery:discover_packages(path) using defaults
[1.814s] Level 1:colcon.colcon_core.package_discovery:discover_packages(prefix_path) check parameters
[1.814s] Level 1:colcon.colcon_core.package_discovery:discover_packages(prefix_path) discover
[1.861s] DEBUG:colcon.colcon_installed_package_information.package_discovery:Found 2 installed packages in /home/hee/ros2_ws/install
[1.885s] DEBUG:colcon.colcon_installed_package_information.package_discovery:Found 270 installed packages in /opt/ros/humble
[1.887s] Level 1:colcon.colcon_core.package_discovery:discover_packages(prefix_path) using defaults
[2.038s] Level 5:colcon.colcon_core.verb:set package 'activity_002' build argument 'cmake_args' from command line to 'None'
[2.038s] Level 5:colcon.colcon_core.verb:set package 'activity_002' build argument 'cmake_target' from command line to 'None'
[2.038s] Level 5:colcon.colcon_core.verb:set package 'activity_002' build argument 'cmake_target_skip_unavailable' from command line to 'False'
[2.038s] Level 5:colcon.colcon_core.verb:set package 'activity_002' build argument 'cmake_clean_cache' from command line to 'False'
[2.038s] Level 5:colcon.colcon_core.verb:set package 'activity_002' build argument 'cmake_clean_first' from command line to 'False'
[2.038s] Level 5:colcon.colcon_core.verb:set package 'activity_002' build argument 'cmake_force_configure' from command line to 'False'
[2.038s] Level 5:colcon.colcon_core.verb:set package 'activity_002' build argument 'ament_cmake_args' from command line to 'None'
[2.038s] Level 5:colcon.colcon_core.verb:set package 'activity_002' build argument 'catkin_cmake_args' from command line to 'None'
[2.038s] Level 5:colcon.colcon_core.verb:set package 'activity_002' build argument 'catkin_skip_building_tests' from command line to 'False'
[2.038s] DEBUG:colcon.colcon_core.verb:Building package 'activity_002' with the following arguments: {'ament_cmake_args': None, 'build_base': '/home/hee/ros2_ws/src/build/activity_002', 'catkin_cmake_args': None, 'catkin_skip_building_tests': False, 'cmake_args': None, 'cmake_clean_cache': False, 'cmake_clean_first': False, 'cmake_force_configure': False, 'cmake_target': None, 'cmake_target_skip_unavailable': False, 'install_base': '/home/hee/ros2_ws/src/install/activity_002', 'merge_install': False, 'path': '/home/hee/ros2_ws/src/activity_002', 'symlink_install': False, 'test_result_base': None}
[2.061s] Level 5:colcon.colcon_core.verb:set package 'robot_controller' build argument 'cmake_args' from command line to 'None'
[2.061s] Level 5:colcon.colcon_core.verb:set package 'robot_controller' build argument 'cmake_target' from command line to 'None'
[2.061s] Level 5:colcon.colcon_core.verb:set package 'robot_controller' build argument 'cmake_target_skip_unavailable' from command line to 'False'
[2.061s] Level 5:colcon.colcon_core.verb:set package 'robot_controller' build argument 'cmake_clean_cache' from command line to 'False'
[2.061s] Level 5:colcon.colcon_core.verb:set package 'robot_controller' build argument 'cmake_clean_first' from command line to 'False'
[2.061s] Level 5:colcon.colcon_core.verb:set package 'robot_controller' build argument 'cmake_force_configure' from command line to 'False'
[2.061s] Level 5:colcon.colcon_core.verb:set package 'robot_controller' build argument 'ament_cmake_args' from command line to 'None'
[2.061s] Level 5:colcon.colcon_core.verb:set package 'robot_controller' build argument 'catkin_cmake_args' from command line to 'None'
[2.061s] Level 5:colcon.colcon_core.verb:set package 'robot_controller' build argument 'catkin_skip_building_tests' from command line to 'False'
[2.061s] DEBUG:colcon.colcon_core.verb:Building package 'robot_controller' with the following arguments: {'ament_cmake_args': None, 'build_base': '/home/hee/ros2_ws/src/build/robot_controller', 'catkin_cmake_args': None, 'catkin_skip_building_tests': False, 'cmake_args': None, 'cmake_clean_cache': False, 'cmake_clean_first': False, 'cmake_force_configure': False, 'cmake_target': None, 'cmake_target_skip_unavailable': False, 'install_base': '/home/hee/ros2_ws/src/install/robot_controller', 'merge_install': False, 'path': '/home/hee/ros2_ws/src/robot_controller', 'symlink_install': False, 'test_result_base': None}
[2.084s] INFO:colcon.colcon_core.executor:Executing jobs using 'parallel' executor
[2.107s] DEBUG:colcon.colcon_parallel_executor.executor.parallel:run_until_complete
[2.108s] INFO:colcon.colcon_ros.task.ament_python.build:Building ROS package in '/home/hee/ros2_ws/src/activity_002' with build type 'ament_python'
[2.108s] Level 1:colcon.colcon_core.shell:create_environment_hook('activity_002', 'ament_prefix_path')
[2.135s] INFO:colcon.colcon_core.plugin_system:Skipping extension 'colcon_core.shell.bat': Not used on non-Windows systems
[2.136s] INFO:colcon.colcon_core.shell:Creating environment hook '/home/hee/ros2_ws/src/install/activity_002/share/activity_002/hook/ament_prefix_path.ps1'
[2.137s] INFO:colcon.colcon_core.shell:Creating environment descriptor '/home/hee/ros2_ws/src/install/activity_002/share/activity_002/hook/ament_prefix_path.dsv'
[2.138s] INFO:colcon.colcon_core.shell:Creating environment hook '/home/hee/ros2_ws/src/install/activity_002/share/activity_002/hook/ament_prefix_path.sh'
[2.167s] INFO:colcon.colcon_core.shell:Skip shell extension 'powershell' for command environment: Not usable outside of PowerShell
[2.167s] DEBUG:colcon.colcon_core.shell:Skip shell extension 'dsv' for command environment
[2.264s] INFO:colcon.colcon_ros.task.ament_python.build:Building ROS package in '/home/hee/ros2_ws/src/robot_controller' with build type 'ament_python'
[2.264s] Level 1:colcon.colcon_core.shell:create_environment_hook('robot_controller', 'ament_prefix_path')
[2.296s] INFO:colcon.colcon_core.shell:Creating environment hook '/home/hee/ros2_ws/src/install/robot_controller/share/robot_controller/hook/ament_prefix_path.ps1'
[2.296s] INFO:colcon.colcon_core.shell:Creating environment descriptor '/home/hee/ros2_ws/src/install/robot_controller/share/robot_controller/hook/ament_prefix_path.dsv'
[2.297s] INFO:colcon.colcon_core.shell:Creating environment hook '/home/hee/ros2_ws/src/install/robot_controller/share/robot_controller/hook/ament_prefix_path.sh'
[2.325s] INFO:colcon.colcon_core.shell:Skip shell extension 'powershell' for command environment: Not usable outside of PowerShell
[2.325s] DEBUG:colcon.colcon_core.shell:Skip shell extension 'dsv' for command environment
[2.819s] INFO:colcon.colcon_core.task.python.build:Building Python package in '/home/hee/ros2_ws/src/activity_002'
[2.843s] INFO:colcon.colcon_core.shell:Skip shell extension 'powershell' for command environment: Not usable outside of PowerShell
[2.843s] DEBUG:colcon.colcon_core.shell:Skip shell extension 'dsv' for command environment
[3.326s] INFO:colcon.colcon_core.task.python.build:Building Python package in '/home/hee/ros2_ws/src/robot_controller'
[3.350s] INFO:colcon.colcon_core.shell:Skip shell extension 'powershell' for command environment: Not usable outside of PowerShell
[3.350s] DEBUG:colcon.colcon_core.shell:Skip shell extension 'dsv' for command environment
[3.946s] DEBUG:colcon.colcon_core.event_handler.log_command:Invoking command in '/home/hee/ros2_ws/src/build/activity_002': PYTHONPATH=/home/hee/ros2_ws/src/build/activity_002/prefix_override:/home/hee/ros2_ws/src/install/activity_002/lib/python3.10/site-packages:${PYTHONPATH} /usr/bin/python3 setup.py develop --uninstall --editable --build-directory /home/hee/ros2_ws/src/build/activity_002/build
[3.952s] DEBUG:colcon.colcon_core.event_handler.log_command:Invoking command in '/home/hee/ros2_ws/src/build/robot_controller': PYTHONPATH=/home/hee/ros2_ws/src/build/robot_controller/prefix_override:/home/hee/ros2_ws/src/install/robot_controller/lib/python3.10/site-packages:${PYTHONPATH} /usr/bin/python3 setup.py develop --uninstall --editable --build-directory /home/hee/ros2_ws/src/build/robot_controller/build
[4.668s] DEBUG:colcon.colcon_core.event_handler.log_command:Invoked command in '/home/hee/ros2_ws/src/build/activity_002' returned '0': PYTHONPATH=/home/hee/ros2_ws/src/build/activity_002/prefix_override:/home/hee/ros2_ws/src/install/activity_002/lib/python3.10/site-packages:${PYTHONPATH} /usr/bin/python3 setup.py develop --uninstall --editable --build-directory /home/hee/ros2_ws/src/build/activity_002/build
[4.670s] DEBUG:colcon.colcon_core.event_handler.log_command:Invoking command in '/home/hee/ros2_ws/src/activity_002': PYTHONPATH=/home/hee/ros2_ws/src/build/activity_002/prefix_override:/home/hee/ros2_ws/src/install/activity_002/lib/python3.10/site-packages:${PYTHONPATH} /usr/bin/python3 setup.py egg_info --egg-base ../build/activity_002 build --build-base /home/hee/ros2_ws/src/build/activity_002/build install --record /home/hee/ros2_ws/src/build/activity_002/install.log --single-version-externally-managed
[4.733s] DEBUG:colcon.colcon_core.event_handler.log_command:Invoked command in '/home/hee/ros2_ws/src/build/robot_controller' returned '0': PYTHONPATH=/home/hee/ros2_ws/src/build/robot_controller/prefix_override:/home/hee/ros2_ws/src/install/robot_controller/lib/python3.10/site-packages:${PYTHONPATH} /usr/bin/python3 setup.py develop --uninstall --editable --build-directory /home/hee/ros2_ws/src/build/robot_controller/build
[4.734s] DEBUG:colcon.colcon_core.event_handler.log_command:Invoking command in '/home/hee/ros2_ws/src/robot_controller': PYTHONPATH=/home/hee/ros2_ws/src/build/robot_controller/prefix_override:/home/hee/ros2_ws/src/install/robot_controller/lib/python3.10/site-packages:${PYTHONPATH} /usr/bin/python3 setup.py egg_info --egg-base ../build/robot_controller build --build-base /home/hee/ros2_ws/src/build/robot_controller/build install --record /home/hee/ros2_ws/src/build/robot_controller/install.log --single-version-externally-managed
[5.141s] DEBUG:colcon.colcon_core.event_handler.log_command:Invoked command in '/home/hee/ros2_ws/src/activity_002' returned '0': PYTHONPATH=/home/hee/ros2_ws/src/build/activity_002/prefix_override:/home/hee/ros2_ws/src/install/activity_002/lib/python3.10/site-packages:${PYTHONPATH} /usr/bin/python3 setup.py egg_info --egg-base ../build/activity_002 build --build-base /home/hee/ros2_ws/src/build/activity_002/build install --record /home/hee/ros2_ws/src/build/activity_002/install.log --single-version-externally-managed
[5.193s] Level 1:colcon.colcon_core.environment:checking '/home/hee/ros2_ws/src/install/activity_002' for CMake module files
[5.194s] Level 1:colcon.colcon_core.environment:checking '/home/hee/ros2_ws/src/install/activity_002' for CMake config files
[5.196s] Level 1:colcon.colcon_core.environment:checking '/home/hee/ros2_ws/src/install/activity_002/lib'
[5.196s] Level 1:colcon.colcon_core.environment:checking '/home/hee/ros2_ws/src/install/activity_002/bin'
[5.196s] Level 1:colcon.colcon_core.environment:checking '/home/hee/ros2_ws/src/install/activity_002/lib/pkgconfig/activity_002.pc'
[5.197s] Level 1:colcon.colcon_core.environment:checking '/home/hee/ros2_ws/src/install/activity_002/lib/python3.10/site-packages'
[5.197s] Level 1:colcon.colcon_core.shell:create_environment_hook('activity_002', 'pythonpath')
[5.236s] INFO:colcon.colcon_core.shell:Creating environment hook '/home/hee/ros2_ws/src/install/activity_002/share/activity_002/hook/pythonpath.ps1'
[5.237s] INFO:colcon.colcon_core.shell:Creating environment descriptor '/home/hee/ros2_ws/src/install/activity_002/share/activity_002/hook/pythonpath.dsv'
[5.237s] INFO:colcon.colcon_core.shell:Creating environment hook '/home/hee/ros2_ws/src/install/activity_002/share/activity_002/hook/pythonpath.sh'
[5.238s] Level 1:colcon.colcon_core.environment:checking '/home/hee/ros2_ws/src/install/activity_002/bin'
[5.238s] Level 1:colcon.colcon_core.environment:create_environment_scripts_only(activity_002)
[5.263s] INFO:colcon.colcon_core.shell:Creating package script '/home/hee/ros2_ws/src/install/activity_002/share/activity_002/package.ps1'
[5.265s] INFO:colcon.colcon_core.shell:Creating package descriptor '/home/hee/ros2_ws/src/install/activity_002/share/activity_002/package.dsv'
[5.266s] INFO:colcon.colcon_core.shell:Creating package script '/home/hee/ros2_ws/src/install/activity_002/share/activity_002/package.sh'
[5.267s] INFO:colcon.colcon_core.shell:Creating package script '/home/hee/ros2_ws/src/install/activity_002/share/activity_002/package.bash'
[5.268s] INFO:colcon.colcon_core.shell:Creating package script '/home/hee/ros2_ws/src/install/activity_002/share/activity_002/package.zsh'
[5.269s] Level 1:colcon.colcon_core.environment:create_file_with_runtime_dependencies(/home/hee/ros2_ws/src/install/activity_002/share/colcon-core/packages/activity_002)
[5.271s] DEBUG:colcon.colcon_core.event_handler.log_command:Invoked command in '/home/hee/ros2_ws/src/robot_controller' returned '0': PYTHONPATH=/home/hee/ros2_ws/src/build/robot_controller/prefix_override:/home/hee/ros2_ws/src/install/robot_controller/lib/python3.10/site-packages:${PYTHONPATH} /usr/bin/python3 setup.py egg_info --egg-base ../build/robot_controller build --build-base /home/hee/ros2_ws/src/build/robot_controller/build install --record /home/hee/ros2_ws/src/build/robot_controller/install.log --single-version-externally-managed
[5.295s] Level 1:colcon.colcon_core.environment:checking '/home/hee/ros2_ws/src/install/robot_controller' for CMake module files
[5.296s] Level 1:colcon.colcon_core.environment:checking '/home/hee/ros2_ws/src/install/robot_controller' for CMake config files
[5.297s] Level 1:colcon.colcon_core.environment:checking '/home/hee/ros2_ws/src/install/robot_controller/lib'
[5.297s] Level 1:colcon.colcon_core.environment:checking '/home/hee/ros2_ws/src/install/robot_controller/bin'
[5.297s] Level 1:colcon.colcon_core.environment:checking '/home/hee/ros2_ws/src/install/robot_controller/lib/pkgconfig/robot_controller.pc'
[5.297s] Level 1:colcon.colcon_core.environment:checking '/home/hee/ros2_ws/src/install/robot_controller/lib/python3.10/site-packages'
[5.298s] Level 1:colcon.colcon_core.shell:create_environment_hook('robot_controller', 'pythonpath')
[5.320s] INFO:colcon.colcon_core.shell:Creating environment hook '/home/hee/ros2_ws/src/install/robot_controller/share/robot_controller/hook/pythonpath.ps1'
[5.321s] INFO:colcon.colcon_core.shell:Creating environment descriptor '/home/hee/ros2_ws/src/install/robot_controller/share/robot_controller/hook/pythonpath.dsv'
[5.321s] INFO:colcon.colcon_core.shell:Creating environment hook '/home/hee/ros2_ws/src/install/robot_controller/share/robot_controller/hook/pythonpath.sh'
[5.322s] Level 1:colcon.colcon_core.environment:checking '/home/hee/ros2_ws/src/install/robot_controller/bin'
[5.322s] Level 1:colcon.colcon_core.environment:create_environment_scripts_only(robot_controller)
[5.345s] INFO:colcon.colcon_core.shell:Creating package script '/home/hee/ros2_ws/src/install/robot_controller/share/robot_controller/package.ps1'
[5.346s] INFO:colcon.colcon_core.shell:Creating package descriptor '/home/hee/ros2_ws/src/install/robot_controller/share/robot_controller/package.dsv'
[5.347s] INFO:colcon.colcon_core.shell:Creating package script '/home/hee/ros2_ws/src/install/robot_controller/share/robot_controller/package.sh'
[5.347s] INFO:colcon.colcon_core.shell:Creating package script '/home/hee/ros2_ws/src/install/robot_controller/share/robot_controller/package.bash'
[5.348s] INFO:colcon.colcon_core.shell:Creating package script '/home/hee/ros2_ws/src/install/robot_controller/share/robot_controller/package.zsh'
[5.348s] Level 1:colcon.colcon_core.environment:create_file_with_runtime_dependencies(/home/hee/ros2_ws/src/install/robot_controller/share/colcon-core/packages/robot_controller)
[5.348s] DEBUG:colcon.colcon_parallel_executor.executor.parallel:closing loop
[5.349s] DEBUG:colcon.colcon_parallel_executor.executor.parallel:loop closed
[5.349s] DEBUG:colcon.colcon_parallel_executor.executor.parallel:run_until_complete finished with '0'
[5.349s] DEBUG:colcon.colcon_core.event_reactor:joining thread
[5.392s] INFO:colcon.colcon_core.plugin_system:Skipping extension 'colcon_notification.desktop_notification.terminal_notifier': Not used on non-Darwin systems
[5.392s] INFO:colcon.colcon_core.plugin_system:Skipping extension 'colcon_notification.desktop_notification.win32': Not used on non-Windows systems
[5.392s] INFO:colcon.colcon_notification.desktop_notification:Sending desktop notification using 'notify2'
[5.415s] DEBUG:colcon.colcon_core.event_reactor:joined thread
[5.441s] INFO:colcon.colcon_core.shell:Creating prefix script '/home/hee/ros2_ws/src/install/local_setup.ps1'
[5.442s] INFO:colcon.colcon_core.shell:Creating prefix util module '/home/hee/ros2_ws/src/install/_local_setup_util_ps1.py'
[5.444s] INFO:colcon.colcon_core.shell:Creating prefix chain script '/home/hee/ros2_ws/src/install/setup.ps1'
[5.470s] INFO:colcon.colcon_core.shell:Creating prefix script '/home/hee/ros2_ws/src/install/local_setup.sh'
[5.471s] INFO:colcon.colcon_core.shell:Creating prefix util module '/home/hee/ros2_ws/src/install/_local_setup_util_sh.py'
[5.471s] INFO:colcon.colcon_core.shell:Creating prefix chain script '/home/hee/ros2_ws/src/install/setup.sh'
[5.499s] INFO:colcon.colcon_core.shell:Creating prefix script '/home/hee/ros2_ws/src/install/local_setup.bash'
[5.499s] INFO:colcon.colcon_core.shell:Creating prefix chain script '/home/hee/ros2_ws/src/install/setup.bash'
[5.525s] INFO:colcon.colcon_core.shell:Creating prefix script '/home/hee/ros2_ws/src/install/local_setup.zsh'
[5.526s] INFO:colcon.colcon_core.shell:Creating prefix chain script '/home/hee/ros2_ws/src/install/setup.zsh'
