[1.214s] Invoking command in '/home/hee/ros2_ws/src/activity_002': PYTHONPATH=/home/hee/ros2_ws/build/activity_002/prefix_override:/home/hee/ros2_ws/install/activity_002/lib/python3.10/site-packages:${PYTHONPATH} /usr/bin/python3 setup.py egg_info --egg-base ../../build/activity_002 build --build-base /home/hee/ros2_ws/build/activity_002/build install --record /home/hee/ros2_ws/build/activity_002/install.log --single-version-externally-managed
[1.603s] running egg_info
[1.604s] writing ../../build/activity_002/activity_002.egg-info/PKG-INFO
[1.604s] writing dependency_links to ../../build/activity_002/activity_002.egg-info/dependency_links.txt
[1.605s] writing entry points to ../../build/activity_002/activity_002.egg-info/entry_points.txt
[1.605s] writing requirements to ../../build/activity_002/activity_002.egg-info/requires.txt
[1.605s] writing top-level names to ../../build/activity_002/activity_002.egg-info/top_level.txt
[1.607s] reading manifest file '../../build/activity_002/activity_002.egg-info/SOURCES.txt'
[1.608s] writing manifest file '../../build/activity_002/activity_002.egg-info/SOURCES.txt'
[1.609s] running build
[1.609s] running build_py
[1.609s] running install
[1.609s] running install_lib
[1.611s] running install_data
[1.612s] running install_egg_info
[1.614s] removing '/home/hee/ros2_ws/install/activity_002/lib/python3.10/site-packages/activity_002-0.0.0-py3.10.egg-info' (and everything under it)
[1.615s] Copying ../../build/activity_002/activity_002.egg-info to /home/hee/ros2_ws/install/activity_002/lib/python3.10/site-packages/activity_002-0.0.0-py3.10.egg-info
[1.616s] running install_scripts
[1.648s] Installing led_panel script to /home/hee/ros2_ws/install/activity_002/lib/activity_002
[1.648s] Installing num_count = activity_002.num_count:mainbattery_node script to /home/hee/ros2_ws/install/activity_002/lib/activity_002
[1.649s] Installing num_pub script to /home/hee/ros2_ws/install/activity_002/lib/activity_002
[1.649s] writing list of installed files to '/home/hee/ros2_ws/build/activity_002/install.log'
[1.680s] Invoked command in '/home/hee/ros2_ws/src/activity_002' returned '0': PYTHONPATH=/home/hee/ros2_ws/build/activity_002/prefix_override:/home/hee/ros2_ws/install/activity_002/lib/python3.10/site-packages:${PYTHONPATH} /usr/bin/python3 setup.py egg_info --egg-base ../../build/activity_002 build --build-base /home/hee/ros2_ws/build/activity_002/build install --record /home/hee/ros2_ws/build/activity_002/install.log --single-version-externally-managed
