[1.837s] Invoking command in '/home/hee/ros2_ws/src/build/activity_002': PYTHONPATH=/home/hee/ros2_ws/src/build/activity_002/prefix_override:/home/hee/ros2_ws/src/install/activity_002/lib/python3.10/site-packages:${PYTHONPATH} /usr/bin/python3 setup.py develop --uninstall --editable --build-directory /home/hee/ros2_ws/src/build/activity_002/build
[2.257s] running develop
[2.519s] Removing /home/hee/ros2_ws/src/install/activity_002/lib/python3.10/site-packages/activity-002.egg-link (link to .)
[2.559s] Invoked command in '/home/hee/ros2_ws/src/build/activity_002' returned '0': PYTHONPATH=/home/hee/ros2_ws/src/build/activity_002/prefix_override:/home/hee/ros2_ws/src/install/activity_002/lib/python3.10/site-packages:${PYTHONPATH} /usr/bin/python3 setup.py develop --uninstall --editable --build-directory /home/hee/ros2_ws/src/build/activity_002/build
[2.561s] Invoking command in '/home/hee/ros2_ws/src/activity_002': PYTHONPATH=/home/hee/ros2_ws/src/build/activity_002/prefix_override:/home/hee/ros2_ws/src/install/activity_002/lib/python3.10/site-packages:${PYTHONPATH} /usr/bin/python3 setup.py egg_info --egg-base ../build/activity_002 build --build-base /home/hee/ros2_ws/src/build/activity_002/build install --record /home/hee/ros2_ws/src/build/activity_002/install.log --single-version-externally-managed
[2.957s] running egg_info
[2.958s] writing ../build/activity_002/activity_002.egg-info/PKG-INFO
[2.958s] writing dependency_links to ../build/activity_002/activity_002.egg-info/dependency_links.txt
[2.959s] writing entry points to ../build/activity_002/activity_002.egg-info/entry_points.txt
[2.959s] writing requirements to ../build/activity_002/activity_002.egg-info/requires.txt
[2.959s] writing top-level names to ../build/activity_002/activity_002.egg-info/top_level.txt
[2.961s] reading manifest file '../build/activity_002/activity_002.egg-info/SOURCES.txt'
[2.962s] writing manifest file '../build/activity_002/activity_002.egg-info/SOURCES.txt'
[2.963s] running build
[2.963s] running build_py
[2.963s] copying activity_002/num_count.py -> /home/hee/ros2_ws/src/build/activity_002/build/lib/activity_002
[2.963s] copying activity_002/num_pub.py -> /home/hee/ros2_ws/src/build/activity_002/build/lib/activity_002
[2.963s] running install
[2.964s] running install_lib
[2.965s] creating /home/hee/ros2_ws/src/install/activity_002/lib/python3.10/site-packages/activity_002
[2.965s] copying /home/hee/ros2_ws/src/build/activity_002/build/lib/activity_002/num_count.py -> /home/hee/ros2_ws/src/install/activity_002/lib/python3.10/site-packages/activity_002
[2.965s] copying /home/hee/ros2_ws/src/build/activity_002/build/lib/activity_002/num_pub.py -> /home/hee/ros2_ws/src/install/activity_002/lib/python3.10/site-packages/activity_002
[2.965s] copying /home/hee/ros2_ws/src/build/activity_002/build/lib/activity_002/__init__.py -> /home/hee/ros2_ws/src/install/activity_002/lib/python3.10/site-packages/activity_002
[2.966s] byte-compiling /home/hee/ros2_ws/src/install/activity_002/lib/python3.10/site-packages/activity_002/num_count.py to num_count.cpython-310.pyc
[2.966s] byte-compiling /home/hee/ros2_ws/src/install/activity_002/lib/python3.10/site-packages/activity_002/num_pub.py to num_pub.cpython-310.pyc
[2.967s] byte-compiling /home/hee/ros2_ws/src/install/activity_002/lib/python3.10/site-packages/activity_002/__init__.py to __init__.cpython-310.pyc
[2.967s] running install_data
[2.968s] copying package.xml -> /home/hee/ros2_ws/src/install/activity_002/share/activity_002
[2.968s] running install_egg_info
[2.970s] Copying ../build/activity_002/activity_002.egg-info to /home/hee/ros2_ws/src/install/activity_002/lib/python3.10/site-packages/activity_002-0.0.0-py3.10.egg-info
[2.971s] running install_scripts
[3.000s] Installing num_pub script to /home/hee/ros2_ws/src/install/activity_002/lib/activity_002
[3.000s] writing list of installed files to '/home/hee/ros2_ws/src/build/activity_002/install.log'
[3.032s] Invoked command in '/home/hee/ros2_ws/src/activity_002' returned '0': PYTHONPATH=/home/hee/ros2_ws/src/build/activity_002/prefix_override:/home/hee/ros2_ws/src/install/activity_002/lib/python3.10/site-packages:${PYTHONPATH} /usr/bin/python3 setup.py egg_info --egg-base ../build/activity_002 build --build-base /home/hee/ros2_ws/src/build/activity_002/build install --record /home/hee/ros2_ws/src/build/activity_002/install.log --single-version-externally-managed
