running develop
running egg_info
creating robot_controller.egg-info
writing robot_controller.egg-info/PKG-INFO
writing dependency_links to robot_controller.egg-info/dependency_links.txt
writing entry points to robot_controller.egg-info/entry_points.txt
writing requirements to robot_controller.egg-info/requires.txt
writing top-level names to robot_controller.egg-info/top_level.txt
writing manifest file 'robot_controller.egg-info/SOURCES.txt'
reading manifest file 'robot_controller.egg-info/SOURCES.txt'
writing manifest file 'robot_controller.egg-info/SOURCES.txt'
running build_ext
Creating /home/hee/ros2_ws/src/install/robot_controller/lib/python3.10/site-packages/robot-controller.egg-link (link to .)
Installing draw_circle script to /home/hee/ros2_ws/src/install/robot_controller/lib/robot_controller
Installing pose_sub script to /home/hee/ros2_ws/src/install/robot_controller/lib/robot_controller
Installing test_node script to /home/hee/ros2_ws/src/install/robot_controller/lib/robot_controller

Installed /home/hee/ros2_ws/src/build/robot_controller
running install_data
creating /home/hee/ros2_ws/src/install/robot_controller/share/ament_index
creating /home/hee/ros2_ws/src/install/robot_controller/share/ament_index/resource_index
creating /home/hee/ros2_ws/src/install/robot_controller/share/ament_index/resource_index/packages
copying resource/robot_controller -> /home/hee/ros2_ws/src/install/robot_controller/share/ament_index/resource_index/packages
copying package.xml -> /home/hee/ros2_ws/src/install/robot_controller/share/robot_controller
