[1.558s] Invoking command in '/home/hee/ros2_ws/src/build/robot_controller': PYTHONPATH=/home/hee/ros2_ws/src/build/robot_controller/prefix_override:/home/hee/ros2_ws/src/install/robot_controller/lib/python3.10/site-packages:${PYTHONPATH} /usr/bin/python3 setup.py develop --uninstall --editable --build-directory /home/hee/ros2_ws/src/build/robot_controller/build
[1.949s] running develop
[1.949s] /usr/lib/python3/dist-packages/setuptools/command/easy_install.py:158: EasyInstallDeprecationWarning: easy_install command is deprecated. Use build and pip and other standards-based tools.
[1.949s]   warnings.warn(
[1.951s] /usr/lib/python3/dist-packages/setuptools/command/install.py:34: SetuptoolsDeprecationWarning: setup.py install is deprecated. Use build and pip and other standards-based tools.
[1.951s]   warnings.warn(
[2.200s] Removing /home/hee/ros2_ws/src/install/robot_controller/lib/python3.10/site-packages/robot-controller.egg-link (link to .)
[2.233s] Invoked command in '/home/hee/ros2_ws/src/build/robot_controller' returned '0': PYTHONPATH=/home/hee/ros2_ws/src/build/robot_controller/prefix_override:/home/hee/ros2_ws/src/install/robot_controller/lib/python3.10/site-packages:${PYTHONPATH} /usr/bin/python3 setup.py develop --uninstall --editable --build-directory /home/hee/ros2_ws/src/build/robot_controller/build
[2.236s] Invoking command in '/home/hee/ros2_ws/src/robot_controller': PYTHONPATH=/home/hee/ros2_ws/src/build/robot_controller/prefix_override:/home/hee/ros2_ws/src/install/robot_controller/lib/python3.10/site-packages:${PYTHONPATH} /usr/bin/python3 setup.py egg_info --egg-base ../build/robot_controller build --build-base /home/hee/ros2_ws/src/build/robot_controller/build install --record /home/hee/ros2_ws/src/build/robot_controller/install.log --single-version-externally-managed
[2.587s] running egg_info
[2.588s] writing ../build/robot_controller/robot_controller.egg-info/PKG-INFO
[2.588s] writing dependency_links to ../build/robot_controller/robot_controller.egg-info/dependency_links.txt
[2.588s] writing entry points to ../build/robot_controller/robot_controller.egg-info/entry_points.txt
[2.588s] writing requirements to ../build/robot_controller/robot_controller.egg-info/requires.txt
[2.589s] writing top-level names to ../build/robot_controller/robot_controller.egg-info/top_level.txt
[2.591s] reading manifest file '../build/robot_controller/robot_controller.egg-info/SOURCES.txt'
[2.592s] writing manifest file '../build/robot_controller/robot_controller.egg-info/SOURCES.txt'
[2.592s] running build
[2.593s] running build_py
[2.593s] creating /home/hee/ros2_ws/src/build/robot_controller/build
[2.593s] creating /home/hee/ros2_ws/src/build/robot_controller/build/lib
[2.593s] creating /home/hee/ros2_ws/src/build/robot_controller/build/lib/robot_controller
[2.593s] copying robot_controller/pose_sub.py -> /home/hee/ros2_ws/src/build/robot_controller/build/lib/robot_controller
[2.593s] copying robot_controller/draw_circle.py -> /home/hee/ros2_ws/src/build/robot_controller/build/lib/robot_controller
[2.593s] copying robot_controller/my_first_node.py -> /home/hee/ros2_ws/src/build/robot_controller/build/lib/robot_controller
[2.593s] copying robot_controller/pub_sub.py -> /home/hee/ros2_ws/src/build/robot_controller/build/lib/robot_controller
[2.594s] copying robot_controller/__init__.py -> /home/hee/ros2_ws/src/build/robot_controller/build/lib/robot_controller
[2.594s] running install
[2.594s] /usr/lib/python3/dist-packages/setuptools/command/install.py:34: SetuptoolsDeprecationWarning: setup.py install is deprecated. Use build and pip and other standards-based tools.
[2.594s]   warnings.warn(
[2.594s] running install_lib
[2.595s] creating /home/hee/ros2_ws/src/install/robot_controller/lib/python3.10/site-packages/robot_controller
[2.595s] copying /home/hee/ros2_ws/src/build/robot_controller/build/lib/robot_controller/pose_sub.py -> /home/hee/ros2_ws/src/install/robot_controller/lib/python3.10/site-packages/robot_controller
[2.595s] copying /home/hee/ros2_ws/src/build/robot_controller/build/lib/robot_controller/draw_circle.py -> /home/hee/ros2_ws/src/install/robot_controller/lib/python3.10/site-packages/robot_controller
[2.596s] copying /home/hee/ros2_ws/src/build/robot_controller/build/lib/robot_controller/my_first_node.py -> /home/hee/ros2_ws/src/install/robot_controller/lib/python3.10/site-packages/robot_controller
[2.596s] copying /home/hee/ros2_ws/src/build/robot_controller/build/lib/robot_controller/pub_sub.py -> /home/hee/ros2_ws/src/install/robot_controller/lib/python3.10/site-packages/robot_controller
[2.596s] copying /home/hee/ros2_ws/src/build/robot_controller/build/lib/robot_controller/__init__.py -> /home/hee/ros2_ws/src/install/robot_controller/lib/python3.10/site-packages/robot_controller
[2.596s] byte-compiling /home/hee/ros2_ws/src/install/robot_controller/lib/python3.10/site-packages/robot_controller/pose_sub.py to pose_sub.cpython-310.pyc
[2.597s] byte-compiling /home/hee/ros2_ws/src/install/robot_controller/lib/python3.10/site-packages/robot_controller/draw_circle.py to draw_circle.cpython-310.pyc
[2.598s] byte-compiling /home/hee/ros2_ws/src/install/robot_controller/lib/python3.10/site-packages/robot_controller/my_first_node.py to my_first_node.cpython-310.pyc
[2.598s] byte-compiling /home/hee/ros2_ws/src/install/robot_controller/lib/python3.10/site-packages/robot_controller/pub_sub.py to pub_sub.cpython-310.pyc
[2.599s] byte-compiling /home/hee/ros2_ws/src/install/robot_controller/lib/python3.10/site-packages/robot_controller/__init__.py to __init__.cpython-310.pyc
[2.599s] running install_data
[2.600s] copying package.xml -> /home/hee/ros2_ws/src/install/robot_controller/share/robot_controller
[2.600s] running install_egg_info
[2.602s] Copying ../build/robot_controller/robot_controller.egg-info to /home/hee/ros2_ws/src/install/robot_controller/lib/python3.10/site-packages/robot_controller-0.0.0-py3.10.egg-info
[2.603s] running install_scripts
[2.632s] Installing draw_circle script to /home/hee/ros2_ws/src/install/robot_controller/lib/robot_controller
[2.633s] Installing pose_sub script to /home/hee/ros2_ws/src/install/robot_controller/lib/robot_controller
[2.633s] Installing pub_sub script to /home/hee/ros2_ws/src/install/robot_controller/lib/robot_controller
[2.633s] Installing test_node script to /home/hee/ros2_ws/src/install/robot_controller/lib/robot_controller
[2.633s] writing list of installed files to '/home/hee/ros2_ws/src/build/robot_controller/install.log'
[2.661s] Invoked command in '/home/hee/ros2_ws/src/robot_controller' returned '0': PYTHONPATH=/home/hee/ros2_ws/src/build/robot_controller/prefix_override:/home/hee/ros2_ws/src/install/robot_controller/lib/python3.10/site-packages:${PYTHONPATH} /usr/bin/python3 setup.py egg_info --egg-base ../build/robot_controller build --build-base /home/hee/ros2_ws/src/build/robot_controller/build install --record /home/hee/ros2_ws/src/build/robot_controller/install.log --single-version-externally-managed
