[0.121s] Invoking command in '/home/hee/ros2_ws/src/build/msg_interface': CMAKE_PREFIX_PATH=${CMAKE_PREFIX_PATH}:/home/hee/ros2_ws/install/service:/home/hee/ros2_ws/install/robot_controller:/home/hee/ros2_ws/install/activity_002:/home/hee/ros2_ws/install/Activity_002:/opt/ros/humble /usr/bin/cmake --build /home/hee/ros2_ws/src/build/msg_interface -- -j8 -l8
[0.155s] -- Found ament_cmake: 1.3.6 (/opt/ros/humble/share/ament_cmake/cmake)
[0.408s] -- Found rosidl_default_generators: 1.2.0 (/opt/ros/humble/share/rosidl_default_generators/cmake)
[0.413s] -- Using all available rosidl_typesupport_c: rosidl_typesupport_fastrtps_c;rosidl_typesupport_introspection_c
[0.424s] -- Found rosidl_adapter: 3.1.5 (/opt/ros/humble/share/rosidl_adapter/cmake)
[0.488s] -- Using all available rosidl_typesupport_cpp: rosidl_typesupport_fastrtps_cpp;rosidl_typesupport_introspection_cpp
[0.939s] -- Found ament_cmake_ros: 0.10.0 (/opt/ros/humble/share/ament_cmake_ros/cmake)
[1.218s] -- Using all available rosidl_typesupport_c: rosidl_typesupport_fastrtps_c;rosidl_typesupport_introspection_c
[1.577s] -- Using all available rosidl_typesupport_cpp: rosidl_typesupport_fastrtps_cpp;rosidl_typesupport_introspection_cpp
[1.612s] -- Found PythonInterp: /usr/bin/python3 (found suitable version "3.10.12", minimum required is "3.6") 
[1.614s] -- Found python_cmake_module: 0.10.0 (/opt/ros/humble/share/python_cmake_module/cmake)
[1.663s] -- Found PythonLibs: /usr/lib/x86_64-linux-gnu/libpython3.10.so (found suitable version "3.10.12", minimum required is "3.5") 
[1.663s] -- Using PYTHON_EXECUTABLE: /usr/bin/python3
[1.663s] -- Using PYTHON_INCLUDE_DIRS: /usr/include/python3.10
[1.663s] -- Using PYTHON_LIBRARIES: /usr/lib/x86_64-linux-gnu/libpython3.10.so
[1.696s] -- Found PythonExtra: .so  
[1.761s] -- Configuring done
[1.809s] -- Generating done
[1.813s] -- Build files have been written to: /home/hee/ros2_ws/src/build/msg_interface
[1.846s] [  2%] [34m[1mGenerating C code for ROS interfaces[0m
[1.860s] [  4%] [34m[1mGenerating C++ code for ROS interfaces[0m
[1.874s] [  4%] Built target ament_cmake_python_copy_msg_interface
[2.332s] running egg_info
[2.332s] creating msg_interface.egg-info
[2.333s] writing msg_interface.egg-info/PKG-INFO
[2.333s] writing dependency_links to msg_interface.egg-info/dependency_links.txt
[2.333s] writing top-level names to msg_interface.egg-info/top_level.txt
[2.334s] writing manifest file 'msg_interface.egg-info/SOURCES.txt'
[2.337s] reading manifest file 'msg_interface.egg-info/SOURCES.txt'
[2.338s] writing manifest file 'msg_interface.egg-info/SOURCES.txt'
[2.374s] [  4%] Built target ament_cmake_python_build_msg_interface_egg
[2.446s] [  4%] Built target msg_interface__cpp
[2.465s] [  8%] [34m[1mGenerating C++ type support dispatch for ROS interfaces[0m
[2.466s] [ 10%] [34m[1mGenerating C++ type support for eProsima Fast-RTPS[0m
[2.468s] [ 10%] [34m[1mGenerating C++ introspection for ROS interfaces[0m
[2.535s] [ 12%] [32mBuilding C object CMakeFiles/msg_interface__rosidl_generator_c.dir/rosidl_generator_c/msg_interface/msg/detail/led_states__functions.c.o[0m
[2.538s] [ 14%] [32mBuilding C object CMakeFiles/msg_interface__rosidl_generator_c.dir/rosidl_generator_c/msg_interface/srv/detail/set_led__functions.c.o[0m
[2.538s] [ 17%] [32mBuilding C object CMakeFiles/msg_interface__rosidl_generator_c.dir/rosidl_generator_c/msg_interface/msg/detail/hardware_status__functions.c.o[0m
[2.662s] [ 19%] [32m[1mLinking C shared library libmsg_interface__rosidl_generator_c.so[0m
[2.731s] [ 19%] Built target msg_interface__rosidl_generator_c
[2.747s] [ 21%] [34m[1mGenerating C type support for eProsima Fast-RTPS[0m
[2.751s] [ 23%] [34m[1mGenerating C introspection for ROS interfaces[0m
[2.752s] [ 25%] [34m[1mGenerating C type support dispatch for ROS interfaces[0m
[3.186s] [ 27%] [32mBuilding CXX object CMakeFiles/msg_interface__rosidl_typesupport_cpp.dir/rosidl_typesupport_cpp/msg_interface/msg/hardware_status__type_support.cpp.o[0m
[3.189s] [ 29%] [32mBuilding CXX object CMakeFiles/msg_interface__rosidl_typesupport_cpp.dir/rosidl_typesupport_cpp/msg_interface/srv/set_led__type_support.cpp.o[0m
[3.205s] [ 31%] [32mBuilding CXX object CMakeFiles/msg_interface__rosidl_typesupport_cpp.dir/rosidl_typesupport_cpp/msg_interface/msg/led_states__type_support.cpp.o[0m
[3.318s] [ 34%] [32mBuilding CXX object CMakeFiles/msg_interface__rosidl_typesupport_introspection_cpp.dir/rosidl_typesupport_introspection_cpp/msg_interface/msg/detail/hardware_status__type_support.cpp.o[0m
[3.585s] [ 36%] [32mBuilding CXX object CMakeFiles/msg_interface__rosidl_typesupport_fastrtps_cpp.dir/rosidl_typesupport_fastrtps_cpp/msg_interface/msg/detail/dds_fastrtps/hardware_status__type_support.cpp.o[0m
[3.705s] [ 38%] [32mBuilding CXX object CMakeFiles/msg_interface__rosidl_typesupport_c.dir/rosidl_typesupport_c/msg_interface/msg/hardware_status__type_support.cpp.o[0m
[3.761s] [ 40%] [32mBuilding C object CMakeFiles/msg_interface__rosidl_typesupport_introspection_c.dir/rosidl_typesupport_introspection_c/msg_interface/msg/detail/hardware_status__type_support.c.o[0m
[3.807s] [ 42%] [32mBuilding CXX object CMakeFiles/msg_interface__rosidl_typesupport_c.dir/rosidl_typesupport_c/msg_interface/msg/led_states__type_support.cpp.o[0m
[3.826s] [ 44%] [32mBuilding CXX object CMakeFiles/msg_interface__rosidl_typesupport_fastrtps_c.dir/rosidl_typesupport_fastrtps_c/msg_interface/msg/detail/hardware_status__type_support_c.cpp.o[0m
[3.883s] [ 46%] [32mBuilding C object CMakeFiles/msg_interface__rosidl_typesupport_introspection_c.dir/rosidl_typesupport_introspection_c/msg_interface/msg/detail/led_states__type_support.c.o[0m
[3.896s] [ 48%] [32mBuilding CXX object CMakeFiles/msg_interface__rosidl_typesupport_fastrtps_c.dir/rosidl_typesupport_fastrtps_c/msg_interface/msg/detail/led_states__type_support_c.cpp.o[0m
[3.906s] [ 51%] [32mBuilding CXX object CMakeFiles/msg_interface__rosidl_typesupport_c.dir/rosidl_typesupport_c/msg_interface/srv/set_led__type_support.cpp.o[0m
[3.962s] [ 53%] [32mBuilding C object CMakeFiles/msg_interface__rosidl_typesupport_introspection_c.dir/rosidl_typesupport_introspection_c/msg_interface/srv/detail/set_led__type_support.c.o[0m
[3.978s] [ 55%] [32m[1mLinking CXX shared library libmsg_interface__rosidl_typesupport_cpp.so[0m
[3.983s] [ 57%] [32mBuilding CXX object CMakeFiles/msg_interface__rosidl_typesupport_introspection_cpp.dir/rosidl_typesupport_introspection_cpp/msg_interface/msg/detail/led_states__type_support.cpp.o[0m
[4.004s] [ 59%] [32m[1mLinking CXX shared library libmsg_interface__rosidl_typesupport_c.so[0m
[4.060s] [ 61%] [32m[1mLinking C shared library libmsg_interface__rosidl_typesupport_introspection_c.so[0m
[4.098s] [ 61%] Built target msg_interface__rosidl_typesupport_c
[4.118s] [ 61%] Built target msg_interface__rosidl_typesupport_cpp
[4.135s] [ 63%] [32mBuilding CXX object CMakeFiles/msg_interface__rosidl_typesupport_fastrtps_cpp.dir/rosidl_typesupport_fastrtps_cpp/msg_interface/msg/detail/dds_fastrtps/led_states__type_support.cpp.o[0m
[4.138s] [ 65%] [32mBuilding CXX object CMakeFiles/msg_interface__rosidl_typesupport_fastrtps_cpp.dir/rosidl_typesupport_fastrtps_cpp/msg_interface/srv/detail/dds_fastrtps/set_led__type_support.cpp.o[0m
[4.159s] [ 65%] Built target msg_interface__rosidl_typesupport_introspection_c
[4.176s] [ 68%] [32mBuilding CXX object CMakeFiles/msg_interface__rosidl_typesupport_introspection_cpp.dir/rosidl_typesupport_introspection_cpp/msg_interface/srv/detail/set_led__type_support.cpp.o[0m
[4.464s] [ 70%] [32mBuilding CXX object CMakeFiles/msg_interface__rosidl_typesupport_fastrtps_c.dir/rosidl_typesupport_fastrtps_c/msg_interface/srv/detail/set_led__type_support_c.cpp.o[0m
[5.089s] [ 72%] [32m[1mLinking CXX shared library libmsg_interface__rosidl_typesupport_introspection_cpp.so[0m
[5.140s] [ 74%] [32m[1mLinking CXX shared library libmsg_interface__rosidl_typesupport_fastrtps_cpp.so[0m
[5.190s] [ 74%] Built target msg_interface__rosidl_typesupport_introspection_cpp
[5.263s] [ 74%] Built target msg_interface__rosidl_typesupport_fastrtps_cpp
[5.299s] [ 76%] [32m[1mLinking CXX shared library libmsg_interface__rosidl_typesupport_fastrtps_c.so[0m
[5.407s] [ 76%] Built target msg_interface__rosidl_typesupport_fastrtps_c
[5.436s] [ 76%] Built target msg_interface
[5.466s] [ 78%] [34m[1mGenerating Python code for ROS interfaces[0m
[6.282s] [ 78%] Built target msg_interface__py
[6.311s] [ 82%] [32mBuilding C object CMakeFiles/msg_interface__rosidl_generator_py.dir/rosidl_generator_py/msg_interface/msg/_hardware_status_s.c.o[0m
[6.312s] [ 82%] [32mBuilding C object CMakeFiles/msg_interface__rosidl_generator_py.dir/rosidl_generator_py/msg_interface/msg/_led_states_s.c.o[0m
[6.312s] [ 85%] [32mBuilding C object CMakeFiles/msg_interface__rosidl_generator_py.dir/rosidl_generator_py/msg_interface/srv/_set_led_s.c.o[0m
[6.477s] [ 87%] [32m[1mLinking C shared library rosidl_generator_py/msg_interface/libmsg_interface__rosidl_generator_py.so[0m
[6.534s] [ 87%] Built target msg_interface__rosidl_generator_py
[6.565s] [ 91%] [32mBuilding C object CMakeFiles/msg_interface__rosidl_typesupport_introspection_c__pyext.dir/rosidl_generator_py/msg_interface/_msg_interface_s.ep.rosidl_typesupport_introspection_c.c.o[0m
[6.566s] [ 91%] [32mBuilding C object CMakeFiles/msg_interface__rosidl_typesupport_c__pyext.dir/rosidl_generator_py/msg_interface/_msg_interface_s.ep.rosidl_typesupport_c.c.o[0m
[6.567s] [ 93%] [32mBuilding C object CMakeFiles/msg_interface__rosidl_typesupport_fastrtps_c__pyext.dir/rosidl_generator_py/msg_interface/_msg_interface_s.ep.rosidl_typesupport_fastrtps_c.c.o[0m
[6.722s] [ 95%] [32m[1mLinking C shared library rosidl_generator_py/msg_interface/msg_interface_s__rosidl_typesupport_introspection_c.cpython-310-x86_64-linux-gnu.so[0m
[6.726s] [ 97%] [32m[1mLinking C shared library rosidl_generator_py/msg_interface/msg_interface_s__rosidl_typesupport_c.cpython-310-x86_64-linux-gnu.so[0m
[6.733s] [100%] [32m[1mLinking C shared library rosidl_generator_py/msg_interface/msg_interface_s__rosidl_typesupport_fastrtps_c.cpython-310-x86_64-linux-gnu.so[0m
[6.773s] [100%] Built target msg_interface__rosidl_typesupport_introspection_c__pyext
[6.776s] [100%] Built target msg_interface__rosidl_typesupport_c__pyext
[6.789s] [100%] Built target msg_interface__rosidl_typesupport_fastrtps_c__pyext
[6.808s] Invoked command in '/home/hee/ros2_ws/src/build/msg_interface' returned '0': CMAKE_PREFIX_PATH=${CMAKE_PREFIX_PATH}:/home/hee/ros2_ws/install/service:/home/hee/ros2_ws/install/robot_controller:/home/hee/ros2_ws/install/activity_002:/home/hee/ros2_ws/install/Activity_002:/opt/ros/humble /usr/bin/cmake --build /home/hee/ros2_ws/src/build/msg_interface -- -j8 -l8
[6.970s] Invoking command in '/home/hee/ros2_ws/src/build/msg_interface': CMAKE_PREFIX_PATH=${CMAKE_PREFIX_PATH}:/home/hee/ros2_ws/install/service:/home/hee/ros2_ws/install/robot_controller:/home/hee/ros2_ws/install/activity_002:/home/hee/ros2_ws/install/Activity_002:/opt/ros/humble /usr/bin/cmake --install /home/hee/ros2_ws/src/build/msg_interface
[6.982s] -- Install configuration: ""
[6.983s] -- Installing: /home/hee/ros2_ws/src/install/msg_interface/share/ament_index/resource_index/rosidl_interfaces/msg_interface
[6.983s] -- Installing: /home/hee/ros2_ws/src/install/msg_interface/include/msg_interface/msg_interface
[6.983s] -- Installing: /home/hee/ros2_ws/src/install/msg_interface/include/msg_interface/msg_interface/srv
[6.983s] -- Installing: /home/hee/ros2_ws/src/install/msg_interface/include/msg_interface/msg_interface/srv/detail
[6.984s] -- Installing: /home/hee/ros2_ws/src/install/msg_interface/include/msg_interface/msg_interface/srv/detail/set_led__functions.h
[6.984s] -- Installing: /home/hee/ros2_ws/src/install/msg_interface/include/msg_interface/msg_interface/srv/detail/set_led__struct.h
[6.984s] -- Installing: /home/hee/ros2_ws/src/install/msg_interface/include/msg_interface/msg_interface/srv/detail/set_led__type_support.h
[6.984s] -- Installing: /home/hee/ros2_ws/src/install/msg_interface/include/msg_interface/msg_interface/srv/detail/set_led__functions.c
[6.985s] -- Installing: /home/hee/ros2_ws/src/install/msg_interface/include/msg_interface/msg_interface/srv/set_led.h
[6.985s] -- Installing: /home/hee/ros2_ws/src/install/msg_interface/include/msg_interface/msg_interface/msg
[6.985s] -- Installing: /home/hee/ros2_ws/src/install/msg_interface/include/msg_interface/msg_interface/msg/detail
[6.985s] -- Installing: /home/hee/ros2_ws/src/install/msg_interface/include/msg_interface/msg_interface/msg/detail/hardware_status__struct.h
[6.985s] -- Installing: /home/hee/ros2_ws/src/install/msg_interface/include/msg_interface/msg_interface/msg/detail/hardware_status__functions.h
[6.986s] -- Installing: /home/hee/ros2_ws/src/install/msg_interface/include/msg_interface/msg_interface/msg/detail/led_states__functions.c
[6.986s] -- Installing: /home/hee/ros2_ws/src/install/msg_interface/include/msg_interface/msg_interface/msg/detail/hardware_status__type_support.h
[6.986s] -- Installing: /home/hee/ros2_ws/src/install/msg_interface/include/msg_interface/msg_interface/msg/detail/led_states__type_support.h
[6.986s] -- Installing: /home/hee/ros2_ws/src/install/msg_interface/include/msg_interface/msg_interface/msg/detail/led_states__functions.h
[6.987s] -- Installing: /home/hee/ros2_ws/src/install/msg_interface/include/msg_interface/msg_interface/msg/detail/hardware_status__functions.c
[6.987s] -- Installing: /home/hee/ros2_ws/src/install/msg_interface/include/msg_interface/msg_interface/msg/detail/led_states__struct.h
[6.987s] -- Installing: /home/hee/ros2_ws/src/install/msg_interface/include/msg_interface/msg_interface/msg/rosidl_generator_c__visibility_control.h
[6.987s] -- Installing: /home/hee/ros2_ws/src/install/msg_interface/include/msg_interface/msg_interface/msg/hardware_status.h
[6.987s] -- Installing: /home/hee/ros2_ws/src/install/msg_interface/include/msg_interface/msg_interface/msg/led_states.h
[6.988s] -- Installing: /home/hee/ros2_ws/src/install/msg_interface/share/msg_interface/environment/library_path.sh
[6.988s] -- Installing: /home/hee/ros2_ws/src/install/msg_interface/share/msg_interface/environment/library_path.dsv
[6.988s] -- Installing: /home/hee/ros2_ws/src/install/msg_interface/lib/libmsg_interface__rosidl_generator_c.so
[6.988s] -- Set runtime path of "/home/hee/ros2_ws/src/install/msg_interface/lib/libmsg_interface__rosidl_generator_c.so" to ""
[6.989s] -- Up-to-date: /home/hee/ros2_ws/src/install/msg_interface/include/msg_interface/msg_interface
[6.989s] -- Up-to-date: /home/hee/ros2_ws/src/install/msg_interface/include/msg_interface/msg_interface/srv
[6.989s] -- Up-to-date: /home/hee/ros2_ws/src/install/msg_interface/include/msg_interface/msg_interface/srv/detail
[6.989s] -- Installing: /home/hee/ros2_ws/src/install/msg_interface/include/msg_interface/msg_interface/srv/detail/set_led__rosidl_typesupport_fastrtps_c.h
[6.990s] -- Up-to-date: /home/hee/ros2_ws/src/install/msg_interface/include/msg_interface/msg_interface/msg
[6.990s] -- Up-to-date: /home/hee/ros2_ws/src/install/msg_interface/include/msg_interface/msg_interface/msg/detail
[6.990s] -- Installing: /home/hee/ros2_ws/src/install/msg_interface/include/msg_interface/msg_interface/msg/detail/hardware_status__rosidl_typesupport_fastrtps_c.h
[6.990s] -- Installing: /home/hee/ros2_ws/src/install/msg_interface/include/msg_interface/msg_interface/msg/detail/led_states__rosidl_typesupport_fastrtps_c.h
[6.990s] -- Installing: /home/hee/ros2_ws/src/install/msg_interface/include/msg_interface/msg_interface/msg/rosidl_typesupport_fastrtps_c__visibility_control.h
[6.991s] -- Installing: /home/hee/ros2_ws/src/install/msg_interface/lib/libmsg_interface__rosidl_typesupport_fastrtps_c.so
[6.991s] -- Set runtime path of "/home/hee/ros2_ws/src/install/msg_interface/lib/libmsg_interface__rosidl_typesupport_fastrtps_c.so" to ""
[6.991s] -- Up-to-date: /home/hee/ros2_ws/src/install/msg_interface/include/msg_interface/msg_interface
[6.991s] -- Up-to-date: /home/hee/ros2_ws/src/install/msg_interface/include/msg_interface/msg_interface/srv
[6.992s] -- Up-to-date: /home/hee/ros2_ws/src/install/msg_interface/include/msg_interface/msg_interface/srv/detail
[6.992s] -- Installing: /home/hee/ros2_ws/src/install/msg_interface/include/msg_interface/msg_interface/srv/detail/set_led__type_support.c
[6.992s] -- Installing: /home/hee/ros2_ws/src/install/msg_interface/include/msg_interface/msg_interface/srv/detail/set_led__rosidl_typesupport_introspection_c.h
[6.992s] -- Up-to-date: /home/hee/ros2_ws/src/install/msg_interface/include/msg_interface/msg_interface/msg
[6.992s] -- Up-to-date: /home/hee/ros2_ws/src/install/msg_interface/include/msg_interface/msg_interface/msg/detail
[6.993s] -- Installing: /home/hee/ros2_ws/src/install/msg_interface/include/msg_interface/msg_interface/msg/detail/hardware_status__rosidl_typesupport_introspection_c.h
[6.993s] -- Installing: /home/hee/ros2_ws/src/install/msg_interface/include/msg_interface/msg_interface/msg/detail/led_states__rosidl_typesupport_introspection_c.h
[6.993s] -- Installing: /home/hee/ros2_ws/src/install/msg_interface/include/msg_interface/msg_interface/msg/detail/hardware_status__type_support.c
[6.993s] -- Installing: /home/hee/ros2_ws/src/install/msg_interface/include/msg_interface/msg_interface/msg/detail/led_states__type_support.c
[6.993s] -- Installing: /home/hee/ros2_ws/src/install/msg_interface/include/msg_interface/msg_interface/msg/rosidl_typesupport_introspection_c__visibility_control.h
[6.994s] -- Installing: /home/hee/ros2_ws/src/install/msg_interface/lib/libmsg_interface__rosidl_typesupport_introspection_c.so
[6.994s] -- Set runtime path of "/home/hee/ros2_ws/src/install/msg_interface/lib/libmsg_interface__rosidl_typesupport_introspection_c.so" to ""
[6.994s] -- Installing: /home/hee/ros2_ws/src/install/msg_interface/lib/libmsg_interface__rosidl_typesupport_c.so
[6.994s] -- Set runtime path of "/home/hee/ros2_ws/src/install/msg_interface/lib/libmsg_interface__rosidl_typesupport_c.so" to ""
[6.995s] -- Up-to-date: /home/hee/ros2_ws/src/install/msg_interface/include/msg_interface/msg_interface
[6.995s] -- Up-to-date: /home/hee/ros2_ws/src/install/msg_interface/include/msg_interface/msg_interface/srv
[6.995s] -- Installing: /home/hee/ros2_ws/src/install/msg_interface/include/msg_interface/msg_interface/srv/set_led.hpp
[6.995s] -- Up-to-date: /home/hee/ros2_ws/src/install/msg_interface/include/msg_interface/msg_interface/srv/detail
[6.996s] -- Installing: /home/hee/ros2_ws/src/install/msg_interface/include/msg_interface/msg_interface/srv/detail/set_led__traits.hpp
[6.996s] -- Installing: /home/hee/ros2_ws/src/install/msg_interface/include/msg_interface/msg_interface/srv/detail/set_led__struct.hpp
[6.996s] -- Installing: /home/hee/ros2_ws/src/install/msg_interface/include/msg_interface/msg_interface/srv/detail/set_led__builder.hpp
[6.996s] -- Up-to-date: /home/hee/ros2_ws/src/install/msg_interface/include/msg_interface/msg_interface/msg
[6.997s] -- Installing: /home/hee/ros2_ws/src/install/msg_interface/include/msg_interface/msg_interface/msg/led_states.hpp
[6.997s] -- Installing: /home/hee/ros2_ws/src/install/msg_interface/include/msg_interface/msg_interface/msg/hardware_status.hpp
[6.997s] -- Up-to-date: /home/hee/ros2_ws/src/install/msg_interface/include/msg_interface/msg_interface/msg/detail
[6.997s] -- Installing: /home/hee/ros2_ws/src/install/msg_interface/include/msg_interface/msg_interface/msg/detail/hardware_status__traits.hpp
[6.997s] -- Installing: /home/hee/ros2_ws/src/install/msg_interface/include/msg_interface/msg_interface/msg/detail/led_states__builder.hpp
[6.998s] -- Installing: /home/hee/ros2_ws/src/install/msg_interface/include/msg_interface/msg_interface/msg/detail/hardware_status__struct.hpp
[6.998s] -- Installing: /home/hee/ros2_ws/src/install/msg_interface/include/msg_interface/msg_interface/msg/detail/led_states__struct.hpp
[6.998s] -- Installing: /home/hee/ros2_ws/src/install/msg_interface/include/msg_interface/msg_interface/msg/detail/led_states__traits.hpp
[6.998s] -- Installing: /home/hee/ros2_ws/src/install/msg_interface/include/msg_interface/msg_interface/msg/detail/hardware_status__builder.hpp
[6.998s] -- Up-to-date: /home/hee/ros2_ws/src/install/msg_interface/include/msg_interface/msg_interface
[6.999s] -- Up-to-date: /home/hee/ros2_ws/src/install/msg_interface/include/msg_interface/msg_interface/srv
[6.999s] -- Up-to-date: /home/hee/ros2_ws/src/install/msg_interface/include/msg_interface/msg_interface/srv/detail
[6.999s] -- Installing: /home/hee/ros2_ws/src/install/msg_interface/include/msg_interface/msg_interface/srv/detail/dds_fastrtps
[6.999s] -- Installing: /home/hee/ros2_ws/src/install/msg_interface/include/msg_interface/msg_interface/srv/detail/set_led__rosidl_typesupport_fastrtps_cpp.hpp
[7.000s] -- Up-to-date: /home/hee/ros2_ws/src/install/msg_interface/include/msg_interface/msg_interface/msg
[7.000s] -- Up-to-date: /home/hee/ros2_ws/src/install/msg_interface/include/msg_interface/msg_interface/msg/detail
[7.000s] -- Installing: /home/hee/ros2_ws/src/install/msg_interface/include/msg_interface/msg_interface/msg/detail/led_states__rosidl_typesupport_fastrtps_cpp.hpp
[7.000s] -- Installing: /home/hee/ros2_ws/src/install/msg_interface/include/msg_interface/msg_interface/msg/detail/dds_fastrtps
[7.001s] -- Installing: /home/hee/ros2_ws/src/install/msg_interface/include/msg_interface/msg_interface/msg/detail/hardware_status__rosidl_typesupport_fastrtps_cpp.hpp
[7.001s] -- Installing: /home/hee/ros2_ws/src/install/msg_interface/include/msg_interface/msg_interface/msg/rosidl_typesupport_fastrtps_cpp__visibility_control.h
[7.001s] -- Installing: /home/hee/ros2_ws/src/install/msg_interface/lib/libmsg_interface__rosidl_typesupport_fastrtps_cpp.so
[7.001s] -- Set runtime path of "/home/hee/ros2_ws/src/install/msg_interface/lib/libmsg_interface__rosidl_typesupport_fastrtps_cpp.so" to ""
[7.002s] -- Up-to-date: /home/hee/ros2_ws/src/install/msg_interface/include/msg_interface/msg_interface
[7.002s] -- Up-to-date: /home/hee/ros2_ws/src/install/msg_interface/include/msg_interface/msg_interface/srv
[7.002s] -- Up-to-date: /home/hee/ros2_ws/src/install/msg_interface/include/msg_interface/msg_interface/srv/detail
[7.002s] -- Installing: /home/hee/ros2_ws/src/install/msg_interface/include/msg_interface/msg_interface/srv/detail/set_led__rosidl_typesupport_introspection_cpp.hpp
[7.003s] -- Installing: /home/hee/ros2_ws/src/install/msg_interface/include/msg_interface/msg_interface/srv/detail/set_led__type_support.cpp
[7.003s] -- Up-to-date: /home/hee/ros2_ws/src/install/msg_interface/include/msg_interface/msg_interface/msg
[7.003s] -- Up-to-date: /home/hee/ros2_ws/src/install/msg_interface/include/msg_interface/msg_interface/msg/detail
[7.003s] -- Installing: /home/hee/ros2_ws/src/install/msg_interface/include/msg_interface/msg_interface/msg/detail/hardware_status__type_support.cpp
[7.004s] -- Installing: /home/hee/ros2_ws/src/install/msg_interface/include/msg_interface/msg_interface/msg/detail/led_states__rosidl_typesupport_introspection_cpp.hpp
[7.004s] -- Installing: /home/hee/ros2_ws/src/install/msg_interface/include/msg_interface/msg_interface/msg/detail/hardware_status__rosidl_typesupport_introspection_cpp.hpp
[7.004s] -- Installing: /home/hee/ros2_ws/src/install/msg_interface/include/msg_interface/msg_interface/msg/detail/led_states__type_support.cpp
[7.004s] -- Installing: /home/hee/ros2_ws/src/install/msg_interface/lib/libmsg_interface__rosidl_typesupport_introspection_cpp.so
[7.005s] -- Set runtime path of "/home/hee/ros2_ws/src/install/msg_interface/lib/libmsg_interface__rosidl_typesupport_introspection_cpp.so" to ""
[7.005s] -- Installing: /home/hee/ros2_ws/src/install/msg_interface/lib/libmsg_interface__rosidl_typesupport_cpp.so
[7.005s] -- Set runtime path of "/home/hee/ros2_ws/src/install/msg_interface/lib/libmsg_interface__rosidl_typesupport_cpp.so" to ""
[7.005s] -- Installing: /home/hee/ros2_ws/src/install/msg_interface/share/msg_interface/environment/pythonpath.sh
[7.006s] -- Installing: /home/hee/ros2_ws/src/install/msg_interface/share/msg_interface/environment/pythonpath.dsv
[7.006s] -- Installing: /home/hee/ros2_ws/src/install/msg_interface/local/lib/python3.10/dist-packages/msg_interface-0.0.0-py3.10.egg-info
[7.006s] -- Installing: /home/hee/ros2_ws/src/install/msg_interface/local/lib/python3.10/dist-packages/msg_interface-0.0.0-py3.10.egg-info/dependency_links.txt
[7.006s] -- Installing: /home/hee/ros2_ws/src/install/msg_interface/local/lib/python3.10/dist-packages/msg_interface-0.0.0-py3.10.egg-info/PKG-INFO
[7.007s] -- Installing: /home/hee/ros2_ws/src/install/msg_interface/local/lib/python3.10/dist-packages/msg_interface-0.0.0-py3.10.egg-info/SOURCES.txt
[7.007s] -- Installing: /home/hee/ros2_ws/src/install/msg_interface/local/lib/python3.10/dist-packages/msg_interface-0.0.0-py3.10.egg-info/top_level.txt
[7.007s] -- Installing: /home/hee/ros2_ws/src/install/msg_interface/local/lib/python3.10/dist-packages/msg_interface
[7.007s] -- Installing: /home/hee/ros2_ws/src/install/msg_interface/local/lib/python3.10/dist-packages/msg_interface/msg_interface_s__rosidl_typesupport_fastrtps_c.cpython-310-x86_64-linux-gnu.so
[7.008s] -- Installing: /home/hee/ros2_ws/src/install/msg_interface/local/lib/python3.10/dist-packages/msg_interface/libmsg_interface__rosidl_generator_py.so
[7.008s] -- Installing: /home/hee/ros2_ws/src/install/msg_interface/local/lib/python3.10/dist-packages/msg_interface/_msg_interface_s.ep.rosidl_typesupport_introspection_c.c
[7.008s] -- Installing: /home/hee/ros2_ws/src/install/msg_interface/local/lib/python3.10/dist-packages/msg_interface/__init__.py
[7.008s] -- Installing: /home/hee/ros2_ws/src/install/msg_interface/local/lib/python3.10/dist-packages/msg_interface/srv
[7.009s] -- Installing: /home/hee/ros2_ws/src/install/msg_interface/local/lib/python3.10/dist-packages/msg_interface/srv/_set_led_s.c
[7.009s] -- Installing: /home/hee/ros2_ws/src/install/msg_interface/local/lib/python3.10/dist-packages/msg_interface/srv/__init__.py
[7.009s] -- Installing: /home/hee/ros2_ws/src/install/msg_interface/local/lib/python3.10/dist-packages/msg_interface/srv/_set_led.py
[7.010s] -- Installing: /home/hee/ros2_ws/src/install/msg_interface/local/lib/python3.10/dist-packages/msg_interface/msg_interface_s__rosidl_typesupport_introspection_c.cpython-310-x86_64-linux-gnu.so
[7.010s] -- Installing: /home/hee/ros2_ws/src/install/msg_interface/local/lib/python3.10/dist-packages/msg_interface/msg
[7.010s] -- Installing: /home/hee/ros2_ws/src/install/msg_interface/local/lib/python3.10/dist-packages/msg_interface/msg/_hardware_status.py
[7.010s] -- Installing: /home/hee/ros2_ws/src/install/msg_interface/local/lib/python3.10/dist-packages/msg_interface/msg/_led_states.py
[7.010s] -- Installing: /home/hee/ros2_ws/src/install/msg_interface/local/lib/python3.10/dist-packages/msg_interface/msg/_hardware_status_s.c
[7.011s] -- Installing: /home/hee/ros2_ws/src/install/msg_interface/local/lib/python3.10/dist-packages/msg_interface/msg/__init__.py
[7.011s] -- Installing: /home/hee/ros2_ws/src/install/msg_interface/local/lib/python3.10/dist-packages/msg_interface/msg/_led_states_s.c
[7.011s] -- Installing: /home/hee/ros2_ws/src/install/msg_interface/local/lib/python3.10/dist-packages/msg_interface/_msg_interface_s.ep.rosidl_typesupport_c.c
[7.011s] -- Installing: /home/hee/ros2_ws/src/install/msg_interface/local/lib/python3.10/dist-packages/msg_interface/msg_interface_s__rosidl_typesupport_c.cpython-310-x86_64-linux-gnu.so
[7.011s] -- Installing: /home/hee/ros2_ws/src/install/msg_interface/local/lib/python3.10/dist-packages/msg_interface/_msg_interface_s.ep.rosidl_typesupport_fastrtps_c.c
[7.069s] Listing '/home/hee/ros2_ws/src/install/msg_interface/local/lib/python3.10/dist-packages/msg_interface'...
[7.069s] Compiling '/home/hee/ros2_ws/src/install/msg_interface/local/lib/python3.10/dist-packages/msg_interface/__init__.py'...
[7.069s] Listing '/home/hee/ros2_ws/src/install/msg_interface/local/lib/python3.10/dist-packages/msg_interface/msg'...
[7.069s] Compiling '/home/hee/ros2_ws/src/install/msg_interface/local/lib/python3.10/dist-packages/msg_interface/msg/__init__.py'...
[7.069s] Compiling '/home/hee/ros2_ws/src/install/msg_interface/local/lib/python3.10/dist-packages/msg_interface/msg/_hardware_status.py'...
[7.069s] Compiling '/home/hee/ros2_ws/src/install/msg_interface/local/lib/python3.10/dist-packages/msg_interface/msg/_led_states.py'...
[7.070s] Listing '/home/hee/ros2_ws/src/install/msg_interface/local/lib/python3.10/dist-packages/msg_interface/srv'...
[7.070s] Compiling '/home/hee/ros2_ws/src/install/msg_interface/local/lib/python3.10/dist-packages/msg_interface/srv/__init__.py'...
[7.070s] Compiling '/home/hee/ros2_ws/src/install/msg_interface/local/lib/python3.10/dist-packages/msg_interface/srv/_set_led.py'...
[7.075s] -- Installing: /home/hee/ros2_ws/src/install/msg_interface/local/lib/python3.10/dist-packages/msg_interface/msg_interface_s__rosidl_typesupport_fastrtps_c.cpython-310-x86_64-linux-gnu.so
[7.076s] -- Set runtime path of "/home/hee/ros2_ws/src/install/msg_interface/local/lib/python3.10/dist-packages/msg_interface/msg_interface_s__rosidl_typesupport_fastrtps_c.cpython-310-x86_64-linux-gnu.so" to ""
[7.076s] -- Installing: /home/hee/ros2_ws/src/install/msg_interface/local/lib/python3.10/dist-packages/msg_interface/msg_interface_s__rosidl_typesupport_introspection_c.cpython-310-x86_64-linux-gnu.so
[7.077s] -- Set runtime path of "/home/hee/ros2_ws/src/install/msg_interface/local/lib/python3.10/dist-packages/msg_interface/msg_interface_s__rosidl_typesupport_introspection_c.cpython-310-x86_64-linux-gnu.so" to ""
[7.077s] -- Installing: /home/hee/ros2_ws/src/install/msg_interface/local/lib/python3.10/dist-packages/msg_interface/msg_interface_s__rosidl_typesupport_c.cpython-310-x86_64-linux-gnu.so
[7.078s] -- Set runtime path of "/home/hee/ros2_ws/src/install/msg_interface/local/lib/python3.10/dist-packages/msg_interface/msg_interface_s__rosidl_typesupport_c.cpython-310-x86_64-linux-gnu.so" to ""
[7.078s] -- Installing: /home/hee/ros2_ws/src/install/msg_interface/lib/libmsg_interface__rosidl_generator_py.so
[7.079s] -- Set runtime path of "/home/hee/ros2_ws/src/install/msg_interface/lib/libmsg_interface__rosidl_generator_py.so" to ""
[7.079s] -- Installing: /home/hee/ros2_ws/src/install/msg_interface/share/msg_interface/msg/HardwareStatus.idl
[7.079s] -- Installing: /home/hee/ros2_ws/src/install/msg_interface/share/msg_interface/msg/LedStates.idl
[7.079s] -- Installing: /home/hee/ros2_ws/src/install/msg_interface/share/msg_interface/srv/SetLed.idl
[7.080s] -- Installing: /home/hee/ros2_ws/src/install/msg_interface/share/msg_interface/msg/HardwareStatus.msg
[7.080s] -- Installing: /home/hee/ros2_ws/src/install/msg_interface/share/msg_interface/msg/LedStates.msg
[7.080s] -- Installing: /home/hee/ros2_ws/src/install/msg_interface/share/msg_interface/msg/SetLed.srv
[7.080s] -- Installing: /home/hee/ros2_ws/src/install/msg_interface/share/msg_interface/msg/SetLed_Request.msg
[7.081s] -- Installing: /home/hee/ros2_ws/src/install/msg_interface/share/msg_interface/msg/SetLed_Response.msg
[7.081s] -- Installing: /home/hee/ros2_ws/src/install/msg_interface/share/ament_index/resource_index/package_run_dependencies/msg_interface
[7.081s] -- Installing: /home/hee/ros2_ws/src/install/msg_interface/share/ament_index/resource_index/parent_prefix_path/msg_interface
[7.081s] -- Up-to-date: /home/hee/ros2_ws/src/install/msg_interface/share/msg_interface/environment/ament_prefix_path.sh
[7.081s] -- Installing: /home/hee/ros2_ws/src/install/msg_interface/share/msg_interface/environment/ament_prefix_path.dsv
[7.082s] -- Up-to-date: /home/hee/ros2_ws/src/install/msg_interface/share/msg_interface/environment/path.sh
[7.082s] -- Installing: /home/hee/ros2_ws/src/install/msg_interface/share/msg_interface/environment/path.dsv
[7.082s] -- Up-to-date: /home/hee/ros2_ws/src/install/msg_interface/share/msg_interface/local_setup.bash
[7.082s] -- Installing: /home/hee/ros2_ws/src/install/msg_interface/share/msg_interface/local_setup.sh
[7.082s] -- Up-to-date: /home/hee/ros2_ws/src/install/msg_interface/share/msg_interface/local_setup.zsh
[7.083s] -- Installing: /home/hee/ros2_ws/src/install/msg_interface/share/msg_interface/local_setup.dsv
[7.083s] -- Installing: /home/hee/ros2_ws/src/install/msg_interface/share/msg_interface/package.dsv
[7.083s] -- Up-to-date: /home/hee/ros2_ws/src/install/msg_interface/share/ament_index/resource_index/packages/msg_interface
[7.084s] -- Installing: /home/hee/ros2_ws/src/install/msg_interface/share/msg_interface/cmake/export_msg_interface__rosidl_generator_cExport.cmake
[7.084s] -- Installing: /home/hee/ros2_ws/src/install/msg_interface/share/msg_interface/cmake/export_msg_interface__rosidl_generator_cExport-noconfig.cmake
[7.084s] -- Installing: /home/hee/ros2_ws/src/install/msg_interface/share/msg_interface/cmake/export_msg_interface__rosidl_typesupport_fastrtps_cExport.cmake
[7.084s] -- Installing: /home/hee/ros2_ws/src/install/msg_interface/share/msg_interface/cmake/export_msg_interface__rosidl_typesupport_fastrtps_cExport-noconfig.cmake
[7.085s] -- Installing: /home/hee/ros2_ws/src/install/msg_interface/share/msg_interface/cmake/msg_interface__rosidl_typesupport_introspection_cExport.cmake
[7.085s] -- Installing: /home/hee/ros2_ws/src/install/msg_interface/share/msg_interface/cmake/msg_interface__rosidl_typesupport_introspection_cExport-noconfig.cmake
[7.085s] -- Installing: /home/hee/ros2_ws/src/install/msg_interface/share/msg_interface/cmake/msg_interface__rosidl_typesupport_cExport.cmake
[7.085s] -- Installing: /home/hee/ros2_ws/src/install/msg_interface/share/msg_interface/cmake/msg_interface__rosidl_typesupport_cExport-noconfig.cmake
[7.085s] -- Installing: /home/hee/ros2_ws/src/install/msg_interface/share/msg_interface/cmake/export_msg_interface__rosidl_generator_cppExport.cmake
[7.085s] -- Installing: /home/hee/ros2_ws/src/install/msg_interface/share/msg_interface/cmake/export_msg_interface__rosidl_typesupport_fastrtps_cppExport.cmake
[7.086s] -- Installing: /home/hee/ros2_ws/src/install/msg_interface/share/msg_interface/cmake/export_msg_interface__rosidl_typesupport_fastrtps_cppExport-noconfig.cmake
[7.086s] -- Installing: /home/hee/ros2_ws/src/install/msg_interface/share/msg_interface/cmake/msg_interface__rosidl_typesupport_introspection_cppExport.cmake
[7.086s] -- Installing: /home/hee/ros2_ws/src/install/msg_interface/share/msg_interface/cmake/msg_interface__rosidl_typesupport_introspection_cppExport-noconfig.cmake
[7.086s] -- Installing: /home/hee/ros2_ws/src/install/msg_interface/share/msg_interface/cmake/msg_interface__rosidl_typesupport_cppExport.cmake
[7.087s] -- Installing: /home/hee/ros2_ws/src/install/msg_interface/share/msg_interface/cmake/msg_interface__rosidl_typesupport_cppExport-noconfig.cmake
[7.087s] -- Installing: /home/hee/ros2_ws/src/install/msg_interface/share/msg_interface/cmake/export_msg_interface__rosidl_generator_pyExport.cmake
[7.087s] -- Installing: /home/hee/ros2_ws/src/install/msg_interface/share/msg_interface/cmake/export_msg_interface__rosidl_generator_pyExport-noconfig.cmake
[7.087s] -- Installing: /home/hee/ros2_ws/src/install/msg_interface/share/msg_interface/cmake/rosidl_cmake-extras.cmake
[7.087s] -- Installing: /home/hee/ros2_ws/src/install/msg_interface/share/msg_interface/cmake/ament_cmake_export_include_directories-extras.cmake
[7.088s] -- Installing: /home/hee/ros2_ws/src/install/msg_interface/share/msg_interface/cmake/ament_cmake_export_libraries-extras.cmake
[7.088s] -- Installing: /home/hee/ros2_ws/src/install/msg_interface/share/msg_interface/cmake/ament_cmake_export_targets-extras.cmake
[7.088s] -- Installing: /home/hee/ros2_ws/src/install/msg_interface/share/msg_interface/cmake/rosidl_cmake_export_typesupport_targets-extras.cmake
[7.088s] -- Installing: /home/hee/ros2_ws/src/install/msg_interface/share/msg_interface/cmake/ament_cmake_export_dependencies-extras.cmake
[7.089s] -- Installing: /home/hee/ros2_ws/src/install/msg_interface/share/msg_interface/cmake/rosidl_cmake_export_typesupport_libraries-extras.cmake
[7.089s] -- Installing: /home/hee/ros2_ws/src/install/msg_interface/share/msg_interface/cmake/msg_interfaceConfig.cmake
[7.089s] -- Up-to-date: /home/hee/ros2_ws/src/install/msg_interface/share/msg_interface/cmake/msg_interfaceConfig-version.cmake
[7.089s] -- Installing: /home/hee/ros2_ws/src/install/msg_interface/share/msg_interface/package.xml
[7.092s] Invoked command in '/home/hee/ros2_ws/src/build/msg_interface' returned '0': CMAKE_PREFIX_PATH=${CMAKE_PREFIX_PATH}:/home/hee/ros2_ws/install/service:/home/hee/ros2_ws/install/robot_controller:/home/hee/ros2_ws/install/activity_002:/home/hee/ros2_ws/install/Activity_002:/opt/ros/humble /usr/bin/cmake --install /home/hee/ros2_ws/src/build/msg_interface
