running egg_info
writing ../build/activity_002/activity_002.egg-info/PKG-INFO
writing dependency_links to ../build/activity_002/activity_002.egg-info/dependency_links.txt
writing entry points to ../build/activity_002/activity_002.egg-info/entry_points.txt
writing requirements to ../build/activity_002/activity_002.egg-info/requires.txt
writing top-level names to ../build/activity_002/activity_002.egg-info/top_level.txt
reading manifest file '../build/activity_002/activity_002.egg-info/SOURCES.txt'
writing manifest file '../build/activity_002/activity_002.egg-info/SOURCES.txt'
running build
running build_py
running install
/usr/lib/python3/dist-packages/setuptools/command/install.py:34: SetuptoolsDeprecationWarning: setup.py install is deprecated. Use build and pip and other standards-based tools.
  warnings.warn(
running install_lib
running install_data
copying package.xml -> /home/hee/ros2_ws/src/install/activity_002/share/activity_002
running install_egg_info
removing '/home/hee/ros2_ws/src/install/activity_002/lib/python3.10/site-packages/activity_002-0.0.0-py3.10.egg-info' (and everything under it)
Copying ../build/activity_002/activity_002.egg-info to /home/hee/ros2_ws/src/install/activity_002/lib/python3.10/site-packages/activity_002-0.0.0-py3.10.egg-info
running install_scripts
Installing num_pub script to /home/hee/ros2_ws/src/install/activity_002/lib/activity_002
writing list of installed files to '/home/hee/ros2_ws/src/build/activity_002/install.log'
