[1.747s] Invoking command in '/home/hee/ros2_ws/src/activity_002': PYTHONPATH=/home/hee/ros2_ws/src/build/activity_002/prefix_override:/home/hee/ros2_ws/src/install/activity_002/lib/python3.10/site-packages:${PYTHONPATH} /usr/bin/python3 setup.py egg_info --egg-base ../build/activity_002 build --build-base /home/hee/ros2_ws/src/build/activity_002/build install --record /home/hee/ros2_ws/src/build/activity_002/install.log --single-version-externally-managed
[2.111s] running egg_info
[2.112s] writing ../build/activity_002/activity_002.egg-info/PKG-INFO
[2.112s] writing dependency_links to ../build/activity_002/activity_002.egg-info/dependency_links.txt
[2.113s] writing entry points to ../build/activity_002/activity_002.egg-info/entry_points.txt
[2.113s] writing requirements to ../build/activity_002/activity_002.egg-info/requires.txt
[2.113s] writing top-level names to ../build/activity_002/activity_002.egg-info/top_level.txt
[2.115s] reading manifest file '../build/activity_002/activity_002.egg-info/SOURCES.txt'
[2.116s] writing manifest file '../build/activity_002/activity_002.egg-info/SOURCES.txt'
[2.117s] running build
[2.117s] running build_py
[2.117s] running install
[2.117s] /usr/lib/python3/dist-packages/setuptools/command/install.py:34: SetuptoolsDeprecationWarning: setup.py install is deprecated. Use build and pip and other standards-based tools.
[2.117s]   warnings.warn(
[2.118s] running install_lib
[2.119s] running install_data
[2.120s] copying package.xml -> /home/hee/ros2_ws/src/install/activity_002/share/activity_002
[2.120s] running install_egg_info
[2.122s] removing '/home/hee/ros2_ws/src/install/activity_002/lib/python3.10/site-packages/activity_002-0.0.0-py3.10.egg-info' (and everything under it)
[2.123s] Copying ../build/activity_002/activity_002.egg-info to /home/hee/ros2_ws/src/install/activity_002/lib/python3.10/site-packages/activity_002-0.0.0-py3.10.egg-info
[2.124s] running install_scripts
[2.155s] Installing num_pub script to /home/hee/ros2_ws/src/install/activity_002/lib/activity_002
[2.155s] writing list of installed files to '/home/hee/ros2_ws/src/build/activity_002/install.log'
[2.186s] Invoked command in '/home/hee/ros2_ws/src/activity_002' returned '0': PYTHONPATH=/home/hee/ros2_ws/src/build/activity_002/prefix_override:/home/hee/ros2_ws/src/install/activity_002/lib/python3.10/site-packages:${PYTHONPATH} /usr/bin/python3 setup.py egg_info --egg-base ../build/activity_002 build --build-base /home/hee/ros2_ws/src/build/activity_002/build install --record /home/hee/ros2_ws/src/build/activity_002/install.log --single-version-externally-managed
