[1.546s] Invoking command in '/home/hee/ros2_ws/src/robot_controller': PYTHONPATH=/home/hee/ros2_ws/src/build/robot_controller/prefix_override:/home/hee/ros2_ws/src/install/robot_controller/lib/python3.10/site-packages:${PYTHONPATH} /usr/bin/python3 setup.py egg_info --egg-base ../build/robot_controller build --build-base /home/hee/ros2_ws/src/build/robot_controller/build install --record /home/hee/ros2_ws/src/build/robot_controller/install.log --single-version-externally-managed
[1.907s] running egg_info
[1.908s] writing ../build/robot_controller/robot_controller.egg-info/PKG-INFO
[1.908s] writing dependency_links to ../build/robot_controller/robot_controller.egg-info/dependency_links.txt
[1.909s] writing entry points to ../build/robot_controller/robot_controller.egg-info/entry_points.txt
[1.909s] writing requirements to ../build/robot_controller/robot_controller.egg-info/requires.txt
[1.909s] writing top-level names to ../build/robot_controller/robot_controller.egg-info/top_level.txt
[1.911s] reading manifest file '../build/robot_controller/robot_controller.egg-info/SOURCES.txt'
[1.913s] writing manifest file '../build/robot_controller/robot_controller.egg-info/SOURCES.txt'
[1.913s] running build
[1.913s] running build_py
[1.913s] running install
[1.914s] /usr/lib/python3/dist-packages/setuptools/command/install.py:34: SetuptoolsDeprecationWarning: setup.py install is deprecated. Use build and pip and other standards-based tools.
[1.914s]   warnings.warn(
[1.914s] running install_lib
[1.916s] running install_data
[1.917s] running install_egg_info
[1.919s] removing '/home/hee/ros2_ws/src/install/robot_controller/lib/python3.10/site-packages/robot_controller-0.0.0-py3.10.egg-info' (and everything under it)
[1.919s] Copying ../build/robot_controller/robot_controller.egg-info to /home/hee/ros2_ws/src/install/robot_controller/lib/python3.10/site-packages/robot_controller-0.0.0-py3.10.egg-info
[1.921s] running install_scripts
[1.950s] Installing draw_circle script to /home/hee/ros2_ws/src/install/robot_controller/lib/robot_controller
[1.951s] Installing pose_sub script to /home/hee/ros2_ws/src/install/robot_controller/lib/robot_controller
[1.952s] Installing pub_sub script to /home/hee/ros2_ws/src/install/robot_controller/lib/robot_controller
[1.952s] Installing test_node script to /home/hee/ros2_ws/src/install/robot_controller/lib/robot_controller
[1.952s] writing list of installed files to '/home/hee/ros2_ws/src/build/robot_controller/install.log'
[1.982s] Invoked command in '/home/hee/ros2_ws/src/robot_controller' returned '0': PYTHONPATH=/home/hee/ros2_ws/src/build/robot_controller/prefix_override:/home/hee/ros2_ws/src/install/robot_controller/lib/python3.10/site-packages:${PYTHONPATH} /usr/bin/python3 setup.py egg_info --egg-base ../build/robot_controller build --build-base /home/hee/ros2_ws/src/build/robot_controller/build install --record /home/hee/ros2_ws/src/build/robot_controller/install.log --single-version-externally-managed
