[1.620s] DEBUG:colcon:Command line arguments: ['/usr/bin/colcon', 'build', '--packages-select', 'activity_002']
[1.620s] DEBUG:colcon:Parsed command line arguments: Namespace(log_base=None, log_level=None, verb_name='build', build_base='build', install_base='install', merge_install=False, symlink_install=False, test_result_base=None, continue_on_error=False, executor='parallel', parallel_workers=8, event_handlers=None, ignore_user_meta=False, metas=['./colcon.meta'], base_paths=['.'], packages_ignore=None, packages_ignore_regex=None, paths=None, packages_up_to=None, packages_up_to_regex=None, packages_above=None, packages_above_and_dependencies=None, packages_above_depth=None, packages_select_by_dep=None, packages_skip_by_dep=None, packages_skip_up_to=None, packages_select_build_failed=False, packages_skip_build_finished=False, packages_select_test_failures=False, packages_skip_test_passed=False, packages_select=['activity_002'], packages_skip=None, packages_select_regex=None, packages_skip_regex=None, packages_start=None, packages_end=None, allow_overriding=[], cmake_args=None, cmake_target=None, cmake_target_skip_unavailable=False, cmake_clean_cache=False, cmake_clean_first=False, cmake_force_configure=False, ament_cmake_args=None, catkin_cmake_args=None, catkin_skip_building_tests=False, verb_parser=<colcon_defaults.argument_parser.defaults.DefaultArgumentsDecorator object at 0x7fd5346a4eb0>, verb_extension=<colcon_core.verb.build.BuildVerb object at 0x7fd53468c0a0>, main=<bound method BuildVerb.main of <colcon_core.verb.build.BuildVerb object at 0x7fd53468c0a0>>)
[1.692s] Level 1:colcon.colcon_core.package_discovery:discover_packages(colcon_meta) check parameters
[1.692s] Level 1:colcon.colcon_core.package_discovery:discover_packages(recursive) check parameters
[1.692s] Level 1:colcon.colcon_core.package_discovery:discover_packages(ignore) check parameters
[1.693s] Level 1:colcon.colcon_core.package_discovery:discover_packages(path) check parameters
[1.693s] Level 1:colcon.colcon_core.package_discovery:discover_packages(colcon_meta) discover
[1.693s] Level 1:colcon.colcon_core.package_discovery:discover_packages(recursive) discover
[1.693s] INFO:colcon.colcon_core.package_discovery:Crawling recursively for packages in '/home/hee/ros2_ws'
[1.693s] Level 1:colcon.colcon_core.package_identification:_identify(.) by extensions ['ignore', 'ignore_ament_install']
[1.693s] Level 1:colcon.colcon_core.package_identification:_identify(.) by extension 'ignore'
[1.693s] Level 1:colcon.colcon_core.package_identification:_identify(.) by extension 'ignore_ament_install'
[1.693s] Level 1:colcon.colcon_core.package_identification:_identify(.) by extensions ['colcon_pkg']
[1.693s] Level 1:colcon.colcon_core.package_identification:_identify(.) by extension 'colcon_pkg'
[1.693s] Level 1:colcon.colcon_core.package_identification:_identify(.) by extensions ['colcon_meta']
[1.693s] Level 1:colcon.colcon_core.package_identification:_identify(.) by extension 'colcon_meta'
[1.693s] Level 1:colcon.colcon_core.package_identification:_identify(.) by extensions ['ros']
[1.693s] Level 1:colcon.colcon_core.package_identification:_identify(.) by extension 'ros'
[1.709s] Level 1:colcon.colcon_core.package_identification:_identify(.) by extensions ['cmake', 'python']
[1.709s] Level 1:colcon.colcon_core.package_identification:_identify(.) by extension 'cmake'
[1.709s] Level 1:colcon.colcon_core.package_identification:_identify(.) by extension 'python'
[1.709s] Level 1:colcon.colcon_core.package_identification:_identify(.) by extensions ['python_setup_py']
[1.709s] Level 1:colcon.colcon_core.package_identification:_identify(.) by extension 'python_setup_py'
[1.710s] Level 1:colcon.colcon_core.package_identification:_identify(build) by extensions ['ignore', 'ignore_ament_install']
[1.710s] Level 1:colcon.colcon_core.package_identification:_identify(build) by extension 'ignore'
[1.710s] Level 1:colcon.colcon_core.package_identification:_identify(build) ignored
[1.710s] Level 1:colcon.colcon_core.package_identification:_identify(install) by extensions ['ignore', 'ignore_ament_install']
[1.710s] Level 1:colcon.colcon_core.package_identification:_identify(install) by extension 'ignore'
[1.710s] Level 1:colcon.colcon_core.package_identification:_identify(install) ignored
[1.710s] Level 1:colcon.colcon_core.package_identification:_identify(log) by extensions ['ignore', 'ignore_ament_install']
[1.710s] Level 1:colcon.colcon_core.package_identification:_identify(log) by extension 'ignore'
[1.711s] Level 1:colcon.colcon_core.package_identification:_identify(log) ignored
[1.711s] Level 1:colcon.colcon_core.package_identification:_identify(src) by extensions ['ignore', 'ignore_ament_install']
[1.711s] Level 1:colcon.colcon_core.package_identification:_identify(src) by extension 'ignore'
[1.711s] Level 1:colcon.colcon_core.package_identification:_identify(src) by extension 'ignore_ament_install'
[1.711s] Level 1:colcon.colcon_core.package_identification:_identify(src) by extensions ['colcon_pkg']
[1.711s] Level 1:colcon.colcon_core.package_identification:_identify(src) by extension 'colcon_pkg'
[1.711s] Level 1:colcon.colcon_core.package_identification:_identify(src) by extensions ['colcon_meta']
[1.711s] Level 1:colcon.colcon_core.package_identification:_identify(src) by extension 'colcon_meta'
[1.711s] Level 1:colcon.colcon_core.package_identification:_identify(src) by extensions ['ros']
[1.711s] Level 1:colcon.colcon_core.package_identification:_identify(src) by extension 'ros'
[1.711s] Level 1:colcon.colcon_core.package_identification:_identify(src) by extensions ['cmake', 'python']
[1.711s] Level 1:colcon.colcon_core.package_identification:_identify(src) by extension 'cmake'
[1.711s] Level 1:colcon.colcon_core.package_identification:_identify(src) by extension 'python'
[1.712s] Level 1:colcon.colcon_core.package_identification:_identify(src) by extensions ['python_setup_py']
[1.712s] Level 1:colcon.colcon_core.package_identification:_identify(src) by extension 'python_setup_py'
[1.712s] Level 1:colcon.colcon_core.package_identification:_identify(src/activity_002) by extensions ['ignore', 'ignore_ament_install']
[1.712s] Level 1:colcon.colcon_core.package_identification:_identify(src/activity_002) by extension 'ignore'
[1.712s] Level 1:colcon.colcon_core.package_identification:_identify(src/activity_002) by extension 'ignore_ament_install'
[1.712s] Level 1:colcon.colcon_core.package_identification:_identify(src/activity_002) by extensions ['colcon_pkg']
[1.712s] Level 1:colcon.colcon_core.package_identification:_identify(src/activity_002) by extension 'colcon_pkg'
[1.712s] Level 1:colcon.colcon_core.package_identification:_identify(src/activity_002) by extensions ['colcon_meta']
[1.712s] Level 1:colcon.colcon_core.package_identification:_identify(src/activity_002) by extension 'colcon_meta'
[1.712s] Level 1:colcon.colcon_core.package_identification:_identify(src/activity_002) by extensions ['ros']
[1.712s] Level 1:colcon.colcon_core.package_identification:_identify(src/activity_002) by extension 'ros'
[1.716s] DEBUG:colcon.colcon_core.package_identification:Package 'src/activity_002' with type 'ros.ament_python' and name 'activity_002'
[1.716s] Level 1:colcon.colcon_core.package_identification:_identify(src/build) by extensions ['ignore', 'ignore_ament_install']
[1.716s] Level 1:colcon.colcon_core.package_identification:_identify(src/build) by extension 'ignore'
[1.716s] Level 1:colcon.colcon_core.package_identification:_identify(src/build) ignored
[1.716s] Level 1:colcon.colcon_core.package_identification:_identify(src/install) by extensions ['ignore', 'ignore_ament_install']
[1.717s] Level 1:colcon.colcon_core.package_identification:_identify(src/install) by extension 'ignore'
[1.717s] Level 1:colcon.colcon_core.package_identification:_identify(src/install) ignored
[1.717s] Level 1:colcon.colcon_core.package_identification:_identify(src/log) by extensions ['ignore', 'ignore_ament_install']
[1.717s] Level 1:colcon.colcon_core.package_identification:_identify(src/log) by extension 'ignore'
[1.717s] Level 1:colcon.colcon_core.package_identification:_identify(src/log) ignored
[1.717s] Level 1:colcon.colcon_core.package_identification:_identify(src/msg_interface) by extensions ['ignore', 'ignore_ament_install']
[1.717s] Level 1:colcon.colcon_core.package_identification:_identify(src/msg_interface) by extension 'ignore'
[1.717s] Level 1:colcon.colcon_core.package_identification:_identify(src/msg_interface) by extension 'ignore_ament_install'
[1.717s] Level 1:colcon.colcon_core.package_identification:_identify(src/msg_interface) by extensions ['colcon_pkg']
[1.717s] Level 1:colcon.colcon_core.package_identification:_identify(src/msg_interface) by extension 'colcon_pkg'
[1.717s] Level 1:colcon.colcon_core.package_identification:_identify(src/msg_interface) by extensions ['colcon_meta']
[1.718s] Level 1:colcon.colcon_core.package_identification:_identify(src/msg_interface) by extension 'colcon_meta'
[1.718s] Level 1:colcon.colcon_core.package_identification:_identify(src/msg_interface) by extensions ['ros']
[1.718s] Level 1:colcon.colcon_core.package_identification:_identify(src/msg_interface) by extension 'ros'
[1.718s] DEBUG:colcon.colcon_core.package_identification:Package 'src/msg_interface' with type 'ros.ament_cmake' and name 'msg_interface'
[1.718s] Level 1:colcon.colcon_core.package_identification:_identify(src/robot_controller) by extensions ['ignore', 'ignore_ament_install']
[1.719s] Level 1:colcon.colcon_core.package_identification:_identify(src/robot_controller) by extension 'ignore'
[1.719s] Level 1:colcon.colcon_core.package_identification:_identify(src/robot_controller) by extension 'ignore_ament_install'
[1.719s] Level 1:colcon.colcon_core.package_identification:_identify(src/robot_controller) by extensions ['colcon_pkg']
[1.719s] Level 1:colcon.colcon_core.package_identification:_identify(src/robot_controller) by extension 'colcon_pkg'
[1.719s] Level 1:colcon.colcon_core.package_identification:_identify(src/robot_controller) by extensions ['colcon_meta']
[1.719s] Level 1:colcon.colcon_core.package_identification:_identify(src/robot_controller) by extension 'colcon_meta'
[1.719s] Level 1:colcon.colcon_core.package_identification:_identify(src/robot_controller) by extensions ['ros']
[1.719s] Level 1:colcon.colcon_core.package_identification:_identify(src/robot_controller) by extension 'ros'
[1.720s] DEBUG:colcon.colcon_core.package_identification:Package 'src/robot_controller' with type 'ros.ament_python' and name 'robot_controller'
[1.720s] Level 1:colcon.colcon_core.package_identification:_identify(src/service) by extensions ['ignore', 'ignore_ament_install']
[1.720s] Level 1:colcon.colcon_core.package_identification:_identify(src/service) by extension 'ignore'
[1.720s] Level 1:colcon.colcon_core.package_identification:_identify(src/service) by extension 'ignore_ament_install'
[1.721s] Level 1:colcon.colcon_core.package_identification:_identify(src/service) by extensions ['colcon_pkg']
[1.721s] Level 1:colcon.colcon_core.package_identification:_identify(src/service) by extension 'colcon_pkg'
[1.721s] Level 1:colcon.colcon_core.package_identification:_identify(src/service) by extensions ['colcon_meta']
[1.721s] Level 1:colcon.colcon_core.package_identification:_identify(src/service) by extension 'colcon_meta'
[1.721s] Level 1:colcon.colcon_core.package_identification:_identify(src/service) by extensions ['ros']
[1.721s] Level 1:colcon.colcon_core.package_identification:_identify(src/service) by extension 'ros'
[1.722s] DEBUG:colcon.colcon_core.package_identification:Package 'src/service' with type 'ros.ament_python' and name 'service'
[1.722s] Level 1:colcon.colcon_core.package_discovery:discover_packages(recursive) using defaults
[1.722s] Level 1:colcon.colcon_core.package_discovery:discover_packages(ignore) discover
[1.722s] Level 1:colcon.colcon_core.package_discovery:discover_packages(ignore) using defaults
[1.722s] Level 1:colcon.colcon_core.package_discovery:discover_packages(path) discover
[1.722s] Level 1:colcon.colcon_core.package_discovery:discover_packages(path) using defaults
[1.822s] INFO:colcon.colcon_core.package_selection:Skipping not selected package 'msg_interface' in 'src/msg_interface'
[1.822s] INFO:colcon.colcon_core.package_selection:Skipping not selected package 'robot_controller' in 'src/robot_controller'
[1.822s] INFO:colcon.colcon_core.package_selection:Skipping not selected package 'service' in 'src/service'
[1.868s] Level 1:colcon.colcon_core.package_discovery:discover_packages(prefix_path) check parameters
[1.868s] Level 1:colcon.colcon_core.package_discovery:discover_packages(prefix_path) discover
[1.893s] WARNING:colcon.colcon_ros.prefix_path.ament:The path '/home/hee/ros2_ws/install/Activity_002' in the environment variable AMENT_PREFIX_PATH doesn't exist
[1.917s] DEBUG:colcon.colcon_installed_package_information.package_discovery:Found 4 installed packages in /home/hee/ros2_ws/install
[1.942s] DEBUG:colcon.colcon_installed_package_information.package_discovery:Found 270 installed packages in /opt/ros/humble
[1.944s] Level 1:colcon.colcon_core.package_discovery:discover_packages(prefix_path) using defaults
[2.097s] Level 5:colcon.colcon_core.verb:set package 'activity_002' build argument 'cmake_args' from command line to 'None'
[2.098s] Level 5:colcon.colcon_core.verb:set package 'activity_002' build argument 'cmake_target' from command line to 'None'
[2.098s] Level 5:colcon.colcon_core.verb:set package 'activity_002' build argument 'cmake_target_skip_unavailable' from command line to 'False'
[2.098s] Level 5:colcon.colcon_core.verb:set package 'activity_002' build argument 'cmake_clean_cache' from command line to 'False'
[2.098s] Level 5:colcon.colcon_core.verb:set package 'activity_002' build argument 'cmake_clean_first' from command line to 'False'
[2.098s] Level 5:colcon.colcon_core.verb:set package 'activity_002' build argument 'cmake_force_configure' from command line to 'False'
[2.098s] Level 5:colcon.colcon_core.verb:set package 'activity_002' build argument 'ament_cmake_args' from command line to 'None'
[2.098s] Level 5:colcon.colcon_core.verb:set package 'activity_002' build argument 'catkin_cmake_args' from command line to 'None'
[2.098s] Level 5:colcon.colcon_core.verb:set package 'activity_002' build argument 'catkin_skip_building_tests' from command line to 'False'
[2.098s] DEBUG:colcon.colcon_core.verb:Building package 'activity_002' with the following arguments: {'ament_cmake_args': None, 'build_base': '/home/hee/ros2_ws/build/activity_002', 'catkin_cmake_args': None, 'catkin_skip_building_tests': False, 'cmake_args': None, 'cmake_clean_cache': False, 'cmake_clean_first': False, 'cmake_force_configure': False, 'cmake_target': None, 'cmake_target_skip_unavailable': False, 'install_base': '/home/hee/ros2_ws/install/activity_002', 'merge_install': False, 'path': '/home/hee/ros2_ws/src/activity_002', 'symlink_install': False, 'test_result_base': None}
[2.122s] INFO:colcon.colcon_core.executor:Executing jobs using 'parallel' executor
[2.146s] DEBUG:colcon.colcon_parallel_executor.executor.parallel:run_until_complete
[2.146s] INFO:colcon.colcon_ros.task.ament_python.build:Building ROS package in '/home/hee/ros2_ws/src/activity_002' with build type 'ament_python'
[2.146s] Level 1:colcon.colcon_core.shell:create_environment_hook('activity_002', 'ament_prefix_path')
[2.175s] INFO:colcon.colcon_core.plugin_system:Skipping extension 'colcon_core.shell.bat': Not used on non-Windows systems
[2.175s] INFO:colcon.colcon_core.shell:Creating environment hook '/home/hee/ros2_ws/install/activity_002/share/activity_002/hook/ament_prefix_path.ps1'
[2.176s] INFO:colcon.colcon_core.shell:Creating environment descriptor '/home/hee/ros2_ws/install/activity_002/share/activity_002/hook/ament_prefix_path.dsv'
[2.177s] INFO:colcon.colcon_core.shell:Creating environment hook '/home/hee/ros2_ws/install/activity_002/share/activity_002/hook/ament_prefix_path.sh'
[2.202s] INFO:colcon.colcon_core.shell:Skip shell extension 'powershell' for command environment: Not usable outside of PowerShell
[2.202s] DEBUG:colcon.colcon_core.shell:Skip shell extension 'dsv' for command environment
[2.701s] INFO:colcon.colcon_core.task.python.build:Building Python package in '/home/hee/ros2_ws/src/activity_002'
[2.725s] INFO:colcon.colcon_core.shell:Skip shell extension 'powershell' for command environment: Not usable outside of PowerShell
[2.725s] DEBUG:colcon.colcon_core.shell:Skip shell extension 'dsv' for command environment
[3.318s] DEBUG:colcon.colcon_core.event_handler.log_command:Invoking command in '/home/hee/ros2_ws/src/activity_002': PYTHONPATH=/home/hee/ros2_ws/build/activity_002/prefix_override:/home/hee/ros2_ws/install/activity_002/lib/python3.10/site-packages:${PYTHONPATH} /usr/bin/python3 setup.py egg_info --egg-base ../../build/activity_002 build --build-base /home/hee/ros2_ws/build/activity_002/build install --record /home/hee/ros2_ws/build/activity_002/install.log --single-version-externally-managed
[3.780s] DEBUG:colcon.colcon_core.event_handler.log_command:Invoked command in '/home/hee/ros2_ws/src/activity_002' returned '0': PYTHONPATH=/home/hee/ros2_ws/build/activity_002/prefix_override:/home/hee/ros2_ws/install/activity_002/lib/python3.10/site-packages:${PYTHONPATH} /usr/bin/python3 setup.py egg_info --egg-base ../../build/activity_002 build --build-base /home/hee/ros2_ws/build/activity_002/build install --record /home/hee/ros2_ws/build/activity_002/install.log --single-version-externally-managed
[3.807s] Level 1:colcon.colcon_core.environment:checking '/home/hee/ros2_ws/install/activity_002' for CMake module files
[3.808s] Level 1:colcon.colcon_core.environment:checking '/home/hee/ros2_ws/install/activity_002' for CMake config files
[3.808s] Level 1:colcon.colcon_core.environment:checking '/home/hee/ros2_ws/install/activity_002/lib'
[3.809s] Level 1:colcon.colcon_core.environment:checking '/home/hee/ros2_ws/install/activity_002/bin'
[3.809s] Level 1:colcon.colcon_core.environment:checking '/home/hee/ros2_ws/install/activity_002/lib/pkgconfig/activity_002.pc'
[3.809s] Level 1:colcon.colcon_core.environment:checking '/home/hee/ros2_ws/install/activity_002/lib/python3.10/site-packages'
[3.809s] Level 1:colcon.colcon_core.shell:create_environment_hook('activity_002', 'pythonpath')
[3.833s] INFO:colcon.colcon_core.shell:Creating environment hook '/home/hee/ros2_ws/install/activity_002/share/activity_002/hook/pythonpath.ps1'
[3.833s] INFO:colcon.colcon_core.shell:Creating environment descriptor '/home/hee/ros2_ws/install/activity_002/share/activity_002/hook/pythonpath.dsv'
[3.834s] INFO:colcon.colcon_core.shell:Creating environment hook '/home/hee/ros2_ws/install/activity_002/share/activity_002/hook/pythonpath.sh'
[3.834s] Level 1:colcon.colcon_core.environment:checking '/home/hee/ros2_ws/install/activity_002/bin'
[3.834s] Level 1:colcon.colcon_core.environment:create_environment_scripts_only(activity_002)
[3.858s] INFO:colcon.colcon_core.shell:Creating package script '/home/hee/ros2_ws/install/activity_002/share/activity_002/package.ps1'
[3.860s] INFO:colcon.colcon_core.shell:Creating package descriptor '/home/hee/ros2_ws/install/activity_002/share/activity_002/package.dsv'
[3.860s] INFO:colcon.colcon_core.shell:Creating package script '/home/hee/ros2_ws/install/activity_002/share/activity_002/package.sh'
[3.861s] INFO:colcon.colcon_core.shell:Creating package script '/home/hee/ros2_ws/install/activity_002/share/activity_002/package.bash'
[3.862s] INFO:colcon.colcon_core.shell:Creating package script '/home/hee/ros2_ws/install/activity_002/share/activity_002/package.zsh'
[3.863s] Level 1:colcon.colcon_core.environment:create_file_with_runtime_dependencies(/home/hee/ros2_ws/install/activity_002/share/colcon-core/packages/activity_002)
[3.864s] DEBUG:colcon.colcon_parallel_executor.executor.parallel:closing loop
[3.864s] DEBUG:colcon.colcon_parallel_executor.executor.parallel:loop closed
[3.864s] DEBUG:colcon.colcon_parallel_executor.executor.parallel:run_until_complete finished with '0'
[3.864s] DEBUG:colcon.colcon_core.event_reactor:joining thread
[3.896s] INFO:colcon.colcon_core.plugin_system:Skipping extension 'colcon_notification.desktop_notification.terminal_notifier': Not used on non-Darwin systems
[3.896s] INFO:colcon.colcon_core.plugin_system:Skipping extension 'colcon_notification.desktop_notification.win32': Not used on non-Windows systems
[3.896s] INFO:colcon.colcon_notification.desktop_notification:Sending desktop notification using 'notify2'
[3.922s] DEBUG:colcon.colcon_core.event_reactor:joined thread
[3.946s] INFO:colcon.colcon_core.shell:Creating prefix script '/home/hee/ros2_ws/install/local_setup.ps1'
[3.948s] INFO:colcon.colcon_core.shell:Creating prefix util module '/home/hee/ros2_ws/install/_local_setup_util_ps1.py'
[3.950s] INFO:colcon.colcon_core.shell:Creating prefix chain script '/home/hee/ros2_ws/install/setup.ps1'
[3.976s] INFO:colcon.colcon_core.shell:Creating prefix script '/home/hee/ros2_ws/install/local_setup.sh'
[3.977s] INFO:colcon.colcon_core.shell:Creating prefix util module '/home/hee/ros2_ws/install/_local_setup_util_sh.py'
[3.977s] INFO:colcon.colcon_core.shell:Creating prefix chain script '/home/hee/ros2_ws/install/setup.sh'
[4.003s] INFO:colcon.colcon_core.shell:Creating prefix script '/home/hee/ros2_ws/install/local_setup.bash'
[4.003s] INFO:colcon.colcon_core.shell:Creating prefix chain script '/home/hee/ros2_ws/install/setup.bash'
[4.029s] INFO:colcon.colcon_core.shell:Creating prefix script '/home/hee/ros2_ws/install/local_setup.zsh'
[4.030s] INFO:colcon.colcon_core.shell:Creating prefix chain script '/home/hee/ros2_ws/install/setup.zsh'
