[0.109s] Invoking command in '/home/hee/ros2_ws/build/msg_interface': CMAKE_PREFIX_PATH=${CMAKE_PREFIX_PATH}:/home/hee/ros2_ws/install/service:/home/hee/ros2_ws/install/robot_controller:/home/hee/ros2_ws/install/activity_002:/home/hee/ros2_ws/install/Activity_002:/opt/ros/humble /usr/bin/cmake --build /home/hee/ros2_ws/build/msg_interface -- -j8 -l8
[0.143s] -- Found ament_cmake: 1.3.6 (/opt/ros/humble/share/ament_cmake/cmake)
[0.374s] -- Found rosidl_default_generators: 1.2.0 (/opt/ros/humble/share/rosidl_default_generators/cmake)
[0.377s] -- Using all available rosidl_typesupport_c: rosidl_typesupport_fastrtps_c;rosidl_typesupport_introspection_c
[0.381s] -- Found rosidl_adapter: 3.1.5 (/opt/ros/humble/share/rosidl_adapter/cmake)
[0.427s] -- Using all available rosidl_typesupport_cpp: rosidl_typesupport_fastrtps_cpp;rosidl_typesupport_introspection_cpp
[0.855s] -- Found ament_cmake_ros: 0.10.0 (/opt/ros/humble/share/ament_cmake_ros/cmake)
[1.151s] -- Using all available rosidl_typesupport_c: rosidl_typesupport_fastrtps_c;rosidl_typesupport_introspection_c
[1.547s] -- Using all available rosidl_typesupport_cpp: rosidl_typesupport_fastrtps_cpp;rosidl_typesupport_introspection_cpp
[1.586s] -- Found python_cmake_module: 0.10.0 (/opt/ros/humble/share/python_cmake_module/cmake)
[1.622s] -- Using PYTHON_EXECUTABLE: /usr/bin/python3
[1.622s] -- Using PYTHON_INCLUDE_DIRS: /usr/include/python3.10
[1.622s] -- Using PYTHON_LIBRARIES: /usr/lib/x86_64-linux-gnu/libpython3.10.so
[1.649s] -- Configuring done
[1.698s] -- Generating done
[1.702s] -- Build files have been written to: /home/hee/ros2_ws/build/msg_interface
[1.736s] [  2%] [34m[1mGenerating C code for ROS interfaces[0m
[1.751s] [  4%] [34m[1mGenerating C++ code for ROS interfaces[0m
[1.766s] [  4%] Built target ament_cmake_python_copy_msg_interface
[2.226s] running egg_info
[2.227s] writing msg_interface.egg-info/PKG-INFO
[2.228s] writing dependency_links to msg_interface.egg-info/dependency_links.txt
[2.228s] writing top-level names to msg_interface.egg-info/top_level.txt
[2.233s] reading manifest file 'msg_interface.egg-info/SOURCES.txt'
[2.234s] writing manifest file 'msg_interface.egg-info/SOURCES.txt'
[2.282s] [  4%] Built target ament_cmake_python_build_msg_interface_egg
[2.366s] [  4%] Built target msg_interface__cpp
[2.386s] [  6%] [34m[1mGenerating C++ type support for eProsima Fast-RTPS[0m
[2.387s] [  8%] [34m[1mGenerating C++ introspection for ROS interfaces[0m
[2.388s] [ 10%] [34m[1mGenerating C++ type support dispatch for ROS interfaces[0m
[2.471s] [35m[1mConsolidate compiler generated dependencies of target msg_interface__rosidl_generator_c[0m
[2.499s] [ 12%] [32mBuilding C object CMakeFiles/msg_interface__rosidl_generator_c.dir/rosidl_generator_c/msg_interface/msg/detail/led_states__functions.c.o[0m
[2.500s] [ 14%] [32mBuilding C object CMakeFiles/msg_interface__rosidl_generator_c.dir/rosidl_generator_c/msg_interface/msg/detail/hardware_status__functions.c.o[0m
[2.500s] [ 17%] [32mBuilding C object CMakeFiles/msg_interface__rosidl_generator_c.dir/rosidl_generator_c/msg_interface/srv/detail/set_led__functions.c.o[0m
[2.628s] [ 19%] [32m[1mLinking C shared library libmsg_interface__rosidl_generator_c.so[0m
[2.687s] [ 19%] Built target msg_interface__rosidl_generator_c
[2.706s] [ 21%] [34m[1mGenerating C type support for eProsima Fast-RTPS[0m
[2.710s] [ 23%] [34m[1mGenerating C introspection for ROS interfaces[0m
[2.721s] [ 25%] [34m[1mGenerating C type support dispatch for ROS interfaces[0m
[3.033s] [35m[1mConsolidate compiler generated dependencies of target msg_interface__rosidl_typesupport_cpp[0m
[3.065s] [ 27%] [32mBuilding CXX object CMakeFiles/msg_interface__rosidl_typesupport_cpp.dir/rosidl_typesupport_cpp/msg_interface/msg/led_states__type_support.cpp.o[0m
[3.065s] [ 29%] [32mBuilding CXX object CMakeFiles/msg_interface__rosidl_typesupport_cpp.dir/rosidl_typesupport_cpp/msg_interface/msg/hardware_status__type_support.cpp.o[0m
[3.077s] [ 31%] [32mBuilding CXX object CMakeFiles/msg_interface__rosidl_typesupport_cpp.dir/rosidl_typesupport_cpp/msg_interface/srv/set_led__type_support.cpp.o[0m
[3.234s] [35m[1mConsolidate compiler generated dependencies of target msg_interface__rosidl_typesupport_introspection_cpp[0m
[3.267s] [ 34%] [32mBuilding CXX object CMakeFiles/msg_interface__rosidl_typesupport_introspection_cpp.dir/rosidl_typesupport_introspection_cpp/msg_interface/msg/detail/hardware_status__type_support.cpp.o[0m
[3.354s] [35m[1mConsolidate compiler generated dependencies of target msg_interface__rosidl_typesupport_fastrtps_cpp[0m
[3.390s] [ 36%] [32mBuilding CXX object CMakeFiles/msg_interface__rosidl_typesupport_fastrtps_cpp.dir/rosidl_typesupport_fastrtps_cpp/msg_interface/msg/detail/dds_fastrtps/hardware_status__type_support.cpp.o[0m
[3.468s] [35m[1mConsolidate compiler generated dependencies of target msg_interface__rosidl_typesupport_c[0m
[3.492s] [ 38%] [32mBuilding CXX object CMakeFiles/msg_interface__rosidl_typesupport_c.dir/rosidl_typesupport_c/msg_interface/msg/hardware_status__type_support.cpp.o[0m
[3.561s] [ 40%] [32mBuilding CXX object CMakeFiles/msg_interface__rosidl_typesupport_c.dir/rosidl_typesupport_c/msg_interface/msg/led_states__type_support.cpp.o[0m
[3.623s] [35m[1mConsolidate compiler generated dependencies of target msg_interface__rosidl_typesupport_fastrtps_c[0m
[3.627s] [ 42%] [32mBuilding CXX object CMakeFiles/msg_interface__rosidl_typesupport_c.dir/rosidl_typesupport_c/msg_interface/srv/set_led__type_support.cpp.o[0m
[3.655s] [ 44%] [32mBuilding CXX object CMakeFiles/msg_interface__rosidl_typesupport_fastrtps_c.dir/rosidl_typesupport_fastrtps_c/msg_interface/msg/detail/hardware_status__type_support_c.cpp.o[0m
[3.656s] [35m[1mConsolidate compiler generated dependencies of target msg_interface__rosidl_typesupport_introspection_c[0m
[3.683s] [ 46%] [32mBuilding C object CMakeFiles/msg_interface__rosidl_typesupport_introspection_c.dir/rosidl_typesupport_introspection_c/msg_interface/msg/detail/hardware_status__type_support.c.o[0m
[3.700s] [ 48%] [32m[1mLinking CXX shared library libmsg_interface__rosidl_typesupport_c.so[0m
[3.727s] [ 51%] [32mBuilding CXX object CMakeFiles/msg_interface__rosidl_typesupport_fastrtps_c.dir/rosidl_typesupport_fastrtps_c/msg_interface/msg/detail/led_states__type_support_c.cpp.o[0m
[3.735s] [ 53%] [32mBuilding CXX object CMakeFiles/msg_interface__rosidl_typesupport_fastrtps_cpp.dir/rosidl_typesupport_fastrtps_cpp/msg_interface/msg/detail/dds_fastrtps/led_states__type_support.cpp.o[0m
[3.760s] [ 55%] [32mBuilding C object CMakeFiles/msg_interface__rosidl_typesupport_introspection_c.dir/rosidl_typesupport_introspection_c/msg_interface/msg/detail/led_states__type_support.c.o[0m
[3.774s] [ 57%] [32m[1mLinking CXX shared library libmsg_interface__rosidl_typesupport_cpp.so[0m
[3.804s] [ 57%] Built target msg_interface__rosidl_typesupport_c
[3.823s] [ 59%] [32mBuilding C object CMakeFiles/msg_interface__rosidl_typesupport_introspection_c.dir/rosidl_typesupport_introspection_c/msg_interface/srv/detail/set_led__type_support.c.o[0m
[3.837s] [ 61%] [32mBuilding CXX object CMakeFiles/msg_interface__rosidl_typesupport_fastrtps_cpp.dir/rosidl_typesupport_fastrtps_cpp/msg_interface/srv/detail/dds_fastrtps/set_led__type_support.cpp.o[0m
[3.877s] [ 61%] Built target msg_interface__rosidl_typesupport_cpp
[3.896s] [ 63%] [32mBuilding CXX object CMakeFiles/msg_interface__rosidl_typesupport_fastrtps_c.dir/rosidl_typesupport_fastrtps_c/msg_interface/srv/detail/set_led__type_support_c.cpp.o[0m
[3.909s] [ 65%] [32m[1mLinking C shared library libmsg_interface__rosidl_typesupport_introspection_c.so[0m
[3.978s] [ 65%] Built target msg_interface__rosidl_typesupport_introspection_c
[3.997s] [ 68%] [32mBuilding CXX object CMakeFiles/msg_interface__rosidl_typesupport_introspection_cpp.dir/rosidl_typesupport_introspection_cpp/msg_interface/msg/detail/led_states__type_support.cpp.o[0m
[4.218s] [ 70%] [32mBuilding CXX object CMakeFiles/msg_interface__rosidl_typesupport_introspection_cpp.dir/rosidl_typesupport_introspection_cpp/msg_interface/srv/detail/set_led__type_support.cpp.o[0m
[4.727s] [ 72%] [32m[1mLinking CXX shared library libmsg_interface__rosidl_typesupport_fastrtps_c.so[0m
[4.847s] [ 74%] [32m[1mLinking CXX shared library libmsg_interface__rosidl_typesupport_fastrtps_cpp.so[0m
[4.903s] [ 74%] Built target msg_interface__rosidl_typesupport_fastrtps_c
[5.009s] [ 74%] Built target msg_interface__rosidl_typesupport_fastrtps_cpp
[5.095s] [ 76%] [32m[1mLinking CXX shared library libmsg_interface__rosidl_typesupport_introspection_cpp.so[0m
[5.187s] [ 76%] Built target msg_interface__rosidl_typesupport_introspection_cpp
[5.216s] [ 76%] Built target msg_interface
[5.245s] [ 78%] [34m[1mGenerating Python code for ROS interfaces[0m
[6.008s] [ 78%] Built target msg_interface__py
[6.023s] [35m[1mConsolidate compiler generated dependencies of target msg_interface__rosidl_generator_py[0m
[6.044s] [ 80%] [32mBuilding C object CMakeFiles/msg_interface__rosidl_generator_py.dir/rosidl_generator_py/msg_interface/msg/_hardware_status_s.c.o[0m
[6.045s] [ 82%] [32mBuilding C object CMakeFiles/msg_interface__rosidl_generator_py.dir/rosidl_generator_py/msg_interface/msg/_led_states_s.c.o[0m
[6.045s] [ 85%] [32mBuilding C object CMakeFiles/msg_interface__rosidl_generator_py.dir/rosidl_generator_py/msg_interface/srv/_set_led_s.c.o[0m
[6.198s] [ 87%] [32m[1mLinking C shared library rosidl_generator_py/msg_interface/libmsg_interface__rosidl_generator_py.so[0m
[6.255s] [ 87%] Built target msg_interface__rosidl_generator_py
[6.269s] [35m[1mConsolidate compiler generated dependencies of target msg_interface__rosidl_typesupport_introspection_c__pyext[0m
[6.270s] [35m[1mConsolidate compiler generated dependencies of target msg_interface__rosidl_typesupport_fastrtps_c__pyext[0m
[6.270s] [35m[1mConsolidate compiler generated dependencies of target msg_interface__rosidl_typesupport_c__pyext[0m
[6.289s] [ 91%] [32mBuilding C object CMakeFiles/msg_interface__rosidl_typesupport_introspection_c__pyext.dir/rosidl_generator_py/msg_interface/_msg_interface_s.ep.rosidl_typesupport_introspection_c.c.o[0m
[6.289s] [ 91%] [32mBuilding C object CMakeFiles/msg_interface__rosidl_typesupport_fastrtps_c__pyext.dir/rosidl_generator_py/msg_interface/_msg_interface_s.ep.rosidl_typesupport_fastrtps_c.c.o[0m
[6.289s] [ 93%] [32mBuilding C object CMakeFiles/msg_interface__rosidl_typesupport_c__pyext.dir/rosidl_generator_py/msg_interface/_msg_interface_s.ep.rosidl_typesupport_c.c.o[0m
[6.437s] [ 95%] [32m[1mLinking C shared library rosidl_generator_py/msg_interface/msg_interface_s__rosidl_typesupport_c.cpython-310-x86_64-linux-gnu.so[0m
[6.442s] [ 97%] [32m[1mLinking C shared library rosidl_generator_py/msg_interface/msg_interface_s__rosidl_typesupport_introspection_c.cpython-310-x86_64-linux-gnu.so[0m
[6.450s] [100%] [32m[1mLinking C shared library rosidl_generator_py/msg_interface/msg_interface_s__rosidl_typesupport_fastrtps_c.cpython-310-x86_64-linux-gnu.so[0m
[6.488s] [100%] Built target msg_interface__rosidl_typesupport_c__pyext
[6.492s] [100%] Built target msg_interface__rosidl_typesupport_introspection_c__pyext
[6.502s] [100%] Built target msg_interface__rosidl_typesupport_fastrtps_c__pyext
[6.519s] Invoked command in '/home/hee/ros2_ws/build/msg_interface' returned '0': CMAKE_PREFIX_PATH=${CMAKE_PREFIX_PATH}:/home/hee/ros2_ws/install/service:/home/hee/ros2_ws/install/robot_controller:/home/hee/ros2_ws/install/activity_002:/home/hee/ros2_ws/install/Activity_002:/opt/ros/humble /usr/bin/cmake --build /home/hee/ros2_ws/build/msg_interface -- -j8 -l8
[6.677s] Invoking command in '/home/hee/ros2_ws/build/msg_interface': CMAKE_PREFIX_PATH=${CMAKE_PREFIX_PATH}:/home/hee/ros2_ws/install/service:/home/hee/ros2_ws/install/robot_controller:/home/hee/ros2_ws/install/activity_002:/home/hee/ros2_ws/install/Activity_002:/opt/ros/humble /usr/bin/cmake --install /home/hee/ros2_ws/build/msg_interface
[6.687s] -- Install configuration: ""
[6.688s] -- Up-to-date: /home/hee/ros2_ws/install/msg_interface/share/ament_index/resource_index/rosidl_interfaces/msg_interface
[6.688s] -- Up-to-date: /home/hee/ros2_ws/install/msg_interface/include/msg_interface/msg_interface
[6.688s] -- Up-to-date: /home/hee/ros2_ws/install/msg_interface/include/msg_interface/msg_interface/srv
[6.688s] -- Up-to-date: /home/hee/ros2_ws/install/msg_interface/include/msg_interface/msg_interface/srv/detail
[6.688s] -- Installing: /home/hee/ros2_ws/install/msg_interface/include/msg_interface/msg_interface/srv/detail/set_led__functions.h
[6.688s] -- Installing: /home/hee/ros2_ws/install/msg_interface/include/msg_interface/msg_interface/srv/detail/set_led__struct.h
[6.688s] -- Installing: /home/hee/ros2_ws/install/msg_interface/include/msg_interface/msg_interface/srv/detail/set_led__type_support.h
[6.688s] -- Installing: /home/hee/ros2_ws/install/msg_interface/include/msg_interface/msg_interface/srv/detail/set_led__functions.c
[6.689s] -- Installing: /home/hee/ros2_ws/install/msg_interface/include/msg_interface/msg_interface/srv/set_led.h
[6.689s] -- Up-to-date: /home/hee/ros2_ws/install/msg_interface/include/msg_interface/msg_interface/msg
[6.689s] -- Up-to-date: /home/hee/ros2_ws/install/msg_interface/include/msg_interface/msg_interface/msg/detail
[6.689s] -- Installing: /home/hee/ros2_ws/install/msg_interface/include/msg_interface/msg_interface/msg/detail/hardware_status__struct.h
[6.689s] -- Installing: /home/hee/ros2_ws/install/msg_interface/include/msg_interface/msg_interface/msg/detail/hardware_status__functions.h
[6.689s] -- Installing: /home/hee/ros2_ws/install/msg_interface/include/msg_interface/msg_interface/msg/detail/led_states__functions.c
[6.690s] -- Installing: /home/hee/ros2_ws/install/msg_interface/include/msg_interface/msg_interface/msg/detail/hardware_status__type_support.h
[6.690s] -- Installing: /home/hee/ros2_ws/install/msg_interface/include/msg_interface/msg_interface/msg/detail/led_states__type_support.h
[6.690s] -- Installing: /home/hee/ros2_ws/install/msg_interface/include/msg_interface/msg_interface/msg/detail/led_states__functions.h
[6.690s] -- Installing: /home/hee/ros2_ws/install/msg_interface/include/msg_interface/msg_interface/msg/detail/hardware_status__functions.c
[6.690s] -- Installing: /home/hee/ros2_ws/install/msg_interface/include/msg_interface/msg_interface/msg/detail/led_states__struct.h
[6.690s] -- Up-to-date: /home/hee/ros2_ws/install/msg_interface/include/msg_interface/msg_interface/msg/rosidl_generator_c__visibility_control.h
[6.690s] -- Installing: /home/hee/ros2_ws/install/msg_interface/include/msg_interface/msg_interface/msg/hardware_status.h
[6.691s] -- Installing: /home/hee/ros2_ws/install/msg_interface/include/msg_interface/msg_interface/msg/led_states.h
[6.691s] -- Up-to-date: /home/hee/ros2_ws/install/msg_interface/share/msg_interface/environment/library_path.sh
[6.691s] -- Installing: /home/hee/ros2_ws/install/msg_interface/share/msg_interface/environment/library_path.dsv
[6.691s] -- Installing: /home/hee/ros2_ws/install/msg_interface/lib/libmsg_interface__rosidl_generator_c.so
[6.692s] -- Set runtime path of "/home/hee/ros2_ws/install/msg_interface/lib/libmsg_interface__rosidl_generator_c.so" to ""
[6.692s] -- Up-to-date: /home/hee/ros2_ws/install/msg_interface/include/msg_interface/msg_interface
[6.692s] -- Up-to-date: /home/hee/ros2_ws/install/msg_interface/include/msg_interface/msg_interface/srv
[6.693s] -- Up-to-date: /home/hee/ros2_ws/install/msg_interface/include/msg_interface/msg_interface/srv/detail
[6.693s] -- Installing: /home/hee/ros2_ws/install/msg_interface/include/msg_interface/msg_interface/srv/detail/set_led__rosidl_typesupport_fastrtps_c.h
[6.693s] -- Up-to-date: /home/hee/ros2_ws/install/msg_interface/include/msg_interface/msg_interface/msg
[6.693s] -- Up-to-date: /home/hee/ros2_ws/install/msg_interface/include/msg_interface/msg_interface/msg/detail
[6.693s] -- Installing: /home/hee/ros2_ws/install/msg_interface/include/msg_interface/msg_interface/msg/detail/hardware_status__rosidl_typesupport_fastrtps_c.h
[6.694s] -- Installing: /home/hee/ros2_ws/install/msg_interface/include/msg_interface/msg_interface/msg/detail/led_states__rosidl_typesupport_fastrtps_c.h
[6.694s] -- Up-to-date: /home/hee/ros2_ws/install/msg_interface/include/msg_interface/msg_interface/msg/rosidl_typesupport_fastrtps_c__visibility_control.h
[6.694s] -- Installing: /home/hee/ros2_ws/install/msg_interface/lib/libmsg_interface__rosidl_typesupport_fastrtps_c.so
[6.694s] -- Set runtime path of "/home/hee/ros2_ws/install/msg_interface/lib/libmsg_interface__rosidl_typesupport_fastrtps_c.so" to ""
[6.694s] -- Up-to-date: /home/hee/ros2_ws/install/msg_interface/include/msg_interface/msg_interface
[6.694s] -- Up-to-date: /home/hee/ros2_ws/install/msg_interface/include/msg_interface/msg_interface/srv
[6.694s] -- Up-to-date: /home/hee/ros2_ws/install/msg_interface/include/msg_interface/msg_interface/srv/detail
[6.694s] -- Installing: /home/hee/ros2_ws/install/msg_interface/include/msg_interface/msg_interface/srv/detail/set_led__type_support.c
[6.695s] -- Installing: /home/hee/ros2_ws/install/msg_interface/include/msg_interface/msg_interface/srv/detail/set_led__rosidl_typesupport_introspection_c.h
[6.695s] -- Up-to-date: /home/hee/ros2_ws/install/msg_interface/include/msg_interface/msg_interface/msg
[6.695s] -- Up-to-date: /home/hee/ros2_ws/install/msg_interface/include/msg_interface/msg_interface/msg/detail
[6.695s] -- Installing: /home/hee/ros2_ws/install/msg_interface/include/msg_interface/msg_interface/msg/detail/hardware_status__rosidl_typesupport_introspection_c.h
[6.695s] -- Installing: /home/hee/ros2_ws/install/msg_interface/include/msg_interface/msg_interface/msg/detail/led_states__rosidl_typesupport_introspection_c.h
[6.695s] -- Installing: /home/hee/ros2_ws/install/msg_interface/include/msg_interface/msg_interface/msg/detail/hardware_status__type_support.c
[6.695s] -- Installing: /home/hee/ros2_ws/install/msg_interface/include/msg_interface/msg_interface/msg/detail/led_states__type_support.c
[6.695s] -- Up-to-date: /home/hee/ros2_ws/install/msg_interface/include/msg_interface/msg_interface/msg/rosidl_typesupport_introspection_c__visibility_control.h
[6.696s] -- Installing: /home/hee/ros2_ws/install/msg_interface/lib/libmsg_interface__rosidl_typesupport_introspection_c.so
[6.696s] -- Set runtime path of "/home/hee/ros2_ws/install/msg_interface/lib/libmsg_interface__rosidl_typesupport_introspection_c.so" to ""
[6.696s] -- Installing: /home/hee/ros2_ws/install/msg_interface/lib/libmsg_interface__rosidl_typesupport_c.so
[6.697s] -- Set runtime path of "/home/hee/ros2_ws/install/msg_interface/lib/libmsg_interface__rosidl_typesupport_c.so" to ""
[6.697s] -- Up-to-date: /home/hee/ros2_ws/install/msg_interface/include/msg_interface/msg_interface
[6.697s] -- Up-to-date: /home/hee/ros2_ws/install/msg_interface/include/msg_interface/msg_interface/srv
[6.697s] -- Installing: /home/hee/ros2_ws/install/msg_interface/include/msg_interface/msg_interface/srv/set_led.hpp
[6.697s] -- Up-to-date: /home/hee/ros2_ws/install/msg_interface/include/msg_interface/msg_interface/srv/detail
[6.698s] -- Installing: /home/hee/ros2_ws/install/msg_interface/include/msg_interface/msg_interface/srv/detail/set_led__traits.hpp
[6.698s] -- Installing: /home/hee/ros2_ws/install/msg_interface/include/msg_interface/msg_interface/srv/detail/set_led__struct.hpp
[6.698s] -- Installing: /home/hee/ros2_ws/install/msg_interface/include/msg_interface/msg_interface/srv/detail/set_led__builder.hpp
[6.698s] -- Up-to-date: /home/hee/ros2_ws/install/msg_interface/include/msg_interface/msg_interface/msg
[6.698s] -- Installing: /home/hee/ros2_ws/install/msg_interface/include/msg_interface/msg_interface/msg/led_states.hpp
[6.698s] -- Installing: /home/hee/ros2_ws/install/msg_interface/include/msg_interface/msg_interface/msg/hardware_status.hpp
[6.698s] -- Up-to-date: /home/hee/ros2_ws/install/msg_interface/include/msg_interface/msg_interface/msg/detail
[6.698s] -- Installing: /home/hee/ros2_ws/install/msg_interface/include/msg_interface/msg_interface/msg/detail/hardware_status__traits.hpp
[6.698s] -- Installing: /home/hee/ros2_ws/install/msg_interface/include/msg_interface/msg_interface/msg/detail/led_states__builder.hpp
[6.699s] -- Installing: /home/hee/ros2_ws/install/msg_interface/include/msg_interface/msg_interface/msg/detail/hardware_status__struct.hpp
[6.699s] -- Installing: /home/hee/ros2_ws/install/msg_interface/include/msg_interface/msg_interface/msg/detail/led_states__struct.hpp
[6.699s] -- Installing: /home/hee/ros2_ws/install/msg_interface/include/msg_interface/msg_interface/msg/detail/led_states__traits.hpp
[6.699s] -- Installing: /home/hee/ros2_ws/install/msg_interface/include/msg_interface/msg_interface/msg/detail/hardware_status__builder.hpp
[6.699s] -- Up-to-date: /home/hee/ros2_ws/install/msg_interface/include/msg_interface/msg_interface
[6.700s] -- Up-to-date: /home/hee/ros2_ws/install/msg_interface/include/msg_interface/msg_interface/srv
[6.700s] -- Up-to-date: /home/hee/ros2_ws/install/msg_interface/include/msg_interface/msg_interface/srv/detail
[6.700s] -- Up-to-date: /home/hee/ros2_ws/install/msg_interface/include/msg_interface/msg_interface/srv/detail/dds_fastrtps
[6.700s] -- Installing: /home/hee/ros2_ws/install/msg_interface/include/msg_interface/msg_interface/srv/detail/set_led__rosidl_typesupport_fastrtps_cpp.hpp
[6.700s] -- Up-to-date: /home/hee/ros2_ws/install/msg_interface/include/msg_interface/msg_interface/msg
[6.700s] -- Up-to-date: /home/hee/ros2_ws/install/msg_interface/include/msg_interface/msg_interface/msg/detail
[6.700s] -- Installing: /home/hee/ros2_ws/install/msg_interface/include/msg_interface/msg_interface/msg/detail/led_states__rosidl_typesupport_fastrtps_cpp.hpp
[6.700s] -- Up-to-date: /home/hee/ros2_ws/install/msg_interface/include/msg_interface/msg_interface/msg/detail/dds_fastrtps
[6.701s] -- Installing: /home/hee/ros2_ws/install/msg_interface/include/msg_interface/msg_interface/msg/detail/hardware_status__rosidl_typesupport_fastrtps_cpp.hpp
[6.701s] -- Up-to-date: /home/hee/ros2_ws/install/msg_interface/include/msg_interface/msg_interface/msg/rosidl_typesupport_fastrtps_cpp__visibility_control.h
[6.701s] -- Installing: /home/hee/ros2_ws/install/msg_interface/lib/libmsg_interface__rosidl_typesupport_fastrtps_cpp.so
[6.701s] -- Set runtime path of "/home/hee/ros2_ws/install/msg_interface/lib/libmsg_interface__rosidl_typesupport_fastrtps_cpp.so" to ""
[6.701s] -- Up-to-date: /home/hee/ros2_ws/install/msg_interface/include/msg_interface/msg_interface
[6.701s] -- Up-to-date: /home/hee/ros2_ws/install/msg_interface/include/msg_interface/msg_interface/srv
[6.702s] -- Up-to-date: /home/hee/ros2_ws/install/msg_interface/include/msg_interface/msg_interface/srv/detail
[6.702s] -- Installing: /home/hee/ros2_ws/install/msg_interface/include/msg_interface/msg_interface/srv/detail/set_led__rosidl_typesupport_introspection_cpp.hpp
[6.702s] -- Installing: /home/hee/ros2_ws/install/msg_interface/include/msg_interface/msg_interface/srv/detail/set_led__type_support.cpp
[6.702s] -- Up-to-date: /home/hee/ros2_ws/install/msg_interface/include/msg_interface/msg_interface/msg
[6.702s] -- Up-to-date: /home/hee/ros2_ws/install/msg_interface/include/msg_interface/msg_interface/msg/detail
[6.702s] -- Installing: /home/hee/ros2_ws/install/msg_interface/include/msg_interface/msg_interface/msg/detail/hardware_status__type_support.cpp
[6.702s] -- Installing: /home/hee/ros2_ws/install/msg_interface/include/msg_interface/msg_interface/msg/detail/led_states__rosidl_typesupport_introspection_cpp.hpp
[6.702s] -- Installing: /home/hee/ros2_ws/install/msg_interface/include/msg_interface/msg_interface/msg/detail/hardware_status__rosidl_typesupport_introspection_cpp.hpp
[6.702s] -- Installing: /home/hee/ros2_ws/install/msg_interface/include/msg_interface/msg_interface/msg/detail/led_states__type_support.cpp
[6.703s] -- Installing: /home/hee/ros2_ws/install/msg_interface/lib/libmsg_interface__rosidl_typesupport_introspection_cpp.so
[6.704s] -- Set runtime path of "/home/hee/ros2_ws/install/msg_interface/lib/libmsg_interface__rosidl_typesupport_introspection_cpp.so" to ""
[6.704s] -- Installing: /home/hee/ros2_ws/install/msg_interface/lib/libmsg_interface__rosidl_typesupport_cpp.so
[6.704s] -- Set runtime path of "/home/hee/ros2_ws/install/msg_interface/lib/libmsg_interface__rosidl_typesupport_cpp.so" to ""
[6.705s] -- Up-to-date: /home/hee/ros2_ws/install/msg_interface/share/msg_interface/environment/pythonpath.sh
[6.705s] -- Installing: /home/hee/ros2_ws/install/msg_interface/share/msg_interface/environment/pythonpath.dsv
[6.705s] -- Up-to-date: /home/hee/ros2_ws/install/msg_interface/local/lib/python3.10/dist-packages/msg_interface-0.0.0-py3.10.egg-info
[6.705s] -- Installing: /home/hee/ros2_ws/install/msg_interface/local/lib/python3.10/dist-packages/msg_interface-0.0.0-py3.10.egg-info/dependency_links.txt
[6.705s] -- Installing: /home/hee/ros2_ws/install/msg_interface/local/lib/python3.10/dist-packages/msg_interface-0.0.0-py3.10.egg-info/PKG-INFO
[6.706s] -- Installing: /home/hee/ros2_ws/install/msg_interface/local/lib/python3.10/dist-packages/msg_interface-0.0.0-py3.10.egg-info/SOURCES.txt
[6.706s] -- Installing: /home/hee/ros2_ws/install/msg_interface/local/lib/python3.10/dist-packages/msg_interface-0.0.0-py3.10.egg-info/top_level.txt
[6.706s] -- Up-to-date: /home/hee/ros2_ws/install/msg_interface/local/lib/python3.10/dist-packages/msg_interface
[6.706s] -- Installing: /home/hee/ros2_ws/install/msg_interface/local/lib/python3.10/dist-packages/msg_interface/msg_interface_s__rosidl_typesupport_fastrtps_c.cpython-310-x86_64-linux-gnu.so
[6.706s] -- Installing: /home/hee/ros2_ws/install/msg_interface/local/lib/python3.10/dist-packages/msg_interface/libmsg_interface__rosidl_generator_py.so
[6.707s] -- Installing: /home/hee/ros2_ws/install/msg_interface/local/lib/python3.10/dist-packages/msg_interface/_msg_interface_s.ep.rosidl_typesupport_introspection_c.c
[6.707s] -- Installing: /home/hee/ros2_ws/install/msg_interface/local/lib/python3.10/dist-packages/msg_interface/__init__.py
[6.707s] -- Up-to-date: /home/hee/ros2_ws/install/msg_interface/local/lib/python3.10/dist-packages/msg_interface/srv
[6.707s] -- Installing: /home/hee/ros2_ws/install/msg_interface/local/lib/python3.10/dist-packages/msg_interface/srv/_set_led_s.c
[6.707s] -- Installing: /home/hee/ros2_ws/install/msg_interface/local/lib/python3.10/dist-packages/msg_interface/srv/__init__.py
[6.708s] -- Installing: /home/hee/ros2_ws/install/msg_interface/local/lib/python3.10/dist-packages/msg_interface/srv/_set_led.py
[6.708s] -- Installing: /home/hee/ros2_ws/install/msg_interface/local/lib/python3.10/dist-packages/msg_interface/msg_interface_s__rosidl_typesupport_introspection_c.cpython-310-x86_64-linux-gnu.so
[6.708s] -- Up-to-date: /home/hee/ros2_ws/install/msg_interface/local/lib/python3.10/dist-packages/msg_interface/msg
[6.708s] -- Installing: /home/hee/ros2_ws/install/msg_interface/local/lib/python3.10/dist-packages/msg_interface/msg/_hardware_status.py
[6.708s] -- Installing: /home/hee/ros2_ws/install/msg_interface/local/lib/python3.10/dist-packages/msg_interface/msg/_led_states.py
[6.708s] -- Installing: /home/hee/ros2_ws/install/msg_interface/local/lib/python3.10/dist-packages/msg_interface/msg/_hardware_status_s.c
[6.709s] -- Installing: /home/hee/ros2_ws/install/msg_interface/local/lib/python3.10/dist-packages/msg_interface/msg/__init__.py
[6.709s] -- Installing: /home/hee/ros2_ws/install/msg_interface/local/lib/python3.10/dist-packages/msg_interface/msg/_led_states_s.c
[6.709s] -- Installing: /home/hee/ros2_ws/install/msg_interface/local/lib/python3.10/dist-packages/msg_interface/_msg_interface_s.ep.rosidl_typesupport_c.c
[6.709s] -- Installing: /home/hee/ros2_ws/install/msg_interface/local/lib/python3.10/dist-packages/msg_interface/msg_interface_s__rosidl_typesupport_c.cpython-310-x86_64-linux-gnu.so
[6.709s] -- Installing: /home/hee/ros2_ws/install/msg_interface/local/lib/python3.10/dist-packages/msg_interface/_msg_interface_s.ep.rosidl_typesupport_fastrtps_c.c
[6.766s] Listing '/home/hee/ros2_ws/install/msg_interface/local/lib/python3.10/dist-packages/msg_interface'...
[6.766s] Compiling '/home/hee/ros2_ws/install/msg_interface/local/lib/python3.10/dist-packages/msg_interface/__init__.py'...
[6.766s] Listing '/home/hee/ros2_ws/install/msg_interface/local/lib/python3.10/dist-packages/msg_interface/msg'...
[6.766s] Compiling '/home/hee/ros2_ws/install/msg_interface/local/lib/python3.10/dist-packages/msg_interface/msg/__init__.py'...
[6.766s] Compiling '/home/hee/ros2_ws/install/msg_interface/local/lib/python3.10/dist-packages/msg_interface/msg/_hardware_status.py'...
[6.767s] Compiling '/home/hee/ros2_ws/install/msg_interface/local/lib/python3.10/dist-packages/msg_interface/msg/_led_states.py'...
[6.767s] Listing '/home/hee/ros2_ws/install/msg_interface/local/lib/python3.10/dist-packages/msg_interface/srv'...
[6.767s] Compiling '/home/hee/ros2_ws/install/msg_interface/local/lib/python3.10/dist-packages/msg_interface/srv/__init__.py'...
[6.767s] Compiling '/home/hee/ros2_ws/install/msg_interface/local/lib/python3.10/dist-packages/msg_interface/srv/_set_led.py'...
[6.772s] -- Installing: /home/hee/ros2_ws/install/msg_interface/local/lib/python3.10/dist-packages/msg_interface/msg_interface_s__rosidl_typesupport_fastrtps_c.cpython-310-x86_64-linux-gnu.so
[6.773s] -- Set runtime path of "/home/hee/ros2_ws/install/msg_interface/local/lib/python3.10/dist-packages/msg_interface/msg_interface_s__rosidl_typesupport_fastrtps_c.cpython-310-x86_64-linux-gnu.so" to ""
[6.774s] -- Installing: /home/hee/ros2_ws/install/msg_interface/local/lib/python3.10/dist-packages/msg_interface/msg_interface_s__rosidl_typesupport_introspection_c.cpython-310-x86_64-linux-gnu.so
[6.775s] -- Set runtime path of "/home/hee/ros2_ws/install/msg_interface/local/lib/python3.10/dist-packages/msg_interface/msg_interface_s__rosidl_typesupport_introspection_c.cpython-310-x86_64-linux-gnu.so" to ""
[6.775s] -- Installing: /home/hee/ros2_ws/install/msg_interface/local/lib/python3.10/dist-packages/msg_interface/msg_interface_s__rosidl_typesupport_c.cpython-310-x86_64-linux-gnu.so
[6.776s] -- Set runtime path of "/home/hee/ros2_ws/install/msg_interface/local/lib/python3.10/dist-packages/msg_interface/msg_interface_s__rosidl_typesupport_c.cpython-310-x86_64-linux-gnu.so" to ""
[6.776s] -- Installing: /home/hee/ros2_ws/install/msg_interface/lib/libmsg_interface__rosidl_generator_py.so
[6.777s] -- Set runtime path of "/home/hee/ros2_ws/install/msg_interface/lib/libmsg_interface__rosidl_generator_py.so" to ""
[6.777s] -- Up-to-date: /home/hee/ros2_ws/install/msg_interface/share/msg_interface/msg/HardwareStatus.idl
[6.777s] -- Installing: /home/hee/ros2_ws/install/msg_interface/share/msg_interface/msg/LedStates.idl
[6.778s] -- Up-to-date: /home/hee/ros2_ws/install/msg_interface/share/msg_interface/srv/SetLed.idl
[6.778s] -- Up-to-date: /home/hee/ros2_ws/install/msg_interface/share/msg_interface/msg/HardwareStatus.msg
[6.778s] -- Installing: /home/hee/ros2_ws/install/msg_interface/share/msg_interface/msg/LedStates.msg
[6.778s] -- Up-to-date: /home/hee/ros2_ws/install/msg_interface/share/msg_interface/msg/SetLed.srv
[6.779s] -- Up-to-date: /home/hee/ros2_ws/install/msg_interface/share/msg_interface/msg/SetLed_Request.msg
[6.779s] -- Up-to-date: /home/hee/ros2_ws/install/msg_interface/share/msg_interface/msg/SetLed_Response.msg
[6.779s] -- Up-to-date: /home/hee/ros2_ws/install/msg_interface/share/ament_index/resource_index/package_run_dependencies/msg_interface
[6.779s] -- Up-to-date: /home/hee/ros2_ws/install/msg_interface/share/ament_index/resource_index/parent_prefix_path/msg_interface
[6.780s] -- Up-to-date: /home/hee/ros2_ws/install/msg_interface/share/msg_interface/environment/ament_prefix_path.sh
[6.780s] -- Installing: /home/hee/ros2_ws/install/msg_interface/share/msg_interface/environment/ament_prefix_path.dsv
[6.780s] -- Up-to-date: /home/hee/ros2_ws/install/msg_interface/share/msg_interface/environment/path.sh
[6.780s] -- Installing: /home/hee/ros2_ws/install/msg_interface/share/msg_interface/environment/path.dsv
[6.781s] -- Up-to-date: /home/hee/ros2_ws/install/msg_interface/share/msg_interface/local_setup.bash
[6.781s] -- Up-to-date: /home/hee/ros2_ws/install/msg_interface/share/msg_interface/local_setup.sh
[6.781s] -- Up-to-date: /home/hee/ros2_ws/install/msg_interface/share/msg_interface/local_setup.zsh
[6.781s] -- Installing: /home/hee/ros2_ws/install/msg_interface/share/msg_interface/local_setup.dsv
[6.782s] -- Installing: /home/hee/ros2_ws/install/msg_interface/share/msg_interface/package.dsv
[6.782s] -- Up-to-date: /home/hee/ros2_ws/install/msg_interface/share/ament_index/resource_index/packages/msg_interface
[6.782s] -- Up-to-date: /home/hee/ros2_ws/install/msg_interface/share/msg_interface/cmake/export_msg_interface__rosidl_generator_cExport.cmake
[6.782s] -- Up-to-date: /home/hee/ros2_ws/install/msg_interface/share/msg_interface/cmake/export_msg_interface__rosidl_generator_cExport-noconfig.cmake
[6.783s] -- Up-to-date: /home/hee/ros2_ws/install/msg_interface/share/msg_interface/cmake/export_msg_interface__rosidl_typesupport_fastrtps_cExport.cmake
[6.783s] -- Up-to-date: /home/hee/ros2_ws/install/msg_interface/share/msg_interface/cmake/export_msg_interface__rosidl_typesupport_fastrtps_cExport-noconfig.cmake
[6.783s] -- Up-to-date: /home/hee/ros2_ws/install/msg_interface/share/msg_interface/cmake/msg_interface__rosidl_typesupport_introspection_cExport.cmake
[6.783s] -- Up-to-date: /home/hee/ros2_ws/install/msg_interface/share/msg_interface/cmake/msg_interface__rosidl_typesupport_introspection_cExport-noconfig.cmake
[6.784s] -- Up-to-date: /home/hee/ros2_ws/install/msg_interface/share/msg_interface/cmake/msg_interface__rosidl_typesupport_cExport.cmake
[6.784s] -- Up-to-date: /home/hee/ros2_ws/install/msg_interface/share/msg_interface/cmake/msg_interface__rosidl_typesupport_cExport-noconfig.cmake
[6.784s] -- Up-to-date: /home/hee/ros2_ws/install/msg_interface/share/msg_interface/cmake/export_msg_interface__rosidl_generator_cppExport.cmake
[6.784s] -- Up-to-date: /home/hee/ros2_ws/install/msg_interface/share/msg_interface/cmake/export_msg_interface__rosidl_typesupport_fastrtps_cppExport.cmake
[6.784s] -- Up-to-date: /home/hee/ros2_ws/install/msg_interface/share/msg_interface/cmake/export_msg_interface__rosidl_typesupport_fastrtps_cppExport-noconfig.cmake
[6.785s] -- Up-to-date: /home/hee/ros2_ws/install/msg_interface/share/msg_interface/cmake/msg_interface__rosidl_typesupport_introspection_cppExport.cmake
[6.785s] -- Up-to-date: /home/hee/ros2_ws/install/msg_interface/share/msg_interface/cmake/msg_interface__rosidl_typesupport_introspection_cppExport-noconfig.cmake
[6.785s] -- Up-to-date: /home/hee/ros2_ws/install/msg_interface/share/msg_interface/cmake/msg_interface__rosidl_typesupport_cppExport.cmake
[6.785s] -- Up-to-date: /home/hee/ros2_ws/install/msg_interface/share/msg_interface/cmake/msg_interface__rosidl_typesupport_cppExport-noconfig.cmake
[6.785s] -- Up-to-date: /home/hee/ros2_ws/install/msg_interface/share/msg_interface/cmake/export_msg_interface__rosidl_generator_pyExport.cmake
[6.786s] -- Up-to-date: /home/hee/ros2_ws/install/msg_interface/share/msg_interface/cmake/export_msg_interface__rosidl_generator_pyExport-noconfig.cmake
[6.786s] -- Up-to-date: /home/hee/ros2_ws/install/msg_interface/share/msg_interface/cmake/rosidl_cmake-extras.cmake
[6.786s] -- Up-to-date: /home/hee/ros2_ws/install/msg_interface/share/msg_interface/cmake/ament_cmake_export_include_directories-extras.cmake
[6.786s] -- Up-to-date: /home/hee/ros2_ws/install/msg_interface/share/msg_interface/cmake/ament_cmake_export_libraries-extras.cmake
[6.786s] -- Up-to-date: /home/hee/ros2_ws/install/msg_interface/share/msg_interface/cmake/ament_cmake_export_targets-extras.cmake
[6.787s] -- Up-to-date: /home/hee/ros2_ws/install/msg_interface/share/msg_interface/cmake/rosidl_cmake_export_typesupport_targets-extras.cmake
[6.787s] -- Up-to-date: /home/hee/ros2_ws/install/msg_interface/share/msg_interface/cmake/ament_cmake_export_dependencies-extras.cmake
[6.787s] -- Up-to-date: /home/hee/ros2_ws/install/msg_interface/share/msg_interface/cmake/rosidl_cmake_export_typesupport_libraries-extras.cmake
[6.788s] -- Up-to-date: /home/hee/ros2_ws/install/msg_interface/share/msg_interface/cmake/msg_interfaceConfig.cmake
[6.788s] -- Up-to-date: /home/hee/ros2_ws/install/msg_interface/share/msg_interface/cmake/msg_interfaceConfig-version.cmake
[6.789s] -- Up-to-date: /home/hee/ros2_ws/install/msg_interface/share/msg_interface/package.xml
[6.789s] Invoked command in '/home/hee/ros2_ws/build/msg_interface' returned '0': CMAKE_PREFIX_PATH=${CMAKE_PREFIX_PATH}:/home/hee/ros2_ws/install/service:/home/hee/ros2_ws/install/robot_controller:/home/hee/ros2_ws/install/activity_002:/home/hee/ros2_ws/install/Activity_002:/opt/ros/humble /usr/bin/cmake --install /home/hee/ros2_ws/build/msg_interface
