[2.075s] Invoking command in '/home/hee/ros2_ws/src/activity_002': PYTHONPATH=/home/hee/ros2_ws/src/build/activity_002/prefix_override:/home/hee/ros2_ws/src/install/activity_002/lib/python3.10/site-packages:${PYTHONPATH} /usr/bin/python3 setup.py egg_info --egg-base ../build/activity_002 build --build-base /home/hee/ros2_ws/src/build/activity_002/build install --record /home/hee/ros2_ws/src/build/activity_002/install.log --single-version-externally-managed
[2.475s] running egg_info
[2.476s] writing ../build/activity_002/activity_002.egg-info/PKG-INFO
[2.476s] writing dependency_links to ../build/activity_002/activity_002.egg-info/dependency_links.txt
[2.477s] writing entry points to ../build/activity_002/activity_002.egg-info/entry_points.txt
[2.477s] writing requirements to ../build/activity_002/activity_002.egg-info/requires.txt
[2.477s] writing top-level names to ../build/activity_002/activity_002.egg-info/top_level.txt
[2.480s] reading manifest file '../build/activity_002/activity_002.egg-info/SOURCES.txt'
[2.481s] writing manifest file '../build/activity_002/activity_002.egg-info/SOURCES.txt'
[2.481s] running build
[2.482s] running build_py
[2.482s] running install
[2.482s] running install_lib
[2.484s] running install_data
[2.485s] running install_egg_info
[2.487s] removing '/home/hee/ros2_ws/src/install/activity_002/lib/python3.10/site-packages/activity_002-0.0.0-py3.10.egg-info' (and everything under it)
[2.488s] Copying ../build/activity_002/activity_002.egg-info to /home/hee/ros2_ws/src/install/activity_002/lib/python3.10/site-packages/activity_002-0.0.0-py3.10.egg-info
[2.489s] running install_scripts
[2.520s] writing list of installed files to '/home/hee/ros2_ws/src/build/activity_002/install.log'
[2.646s] Invoked command in '/home/hee/ros2_ws/src/activity_002' returned '0': PYTHONPATH=/home/hee/ros2_ws/src/build/activity_002/prefix_override:/home/hee/ros2_ws/src/install/activity_002/lib/python3.10/site-packages:${PYTHONPATH} /usr/bin/python3 setup.py egg_info --egg-base ../build/activity_002 build --build-base /home/hee/ros2_ws/src/build/activity_002/build install --record /home/hee/ros2_ws/src/build/activity_002/install.log --single-version-externally-managed
