[1.823s] Invoking command in '/home/hee/ros2_ws/src/build/activity_002': PYTHONPATH=/home/hee/ros2_ws/src/build/activity_002/prefix_override:/home/hee/ros2_ws/src/install/activity_002/lib/python3.10/site-packages:${PYTHONPATH} /usr/bin/python3 setup.py develop --uninstall --editable --build-directory /home/hee/ros2_ws/src/build/activity_002/build
[2.233s] running develop
[2.234s] /usr/lib/python3/dist-packages/setuptools/command/easy_install.py:158: EasyInstallDeprecationWarning: easy_install command is deprecated. Use build and pip and other standards-based tools.
[2.234s]   warnings.warn(
[2.236s] /usr/lib/python3/dist-packages/setuptools/command/install.py:34: SetuptoolsDeprecationWarning: setup.py install is deprecated. Use build and pip and other standards-based tools.
[2.236s]   warnings.warn(
[2.495s] Removing /home/hee/ros2_ws/src/install/activity_002/lib/python3.10/site-packages/activity-002.egg-link (link to .)
[2.531s] Invoked command in '/home/hee/ros2_ws/src/build/activity_002' returned '0': PYTHONPATH=/home/hee/ros2_ws/src/build/activity_002/prefix_override:/home/hee/ros2_ws/src/install/activity_002/lib/python3.10/site-packages:${PYTHONPATH} /usr/bin/python3 setup.py develop --uninstall --editable --build-directory /home/hee/ros2_ws/src/build/activity_002/build
[2.532s] Invoking command in '/home/hee/ros2_ws/src/activity_002': PYTHONPATH=/home/hee/ros2_ws/src/build/activity_002/prefix_override:/home/hee/ros2_ws/src/install/activity_002/lib/python3.10/site-packages:${PYTHONPATH} /usr/bin/python3 setup.py egg_info --egg-base ../build/activity_002 build --build-base /home/hee/ros2_ws/src/build/activity_002/build install --record /home/hee/ros2_ws/src/build/activity_002/install.log --single-version-externally-managed
[2.900s] running egg_info
[2.901s] writing ../build/activity_002/activity_002.egg-info/PKG-INFO
[2.902s] writing dependency_links to ../build/activity_002/activity_002.egg-info/dependency_links.txt
[2.902s] writing entry points to ../build/activity_002/activity_002.egg-info/entry_points.txt
[2.902s] writing requirements to ../build/activity_002/activity_002.egg-info/requires.txt
[2.902s] writing top-level names to ../build/activity_002/activity_002.egg-info/top_level.txt
[2.905s] reading manifest file '../build/activity_002/activity_002.egg-info/SOURCES.txt'
[2.906s] writing manifest file '../build/activity_002/activity_002.egg-info/SOURCES.txt'
[2.906s] running build
[2.907s] running build_py
[2.907s] copying activity_002/__init__.py -> /home/hee/ros2_ws/src/build/activity_002/build/lib/activity_002
[2.907s] running install
[2.908s] /usr/lib/python3/dist-packages/setuptools/command/install.py:34: SetuptoolsDeprecationWarning: setup.py install is deprecated. Use build and pip and other standards-based tools.
[2.908s]   warnings.warn(
[2.908s] running install_lib
[2.909s] creating /home/hee/ros2_ws/src/install/activity_002/lib/python3.10/site-packages/activity_002
[2.909s] copying /home/hee/ros2_ws/src/build/activity_002/build/lib/activity_002/__init__.py -> /home/hee/ros2_ws/src/install/activity_002/lib/python3.10/site-packages/activity_002
[2.910s] byte-compiling /home/hee/ros2_ws/src/install/activity_002/lib/python3.10/site-packages/activity_002/__init__.py to __init__.cpython-310.pyc
[2.910s] running install_data
[2.911s] copying resource/activity_002 -> /home/hee/ros2_ws/src/install/activity_002/share/ament_index/resource_index/packages
[2.912s] copying package.xml -> /home/hee/ros2_ws/src/install/activity_002/share/activity_002
[2.912s] running install_egg_info
[2.914s] Copying ../build/activity_002/activity_002.egg-info to /home/hee/ros2_ws/src/install/activity_002/lib/python3.10/site-packages/activity_002-0.0.0-py3.10.egg-info
[2.916s] running install_scripts
[2.950s] writing list of installed files to '/home/hee/ros2_ws/src/build/activity_002/install.log'
[2.981s] Invoked command in '/home/hee/ros2_ws/src/activity_002' returned '0': PYTHONPATH=/home/hee/ros2_ws/src/build/activity_002/prefix_override:/home/hee/ros2_ws/src/install/activity_002/lib/python3.10/site-packages:${PYTHONPATH} /usr/bin/python3 setup.py egg_info --egg-base ../build/activity_002 build --build-base /home/hee/ros2_ws/src/build/activity_002/build install --record /home/hee/ros2_ws/src/build/activity_002/install.log --single-version-externally-managed
