running egg_info
creating ../../build/activity_002/activity_002.egg-info
writing ../../build/activity_002/activity_002.egg-info/PKG-INFO
writing dependency_links to ../../build/activity_002/activity_002.egg-info/dependency_links.txt
writing entry points to ../../build/activity_002/activity_002.egg-info/entry_points.txt
writing requirements to ../../build/activity_002/activity_002.egg-info/requires.txt
writing top-level names to ../../build/activity_002/activity_002.egg-info/top_level.txt
writing manifest file '../../build/activity_002/activity_002.egg-info/SOURCES.txt'
reading manifest file '../../build/activity_002/activity_002.egg-info/SOURCES.txt'
writing manifest file '../../build/activity_002/activity_002.egg-info/SOURCES.txt'
running build
running build_py
creating /home/hee/ros2_ws/build/activity_002/build
creating /home/hee/ros2_ws/build/activity_002/build/lib
creating /home/hee/ros2_ws/build/activity_002/build/lib/activity_002
copying activity_002/num_count.py -> /home/hee/ros2_ws/build/activity_002/build/lib/activity_002
copying activity_002/num_pub.py -> /home/hee/ros2_ws/build/activity_002/build/lib/activity_002
copying activity_002/__init__.py -> /home/hee/ros2_ws/build/activity_002/build/lib/activity_002
running install
running install_lib
creating /home/hee/ros2_ws/install/activity_002/lib/python3.10/site-packages/activity_002
copying /home/hee/ros2_ws/build/activity_002/build/lib/activity_002/num_count.py -> /home/hee/ros2_ws/install/activity_002/lib/python3.10/site-packages/activity_002
copying /home/hee/ros2_ws/build/activity_002/build/lib/activity_002/num_pub.py -> /home/hee/ros2_ws/install/activity_002/lib/python3.10/site-packages/activity_002
copying /home/hee/ros2_ws/build/activity_002/build/lib/activity_002/__init__.py -> /home/hee/ros2_ws/install/activity_002/lib/python3.10/site-packages/activity_002
byte-compiling /home/hee/ros2_ws/install/activity_002/lib/python3.10/site-packages/activity_002/num_count.py to num_count.cpython-310.pyc
byte-compiling /home/hee/ros2_ws/install/activity_002/lib/python3.10/site-packages/activity_002/num_pub.py to num_pub.cpython-310.pyc
byte-compiling /home/hee/ros2_ws/install/activity_002/lib/python3.10/site-packages/activity_002/__init__.py to __init__.cpython-310.pyc
running install_data
creating /home/hee/ros2_ws/install/activity_002/share/ament_index
creating /home/hee/ros2_ws/install/activity_002/share/ament_index/resource_index
creating /home/hee/ros2_ws/install/activity_002/share/ament_index/resource_index/packages
copying resource/activity_002 -> /home/hee/ros2_ws/install/activity_002/share/ament_index/resource_index/packages
copying package.xml -> /home/hee/ros2_ws/install/activity_002/share/activity_002
running install_egg_info
Copying ../../build/activity_002/activity_002.egg-info to /home/hee/ros2_ws/install/activity_002/lib/python3.10/site-packages/activity_002-0.0.0-py3.10.egg-info
running install_scripts
Installing num_count script to /home/hee/ros2_ws/install/activity_002/lib/activity_002
Installing num_pub script to /home/hee/ros2_ws/install/activity_002/lib/activity_002
writing list of installed files to '/home/hee/ros2_ws/build/activity_002/install.log'
