[1.148s] Invoking command in '/home/hee/ros2_ws/src/activity_002': PYTHONPATH=/home/hee/ros2_ws/build/activity_002/prefix_override:/home/hee/ros2_ws/install/activity_002/lib/python3.10/site-packages:${PYTHONPATH} /usr/bin/python3 setup.py egg_info --egg-base ../../build/activity_002 build --build-base /home/hee/ros2_ws/build/activity_002/build install --record /home/hee/ros2_ws/build/activity_002/install.log --single-version-externally-managed
[1.533s] running egg_info
[1.534s] creating ../../build/activity_002/activity_002.egg-info
[1.534s] writing ../../build/activity_002/activity_002.egg-info/PKG-INFO
[1.534s] writing dependency_links to ../../build/activity_002/activity_002.egg-info/dependency_links.txt
[1.534s] writing entry points to ../../build/activity_002/activity_002.egg-info/entry_points.txt
[1.535s] writing requirements to ../../build/activity_002/activity_002.egg-info/requires.txt
[1.535s] writing top-level names to ../../build/activity_002/activity_002.egg-info/top_level.txt
[1.535s] writing manifest file '../../build/activity_002/activity_002.egg-info/SOURCES.txt'
[1.537s] reading manifest file '../../build/activity_002/activity_002.egg-info/SOURCES.txt'
[1.538s] writing manifest file '../../build/activity_002/activity_002.egg-info/SOURCES.txt'
[1.538s] running build
[1.539s] running build_py
[1.539s] creating /home/hee/ros2_ws/build/activity_002/build
[1.539s] creating /home/hee/ros2_ws/build/activity_002/build/lib
[1.539s] creating /home/hee/ros2_ws/build/activity_002/build/lib/activity_002
[1.539s] copying activity_002/num_count.py -> /home/hee/ros2_ws/build/activity_002/build/lib/activity_002
[1.539s] copying activity_002/num_pub.py -> /home/hee/ros2_ws/build/activity_002/build/lib/activity_002
[1.540s] copying activity_002/__init__.py -> /home/hee/ros2_ws/build/activity_002/build/lib/activity_002
[1.540s] running install
[1.540s] running install_lib
[1.541s] creating /home/hee/ros2_ws/install/activity_002/lib/python3.10/site-packages/activity_002
[1.541s] copying /home/hee/ros2_ws/build/activity_002/build/lib/activity_002/num_count.py -> /home/hee/ros2_ws/install/activity_002/lib/python3.10/site-packages/activity_002
[1.542s] copying /home/hee/ros2_ws/build/activity_002/build/lib/activity_002/num_pub.py -> /home/hee/ros2_ws/install/activity_002/lib/python3.10/site-packages/activity_002
[1.542s] copying /home/hee/ros2_ws/build/activity_002/build/lib/activity_002/__init__.py -> /home/hee/ros2_ws/install/activity_002/lib/python3.10/site-packages/activity_002
[1.543s] byte-compiling /home/hee/ros2_ws/install/activity_002/lib/python3.10/site-packages/activity_002/num_count.py to num_count.cpython-310.pyc
[1.543s] byte-compiling /home/hee/ros2_ws/install/activity_002/lib/python3.10/site-packages/activity_002/num_pub.py to num_pub.cpython-310.pyc
[1.544s] byte-compiling /home/hee/ros2_ws/install/activity_002/lib/python3.10/site-packages/activity_002/__init__.py to __init__.cpython-310.pyc
[1.544s] running install_data
[1.545s] creating /home/hee/ros2_ws/install/activity_002/share/ament_index
[1.545s] creating /home/hee/ros2_ws/install/activity_002/share/ament_index/resource_index
[1.545s] creating /home/hee/ros2_ws/install/activity_002/share/ament_index/resource_index/packages
[1.545s] copying resource/activity_002 -> /home/hee/ros2_ws/install/activity_002/share/ament_index/resource_index/packages
[1.545s] copying package.xml -> /home/hee/ros2_ws/install/activity_002/share/activity_002
[1.545s] running install_egg_info
[1.548s] Copying ../../build/activity_002/activity_002.egg-info to /home/hee/ros2_ws/install/activity_002/lib/python3.10/site-packages/activity_002-0.0.0-py3.10.egg-info
[1.549s] running install_scripts
[1.578s] Installing num_count script to /home/hee/ros2_ws/install/activity_002/lib/activity_002
[1.578s] Installing num_pub script to /home/hee/ros2_ws/install/activity_002/lib/activity_002
[1.579s] writing list of installed files to '/home/hee/ros2_ws/build/activity_002/install.log'
[1.608s] Invoked command in '/home/hee/ros2_ws/src/activity_002' returned '0': PYTHONPATH=/home/hee/ros2_ws/build/activity_002/prefix_override:/home/hee/ros2_ws/install/activity_002/lib/python3.10/site-packages:${PYTHONPATH} /usr/bin/python3 setup.py egg_info --egg-base ../../build/activity_002 build --build-base /home/hee/ros2_ws/build/activity_002/build install --record /home/hee/ros2_ws/build/activity_002/install.log --single-version-externally-managed
