[0.834s] Invoking command in '/home/hee/ros2_ws/src/robot_controller': PYTHONPATH=/home/hee/ros2_ws/build/robot_controller/prefix_override:/home/hee/ros2_ws/install/robot_controller/lib/python3.10/site-packages:${PYTHONPATH} /usr/bin/python3 setup.py egg_info --egg-base ../../build/robot_controller build --build-base /home/hee/ros2_ws/build/robot_controller/build install --record /home/hee/ros2_ws/build/robot_controller/install.log --single-version-externally-managed
[1.151s] running egg_info
[1.152s] creating ../../build/robot_controller/robot_controller.egg-info
[1.152s] writing ../../build/robot_controller/robot_controller.egg-info/PKG-INFO
[1.152s] writing dependency_links to ../../build/robot_controller/robot_controller.egg-info/dependency_links.txt
[1.152s] writing entry points to ../../build/robot_controller/robot_controller.egg-info/entry_points.txt
[1.152s] writing requirements to ../../build/robot_controller/robot_controller.egg-info/requires.txt
[1.153s] writing top-level names to ../../build/robot_controller/robot_controller.egg-info/top_level.txt
[1.153s] writing manifest file '../../build/robot_controller/robot_controller.egg-info/SOURCES.txt'
[1.155s] reading manifest file '../../build/robot_controller/robot_controller.egg-info/SOURCES.txt'
[1.156s] writing manifest file '../../build/robot_controller/robot_controller.egg-info/SOURCES.txt'
[1.156s] running build
[1.156s] running build_py
[1.157s] creating /home/hee/ros2_ws/build/robot_controller/build
[1.157s] creating /home/hee/ros2_ws/build/robot_controller/build/lib
[1.157s] creating /home/hee/ros2_ws/build/robot_controller/build/lib/robot_controller
[1.157s] copying robot_controller/__init__.py -> /home/hee/ros2_ws/build/robot_controller/build/lib/robot_controller
[1.157s] running install
[1.157s] /usr/lib/python3/dist-packages/setuptools/command/install.py:34: SetuptoolsDeprecationWarning: setup.py install is deprecated. Use build and pip and other standards-based tools.
[1.157s]   warnings.warn(
[1.157s] running install_lib
[1.158s] creating /home/hee/ros2_ws/install/robot_controller/lib/python3.10/site-packages/robot_controller
[1.158s] copying /home/hee/ros2_ws/build/robot_controller/build/lib/robot_controller/__init__.py -> /home/hee/ros2_ws/install/robot_controller/lib/python3.10/site-packages/robot_controller
[1.158s] byte-compiling /home/hee/ros2_ws/install/robot_controller/lib/python3.10/site-packages/robot_controller/__init__.py to __init__.cpython-310.pyc
[1.158s] running install_data
[1.159s] creating /home/hee/ros2_ws/install/robot_controller/share/ament_index
[1.159s] creating /home/hee/ros2_ws/install/robot_controller/share/ament_index/resource_index
[1.159s] creating /home/hee/ros2_ws/install/robot_controller/share/ament_index/resource_index/packages
[1.159s] copying resource/robot_controller -> /home/hee/ros2_ws/install/robot_controller/share/ament_index/resource_index/packages
[1.159s] copying package.xml -> /home/hee/ros2_ws/install/robot_controller/share/robot_controller
[1.159s] running install_egg_info
[1.161s] Copying ../../build/robot_controller/robot_controller.egg-info to /home/hee/ros2_ws/install/robot_controller/lib/python3.10/site-packages/robot_controller-0.0.0-py3.10.egg-info
[1.162s] running install_scripts
[1.183s] writing list of installed files to '/home/hee/ros2_ws/build/robot_controller/install.log'
[1.215s] Invoked command in '/home/hee/ros2_ws/src/robot_controller' returned '0': PYTHONPATH=/home/hee/ros2_ws/build/robot_controller/prefix_override:/home/hee/ros2_ws/install/robot_controller/lib/python3.10/site-packages:${PYTHONPATH} /usr/bin/python3 setup.py egg_info --egg-base ../../build/robot_controller build --build-base /home/hee/ros2_ws/build/robot_controller/build install --record /home/hee/ros2_ws/build/robot_controller/install.log --single-version-externally-managed
