[1.185s] Invoking command in '/home/hee/ros2_ws/src/activity_002': PYTHONPATH=/home/hee/ros2_ws/build/activity_002/prefix_override:/home/hee/ros2_ws/install/activity_002/lib/python3.10/site-packages:${PYTHONPATH} /usr/bin/python3 setup.py egg_info --egg-base ../../build/activity_002 build --build-base /home/hee/ros2_ws/build/activity_002/build install --record /home/hee/ros2_ws/build/activity_002/install.log --single-version-externally-managed
[1.570s] running egg_info
[1.571s] writing ../../build/activity_002/activity_002.egg-info/PKG-INFO
[1.571s] writing dependency_links to ../../build/activity_002/activity_002.egg-info/dependency_links.txt
[1.571s] writing entry points to ../../build/activity_002/activity_002.egg-info/entry_points.txt
[1.572s] writing requirements to ../../build/activity_002/activity_002.egg-info/requires.txt
[1.572s] writing top-level names to ../../build/activity_002/activity_002.egg-info/top_level.txt
[1.574s] reading manifest file '../../build/activity_002/activity_002.egg-info/SOURCES.txt'
[1.575s] writing manifest file '../../build/activity_002/activity_002.egg-info/SOURCES.txt'
[1.575s] running build
[1.575s] running build_py
[1.576s] copying activity_002/battery_node.py -> /home/hee/ros2_ws/build/activity_002/build/lib/activity_002
[1.576s] running install
[1.576s] running install_lib
[1.577s] copying /home/hee/ros2_ws/build/activity_002/build/lib/activity_002/battery_node.py -> /home/hee/ros2_ws/install/activity_002/lib/python3.10/site-packages/activity_002
[1.578s] byte-compiling /home/hee/ros2_ws/install/activity_002/lib/python3.10/site-packages/activity_002/battery_node.py to battery_node.cpython-310.pyc
[1.579s] running install_data
[1.580s] running install_egg_info
[1.583s] removing '/home/hee/ros2_ws/install/activity_002/lib/python3.10/site-packages/activity_002-0.0.0-py3.10.egg-info' (and everything under it)
[1.583s] Copying ../../build/activity_002/activity_002.egg-info to /home/hee/ros2_ws/install/activity_002/lib/python3.10/site-packages/activity_002-0.0.0-py3.10.egg-info
[1.585s] running install_scripts
[1.613s] Installing battery_node script to /home/hee/ros2_ws/install/activity_002/lib/activity_002
[1.613s] Installing led_panel script to /home/hee/ros2_ws/install/activity_002/lib/activity_002
[1.613s] Installing num_count script to /home/hee/ros2_ws/install/activity_002/lib/activity_002
[1.613s] Installing num_pub script to /home/hee/ros2_ws/install/activity_002/lib/activity_002
[1.613s] writing list of installed files to '/home/hee/ros2_ws/build/activity_002/install.log'
[1.644s] Invoked command in '/home/hee/ros2_ws/src/activity_002' returned '0': PYTHONPATH=/home/hee/ros2_ws/build/activity_002/prefix_override:/home/hee/ros2_ws/install/activity_002/lib/python3.10/site-packages:${PYTHONPATH} /usr/bin/python3 setup.py egg_info --egg-base ../../build/activity_002 build --build-base /home/hee/ros2_ws/build/activity_002/build install --record /home/hee/ros2_ws/build/activity_002/install.log --single-version-externally-managed
