running egg_info
writing ../../build/service/service.egg-info/PKG-INFO
writing dependency_links to ../../build/service/service.egg-info/dependency_links.txt
writing entry points to ../../build/service/service.egg-info/entry_points.txt
writing requirements to ../../build/service/service.egg-info/requires.txt
writing top-level names to ../../build/service/service.egg-info/top_level.txt
reading manifest file '../../build/service/service.egg-info/SOURCES.txt'
writing manifest file '../../build/service/service.egg-info/SOURCES.txt'
running build
running build_py
copying service/add2int_client_no_oops.py -> /home/hee/ros2_ws/build/service/build/lib/service
running install
running install_lib
copying /home/hee/ros2_ws/build/service/build/lib/service/add2int_client_no_oops.py -> /home/hee/ros2_ws/install/service/lib/python3.10/site-packages/service
byte-compiling /home/hee/ros2_ws/install/service/lib/python3.10/site-packages/service/add2int_client_no_oops.py to add2int_client_no_oops.cpython-310.pyc
running install_data
running install_egg_info
removing '/home/hee/ros2_ws/install/service/lib/python3.10/site-packages/service-0.0.0-py3.10.egg-info' (and everything under it)
Copying ../../build/service/service.egg-info to /home/hee/ros2_ws/install/service/lib/python3.10/site-packages/service-0.0.0-py3.10.egg-info
running install_scripts
Installing add2int_client_no_oops script to /home/hee/ros2_ws/install/service/lib/service
Installing add_2_int script to /home/hee/ros2_ws/install/service/lib/service
writing list of installed files to '/home/hee/ros2_ws/build/service/install.log'
