[1.210s] Invoking command in '/home/hee/ros2_ws/src/service': PYTHONPATH=/home/hee/ros2_ws/build/service/prefix_override:/home/hee/ros2_ws/install/service/lib/python3.10/site-packages:${PYTHONPATH} /usr/bin/python3 setup.py egg_info --egg-base ../../build/service build --build-base /home/hee/ros2_ws/build/service/build install --record /home/hee/ros2_ws/build/service/install.log --single-version-externally-managed
[1.625s] running egg_info
[1.626s] writing ../../build/service/service.egg-info/PKG-INFO
[1.627s] writing dependency_links to ../../build/service/service.egg-info/dependency_links.txt
[1.627s] writing entry points to ../../build/service/service.egg-info/entry_points.txt
[1.627s] writing requirements to ../../build/service/service.egg-info/requires.txt
[1.627s] writing top-level names to ../../build/service/service.egg-info/top_level.txt
[1.630s] reading manifest file '../../build/service/service.egg-info/SOURCES.txt'
[1.631s] writing manifest file '../../build/service/service.egg-info/SOURCES.txt'
[1.631s] running build
[1.631s] running build_py
[1.631s] copying service/add2int_client_no_oops.py -> /home/hee/ros2_ws/build/service/build/lib/service
[1.632s] running install
[1.632s] running install_lib
[1.633s] copying /home/hee/ros2_ws/build/service/build/lib/service/add2int_client_no_oops.py -> /home/hee/ros2_ws/install/service/lib/python3.10/site-packages/service
[1.634s] byte-compiling /home/hee/ros2_ws/install/service/lib/python3.10/site-packages/service/add2int_client_no_oops.py to add2int_client_no_oops.cpython-310.pyc
[1.635s] running install_data
[1.635s] running install_egg_info
[1.638s] removing '/home/hee/ros2_ws/install/service/lib/python3.10/site-packages/service-0.0.0-py3.10.egg-info' (and everything under it)
[1.638s] Copying ../../build/service/service.egg-info to /home/hee/ros2_ws/install/service/lib/python3.10/site-packages/service-0.0.0-py3.10.egg-info
[1.639s] running install_scripts
[1.669s] Installing add2int_client_no_oops script to /home/hee/ros2_ws/install/service/lib/service
[1.669s] Installing add_2_int script to /home/hee/ros2_ws/install/service/lib/service
[1.669s] writing list of installed files to '/home/hee/ros2_ws/build/service/install.log'
[1.703s] Invoked command in '/home/hee/ros2_ws/src/service' returned '0': PYTHONPATH=/home/hee/ros2_ws/build/service/prefix_override:/home/hee/ros2_ws/install/service/lib/python3.10/site-packages:${PYTHONPATH} /usr/bin/python3 setup.py egg_info --egg-base ../../build/service build --build-base /home/hee/ros2_ws/build/service/build install --record /home/hee/ros2_ws/build/service/install.log --single-version-externally-managed
