[0.113s] Invoking command in '/home/hee/ros2_ws/build/msg_interface': CMAKE_PREFIX_PATH=/home/hee/ros2_ws/install/service:/home/hee/ros2_ws/install/robot_controller:/home/hee/ros2_ws/install/activity_002:/home/hee/ros2_ws/install/Activity_002:/opt/ros/humble /usr/bin/cmake /home/hee/ros2_ws/src/msg_interface -DCMAKE_INSTALL_PREFIX=/home/hee/ros2_ws/install/msg_interface
[0.192s] -- The C compiler identification is GNU 11.4.0
[0.272s] -- The CXX compiler identification is GNU 11.4.0
[0.282s] -- Detecting C compiler ABI info
[0.378s] -- Detecting C compiler ABI info - done
[0.389s] -- Check for working C compiler: /usr/bin/cc - skipped
[0.390s] -- Detecting C compile features
[0.390s] -- Detecting C compile features - done
[0.395s] -- Detecting CXX compiler ABI info
[0.508s] -- Detecting CXX compiler ABI info - done
[0.520s] -- Check for working CXX compiler: /usr/bin/c++ - skipped
[0.520s] -- Detecting CXX compile features
[0.521s] -- Detecting CXX compile features - done
[0.525s] -- Found ament_cmake: 1.3.6 (/opt/ros/humble/share/ament_cmake/cmake)
[0.791s] -- Found Python3: /usr/bin/python3.10 (found version "3.10.12") found components: Interpreter 
[0.924s] -- Found rosidl_default_generators: 1.2.0 (/opt/ros/humble/share/rosidl_default_generators/cmake)
[0.931s] -- Using all available rosidl_typesupport_c: rosidl_typesupport_fastrtps_c;rosidl_typesupport_introspection_c
[0.951s] -- Found rosidl_adapter: 3.1.5 (/opt/ros/humble/share/rosidl_adapter/cmake)
[1.028s] -- Using all available rosidl_typesupport_cpp: rosidl_typesupport_fastrtps_cpp;rosidl_typesupport_introspection_cpp
[1.471s] -- Found ament_cmake_ros: 0.10.0 (/opt/ros/humble/share/ament_cmake_ros/cmake)
[1.766s] -- Using all available rosidl_typesupport_c: rosidl_typesupport_fastrtps_c;rosidl_typesupport_introspection_c
[2.128s] -- Using all available rosidl_typesupport_cpp: rosidl_typesupport_fastrtps_cpp;rosidl_typesupport_introspection_cpp
[2.163s] -- Found PythonInterp: /usr/bin/python3 (found suitable version "3.10.12", minimum required is "3.6") 
[2.166s] -- Found python_cmake_module: 0.10.0 (/opt/ros/humble/share/python_cmake_module/cmake)
[2.206s] -- Found PythonLibs: /usr/lib/x86_64-linux-gnu/libpython3.10.so (found suitable version "3.10.12", minimum required is "3.5") 
[2.207s] -- Using PYTHON_EXECUTABLE: /usr/bin/python3
[2.207s] -- Using PYTHON_INCLUDE_DIRS: /usr/include/python3.10
[2.207s] -- Using PYTHON_LIBRARIES: /usr/lib/x86_64-linux-gnu/libpython3.10.so
[2.240s] -- Found PythonExtra: .so  
[2.300s] -- Configuring done
[2.344s] -- Generating done
[2.348s] -- Build files have been written to: /home/hee/ros2_ws/build/msg_interface
[2.356s] Invoked command in '/home/hee/ros2_ws/build/msg_interface' returned '0': CMAKE_PREFIX_PATH=/home/hee/ros2_ws/install/service:/home/hee/ros2_ws/install/robot_controller:/home/hee/ros2_ws/install/activity_002:/home/hee/ros2_ws/install/Activity_002:/opt/ros/humble /usr/bin/cmake /home/hee/ros2_ws/src/msg_interface -DCMAKE_INSTALL_PREFIX=/home/hee/ros2_ws/install/msg_interface
[2.359s] Invoking command in '/home/hee/ros2_ws/build/msg_interface': CMAKE_PREFIX_PATH=/home/hee/ros2_ws/install/service:/home/hee/ros2_ws/install/robot_controller:/home/hee/ros2_ws/install/activity_002:/home/hee/ros2_ws/install/Activity_002:/opt/ros/humble /usr/bin/cmake --build /home/hee/ros2_ws/build/msg_interface -- -j8 -l8
[2.414s] [  3%] [34m[1mGenerating C code for ROS interfaces[0m
[2.428s] [  6%] [34m[1mGenerating C++ code for ROS interfaces[0m
[2.440s] [  6%] Built target ament_cmake_python_copy_msg_interface
[2.820s] [  6%] Built target msg_interface__cpp
[2.834s] [  9%] [34m[1mGenerating C++ type support dispatch for ROS interfaces[0m
[2.835s] [ 12%] [34m[1mGenerating C++ introspection for ROS interfaces[0m
[2.836s] [ 16%] [32mBuilding C object CMakeFiles/msg_interface__rosidl_generator_c.dir/rosidl_generator_c/msg_interface/msg/detail/hardware_status__functions.c.o[0m
[2.840s] [ 19%] [34m[1mGenerating C++ type support for eProsima Fast-RTPS[0m
[2.887s] running egg_info
[2.888s] creating msg_interface.egg-info
[2.888s] writing msg_interface.egg-info/PKG-INFO
[2.889s] writing dependency_links to msg_interface.egg-info/dependency_links.txt
[2.889s] writing top-level names to msg_interface.egg-info/top_level.txt
[2.890s] writing manifest file 'msg_interface.egg-info/SOURCES.txt'
[2.893s] reading manifest file 'msg_interface.egg-info/SOURCES.txt'
[2.894s] writing manifest file 'msg_interface.egg-info/SOURCES.txt'
[2.935s] [ 19%] Built target ament_cmake_python_build_msg_interface_egg
[2.950s] [ 22%] [32m[1mLinking C shared library libmsg_interface__rosidl_generator_c.so[0m
[3.008s] [ 22%] Built target msg_interface__rosidl_generator_c
[3.023s] [ 25%] [34m[1mGenerating C introspection for ROS interfaces[0m
[3.028s] [ 32%] [34m[1mGenerating C type support for eProsima Fast-RTPS[0m
[3.028s] [ 32%] [34m[1mGenerating C type support dispatch for ROS interfaces[0m
[3.263s] [ 35%] [32mBuilding CXX object CMakeFiles/msg_interface__rosidl_typesupport_fastrtps_cpp.dir/rosidl_typesupport_fastrtps_cpp/msg_interface/msg/detail/dds_fastrtps/hardware_status__type_support.cpp.o[0m
[3.278s] [ 38%] [32mBuilding CXX object CMakeFiles/msg_interface__rosidl_typesupport_introspection_cpp.dir/rosidl_typesupport_introspection_cpp/msg_interface/msg/detail/hardware_status__type_support.cpp.o[0m
[3.302s] [ 41%] [32mBuilding CXX object CMakeFiles/msg_interface__rosidl_typesupport_cpp.dir/rosidl_typesupport_cpp/msg_interface/msg/hardware_status__type_support.cpp.o[0m
[3.573s] [ 45%] [32mBuilding CXX object CMakeFiles/msg_interface__rosidl_typesupport_c.dir/rosidl_typesupport_c/msg_interface/msg/hardware_status__type_support.cpp.o[0m
[3.611s] [ 48%] [32mBuilding C object CMakeFiles/msg_interface__rosidl_typesupport_introspection_c.dir/rosidl_typesupport_introspection_c/msg_interface/msg/detail/hardware_status__type_support.c.o[0m
[3.623s] [ 51%] [32m[1mLinking CXX shared library libmsg_interface__rosidl_typesupport_c.so[0m
[3.650s] [ 54%] [32mBuilding CXX object CMakeFiles/msg_interface__rosidl_typesupport_fastrtps_c.dir/rosidl_typesupport_fastrtps_c/msg_interface/msg/detail/hardware_status__type_support_c.cpp.o[0m
[3.669s] [ 58%] [32m[1mLinking C shared library libmsg_interface__rosidl_typesupport_introspection_c.so[0m
[3.711s] [ 58%] Built target msg_interface__rosidl_typesupport_c
[3.720s] [ 58%] Built target msg_interface__rosidl_typesupport_introspection_c
[3.832s] [ 61%] [32m[1mLinking CXX shared library libmsg_interface__rosidl_typesupport_cpp.so[0m
[3.897s] [ 61%] Built target msg_interface__rosidl_typesupport_cpp
[4.045s] [ 64%] [32m[1mLinking CXX shared library libmsg_interface__rosidl_typesupport_introspection_cpp.so[0m
[4.065s] [ 67%] [32m[1mLinking CXX shared library libmsg_interface__rosidl_typesupport_fastrtps_cpp.so[0m
[4.146s] [ 67%] Built target msg_interface__rosidl_typesupport_introspection_cpp
[4.182s] [ 67%] Built target msg_interface__rosidl_typesupport_fastrtps_cpp
[4.192s] [ 70%] [32m[1mLinking CXX shared library libmsg_interface__rosidl_typesupport_fastrtps_c.so[0m
[4.297s] [ 70%] Built target msg_interface__rosidl_typesupport_fastrtps_c
[4.325s] [ 70%] Built target msg_interface
[4.354s] [ 74%] [34m[1mGenerating Python code for ROS interfaces[0m
[4.785s] [ 74%] Built target msg_interface__py
[4.814s] [ 77%] [32mBuilding C object CMakeFiles/msg_interface__rosidl_generator_py.dir/rosidl_generator_py/msg_interface/msg/_hardware_status_s.c.o[0m
[4.961s] [ 80%] [32m[1mLinking C shared library rosidl_generator_py/msg_interface/libmsg_interface__rosidl_generator_py.so[0m
[5.017s] [ 80%] Built target msg_interface__rosidl_generator_py
[5.046s] [ 90%] [32mBuilding C object CMakeFiles/msg_interface__rosidl_typesupport_fastrtps_c__pyext.dir/rosidl_generator_py/msg_interface/_msg_interface_s.ep.rosidl_typesupport_fastrtps_c.c.o[0m
[5.047s] [ 90%] [32mBuilding C object CMakeFiles/msg_interface__rosidl_typesupport_c__pyext.dir/rosidl_generator_py/msg_interface/_msg_interface_s.ep.rosidl_typesupport_c.c.o[0m
[5.047s] [ 90%] [32mBuilding C object CMakeFiles/msg_interface__rosidl_typesupport_introspection_c__pyext.dir/rosidl_generator_py/msg_interface/_msg_interface_s.ep.rosidl_typesupport_introspection_c.c.o[0m
[5.182s] [ 93%] [32m[1mLinking C shared library rosidl_generator_py/msg_interface/msg_interface_s__rosidl_typesupport_c.cpython-310-x86_64-linux-gnu.so[0m
[5.189s] [ 96%] [32m[1mLinking C shared library rosidl_generator_py/msg_interface/msg_interface_s__rosidl_typesupport_introspection_c.cpython-310-x86_64-linux-gnu.so[0m
[5.190s] [100%] [32m[1mLinking C shared library rosidl_generator_py/msg_interface/msg_interface_s__rosidl_typesupport_fastrtps_c.cpython-310-x86_64-linux-gnu.so[0m
[5.231s] [100%] Built target msg_interface__rosidl_typesupport_c__pyext
[5.239s] [100%] Built target msg_interface__rosidl_typesupport_introspection_c__pyext
[5.241s] [100%] Built target msg_interface__rosidl_typesupport_fastrtps_c__pyext
[5.257s] Invoked command in '/home/hee/ros2_ws/build/msg_interface' returned '0': CMAKE_PREFIX_PATH=/home/hee/ros2_ws/install/service:/home/hee/ros2_ws/install/robot_controller:/home/hee/ros2_ws/install/activity_002:/home/hee/ros2_ws/install/Activity_002:/opt/ros/humble /usr/bin/cmake --build /home/hee/ros2_ws/build/msg_interface -- -j8 -l8
[5.357s] Invoking command in '/home/hee/ros2_ws/build/msg_interface': CMAKE_PREFIX_PATH=/home/hee/ros2_ws/install/service:/home/hee/ros2_ws/install/robot_controller:/home/hee/ros2_ws/install/activity_002:/home/hee/ros2_ws/install/Activity_002:/opt/ros/humble /usr/bin/cmake --install /home/hee/ros2_ws/build/msg_interface
[5.367s] -- Install configuration: ""
[5.368s] -- Installing: /home/hee/ros2_ws/install/msg_interface/share/ament_index/resource_index/rosidl_interfaces/msg_interface
[5.368s] -- Installing: /home/hee/ros2_ws/install/msg_interface/include/msg_interface/msg_interface
[5.368s] -- Installing: /home/hee/ros2_ws/install/msg_interface/include/msg_interface/msg_interface/msg
[5.368s] -- Installing: /home/hee/ros2_ws/install/msg_interface/include/msg_interface/msg_interface/msg/detail
[5.368s] -- Installing: /home/hee/ros2_ws/install/msg_interface/include/msg_interface/msg_interface/msg/detail/hardware_status__struct.h
[5.369s] -- Installing: /home/hee/ros2_ws/install/msg_interface/include/msg_interface/msg_interface/msg/detail/hardware_status__functions.h
[5.369s] -- Installing: /home/hee/ros2_ws/install/msg_interface/include/msg_interface/msg_interface/msg/detail/hardware_status__type_support.h
[5.369s] -- Installing: /home/hee/ros2_ws/install/msg_interface/include/msg_interface/msg_interface/msg/detail/hardware_status__functions.c
[5.369s] -- Installing: /home/hee/ros2_ws/install/msg_interface/include/msg_interface/msg_interface/msg/rosidl_generator_c__visibility_control.h
[5.369s] -- Installing: /home/hee/ros2_ws/install/msg_interface/include/msg_interface/msg_interface/msg/hardware_status.h
[5.370s] -- Installing: /home/hee/ros2_ws/install/msg_interface/share/msg_interface/environment/library_path.sh
[5.370s] -- Installing: /home/hee/ros2_ws/install/msg_interface/share/msg_interface/environment/library_path.dsv
[5.370s] -- Installing: /home/hee/ros2_ws/install/msg_interface/lib/libmsg_interface__rosidl_generator_c.so
[5.371s] -- Set runtime path of "/home/hee/ros2_ws/install/msg_interface/lib/libmsg_interface__rosidl_generator_c.so" to ""
[5.371s] -- Up-to-date: /home/hee/ros2_ws/install/msg_interface/include/msg_interface/msg_interface
[5.371s] -- Up-to-date: /home/hee/ros2_ws/install/msg_interface/include/msg_interface/msg_interface/msg
[5.371s] -- Up-to-date: /home/hee/ros2_ws/install/msg_interface/include/msg_interface/msg_interface/msg/detail
[5.371s] -- Installing: /home/hee/ros2_ws/install/msg_interface/include/msg_interface/msg_interface/msg/detail/hardware_status__rosidl_typesupport_fastrtps_c.h
[5.371s] -- Installing: /home/hee/ros2_ws/install/msg_interface/include/msg_interface/msg_interface/msg/rosidl_typesupport_fastrtps_c__visibility_control.h
[5.372s] -- Installing: /home/hee/ros2_ws/install/msg_interface/lib/libmsg_interface__rosidl_typesupport_fastrtps_c.so
[5.372s] -- Set runtime path of "/home/hee/ros2_ws/install/msg_interface/lib/libmsg_interface__rosidl_typesupport_fastrtps_c.so" to ""
[5.372s] -- Up-to-date: /home/hee/ros2_ws/install/msg_interface/include/msg_interface/msg_interface
[5.372s] -- Up-to-date: /home/hee/ros2_ws/install/msg_interface/include/msg_interface/msg_interface/msg
[5.372s] -- Up-to-date: /home/hee/ros2_ws/install/msg_interface/include/msg_interface/msg_interface/msg/detail
[5.373s] -- Installing: /home/hee/ros2_ws/install/msg_interface/include/msg_interface/msg_interface/msg/detail/hardware_status__rosidl_typesupport_introspection_c.h
[5.373s] -- Installing: /home/hee/ros2_ws/install/msg_interface/include/msg_interface/msg_interface/msg/detail/hardware_status__type_support.c
[5.373s] -- Installing: /home/hee/ros2_ws/install/msg_interface/include/msg_interface/msg_interface/msg/rosidl_typesupport_introspection_c__visibility_control.h
[5.373s] -- Installing: /home/hee/ros2_ws/install/msg_interface/lib/libmsg_interface__rosidl_typesupport_introspection_c.so
[5.373s] -- Set runtime path of "/home/hee/ros2_ws/install/msg_interface/lib/libmsg_interface__rosidl_typesupport_introspection_c.so" to ""
[5.373s] -- Installing: /home/hee/ros2_ws/install/msg_interface/lib/libmsg_interface__rosidl_typesupport_c.so
[5.374s] -- Set runtime path of "/home/hee/ros2_ws/install/msg_interface/lib/libmsg_interface__rosidl_typesupport_c.so" to ""
[5.374s] -- Up-to-date: /home/hee/ros2_ws/install/msg_interface/include/msg_interface/msg_interface
[5.374s] -- Up-to-date: /home/hee/ros2_ws/install/msg_interface/include/msg_interface/msg_interface/msg
[5.374s] -- Installing: /home/hee/ros2_ws/install/msg_interface/include/msg_interface/msg_interface/msg/hardware_status.hpp
[5.375s] -- Up-to-date: /home/hee/ros2_ws/install/msg_interface/include/msg_interface/msg_interface/msg/detail
[5.375s] -- Installing: /home/hee/ros2_ws/install/msg_interface/include/msg_interface/msg_interface/msg/detail/hardware_status__traits.hpp
[5.375s] -- Installing: /home/hee/ros2_ws/install/msg_interface/include/msg_interface/msg_interface/msg/detail/hardware_status__struct.hpp
[5.375s] -- Installing: /home/hee/ros2_ws/install/msg_interface/include/msg_interface/msg_interface/msg/detail/hardware_status__builder.hpp
[5.375s] -- Up-to-date: /home/hee/ros2_ws/install/msg_interface/include/msg_interface/msg_interface
[5.375s] -- Up-to-date: /home/hee/ros2_ws/install/msg_interface/include/msg_interface/msg_interface/msg
[5.375s] -- Up-to-date: /home/hee/ros2_ws/install/msg_interface/include/msg_interface/msg_interface/msg/detail
[5.376s] -- Installing: /home/hee/ros2_ws/install/msg_interface/include/msg_interface/msg_interface/msg/detail/dds_fastrtps
[5.376s] -- Installing: /home/hee/ros2_ws/install/msg_interface/include/msg_interface/msg_interface/msg/detail/hardware_status__rosidl_typesupport_fastrtps_cpp.hpp
[5.376s] -- Installing: /home/hee/ros2_ws/install/msg_interface/include/msg_interface/msg_interface/msg/rosidl_typesupport_fastrtps_cpp__visibility_control.h
[5.376s] -- Installing: /home/hee/ros2_ws/install/msg_interface/lib/libmsg_interface__rosidl_typesupport_fastrtps_cpp.so
[5.376s] -- Set runtime path of "/home/hee/ros2_ws/install/msg_interface/lib/libmsg_interface__rosidl_typesupport_fastrtps_cpp.so" to ""
[5.377s] -- Up-to-date: /home/hee/ros2_ws/install/msg_interface/include/msg_interface/msg_interface
[5.377s] -- Up-to-date: /home/hee/ros2_ws/install/msg_interface/include/msg_interface/msg_interface/msg
[5.377s] -- Up-to-date: /home/hee/ros2_ws/install/msg_interface/include/msg_interface/msg_interface/msg/detail
[5.377s] -- Installing: /home/hee/ros2_ws/install/msg_interface/include/msg_interface/msg_interface/msg/detail/hardware_status__type_support.cpp
[5.377s] -- Installing: /home/hee/ros2_ws/install/msg_interface/include/msg_interface/msg_interface/msg/detail/hardware_status__rosidl_typesupport_introspection_cpp.hpp
[5.377s] -- Installing: /home/hee/ros2_ws/install/msg_interface/lib/libmsg_interface__rosidl_typesupport_introspection_cpp.so
[5.378s] -- Set runtime path of "/home/hee/ros2_ws/install/msg_interface/lib/libmsg_interface__rosidl_typesupport_introspection_cpp.so" to ""
[5.378s] -- Installing: /home/hee/ros2_ws/install/msg_interface/lib/libmsg_interface__rosidl_typesupport_cpp.so
[5.378s] -- Set runtime path of "/home/hee/ros2_ws/install/msg_interface/lib/libmsg_interface__rosidl_typesupport_cpp.so" to ""
[5.378s] -- Installing: /home/hee/ros2_ws/install/msg_interface/share/msg_interface/environment/pythonpath.sh
[5.378s] -- Installing: /home/hee/ros2_ws/install/msg_interface/share/msg_interface/environment/pythonpath.dsv
[5.379s] -- Installing: /home/hee/ros2_ws/install/msg_interface/local/lib/python3.10/dist-packages/msg_interface-0.0.0-py3.10.egg-info
[5.379s] -- Installing: /home/hee/ros2_ws/install/msg_interface/local/lib/python3.10/dist-packages/msg_interface-0.0.0-py3.10.egg-info/dependency_links.txt
[5.379s] -- Installing: /home/hee/ros2_ws/install/msg_interface/local/lib/python3.10/dist-packages/msg_interface-0.0.0-py3.10.egg-info/PKG-INFO
[5.379s] -- Installing: /home/hee/ros2_ws/install/msg_interface/local/lib/python3.10/dist-packages/msg_interface-0.0.0-py3.10.egg-info/SOURCES.txt
[5.379s] -- Installing: /home/hee/ros2_ws/install/msg_interface/local/lib/python3.10/dist-packages/msg_interface-0.0.0-py3.10.egg-info/top_level.txt
[5.380s] -- Installing: /home/hee/ros2_ws/install/msg_interface/local/lib/python3.10/dist-packages/msg_interface
[5.380s] -- Installing: /home/hee/ros2_ws/install/msg_interface/local/lib/python3.10/dist-packages/msg_interface/msg_interface_s__rosidl_typesupport_fastrtps_c.cpython-310-x86_64-linux-gnu.so
[5.380s] -- Installing: /home/hee/ros2_ws/install/msg_interface/local/lib/python3.10/dist-packages/msg_interface/libmsg_interface__rosidl_generator_py.so
[5.380s] -- Installing: /home/hee/ros2_ws/install/msg_interface/local/lib/python3.10/dist-packages/msg_interface/_msg_interface_s.ep.rosidl_typesupport_introspection_c.c
[5.381s] -- Installing: /home/hee/ros2_ws/install/msg_interface/local/lib/python3.10/dist-packages/msg_interface/__init__.py
[5.381s] -- Installing: /home/hee/ros2_ws/install/msg_interface/local/lib/python3.10/dist-packages/msg_interface/msg_interface_s__rosidl_typesupport_introspection_c.cpython-310-x86_64-linux-gnu.so
[5.381s] -- Installing: /home/hee/ros2_ws/install/msg_interface/local/lib/python3.10/dist-packages/msg_interface/msg
[5.381s] -- Installing: /home/hee/ros2_ws/install/msg_interface/local/lib/python3.10/dist-packages/msg_interface/msg/_hardware_status.py
[5.381s] -- Installing: /home/hee/ros2_ws/install/msg_interface/local/lib/python3.10/dist-packages/msg_interface/msg/_hardware_status_s.c
[5.381s] -- Installing: /home/hee/ros2_ws/install/msg_interface/local/lib/python3.10/dist-packages/msg_interface/msg/__init__.py
[5.382s] -- Installing: /home/hee/ros2_ws/install/msg_interface/local/lib/python3.10/dist-packages/msg_interface/_msg_interface_s.ep.rosidl_typesupport_c.c
[5.382s] -- Installing: /home/hee/ros2_ws/install/msg_interface/local/lib/python3.10/dist-packages/msg_interface/msg_interface_s__rosidl_typesupport_c.cpython-310-x86_64-linux-gnu.so
[5.382s] -- Installing: /home/hee/ros2_ws/install/msg_interface/local/lib/python3.10/dist-packages/msg_interface/_msg_interface_s.ep.rosidl_typesupport_fastrtps_c.c
[5.435s] Listing '/home/hee/ros2_ws/install/msg_interface/local/lib/python3.10/dist-packages/msg_interface'...
[5.435s] Compiling '/home/hee/ros2_ws/install/msg_interface/local/lib/python3.10/dist-packages/msg_interface/__init__.py'...
[5.435s] Listing '/home/hee/ros2_ws/install/msg_interface/local/lib/python3.10/dist-packages/msg_interface/msg'...
[5.436s] Compiling '/home/hee/ros2_ws/install/msg_interface/local/lib/python3.10/dist-packages/msg_interface/msg/__init__.py'...
[5.436s] Compiling '/home/hee/ros2_ws/install/msg_interface/local/lib/python3.10/dist-packages/msg_interface/msg/_hardware_status.py'...
[5.442s] -- Installing: /home/hee/ros2_ws/install/msg_interface/local/lib/python3.10/dist-packages/msg_interface/msg_interface_s__rosidl_typesupport_fastrtps_c.cpython-310-x86_64-linux-gnu.so
[5.443s] -- Set runtime path of "/home/hee/ros2_ws/install/msg_interface/local/lib/python3.10/dist-packages/msg_interface/msg_interface_s__rosidl_typesupport_fastrtps_c.cpython-310-x86_64-linux-gnu.so" to ""
[5.443s] -- Installing: /home/hee/ros2_ws/install/msg_interface/local/lib/python3.10/dist-packages/msg_interface/msg_interface_s__rosidl_typesupport_introspection_c.cpython-310-x86_64-linux-gnu.so
[5.444s] -- Set runtime path of "/home/hee/ros2_ws/install/msg_interface/local/lib/python3.10/dist-packages/msg_interface/msg_interface_s__rosidl_typesupport_introspection_c.cpython-310-x86_64-linux-gnu.so" to ""
[5.445s] -- Installing: /home/hee/ros2_ws/install/msg_interface/local/lib/python3.10/dist-packages/msg_interface/msg_interface_s__rosidl_typesupport_c.cpython-310-x86_64-linux-gnu.so
[5.445s] -- Set runtime path of "/home/hee/ros2_ws/install/msg_interface/local/lib/python3.10/dist-packages/msg_interface/msg_interface_s__rosidl_typesupport_c.cpython-310-x86_64-linux-gnu.so" to ""
[5.446s] -- Installing: /home/hee/ros2_ws/install/msg_interface/lib/libmsg_interface__rosidl_generator_py.so
[5.446s] -- Set runtime path of "/home/hee/ros2_ws/install/msg_interface/lib/libmsg_interface__rosidl_generator_py.so" to ""
[5.446s] -- Installing: /home/hee/ros2_ws/install/msg_interface/share/msg_interface/msg/HardwareStatus.idl
[5.447s] -- Installing: /home/hee/ros2_ws/install/msg_interface/share/msg_interface/msg/HardwareStatus.msg
[5.447s] -- Installing: /home/hee/ros2_ws/install/msg_interface/share/ament_index/resource_index/package_run_dependencies/msg_interface
[5.447s] -- Installing: /home/hee/ros2_ws/install/msg_interface/share/ament_index/resource_index/parent_prefix_path/msg_interface
[5.448s] -- Installing: /home/hee/ros2_ws/install/msg_interface/share/msg_interface/environment/ament_prefix_path.sh
[5.448s] -- Installing: /home/hee/ros2_ws/install/msg_interface/share/msg_interface/environment/ament_prefix_path.dsv
[5.448s] -- Installing: /home/hee/ros2_ws/install/msg_interface/share/msg_interface/environment/path.sh
[5.448s] -- Installing: /home/hee/ros2_ws/install/msg_interface/share/msg_interface/environment/path.dsv
[5.449s] -- Installing: /home/hee/ros2_ws/install/msg_interface/share/msg_interface/local_setup.bash
[5.449s] -- Installing: /home/hee/ros2_ws/install/msg_interface/share/msg_interface/local_setup.sh
[5.449s] -- Installing: /home/hee/ros2_ws/install/msg_interface/share/msg_interface/local_setup.zsh
[5.450s] -- Installing: /home/hee/ros2_ws/install/msg_interface/share/msg_interface/local_setup.dsv
[5.450s] -- Installing: /home/hee/ros2_ws/install/msg_interface/share/msg_interface/package.dsv
[5.450s] -- Installing: /home/hee/ros2_ws/install/msg_interface/share/ament_index/resource_index/packages/msg_interface
[5.451s] -- Installing: /home/hee/ros2_ws/install/msg_interface/share/msg_interface/cmake/export_msg_interface__rosidl_generator_cExport.cmake
[5.451s] -- Installing: /home/hee/ros2_ws/install/msg_interface/share/msg_interface/cmake/export_msg_interface__rosidl_generator_cExport-noconfig.cmake
[5.451s] -- Installing: /home/hee/ros2_ws/install/msg_interface/share/msg_interface/cmake/export_msg_interface__rosidl_typesupport_fastrtps_cExport.cmake
[5.451s] -- Installing: /home/hee/ros2_ws/install/msg_interface/share/msg_interface/cmake/export_msg_interface__rosidl_typesupport_fastrtps_cExport-noconfig.cmake
[5.452s] -- Installing: /home/hee/ros2_ws/install/msg_interface/share/msg_interface/cmake/msg_interface__rosidl_typesupport_introspection_cExport.cmake
[5.452s] -- Installing: /home/hee/ros2_ws/install/msg_interface/share/msg_interface/cmake/msg_interface__rosidl_typesupport_introspection_cExport-noconfig.cmake
[5.452s] -- Installing: /home/hee/ros2_ws/install/msg_interface/share/msg_interface/cmake/msg_interface__rosidl_typesupport_cExport.cmake
[5.453s] -- Installing: /home/hee/ros2_ws/install/msg_interface/share/msg_interface/cmake/msg_interface__rosidl_typesupport_cExport-noconfig.cmake
[5.453s] -- Installing: /home/hee/ros2_ws/install/msg_interface/share/msg_interface/cmake/export_msg_interface__rosidl_generator_cppExport.cmake
[5.453s] -- Installing: /home/hee/ros2_ws/install/msg_interface/share/msg_interface/cmake/export_msg_interface__rosidl_typesupport_fastrtps_cppExport.cmake
[5.454s] -- Installing: /home/hee/ros2_ws/install/msg_interface/share/msg_interface/cmake/export_msg_interface__rosidl_typesupport_fastrtps_cppExport-noconfig.cmake
[5.454s] -- Installing: /home/hee/ros2_ws/install/msg_interface/share/msg_interface/cmake/msg_interface__rosidl_typesupport_introspection_cppExport.cmake
[5.454s] -- Installing: /home/hee/ros2_ws/install/msg_interface/share/msg_interface/cmake/msg_interface__rosidl_typesupport_introspection_cppExport-noconfig.cmake
[5.455s] -- Installing: /home/hee/ros2_ws/install/msg_interface/share/msg_interface/cmake/msg_interface__rosidl_typesupport_cppExport.cmake
[5.455s] -- Installing: /home/hee/ros2_ws/install/msg_interface/share/msg_interface/cmake/msg_interface__rosidl_typesupport_cppExport-noconfig.cmake
[5.455s] -- Installing: /home/hee/ros2_ws/install/msg_interface/share/msg_interface/cmake/export_msg_interface__rosidl_generator_pyExport.cmake
[5.455s] -- Installing: /home/hee/ros2_ws/install/msg_interface/share/msg_interface/cmake/export_msg_interface__rosidl_generator_pyExport-noconfig.cmake
[5.456s] -- Installing: /home/hee/ros2_ws/install/msg_interface/share/msg_interface/cmake/rosidl_cmake-extras.cmake
[5.456s] -- Installing: /home/hee/ros2_ws/install/msg_interface/share/msg_interface/cmake/ament_cmake_export_include_directories-extras.cmake
[5.456s] -- Installing: /home/hee/ros2_ws/install/msg_interface/share/msg_interface/cmake/ament_cmake_export_libraries-extras.cmake
[5.457s] -- Installing: /home/hee/ros2_ws/install/msg_interface/share/msg_interface/cmake/ament_cmake_export_targets-extras.cmake
[5.457s] -- Installing: /home/hee/ros2_ws/install/msg_interface/share/msg_interface/cmake/rosidl_cmake_export_typesupport_targets-extras.cmake
[5.457s] -- Installing: /home/hee/ros2_ws/install/msg_interface/share/msg_interface/cmake/ament_cmake_export_dependencies-extras.cmake
[5.457s] -- Installing: /home/hee/ros2_ws/install/msg_interface/share/msg_interface/cmake/rosidl_cmake_export_typesupport_libraries-extras.cmake
[5.458s] -- Installing: /home/hee/ros2_ws/install/msg_interface/share/msg_interface/cmake/msg_interfaceConfig.cmake
[5.458s] -- Installing: /home/hee/ros2_ws/install/msg_interface/share/msg_interface/cmake/msg_interfaceConfig-version.cmake
[5.458s] -- Installing: /home/hee/ros2_ws/install/msg_interface/share/msg_interface/package.xml
[5.462s] Invoked command in '/home/hee/ros2_ws/build/msg_interface' returned '0': CMAKE_PREFIX_PATH=/home/hee/ros2_ws/install/service:/home/hee/ros2_ws/install/robot_controller:/home/hee/ros2_ws/install/activity_002:/home/hee/ros2_ws/install/Activity_002:/opt/ros/humble /usr/bin/cmake --install /home/hee/ros2_ws/build/msg_interface
