[1.605s] DEBUG:colcon:Command line arguments: ['/usr/bin/colcon', 'build']
[1.605s] DEBUG:colcon:Parsed command line arguments: Namespace(log_base=None, log_level=None, verb_name='build', build_base='build', install_base='install', merge_install=False, symlink_install=False, test_result_base=None, continue_on_error=False, executor='parallel', parallel_workers=8, event_handlers=None, ignore_user_meta=False, metas=['./colcon.meta'], base_paths=['.'], packages_ignore=None, packages_ignore_regex=None, paths=None, packages_up_to=None, packages_up_to_regex=None, packages_above=None, packages_above_and_dependencies=None, packages_above_depth=None, packages_select_by_dep=None, packages_skip_by_dep=None, packages_skip_up_to=None, packages_select_build_failed=False, packages_skip_build_finished=False, packages_select_test_failures=False, packages_skip_test_passed=False, packages_select=None, packages_skip=None, packages_select_regex=None, packages_skip_regex=None, packages_start=None, packages_end=None, allow_overriding=[], cmake_args=None, cmake_target=None, cmake_target_skip_unavailable=False, cmake_clean_cache=False, cmake_clean_first=False, cmake_force_configure=False, ament_cmake_args=None, catkin_cmake_args=None, catkin_skip_building_tests=False, verb_parser=<colcon_defaults.argument_parser.defaults.DefaultArgumentsDecorator object at 0x7f43ad3e8e20>, verb_extension=<colcon_core.verb.build.BuildVerb object at 0x7f43ad353250>, main=<bound method BuildVerb.main of <colcon_core.verb.build.BuildVerb object at 0x7f43ad353250>>)
[1.677s] Level 1:colcon.colcon_core.package_discovery:discover_packages(colcon_meta) check parameters
[1.678s] Level 1:colcon.colcon_core.package_discovery:discover_packages(recursive) check parameters
[1.678s] Level 1:colcon.colcon_core.package_discovery:discover_packages(ignore) check parameters
[1.678s] Level 1:colcon.colcon_core.package_discovery:discover_packages(path) check parameters
[1.678s] Level 1:colcon.colcon_core.package_discovery:discover_packages(colcon_meta) discover
[1.678s] Level 1:colcon.colcon_core.package_discovery:discover_packages(recursive) discover
[1.678s] INFO:colcon.colcon_core.package_discovery:Crawling recursively for packages in '/home/hee/ros2_ws/src'
[1.678s] Level 1:colcon.colcon_core.package_identification:_identify(.) by extensions ['ignore', 'ignore_ament_install']
[1.678s] Level 1:colcon.colcon_core.package_identification:_identify(.) by extension 'ignore'
[1.678s] Level 1:colcon.colcon_core.package_identification:_identify(.) by extension 'ignore_ament_install'
[1.678s] Level 1:colcon.colcon_core.package_identification:_identify(.) by extensions ['colcon_pkg']
[1.678s] Level 1:colcon.colcon_core.package_identification:_identify(.) by extension 'colcon_pkg'
[1.678s] Level 1:colcon.colcon_core.package_identification:_identify(.) by extensions ['colcon_meta']
[1.678s] Level 1:colcon.colcon_core.package_identification:_identify(.) by extension 'colcon_meta'
[1.679s] Level 1:colcon.colcon_core.package_identification:_identify(.) by extensions ['ros']
[1.679s] Level 1:colcon.colcon_core.package_identification:_identify(.) by extension 'ros'
[1.697s] Level 1:colcon.colcon_core.package_identification:_identify(.) by extensions ['cmake', 'python']
[1.697s] Level 1:colcon.colcon_core.package_identification:_identify(.) by extension 'cmake'
[1.697s] Level 1:colcon.colcon_core.package_identification:_identify(.) by extension 'python'
[1.697s] Level 1:colcon.colcon_core.package_identification:_identify(.) by extensions ['python_setup_py']
[1.697s] Level 1:colcon.colcon_core.package_identification:_identify(.) by extension 'python_setup_py'
[1.697s] Level 1:colcon.colcon_core.package_identification:_identify(activity_002) by extensions ['ignore', 'ignore_ament_install']
[1.697s] Level 1:colcon.colcon_core.package_identification:_identify(activity_002) by extension 'ignore'
[1.697s] Level 1:colcon.colcon_core.package_identification:_identify(activity_002) by extension 'ignore_ament_install'
[1.697s] Level 1:colcon.colcon_core.package_identification:_identify(activity_002) by extensions ['colcon_pkg']
[1.698s] Level 1:colcon.colcon_core.package_identification:_identify(activity_002) by extension 'colcon_pkg'
[1.698s] Level 1:colcon.colcon_core.package_identification:_identify(activity_002) by extensions ['colcon_meta']
[1.698s] Level 1:colcon.colcon_core.package_identification:_identify(activity_002) by extension 'colcon_meta'
[1.698s] Level 1:colcon.colcon_core.package_identification:_identify(activity_002) by extensions ['ros']
[1.698s] Level 1:colcon.colcon_core.package_identification:_identify(activity_002) by extension 'ros'
[1.701s] DEBUG:colcon.colcon_core.package_identification:Package 'activity_002' with type 'ros.ament_python' and name 'activity_002'
[1.701s] Level 1:colcon.colcon_core.package_identification:_identify(build) by extensions ['ignore', 'ignore_ament_install']
[1.702s] Level 1:colcon.colcon_core.package_identification:_identify(build) by extension 'ignore'
[1.702s] Level 1:colcon.colcon_core.package_identification:_identify(build) ignored
[1.702s] Level 1:colcon.colcon_core.package_identification:_identify(install) by extensions ['ignore', 'ignore_ament_install']
[1.702s] Level 1:colcon.colcon_core.package_identification:_identify(install) by extension 'ignore'
[1.702s] Level 1:colcon.colcon_core.package_identification:_identify(install) ignored
[1.702s] Level 1:colcon.colcon_core.package_identification:_identify(log) by extensions ['ignore', 'ignore_ament_install']
[1.702s] Level 1:colcon.colcon_core.package_identification:_identify(log) by extension 'ignore'
[1.702s] Level 1:colcon.colcon_core.package_identification:_identify(log) ignored
[1.703s] Level 1:colcon.colcon_core.package_identification:_identify(robot_controller) by extensions ['ignore', 'ignore_ament_install']
[1.703s] Level 1:colcon.colcon_core.package_identification:_identify(robot_controller) by extension 'ignore'
[1.703s] Level 1:colcon.colcon_core.package_identification:_identify(robot_controller) by extension 'ignore_ament_install'
[1.703s] Level 1:colcon.colcon_core.package_identification:_identify(robot_controller) by extensions ['colcon_pkg']
[1.703s] Level 1:colcon.colcon_core.package_identification:_identify(robot_controller) by extension 'colcon_pkg'
[1.703s] Level 1:colcon.colcon_core.package_identification:_identify(robot_controller) by extensions ['colcon_meta']
[1.703s] Level 1:colcon.colcon_core.package_identification:_identify(robot_controller) by extension 'colcon_meta'
[1.703s] Level 1:colcon.colcon_core.package_identification:_identify(robot_controller) by extensions ['ros']
[1.703s] Level 1:colcon.colcon_core.package_identification:_identify(robot_controller) by extension 'ros'
[1.704s] DEBUG:colcon.colcon_core.package_identification:Package 'robot_controller' with type 'ros.ament_python' and name 'robot_controller'
[1.704s] Level 1:colcon.colcon_core.package_discovery:discover_packages(recursive) using defaults
[1.704s] Level 1:colcon.colcon_core.package_discovery:discover_packages(ignore) discover
[1.704s] Level 1:colcon.colcon_core.package_discovery:discover_packages(ignore) using defaults
[1.704s] Level 1:colcon.colcon_core.package_discovery:discover_packages(path) discover
[1.704s] Level 1:colcon.colcon_core.package_discovery:discover_packages(path) using defaults
[1.850s] Level 1:colcon.colcon_core.package_discovery:discover_packages(prefix_path) check parameters
[1.850s] Level 1:colcon.colcon_core.package_discovery:discover_packages(prefix_path) discover
[1.898s] DEBUG:colcon.colcon_installed_package_information.package_discovery:Found 2 installed packages in /home/hee/ros2_ws/install
[1.924s] DEBUG:colcon.colcon_installed_package_information.package_discovery:Found 270 installed packages in /opt/ros/humble
[1.926s] Level 1:colcon.colcon_core.package_discovery:discover_packages(prefix_path) using defaults
[2.075s] Level 5:colcon.colcon_core.verb:set package 'activity_002' build argument 'cmake_args' from command line to 'None'
[2.075s] Level 5:colcon.colcon_core.verb:set package 'activity_002' build argument 'cmake_target' from command line to 'None'
[2.075s] Level 5:colcon.colcon_core.verb:set package 'activity_002' build argument 'cmake_target_skip_unavailable' from command line to 'False'
[2.075s] Level 5:colcon.colcon_core.verb:set package 'activity_002' build argument 'cmake_clean_cache' from command line to 'False'
[2.075s] Level 5:colcon.colcon_core.verb:set package 'activity_002' build argument 'cmake_clean_first' from command line to 'False'
[2.076s] Level 5:colcon.colcon_core.verb:set package 'activity_002' build argument 'cmake_force_configure' from command line to 'False'
[2.076s] Level 5:colcon.colcon_core.verb:set package 'activity_002' build argument 'ament_cmake_args' from command line to 'None'
[2.076s] Level 5:colcon.colcon_core.verb:set package 'activity_002' build argument 'catkin_cmake_args' from command line to 'None'
[2.076s] Level 5:colcon.colcon_core.verb:set package 'activity_002' build argument 'catkin_skip_building_tests' from command line to 'False'
[2.076s] DEBUG:colcon.colcon_core.verb:Building package 'activity_002' with the following arguments: {'ament_cmake_args': None, 'build_base': '/home/hee/ros2_ws/src/build/activity_002', 'catkin_cmake_args': None, 'catkin_skip_building_tests': False, 'cmake_args': None, 'cmake_clean_cache': False, 'cmake_clean_first': False, 'cmake_force_configure': False, 'cmake_target': None, 'cmake_target_skip_unavailable': False, 'install_base': '/home/hee/ros2_ws/src/install/activity_002', 'merge_install': False, 'path': '/home/hee/ros2_ws/src/activity_002', 'symlink_install': False, 'test_result_base': None}
[2.098s] Level 5:colcon.colcon_core.verb:set package 'robot_controller' build argument 'cmake_args' from command line to 'None'
[2.098s] Level 5:colcon.colcon_core.verb:set package 'robot_controller' build argument 'cmake_target' from command line to 'None'
[2.098s] Level 5:colcon.colcon_core.verb:set package 'robot_controller' build argument 'cmake_target_skip_unavailable' from command line to 'False'
[2.099s] Level 5:colcon.colcon_core.verb:set package 'robot_controller' build argument 'cmake_clean_cache' from command line to 'False'
[2.099s] Level 5:colcon.colcon_core.verb:set package 'robot_controller' build argument 'cmake_clean_first' from command line to 'False'
[2.099s] Level 5:colcon.colcon_core.verb:set package 'robot_controller' build argument 'cmake_force_configure' from command line to 'False'
[2.099s] Level 5:colcon.colcon_core.verb:set package 'robot_controller' build argument 'ament_cmake_args' from command line to 'None'
[2.099s] Level 5:colcon.colcon_core.verb:set package 'robot_controller' build argument 'catkin_cmake_args' from command line to 'None'
[2.099s] Level 5:colcon.colcon_core.verb:set package 'robot_controller' build argument 'catkin_skip_building_tests' from command line to 'False'
[2.099s] DEBUG:colcon.colcon_core.verb:Building package 'robot_controller' with the following arguments: {'ament_cmake_args': None, 'build_base': '/home/hee/ros2_ws/src/build/robot_controller', 'catkin_cmake_args': None, 'catkin_skip_building_tests': False, 'cmake_args': None, 'cmake_clean_cache': False, 'cmake_clean_first': False, 'cmake_force_configure': False, 'cmake_target': None, 'cmake_target_skip_unavailable': False, 'install_base': '/home/hee/ros2_ws/src/install/robot_controller', 'merge_install': False, 'path': '/home/hee/ros2_ws/src/robot_controller', 'symlink_install': False, 'test_result_base': None}
[2.121s] INFO:colcon.colcon_core.executor:Executing jobs using 'parallel' executor
[2.145s] DEBUG:colcon.colcon_parallel_executor.executor.parallel:run_until_complete
[2.145s] INFO:colcon.colcon_ros.task.ament_python.build:Building ROS package in '/home/hee/ros2_ws/src/activity_002' with build type 'ament_python'
[2.145s] Level 1:colcon.colcon_core.shell:create_environment_hook('activity_002', 'ament_prefix_path')
[2.171s] INFO:colcon.colcon_core.plugin_system:Skipping extension 'colcon_core.shell.bat': Not used on non-Windows systems
[2.171s] INFO:colcon.colcon_core.shell:Creating environment hook '/home/hee/ros2_ws/src/install/activity_002/share/activity_002/hook/ament_prefix_path.ps1'
[2.172s] INFO:colcon.colcon_core.shell:Creating environment descriptor '/home/hee/ros2_ws/src/install/activity_002/share/activity_002/hook/ament_prefix_path.dsv'
[2.173s] INFO:colcon.colcon_core.shell:Creating environment hook '/home/hee/ros2_ws/src/install/activity_002/share/activity_002/hook/ament_prefix_path.sh'
[2.209s] INFO:colcon.colcon_core.shell:Skip shell extension 'powershell' for command environment: Not usable outside of PowerShell
[2.209s] DEBUG:colcon.colcon_core.shell:Skip shell extension 'dsv' for command environment
[2.296s] INFO:colcon.colcon_ros.task.ament_python.build:Building ROS package in '/home/hee/ros2_ws/src/robot_controller' with build type 'ament_python'
[2.296s] Level 1:colcon.colcon_core.shell:create_environment_hook('robot_controller', 'ament_prefix_path')
[2.321s] INFO:colcon.colcon_core.shell:Creating environment hook '/home/hee/ros2_ws/src/install/robot_controller/share/robot_controller/hook/ament_prefix_path.ps1'
[2.321s] INFO:colcon.colcon_core.shell:Creating environment descriptor '/home/hee/ros2_ws/src/install/robot_controller/share/robot_controller/hook/ament_prefix_path.dsv'
[2.322s] INFO:colcon.colcon_core.shell:Creating environment hook '/home/hee/ros2_ws/src/install/robot_controller/share/robot_controller/hook/ament_prefix_path.sh'
[2.347s] INFO:colcon.colcon_core.shell:Skip shell extension 'powershell' for command environment: Not usable outside of PowerShell
[2.347s] DEBUG:colcon.colcon_core.shell:Skip shell extension 'dsv' for command environment
[2.851s] INFO:colcon.colcon_core.task.python.build:Building Python package in '/home/hee/ros2_ws/src/activity_002'
[2.876s] INFO:colcon.colcon_core.shell:Skip shell extension 'powershell' for command environment: Not usable outside of PowerShell
[2.876s] DEBUG:colcon.colcon_core.shell:Skip shell extension 'dsv' for command environment
[3.359s] INFO:colcon.colcon_core.task.python.build:Building Python package in '/home/hee/ros2_ws/src/robot_controller'
[3.385s] INFO:colcon.colcon_core.shell:Skip shell extension 'powershell' for command environment: Not usable outside of PowerShell
[3.385s] DEBUG:colcon.colcon_core.shell:Skip shell extension 'dsv' for command environment
[4.023s] DEBUG:colcon.colcon_core.event_handler.log_command:Invoking command in '/home/hee/ros2_ws/src/activity_002': PYTHONPATH=/home/hee/ros2_ws/src/build/activity_002/prefix_override:/home/hee/ros2_ws/src/install/activity_002/lib/python3.10/site-packages:${PYTHONPATH} /usr/bin/python3 setup.py egg_info --egg-base ../build/activity_002 build --build-base /home/hee/ros2_ws/src/build/activity_002/build install --record /home/hee/ros2_ws/src/build/activity_002/install.log --single-version-externally-managed
[4.035s] DEBUG:colcon.colcon_core.event_handler.log_command:Invoking command in '/home/hee/ros2_ws/src/robot_controller': PYTHONPATH=/home/hee/ros2_ws/src/build/robot_controller/prefix_override:/home/hee/ros2_ws/src/install/robot_controller/lib/python3.10/site-packages:${PYTHONPATH} /usr/bin/python3 setup.py egg_info --egg-base ../build/robot_controller build --build-base /home/hee/ros2_ws/src/build/robot_controller/build install --record /home/hee/ros2_ws/src/build/robot_controller/install.log --single-version-externally-managed
[4.509s] DEBUG:colcon.colcon_core.event_handler.log_command:Invoked command in '/home/hee/ros2_ws/src/activity_002' returned '0': PYTHONPATH=/home/hee/ros2_ws/src/build/activity_002/prefix_override:/home/hee/ros2_ws/src/install/activity_002/lib/python3.10/site-packages:${PYTHONPATH} /usr/bin/python3 setup.py egg_info --egg-base ../build/activity_002 build --build-base /home/hee/ros2_ws/src/build/activity_002/build install --record /home/hee/ros2_ws/src/build/activity_002/install.log --single-version-externally-managed
[4.538s] Level 1:colcon.colcon_core.environment:checking '/home/hee/ros2_ws/src/install/activity_002' for CMake module files
[4.539s] Level 1:colcon.colcon_core.environment:checking '/home/hee/ros2_ws/src/install/activity_002' for CMake config files
[4.540s] Level 1:colcon.colcon_core.environment:checking '/home/hee/ros2_ws/src/install/activity_002/lib'
[4.540s] Level 1:colcon.colcon_core.environment:checking '/home/hee/ros2_ws/src/install/activity_002/bin'
[4.541s] Level 1:colcon.colcon_core.environment:checking '/home/hee/ros2_ws/src/install/activity_002/lib/pkgconfig/activity_002.pc'
[4.541s] Level 1:colcon.colcon_core.environment:checking '/home/hee/ros2_ws/src/install/activity_002/lib/python3.10/site-packages'
[4.541s] Level 1:colcon.colcon_core.shell:create_environment_hook('activity_002', 'pythonpath')
[4.565s] INFO:colcon.colcon_core.shell:Creating environment hook '/home/hee/ros2_ws/src/install/activity_002/share/activity_002/hook/pythonpath.ps1'
[4.565s] INFO:colcon.colcon_core.shell:Creating environment descriptor '/home/hee/ros2_ws/src/install/activity_002/share/activity_002/hook/pythonpath.dsv'
[4.566s] INFO:colcon.colcon_core.shell:Creating environment hook '/home/hee/ros2_ws/src/install/activity_002/share/activity_002/hook/pythonpath.sh'
[4.567s] Level 1:colcon.colcon_core.environment:checking '/home/hee/ros2_ws/src/install/activity_002/bin'
[4.567s] Level 1:colcon.colcon_core.environment:create_environment_scripts_only(activity_002)
[4.591s] INFO:colcon.colcon_core.shell:Creating package script '/home/hee/ros2_ws/src/install/activity_002/share/activity_002/package.ps1'
[4.592s] INFO:colcon.colcon_core.shell:Creating package descriptor '/home/hee/ros2_ws/src/install/activity_002/share/activity_002/package.dsv'
[4.593s] INFO:colcon.colcon_core.shell:Creating package script '/home/hee/ros2_ws/src/install/activity_002/share/activity_002/package.sh'
[4.594s] INFO:colcon.colcon_core.shell:Creating package script '/home/hee/ros2_ws/src/install/activity_002/share/activity_002/package.bash'
[4.595s] INFO:colcon.colcon_core.shell:Creating package script '/home/hee/ros2_ws/src/install/activity_002/share/activity_002/package.zsh'
[4.596s] Level 1:colcon.colcon_core.environment:create_file_with_runtime_dependencies(/home/hee/ros2_ws/src/install/activity_002/share/colcon-core/packages/activity_002)
[4.598s] DEBUG:colcon.colcon_core.event_handler.log_command:Invoked command in '/home/hee/ros2_ws/src/robot_controller' returned '0': PYTHONPATH=/home/hee/ros2_ws/src/build/robot_controller/prefix_override:/home/hee/ros2_ws/src/install/robot_controller/lib/python3.10/site-packages:${PYTHONPATH} /usr/bin/python3 setup.py egg_info --egg-base ../build/robot_controller build --build-base /home/hee/ros2_ws/src/build/robot_controller/build install --record /home/hee/ros2_ws/src/build/robot_controller/install.log --single-version-externally-managed
[4.629s] Level 1:colcon.colcon_core.environment:checking '/home/hee/ros2_ws/src/install/robot_controller' for CMake module files
[4.630s] Level 1:colcon.colcon_core.environment:checking '/home/hee/ros2_ws/src/install/robot_controller' for CMake config files
[4.631s] Level 1:colcon.colcon_core.environment:checking '/home/hee/ros2_ws/src/install/robot_controller/lib'
[4.631s] Level 1:colcon.colcon_core.environment:checking '/home/hee/ros2_ws/src/install/robot_controller/bin'
[4.631s] Level 1:colcon.colcon_core.environment:checking '/home/hee/ros2_ws/src/install/robot_controller/lib/pkgconfig/robot_controller.pc'
[4.631s] Level 1:colcon.colcon_core.environment:checking '/home/hee/ros2_ws/src/install/robot_controller/lib/python3.10/site-packages'
[4.632s] Level 1:colcon.colcon_core.shell:create_environment_hook('robot_controller', 'pythonpath')
[4.662s] INFO:colcon.colcon_core.shell:Creating environment hook '/home/hee/ros2_ws/src/install/robot_controller/share/robot_controller/hook/pythonpath.ps1'
[4.663s] INFO:colcon.colcon_core.shell:Creating environment descriptor '/home/hee/ros2_ws/src/install/robot_controller/share/robot_controller/hook/pythonpath.dsv'
[4.663s] INFO:colcon.colcon_core.shell:Creating environment hook '/home/hee/ros2_ws/src/install/robot_controller/share/robot_controller/hook/pythonpath.sh'
[4.664s] Level 1:colcon.colcon_core.environment:checking '/home/hee/ros2_ws/src/install/robot_controller/bin'
[4.664s] Level 1:colcon.colcon_core.environment:create_environment_scripts_only(robot_controller)
[4.688s] INFO:colcon.colcon_core.shell:Creating package script '/home/hee/ros2_ws/src/install/robot_controller/share/robot_controller/package.ps1'
[4.688s] INFO:colcon.colcon_core.shell:Creating package descriptor '/home/hee/ros2_ws/src/install/robot_controller/share/robot_controller/package.dsv'
[4.689s] INFO:colcon.colcon_core.shell:Creating package script '/home/hee/ros2_ws/src/install/robot_controller/share/robot_controller/package.sh'
[4.690s] INFO:colcon.colcon_core.shell:Creating package script '/home/hee/ros2_ws/src/install/robot_controller/share/robot_controller/package.bash'
[4.690s] INFO:colcon.colcon_core.shell:Creating package script '/home/hee/ros2_ws/src/install/robot_controller/share/robot_controller/package.zsh'
[4.691s] Level 1:colcon.colcon_core.environment:create_file_with_runtime_dependencies(/home/hee/ros2_ws/src/install/robot_controller/share/colcon-core/packages/robot_controller)
[4.691s] DEBUG:colcon.colcon_parallel_executor.executor.parallel:closing loop
[4.691s] DEBUG:colcon.colcon_parallel_executor.executor.parallel:loop closed
[4.692s] DEBUG:colcon.colcon_parallel_executor.executor.parallel:run_until_complete finished with '0'
[4.692s] DEBUG:colcon.colcon_core.event_reactor:joining thread
[4.724s] INFO:colcon.colcon_core.plugin_system:Skipping extension 'colcon_notification.desktop_notification.terminal_notifier': Not used on non-Darwin systems
[4.724s] INFO:colcon.colcon_core.plugin_system:Skipping extension 'colcon_notification.desktop_notification.win32': Not used on non-Windows systems
[4.724s] INFO:colcon.colcon_notification.desktop_notification:Sending desktop notification using 'notify2'
[4.743s] DEBUG:colcon.colcon_core.event_reactor:joined thread
[4.767s] INFO:colcon.colcon_core.shell:Creating prefix script '/home/hee/ros2_ws/src/install/local_setup.ps1'
[4.768s] INFO:colcon.colcon_core.shell:Creating prefix util module '/home/hee/ros2_ws/src/install/_local_setup_util_ps1.py'
[4.770s] INFO:colcon.colcon_core.shell:Creating prefix chain script '/home/hee/ros2_ws/src/install/setup.ps1'
[4.795s] INFO:colcon.colcon_core.shell:Creating prefix script '/home/hee/ros2_ws/src/install/local_setup.sh'
[4.795s] INFO:colcon.colcon_core.shell:Creating prefix util module '/home/hee/ros2_ws/src/install/_local_setup_util_sh.py'
[4.796s] INFO:colcon.colcon_core.shell:Creating prefix chain script '/home/hee/ros2_ws/src/install/setup.sh'
[4.821s] INFO:colcon.colcon_core.shell:Creating prefix script '/home/hee/ros2_ws/src/install/local_setup.bash'
[4.821s] INFO:colcon.colcon_core.shell:Creating prefix chain script '/home/hee/ros2_ws/src/install/setup.bash'
[4.845s] INFO:colcon.colcon_core.shell:Creating prefix script '/home/hee/ros2_ws/src/install/local_setup.zsh'
[4.846s] INFO:colcon.colcon_core.shell:Creating prefix chain script '/home/hee/ros2_ws/src/install/setup.zsh'
