[1.579s] Invoking command in '/home/hee/ros2_ws/src/activity_002': PYTHONPATH=/home/hee/ros2_ws/build/activity_002/prefix_override:/home/hee/ros2_ws/install/activity_002/lib/python3.10/site-packages:${PYTHONPATH} /usr/bin/python3 setup.py egg_info --egg-base ../../build/activity_002 build --build-base /home/hee/ros2_ws/build/activity_002/build install --record /home/hee/ros2_ws/build/activity_002/install.log --single-version-externally-managed
[1.978s] running egg_info
[1.979s] writing ../../build/activity_002/activity_002.egg-info/PKG-INFO
[1.980s] writing dependency_links to ../../build/activity_002/activity_002.egg-info/dependency_links.txt
[1.980s] writing entry points to ../../build/activity_002/activity_002.egg-info/entry_points.txt
[1.980s] writing requirements to ../../build/activity_002/activity_002.egg-info/requires.txt
[1.980s] writing top-level names to ../../build/activity_002/activity_002.egg-info/top_level.txt
[1.982s] reading manifest file '../../build/activity_002/activity_002.egg-info/SOURCES.txt'
[1.983s] writing manifest file '../../build/activity_002/activity_002.egg-info/SOURCES.txt'
[1.984s] running build
[1.984s] running build_py
[1.984s] running install
[1.985s] running install_lib
[1.986s] running install_data
[1.987s] running install_egg_info
[1.989s] removing '/home/hee/ros2_ws/install/activity_002/lib/python3.10/site-packages/activity_002-0.0.0-py3.10.egg-info' (and everything under it)
[1.990s] Copying ../../build/activity_002/activity_002.egg-info to /home/hee/ros2_ws/install/activity_002/lib/python3.10/site-packages/activity_002-0.0.0-py3.10.egg-info
[1.991s] running install_scripts
[2.019s] Installing battery_node script to /home/hee/ros2_ws/install/activity_002/lib/activity_002
[2.019s] Installing led_panel script to /home/hee/ros2_ws/install/activity_002/lib/activity_002
[2.019s] Installing num_count script to /home/hee/ros2_ws/install/activity_002/lib/activity_002
[2.020s] Installing num_pub script to /home/hee/ros2_ws/install/activity_002/lib/activity_002
[2.020s] writing list of installed files to '/home/hee/ros2_ws/build/activity_002/install.log'
[2.053s] Invoked command in '/home/hee/ros2_ws/src/activity_002' returned '0': PYTHONPATH=/home/hee/ros2_ws/build/activity_002/prefix_override:/home/hee/ros2_ws/install/activity_002/lib/python3.10/site-packages:${PYTHONPATH} /usr/bin/python3 setup.py egg_info --egg-base ../../build/activity_002 build --build-base /home/hee/ros2_ws/build/activity_002/build install --record /home/hee/ros2_ws/build/activity_002/install.log --single-version-externally-managed
